<testsuites>
  <testsuite name="step graph" tests="40" skipped="0" failures="0" time="6323.723739724">
    <properties></properties>
    <testcase name="All images are built and tagged into stable" time="3.01e-06"></testcase>
    <testcase name="Build git source code into an image and tag it as root" time="361.155780737"></testcase>
    <testcase name="Build image ssp-metrics-linter from the repository" time="123.741951067"></testcase>
    <testcase name="Build image ssp-operator-container from the repository" time="279.606713571"></testcase>
    <testcase name="Build image template-validator-container from the repository" time="183.979127441"></testcase>
    <testcase name="Clone the correct source code into an image and tag it as src" time="96.722406364"></testcase>
    <testcase name="Create the release image &#34;latest&#34; containing all images built by this job" time="107.477431134"></testcase>
    <testcase name="Find all of the input images from ocp/4.19 and tag them into the stable stream" time="432.452335484"></testcase>
    <testcase name="Find all of the input images from ocp/4.19 and tag them into the stable-initial stream" time="411.430858457"></testcase>
    <testcase name="Find the input image metrics-linter and tag it into the pipeline" time="9.040543133"></testcase>
    <testcase name="Find the input image ocp-4.12-upi-installer and tag it into the pipeline" time="9.040017303"></testcase>
    <testcase name="Find the input image ocp-4.14-upi-installer and tag it into the pipeline" time="9.040109673"></testcase>
    <testcase name="Find the input image ocp-4.16-upi-installer and tag it into the pipeline" time="9.041076873"></testcase>
    <testcase name="Find the input image ocp-4.5-upi-installer and tag it into the pipeline" time="9.039375833"></testcase>
    <testcase name="Find the input image origin-centos-8 and tag it into the pipeline" time="9.041042983"></testcase>
    <testcase name="Run multi-stage test e2e-single-node-functests - e2e-single-node-functests-e2e-single-node-functests container test" time="2334"></testcase>
    <testcase name="Run multi-stage test e2e-single-node-functests - e2e-single-node-functests-gather-audit-logs container test" time="14"></testcase>
    <testcase name="Run multi-stage test e2e-single-node-functests - e2e-single-node-functests-gather-extra container test" time="50"></testcase>
    <testcase name="Run multi-stage test e2e-single-node-functests - e2e-single-node-functests-gather-gcp-console container test" time="6"></testcase>
    <testcase name="Run multi-stage test e2e-single-node-functests - e2e-single-node-functests-gather-must-gather container test" time="53"></testcase>
    <testcase name="Run multi-stage test e2e-single-node-functests - e2e-single-node-functests-ipi-conf container test" time="0"></testcase>
    <testcase name="Run multi-stage test e2e-single-node-functests - e2e-single-node-functests-ipi-conf-gcp container test" time="0"></testcase>
    <testcase name="Run multi-stage test e2e-single-node-functests - e2e-single-node-functests-ipi-conf-telemetry container test" time="0"></testcase>
    <testcase name="Run multi-stage test e2e-single-node-functests - e2e-single-node-functests-ipi-deprovision-deprovision container test" time="413"></testcase>
    <testcase name="Run multi-stage test e2e-single-node-functests - e2e-single-node-functests-ipi-install-hosted-loki container test" time="1"></testcase>
    <testcase name="Run multi-stage test e2e-single-node-functests - e2e-single-node-functests-ipi-install-install container test" time="2160"></testcase>
    <testcase name="Run multi-stage test e2e-single-node-functests - e2e-single-node-functests-ipi-install-monitoringpvc container test" time="0"></testcase>
    <testcase name="Run multi-stage test e2e-single-node-functests - e2e-single-node-functests-ipi-install-rbac container test" time="0"></testcase>
    <testcase name="Run multi-stage test e2e-single-node-functests - e2e-single-node-functests-ipi-install-times-collection container test" time="1"></testcase>
    <testcase name="Run multi-stage test e2e-single-node-functests - e2e-single-node-functests-multiarch-validate-nodes container test" time="0"></testcase>
    <testcase name="Run multi-stage test e2e-single-node-functests - e2e-single-node-functests-nodes-readiness container test" time="2"></testcase>
    <testcase name="Run multi-stage test e2e-single-node-functests - e2e-single-node-functests-openshift-cluster-bot-rbac container test" time="1"></testcase>
    <testcase name="Run multi-stage test e2e-single-node-functests - e2e-single-node-functests-single-node-conf-e2e container test" time="0"></testcase>
    <testcase name="Run multi-stage test e2e-single-node-functests - e2e-single-node-functests-single-node-conf-gcp container test" time="5"></testcase>
    <testcase name="Run multi-stage test post phase" time="640.746754333">
      <system-out>The collected steps of multi-stage phase post.</system-out>
    </testcase>
    <testcase name="Run multi-stage test pre phase" time="2465.69139919">
      <system-out>The collected steps of multi-stage phase pre.</system-out>
    </testcase>
    <testcase name="Run multi-stage test test phase" time="2371.463133321">
      <system-out>The collected steps of multi-stage phase test.</system-out>
    </testcase>
    <testcase name="Tag the image ssp-metrics-linter into the image stream tag stable:ssp-metrics-linter" time="0.055297658"></testcase>
    <testcase name="Tag the image ssp-operator-container into the image stream tag stable:ssp-operator-container" time="0.123152005"></testcase>
    <testcase name="Tag the image template-validator-container into the image stream tag stable:template-validator-container" time="0.060389497"></testcase>
  </testsuite>
</testsuites>