<?xml version="1.0" encoding="UTF-8"?>
  <testsuite name="Tests Suite" tests="122" failures="9" errors="0" time="6469.006">
      <testcase name="[sig-compute]VM state with persistent TPM VM option enabled should persist VM state of [test_id:10820]EFI across migration and restart" classname="Tests Suite" time="117.776065299"></testcase>
      <testcase name="[sig-compute]VM state with persistent TPM VM option enabled should persist VM state of [test_id:10821]TPM+EFI across migration and restart" classname="Tests Suite" time="132.217386287"></testcase>
      <testcase name="[rfe_id:393][crit:high][vendor:cnv-qe@redhat.com][level:system][sig-compute] VM Live Migration Starting a VirtualMachineInstance  with a Alpine disk should be successfully migrate with a WriteBack disk cache" classname="Tests Suite" time="50.893865885"></testcase>
      <testcase name="[rfe_id:393][crit:high][vendor:cnv-qe@redhat.com][level:system][sig-compute] VM Live Migration Starting a VirtualMachineInstance  with a Alpine disk should migrate vmi with LiveMigrateIfPossible eviction strategy" classname="Tests Suite" time="48.753257258"></testcase>
      <testcase name="[rfe_id:393][crit:high][vendor:cnv-qe@redhat.com][level:system][sig-compute] VM Live Migration Starting a VirtualMachineInstance  with a Alpine disk should migrate with a downwardMetrics channel" classname="Tests Suite" time="60.396547101"></testcase>
      <testcase name="[rfe_id:393][crit:high][vendor:cnv-qe@redhat.com][level:system][sig-compute] VM Live Migration Starting a VirtualMachineInstance  with a Alpine disk [test_id:4113]should be successfully migrate with cloud-init disk with devices on the root bus" classname="Tests Suite" time="48.852715946000004"></testcase>
      <testcase name="[rfe_id:393][crit:high][vendor:cnv-qe@redhat.com][level:system][sig-compute] VM Live Migration Starting a VirtualMachineInstance  with a Alpine disk [test_id:4746]should migrate even if virtqemud has restarted at some point." classname="Tests Suite" time="79.970801131"></testcase>
      <testcase name="[rfe_id:393][crit:high][vendor:cnv-qe@redhat.com][level:system][sig-compute] VM Live Migration Starting a VirtualMachineInstance  with an pending target pod should automatically cancel unschedulable migration after a timeout period" classname="Tests Suite" time="147.351434205"></testcase>
      <testcase name="[rfe_id:393][crit:high][vendor:cnv-qe@redhat.com][level:system][sig-compute] VM Live Migration Starting a VirtualMachineInstance  with an Alpine DataVolume [test_id:1479][storage-req] should migrate a vmi with a shared block disk" classname="Tests Suite" time="37.395880585"></testcase>
      <testcase name="[rfe_id:393][crit:high][vendor:cnv-qe@redhat.com][level:system][sig-compute] VM Live Migration Starting a VirtualMachineInstance  [storage-req]with an Alpine shared block volume PVC [release-blocker][test_id:1377]should be successfully migrated multiple times" classname="Tests Suite" time="58.72282908"></testcase>
      <testcase name="[rfe_id:393][crit:high][vendor:cnv-qe@redhat.com][level:system][sig-compute] VM Live Migration Starting a VirtualMachineInstance  with a Fedora shared NFS PVC (using nfs ipv4 address), cloud init and service account [test_id:2653] should be migrated successfully, using guest agent on VM with default migration configuration" classname="Tests Suite" time="191.558859241">
          <failure type="Failure">tests/migration/migration.go:1168&#xA;Timed out after 180.001s.&#xA;Timed out waiting for VMI testvmi-ldgrw to enter [Running] phase(s)&#xA;Expected&#xA;    &lt;v1.VirtualMachineInstancePhase&gt;: Pending&#xA;to be an element of&#xA;    &lt;[]v1.VirtualMachineInstancePhase | len:1, cap:1&gt;: [&#34;Running&#34;]&#xA;tests/libwait/wait.go:76</failure>
          <system-out>W0422 09:56:43.898494  468419 warnings.go:70] metadata.finalizers: &#34;foregroundDeleteVirtualMachine&#34;: prefer a domain-qualified finalizer name to avoid accidental conflicts with other finalizer writers&#xA;skipping pod virt-launcher-testvmi-hwmhf-zj2sd, phase is not Running&#xA;failed to execute command [/bin/bash -c pgrep -f &#34;monitor.*uid ce1c6cc0-716e-4788-95e6-df9bb0a33964&#34;] on virt-handler-67kmm, stdout: , stderr: , error: command terminated with exit code 1skipping vmi kubevirt-test-default1/testvmi-ldgrw: phase is not Running&#xA;skipping vmi kubevirt-test-default1/testvmi-ldgrw: phase is not Running&#xA;&#xA;On failure, artifacts will be collected in /logs/artifacts/k8s-reporter/1/1_*&#xA;Global test cleanup started.&#xA;Global test cleanup ended.&#xA;</system-out>
      </testcase>
      <testcase name="[rfe_id:393][crit:high][vendor:cnv-qe@redhat.com][level:system][sig-compute] VM Live Migration Starting a VirtualMachineInstance  live migration cancelation should be able to cancel a migration [sig-storage][storage-req][test_id:2731] with RWX block disk from block volume PVC" classname="Tests Suite" time="114.138372076"></testcase>
      <testcase name="[rfe_id:393][crit:high][vendor:cnv-qe@redhat.com][level:system][sig-compute] VM Live Migration Starting a VirtualMachineInstance  parallel migration threads should run successfully when configured through a VMI annotation" classname="Tests Suite" time="32.564130159"></testcase>
      <testcase name="[rfe_id:393][crit:high][vendor:cnv-qe@redhat.com][level:system][sig-compute] VM Live Migration [test_id:8482] Migration Metrics exposed to prometheus during VM migration" classname="Tests Suite" time="62.455713843"></testcase>
      <testcase name="[rfe_id:393][crit:high][vendor:cnv-qe@redhat.com][level:system][sig-compute] VM Live Migration with a live-migration in flight there should always be a single active migration per VMI" classname="Tests Suite" time="41.543920363"></testcase>
      <testcase name="[rfe_id:393][crit:high][vendor:cnv-qe@redhat.com][level:system][sig-compute] VM Live Migration during evacuation when evacuating fails should remove eviction-in-progress annotation to source virt-launcher pod" classname="Tests Suite" time="26.500822302"></testcase>
      <testcase name="[rfe_id:393][crit:high][vendor:cnv-qe@redhat.com][level:system][sig-compute] VM Live Migration during evacuation when evacuating fails after a successful migration backoff should be cleared" classname="Tests Suite" time="72.022747712"></testcase>
      <testcase name="[sig-network] [ref_id:1182]Probes for readiness should succeed [test_id:1202][posneg:positive]with working TCP probe and tcp server on ipv4" classname="Tests Suite" time="0">
          <skipped></skipped>
      </testcase>
      <testcase name="[sig-network] [ref_id:1182]Probes for readiness should succeed [test_id:1202][posneg:positive]with working TCP probe and tcp server on ipv6" classname="Tests Suite" time="0">
          <skipped></skipped>
      </testcase>
      <testcase name="[sig-network] [ref_id:1182]Probes for readiness should succeed [test_id:1200][posneg:positive]with working HTTP probe and http server on ipv4" classname="Tests Suite" time="0">
          <skipped></skipped>
      </testcase>
      <testcase name="[sig-network] [ref_id:1182]Probes for readiness should succeed [test_id:1200][posneg:positive]with working HTTP probe and http server on ipv6" classname="Tests Suite" time="0">
          <skipped></skipped>
      </testcase>
      <testcase name="[sig-network] [ref_id:1182]Probes for readiness should succeed [test_id:TODO]with working Exec probe" classname="Tests Suite" time="0">
          <skipped></skipped>
      </testcase>
      <testcase name="[sig-network] [ref_id:1182]Probes for readiness guest agent ping when the guest agent is enabled, after being disabled [test_id:6741] the VMI enters `Ready` state once again" classname="Tests Suite" time="0">
          <skipped></skipped>
      </testcase>
      <testcase name="[sig-network] [ref_id:1182]Probes for readiness should fail [test_id:1220][posneg:negative]with working TCP probe and no running server" classname="Tests Suite" time="0">
          <skipped></skipped>
      </testcase>
      <testcase name="[sig-network] [ref_id:1182]Probes for readiness should fail [test_id:1219][posneg:negative]with working HTTP probe and no running server" classname="Tests Suite" time="0">
          <skipped></skipped>
      </testcase>
      <testcase name="[sig-network] [ref_id:1182]Probes for readiness should fail [test_id:TODO]with working Exec probe and invalid command" classname="Tests Suite" time="0">
          <skipped></skipped>
      </testcase>
      <testcase name="[sig-network] [ref_id:1182]Probes for readiness should fail [test_id:TODO]with working Exec probe and infinitely running command" classname="Tests Suite" time="0">
          <skipped></skipped>
      </testcase>
      <testcase name="[sig-network] [ref_id:1182]Probes for liveness should not fail the VMI [test_id:1199][posneg:positive]with working TCP probe and tcp server on ipv4" classname="Tests Suite" time="0">
          <skipped></skipped>
      </testcase>
      <testcase name="[sig-network] [ref_id:1182]Probes for liveness should not fail the VMI [test_id:1199][posneg:positive]with working TCP probe and tcp server on ipv6" classname="Tests Suite" time="0">
          <skipped></skipped>
      </testcase>
      <testcase name="[sig-network] [ref_id:1182]Probes for liveness should not fail the VMI [test_id:1201][posneg:positive]with working HTTP probe and http server on ipv4" classname="Tests Suite" time="0">
          <skipped></skipped>
      </testcase>
      <testcase name="[sig-network] [ref_id:1182]Probes for liveness should not fail the VMI [test_id:1201][posneg:positive]with working HTTP probe and http server on ipv6" classname="Tests Suite" time="0">
          <skipped></skipped>
      </testcase>
      <testcase name="[sig-network] [ref_id:1182]Probes for liveness should not fail the VMI [test_id:5879]with working Exec probe" classname="Tests Suite" time="0">
          <skipped></skipped>
      </testcase>
      <testcase name="[sig-network] [ref_id:1182]Probes for liveness guest agent ping [test_id:9299] VM stops when guest agent is disabled" classname="Tests Suite" time="0">
          <skipped></skipped>
      </testcase>
      <testcase name="[sig-network] [ref_id:1182]Probes for liveness should fail the VMI [test_id:1217][posneg:negative]with working TCP probe and no running server" classname="Tests Suite" time="0">
          <skipped></skipped>
      </testcase>
      <testcase name="[sig-network] [ref_id:1182]Probes for liveness should fail the VMI [test_id:1218][posneg:negative]with working HTTP probe and no running server" classname="Tests Suite" time="0">
          <skipped></skipped>
      </testcase>
      <testcase name="[sig-network] [ref_id:1182]Probes for liveness should fail the VMI [test_id:5880]with working Exec probe and invalid command" classname="Tests Suite" time="0">
          <skipped></skipped>
      </testcase>
      <testcase name="[sig-compute]vTPM [rfe_id:5168][crit:high][vendor:cnv-qe@redhat.com][level:component] with TPM VMI option enabled [test_id:8607] should expose a functional emulated TPM which persists across migrations" classname="Tests Suite" time="0">
          <skipped></skipped>
      </testcase>
      <testcase name="[sig-compute][virtctl]SCP should copy a local file back and forth using the native scp method" classname="Tests Suite" time="0">
          <skipped></skipped>
      </testcase>
      <testcase name="[sig-compute][virtctl]SCP should copy a local file back and forth using the local scp method with --local-ssh flag" classname="Tests Suite" time="0">
          <skipped></skipped>
      </testcase>
      <testcase name="[sig-compute][virtctl]SCP should copy a local file back and forth using the local scp method without --local-ssh flag" classname="Tests Suite" time="0">
          <skipped></skipped>
      </testcase>
      <testcase name="[sig-compute][virtctl]SCP should copy a local directory back and forth using the native scp method" classname="Tests Suite" time="0">
          <skipped></skipped>
      </testcase>
      <testcase name="[sig-compute][virtctl]SCP should copy a local directory back and forth using the local scp method with --local-ssh flag" classname="Tests Suite" time="0">
          <skipped></skipped>
      </testcase>
      <testcase name="[sig-compute][virtctl]SCP should copy a local directory back and forth using the local scp method without --local-ssh flag" classname="Tests Suite" time="0">
          <skipped></skipped>
      </testcase>
      <testcase name="[sig-compute][virtctl]SCP local-ssh flag should be unavailable in virtctl" classname="Tests Suite" time="0">
          <skipped></skipped>
      </testcase>
      <testcase name="[sig-compute] Guest Access Credentials should have ssh-key under authorized keys added [test_id:6220] using qemu guest agent" classname="Tests Suite" time="0">
          <skipped></skipped>
      </testcase>
      <testcase name="[sig-compute] Guest Access Credentials should have ssh-key under authorized keys added [test_id:6224] using configdrive" classname="Tests Suite" time="0">
          <skipped></skipped>
      </testcase>
      <testcase name="[sig-compute] Guest Access Credentials should have ssh-key under authorized keys added using nocloud" classname="Tests Suite" time="0">
          <skipped></skipped>
      </testcase>
      <testcase name="[sig-compute] Guest Access Credentials with qemu guest agent [test_id:6221]should propagate user password" classname="Tests Suite" time="0">
          <skipped></skipped>
      </testcase>
      <testcase name="[sig-compute] Guest Access Credentials with qemu guest agent should update to unsupported agent [test_id:6222]for public ssh keys" classname="Tests Suite" time="0">
          <skipped></skipped>
      </testcase>
      <testcase name="[sig-compute] Guest Access Credentials with qemu guest agent should update to unsupported agent [test_id:6223] for user password" classname="Tests Suite" time="0">
          <skipped></skipped>
      </testcase>
      <testcase name="[rfe_id:273][crit:high][arm64][vendor:cnv-qe@redhat.com][level:component][sig-compute]VMIlifecycle [rfe_id:273][crit:high][vendor:cnv-qe@redhat.com][level:component]Creating a VirtualMachineInstance [test_id:1619]should success" classname="Tests Suite" time="0">
          <skipped></skipped>
      </testcase>
      <testcase name="[rfe_id:273][crit:high][arm64][vendor:cnv-qe@redhat.com][level:component][sig-compute]VMIlifecycle [rfe_id:273][crit:high][vendor:cnv-qe@redhat.com][level:component]Creating a VirtualMachineInstance [test_id:1620]should start it" classname="Tests Suite" time="0">
          <skipped></skipped>
      </testcase>
      <testcase name="[rfe_id:273][crit:high][arm64][vendor:cnv-qe@redhat.com][level:component][sig-compute]VMIlifecycle [rfe_id:273][crit:high][vendor:cnv-qe@redhat.com][level:component]Creating a VirtualMachineInstance [test_id:6095]should start in paused state if start strategy set to paused" classname="Tests Suite" time="0">
          <skipped></skipped>
      </testcase>
      <testcase name="[rfe_id:273][crit:high][arm64][vendor:cnv-qe@redhat.com][level:component][sig-compute]VMIlifecycle [rfe_id:273][crit:high][vendor:cnv-qe@redhat.com][level:component]Creating a VirtualMachineInstance [test_id:1621]should attach virt-launcher to it" classname="Tests Suite" time="0">
          <skipped></skipped>
      </testcase>
      <testcase name="[rfe_id:273][crit:high][arm64][vendor:cnv-qe@redhat.com][level:component][sig-compute]VMIlifecycle [rfe_id:273][crit:high][vendor:cnv-qe@redhat.com][level:component]Creating a VirtualMachineInstance [test_id:3195]should carry annotations to pod" classname="Tests Suite" time="0">
          <skipped></skipped>
      </testcase>
      <testcase name="[rfe_id:273][crit:high][arm64][vendor:cnv-qe@redhat.com][level:component][sig-compute]VMIlifecycle [rfe_id:273][crit:high][vendor:cnv-qe@redhat.com][level:component]Creating a VirtualMachineInstance [test_id:3196]should carry kubernetes and kubevirt annotations to pod" classname="Tests Suite" time="0">
          <skipped></skipped>
      </testcase>
      <testcase name="[rfe_id:273][crit:high][arm64][vendor:cnv-qe@redhat.com][level:component][sig-compute]VMIlifecycle [rfe_id:273][crit:high][vendor:cnv-qe@redhat.com][level:component]Creating a VirtualMachineInstance Should prevent eviction when EvictionStratgy: External" classname="Tests Suite" time="0">
          <skipped></skipped>
      </testcase>
      <testcase name="[rfe_id:273][crit:high][arm64][vendor:cnv-qe@redhat.com][level:component][sig-compute]VMIlifecycle [rfe_id:273][crit:high][vendor:cnv-qe@redhat.com][level:component]Creating a VirtualMachineInstance [test_id:1622]should log libvirtd logs" classname="Tests Suite" time="0">
          <skipped></skipped>
      </testcase>
      <testcase name="[rfe_id:273][crit:high][arm64][vendor:cnv-qe@redhat.com][level:component][sig-compute]VMIlifecycle [rfe_id:273][crit:high][vendor:cnv-qe@redhat.com][level:component]Creating a VirtualMachineInstance log libvirtd debug logs should be [test_id:3197]enabled when debugLogs label defined" classname="Tests Suite" time="0">
          <skipped></skipped>
      </testcase>
      <testcase name="[rfe_id:273][crit:high][arm64][vendor:cnv-qe@redhat.com][level:component][sig-compute]VMIlifecycle [rfe_id:273][crit:high][vendor:cnv-qe@redhat.com][level:component]Creating a VirtualMachineInstance log libvirtd debug logs should be [test_id:8530]enabled when customLogFilters defined" classname="Tests Suite" time="0">
          <skipped></skipped>
      </testcase>
      <testcase name="[rfe_id:273][crit:high][arm64][vendor:cnv-qe@redhat.com][level:component][sig-compute]VMIlifecycle [rfe_id:273][crit:high][vendor:cnv-qe@redhat.com][level:component]Creating a VirtualMachineInstance log libvirtd debug logs should be [test_id:8531]enabled when log verbosity is high" classname="Tests Suite" time="0">
          <skipped></skipped>
      </testcase>
      <testcase name="[rfe_id:273][crit:high][arm64][vendor:cnv-qe@redhat.com][level:component][sig-compute]VMIlifecycle [rfe_id:273][crit:high][vendor:cnv-qe@redhat.com][level:component]Creating a VirtualMachineInstance log libvirtd debug logs should be [test_id:8532]disabled when log verbosity is low" classname="Tests Suite" time="0">
          <skipped></skipped>
      </testcase>
      <testcase name="[rfe_id:273][crit:high][arm64][vendor:cnv-qe@redhat.com][level:component][sig-compute]VMIlifecycle [rfe_id:273][crit:high][vendor:cnv-qe@redhat.com][level:component]Creating a VirtualMachineInstance log libvirtd debug logs should be [test_id:8533]disabled when log verbosity, debug logs and customLogFilters are not defined" classname="Tests Suite" time="0">
          <skipped></skipped>
      </testcase>
      <testcase name="[rfe_id:273][crit:high][arm64][vendor:cnv-qe@redhat.com][level:component][sig-compute]VMIlifecycle [rfe_id:273][crit:high][vendor:cnv-qe@redhat.com][level:component]Creating a VirtualMachineInstance [test_id:1623]should reject POST if validation webhook deems the spec invalid" classname="Tests Suite" time="0">
          <skipped></skipped>
      </testcase>
      <testcase name="[rfe_id:273][crit:high][arm64][vendor:cnv-qe@redhat.com][level:component][sig-compute]VMIlifecycle [rfe_id:273][crit:high][vendor:cnv-qe@redhat.com][level:component]Creating a VirtualMachineInstance [test_id:1624]should reject PATCH if schema is invalid" classname="Tests Suite" time="0">
          <skipped></skipped>
      </testcase>
      <testcase name="[rfe_id:273][crit:high][arm64][vendor:cnv-qe@redhat.com][level:component][sig-compute]VMIlifecycle [rfe_id:273][crit:high][vendor:cnv-qe@redhat.com][level:component]Creating a VirtualMachineInstance when name is longer than 63 characters [test_id:1625]should start it" classname="Tests Suite" time="0">
          <skipped></skipped>
      </testcase>
      <testcase name="[rfe_id:273][crit:high][arm64][vendor:cnv-qe@redhat.com][level:component][sig-compute]VMIlifecycle [rfe_id:273][crit:high][vendor:cnv-qe@redhat.com][level:component]Creating a VirtualMachineInstance when it already exist [test_id:1626]should be rejected" classname="Tests Suite" time="0">
          <skipped></skipped>
      </testcase>
      <testcase name="[rfe_id:273][crit:high][arm64][vendor:cnv-qe@redhat.com][level:component][sig-compute]VMIlifecycle [rfe_id:273][crit:high][vendor:cnv-qe@redhat.com][level:component]Creating a VirtualMachineInstance with boot order [rfe_id:273][crit:high][vendor:cnv-qe@redhat.com][level:component]should be able to boot from selected disk [test_id:1627]Alpine as first boot" classname="Tests Suite" time="0">
          <skipped></skipped>
      </testcase>
      <testcase name="[rfe_id:273][crit:high][arm64][vendor:cnv-qe@redhat.com][level:component][sig-compute]VMIlifecycle [rfe_id:273][crit:high][vendor:cnv-qe@redhat.com][level:component]Creating a VirtualMachineInstance with boot order [rfe_id:273][crit:high][vendor:cnv-qe@redhat.com][level:component]should be able to boot from selected disk [test_id:1628]Cirros as first boot" classname="Tests Suite" time="0">
          <skipped></skipped>
      </testcase>
      <testcase name="[rfe_id:273][crit:high][arm64][vendor:cnv-qe@redhat.com][level:component][sig-compute]VMIlifecycle [rfe_id:273][crit:high][vendor:cnv-qe@redhat.com][level:component]Creating a VirtualMachineInstance with user-data without k8s secret [test_id:1629][posneg:negative]should not be able to start virt-launcher pod" classname="Tests Suite" time="0">
          <skipped></skipped>
      </testcase>
      <testcase name="[rfe_id:273][crit:high][arm64][vendor:cnv-qe@redhat.com][level:component][sig-compute]VMIlifecycle [rfe_id:273][crit:high][vendor:cnv-qe@redhat.com][level:component]Creating a VirtualMachineInstance with user-data without k8s secret [test_id:1630]should log warning and proceed once the secret is there" classname="Tests Suite" time="0">
          <skipped></skipped>
      </testcase>
      <testcase name="[rfe_id:273][crit:high][arm64][vendor:cnv-qe@redhat.com][level:component][sig-compute]VMIlifecycle [rfe_id:273][crit:high][vendor:cnv-qe@redhat.com][level:component]Creating a VirtualMachineInstance with nodeselector [test_id:5760]should check if vm&#39;s with non existing nodeselector is not running and node selector is not updated" classname="Tests Suite" time="0">
          <skipped></skipped>
      </testcase>
      <testcase name="[rfe_id:273][crit:high][arm64][vendor:cnv-qe@redhat.com][level:component][sig-compute]VMIlifecycle [rfe_id:273][crit:high][vendor:cnv-qe@redhat.com][level:component]Creating a VirtualMachineInstance with nodeselector [test_id:5761]should check if vm with valid node selector is scheduled and running and node selector is not updated" classname="Tests Suite" time="0">
          <skipped></skipped>
      </testcase>
      <testcase name="[rfe_id:273][crit:high][arm64][vendor:cnv-qe@redhat.com][level:component][sig-compute]VMIlifecycle [rfe_id:273][crit:high][vendor:cnv-qe@redhat.com][level:component]Creating a VirtualMachineInstance with affinity [test_id:1637]the vmi with node affinity and no conflicts should be scheduled" classname="Tests Suite" time="0">
          <skipped></skipped>
      </testcase>
      <testcase name="[rfe_id:273][crit:high][arm64][vendor:cnv-qe@redhat.com][level:component][sig-compute]VMIlifecycle [rfe_id:273][crit:high][vendor:cnv-qe@redhat.com][level:component]Creating a VirtualMachineInstance with affinity [test_id:1638]the vmi with node affinity and anti-pod affinity should not be scheduled" classname="Tests Suite" time="0">
          <skipped></skipped>
      </testcase>
      <testcase name="[rfe_id:273][crit:high][arm64][vendor:cnv-qe@redhat.com][level:component][sig-compute]VMIlifecycle [rfe_id:273][crit:high][vendor:cnv-qe@redhat.com][level:component]Creating a VirtualMachineInstance with non default namespace [rfe_id:273][crit:high][vendor:cnv-qe@redhat.com][level:component]should log libvirt start and stop lifecycle events of the domain [test_id:1641]Default test namespace" classname="Tests Suite" time="0">
          <skipped></skipped>
      </testcase>
      <testcase name="[rfe_id:273][crit:high][arm64][vendor:cnv-qe@redhat.com][level:component][sig-compute]VMIlifecycle [rfe_id:273][crit:high][vendor:cnv-qe@redhat.com][level:component]Creating a VirtualMachineInstance with non default namespace [rfe_id:273][crit:high][vendor:cnv-qe@redhat.com][level:component]should log libvirt start and stop lifecycle events of the domain [test_id:1642]Alternative test namespace" classname="Tests Suite" time="0">
          <skipped></skipped>
      </testcase>
      <testcase name="[rfe_id:273][crit:high][arm64][vendor:cnv-qe@redhat.com][level:component][sig-compute]VMIlifecycle [rfe_id:273][crit:high][vendor:cnv-qe@redhat.com][level:component]Creating a VirtualMachineInstance VirtualMachineInstance Emulation Mode [test_id:1643]should enable emulation in virt-launcher" classname="Tests Suite" time="0">
          <skipped></skipped>
      </testcase>
      <testcase name="[rfe_id:273][crit:high][arm64][vendor:cnv-qe@redhat.com][level:component][sig-compute]VMIlifecycle [rfe_id:273][crit:high][vendor:cnv-qe@redhat.com][level:component]Creating a VirtualMachineInstance VirtualMachineInstance Emulation Mode [test_id:1644]should be reflected in domain XML" classname="Tests Suite" time="0">
          <skipped></skipped>
      </testcase>
      <testcase name="[rfe_id:273][crit:high][arm64][vendor:cnv-qe@redhat.com][level:component][sig-compute]VMIlifecycle [rfe_id:273][crit:high][vendor:cnv-qe@redhat.com][level:component]Creating a VirtualMachineInstance VirtualMachineInstance Emulation Mode [test_id:1645]should request a TUN device but not KVM" classname="Tests Suite" time="0">
          <skipped></skipped>
      </testcase>
      <testcase name="[rfe_id:273][crit:high][arm64][vendor:cnv-qe@redhat.com][level:component][sig-compute]VMIlifecycle [rfe_id:273][crit:high][vendor:cnv-qe@redhat.com][level:component]Creating a VirtualMachineInstance VM Accelerated Mode [test_id:1646]should request a KVM and TUN device" classname="Tests Suite" time="0">
          <skipped></skipped>
      </testcase>
      <testcase name="[rfe_id:273][crit:high][arm64][vendor:cnv-qe@redhat.com][level:component][sig-compute]VMIlifecycle [rfe_id:273][crit:high][vendor:cnv-qe@redhat.com][level:component]Creating a VirtualMachineInstance VM Accelerated Mode [test_id:1647]should not enable emulation in virt-launcher" classname="Tests Suite" time="0">
          <skipped></skipped>
      </testcase>
      <testcase name="[rfe_id:273][crit:high][arm64][vendor:cnv-qe@redhat.com][level:component][sig-compute]VMIlifecycle [rfe_id:273][crit:high][vendor:cnv-qe@redhat.com][level:component]Creating a VirtualMachineInstance VM Accelerated Mode [test_id:1648]Should provide KVM via plugin framework" classname="Tests Suite" time="0">
          <skipped></skipped>
      </testcase>
      <testcase name="[rfe_id:273][crit:high][arm64][vendor:cnv-qe@redhat.com][level:component][sig-compute]VMIlifecycle [rfe_id:273][crit:high][vendor:cnv-qe@redhat.com][level:component]Get a VirtualMachineInstance when that not exist [test_id:1649]should return 404" classname="Tests Suite" time="0">
          <skipped></skipped>
      </testcase>
      <testcase name="[rfe_id:273][crit:high][arm64][vendor:cnv-qe@redhat.com][level:component][sig-compute]VMIlifecycle [rfe_id:273][crit:high][vendor:cnv-qe@redhat.com][level:component]Delete a VirtualMachineInstance&#39;s Pod [test_id:1650]should result in the VirtualMachineInstance moving to a finalized state" classname="Tests Suite" time="0">
          <skipped></skipped>
      </testcase>
      <testcase name="[rfe_id:273][crit:high][arm64][vendor:cnv-qe@redhat.com][level:component][sig-compute]VMIlifecycle [rfe_id:273][crit:high][vendor:cnv-qe@redhat.com][level:component]Delete a VirtualMachineInstance with an active pod. [test_id:1651]should result in pod being terminated" classname="Tests Suite" time="0">
          <skipped></skipped>
      </testcase>
      <testcase name="[rfe_id:273][crit:high][arm64][vendor:cnv-qe@redhat.com][level:component][sig-compute]VMIlifecycle [rfe_id:273][crit:high][vendor:cnv-qe@redhat.com][level:component]Delete a VirtualMachineInstance with ACPI and some grace period seconds [rfe_id:273][crit:medium][vendor:cnv-qe@redhat.com][level:component]should result in vmi status succeeded [test_id:1653]with set grace period seconds" classname="Tests Suite" time="0">
          <skipped></skipped>
      </testcase>
      <testcase name="[rfe_id:273][crit:high][arm64][vendor:cnv-qe@redhat.com][level:component][sig-compute]VMIlifecycle [rfe_id:273][crit:high][vendor:cnv-qe@redhat.com][level:component]Delete a VirtualMachineInstance with ACPI and some grace period seconds [rfe_id:273][crit:medium][vendor:cnv-qe@redhat.com][level:component]should result in vmi status succeeded [test_id:1654]with default grace period seconds" classname="Tests Suite" time="0">
          <skipped></skipped>
      </testcase>
      <testcase name="[rfe_id:273][crit:high][arm64][vendor:cnv-qe@redhat.com][level:component][sig-compute]VMIlifecycle [rfe_id:273][crit:high][vendor:cnv-qe@redhat.com][level:component]Delete a VirtualMachineInstance with grace period greater than 0 [test_id:1655]should run graceful shutdown" classname="Tests Suite" time="0">
          <skipped></skipped>
      </testcase>
      <testcase name="[rfe_id:273][crit:high][arm64][vendor:cnv-qe@redhat.com][level:component][sig-compute]VMIlifecycle replicaset with topology spread constraints Replicas should be spread across nodes" classname="Tests Suite" time="0">
          <skipped></skipped>
      </testcase>
      <testcase name="[sig-network] Subdomain with a headless service given VMI should have the expected FQDN with Masquerade binding and subdomain and hostname" classname="Tests Suite" time="0">
          <skipped></skipped>
      </testcase>
      <testcase name="[sig-network] Subdomain with a headless service given VMI should have the expected FQDN with Bridge binding and subdomain" classname="Tests Suite" time="0">
          <skipped></skipped>
      </testcase>
      <testcase name="[sig-network] Subdomain with a headless service given VMI should have the expected FQDN with Masquerade binding without subdomain" classname="Tests Suite" time="0">
          <skipped></skipped>
      </testcase>
      <testcase name="[sig-network] Subdomain with a headless service given VMI should have the expected FQDN with Bridge binding without subdomain" classname="Tests Suite" time="0">
          <skipped></skipped>
      </testcase>
      <testcase name="[sig-network] Subdomain with a headless service given VMI with custom DNSPolicy should have the expected FQDN" classname="Tests Suite" time="0">
          <skipped></skipped>
      </testcase>
      <testcase name="[sig-network] Subdomain VMI with custom DNSPolicy, a subdomain and no service entry, should not include the subdomain in the searchlist" classname="Tests Suite" time="0">
          <skipped></skipped>
      </testcase>
      <testcase name="[sig-compute]Guest console log [level:component] Guest console log container set LogSerialConsole should successfully start with LogSerialConsole with AutoattachSerialConsole and LogSerialConsole" classname="Tests Suite" time="0">
          <skipped></skipped>
      </testcase>
      <testcase name="[sig-compute]Guest console log [level:component] Guest console log container set LogSerialConsole should successfully start with LogSerialConsole with AutoattachSerialConsole but not LogSerialConsole" classname="Tests Suite" time="0">
          <skipped></skipped>
      </testcase>
      <testcase name="[sig-compute]Guest console log [level:component] Guest console log container set LogSerialConsole should successfully start with LogSerialConsole without AutoattachSerialConsole but with LogSerialConsole" classname="Tests Suite" time="0">
          <skipped></skipped>
      </testcase>
      <testcase name="[sig-compute]Guest console log [level:component] Guest console log container set LogSerialConsole should successfully start with LogSerialConsole without AutoattachSerialConsole and without LogSerialConsole" classname="Tests Suite" time="0">
          <skipped></skipped>
      </testcase>
      <testcase name="[sig-compute]Guest console log [level:component] Guest console log container set LogSerialConsole it should exit cleanly when the shutdown is initiated by the guest" classname="Tests Suite" time="0">
          <skipped></skipped>
      </testcase>
      <testcase name="[sig-compute]Guest console log [level:component] Guest console log container fetch logs it should fetch logs for a running VM with logs API" classname="Tests Suite" time="0">
          <skipped></skipped>
      </testcase>
      <testcase name="[sig-compute]Guest console log [level:component] Guest console log container fetch logs it should rotate the internal log files" classname="Tests Suite" time="0">
          <skipped></skipped>
      </testcase>
      <testcase name="[sig-compute]Guest console log [level:component] Guest console log container fetch logs it should not skip any log line even trying to flood the serial console for QOSGuaranteed VMs" classname="Tests Suite" time="0">
          <skipped></skipped>
      </testcase>
      <testcase name="[rfe_id:393][crit:high][vendor:cnv-qe@redhat.com][level:system][sig-compute] Live Migration with a live-migrate eviction strategy set [ref_id:2293] with a VMI running with an eviction strategy set [test_id:3242]should block the eviction api and migrate" classname="Tests Suite" time="29.556290828"></testcase>
      <testcase name="[rfe_id:393][crit:high][vendor:cnv-qe@redhat.com][level:system][sig-compute] Live Migration with a live-migrate eviction strategy set [ref_id:2293] with a VMI running with an eviction strategy set [sig-compute][test_id:3243]should recreate the PDB if VMIs with similar names are recreated" classname="Tests Suite" time="52.026643515"></testcase>
      <testcase name="[rfe_id:393][crit:high][vendor:cnv-qe@redhat.com][level:system][sig-compute] Live Migration with a live-migrate eviction strategy set [ref_id:2293] with a VMI running with an eviction strategy set should create the PDB if VMI is live-migratable and has the LiveMigrateIfPossible strategy set" classname="Tests Suite" time="19.259371381"></testcase>
      <testcase name="[rfe_id:393][crit:high][vendor:cnv-qe@redhat.com][level:system][sig-compute] Live Migration with a live-migrate eviction strategy set [ref_id:2293] with a VMI running with an eviction strategy set [sig-compute][test_id:7680]should delete PDBs created by an old virt-controller" classname="Tests Suite" time="19.220581681"></testcase>
      <testcase name="[rfe_id:393][crit:high][vendor:cnv-qe@redhat.com][level:system][sig-compute] Live Migration with a live-migrate eviction strategy set [ref_id:2293] with a VMI running with an eviction strategy set [test_id:3244]should block the eviction api while a slow migration is in progress" classname="Tests Suite" time="86.296567577"></testcase>
      <testcase name="[sig-compute] VMIDefaults MemBalloon defaults [Serial]Should override period in domain if present in virt-config  [test_id:4557]with period 12" classname="Tests Suite" time="0">
          <skipped></skipped>
      </testcase>
      <testcase name="[sig-compute] VMIDefaults MemBalloon defaults [Serial]Should override period in domain if present in virt-config  [test_id:4558]with period 0" classname="Tests Suite" time="0">
          <skipped></skipped>
      </testcase>
      <testcase name="[Serial][ref_id:2717][sig-compute]KubeVirt control plane resilience pod eviction evicting pods of control plane [test_id:2830]last eviction should fail for multi-replica virt-controller pods" classname="Tests Suite" time="0">
          <skipped></skipped>
      </testcase>
      <testcase name="[Serial][ref_id:2717][sig-compute]KubeVirt control plane resilience pod eviction evicting pods of control plane [test_id:2799]last eviction should fail for multi-replica virt-api pods" classname="Tests Suite" time="0">
          <skipped></skipped>
      </testcase>
      <testcase name="[Serial][ref_id:2717][sig-compute]KubeVirt control plane resilience pod eviction evicting pods of control plane eviction of single-replica virt-controller pod should succeed" classname="Tests Suite" time="0">
          <skipped></skipped>
      </testcase>
      <testcase name="[Serial][ref_id:2717][sig-compute]KubeVirt control plane resilience pod eviction evicting pods of control plane eviction of multi-replica virt-api pod should succeed" classname="Tests Suite" time="0">
          <skipped></skipped>
      </testcase>
      <testcase name="[Serial][ref_id:2717][sig-compute]KubeVirt control plane resilience control plane components check when control plane pods are running [test_id:2806]virt-controller and virt-api pods have a pod disruption budget" classname="Tests Suite" time="0">
          <skipped></skipped>
      </testcase>
      <testcase name="[Serial][ref_id:2717][sig-compute]KubeVirt control plane resilience control plane components check when Control plane pods temporarily lose connection to Kubernetes API should fail health checks when connectivity is lost, and recover when connectivity is regained" classname="Tests Suite" time="0">
          <skipped></skipped>
      </testcase>
      <testcase name="[Serial][sig-compute][USB] host USB Passthrough with usb storage with emulated USB devices Should successfully passthrough 1 emulated USB device" classname="Tests Suite" time="0">
          <skipped></skipped>
      </testcase>
      <testcase name="[Serial][sig-compute][USB] host USB Passthrough with usb storage with emulated USB devices Should successfully passthrough 2 emulated USB devices" classname="Tests Suite" time="0">
          <skipped></skipped>
      </testcase>
      <testcase name="[sig-performance][Serial] Control Plane Performance Density Testing Density test [small] create a batch of 100 VMIs should sucessfully create all VMIS" classname="Tests Suite" time="0">
          <skipped></skipped>
      </testcase>
      <testcase name="[sig-performance][Serial] Control Plane Performance Density Testing Density test [small] create a batch of 100 running VMs should sucessfully create all VMS" classname="Tests Suite" time="0">
          <skipped></skipped>
      </testcase>
      <testcase name="[sig-performance][Serial] Control Plane Performance Density Testing Density test [small] create a batch of 100 running VMs using a single instancetype and preference should sucessfully create all VMS with instancetype and preference" classname="Tests Suite" time="0">
          <skipped></skipped>
      </testcase>
      <testcase name="[Serial][sig-compute]Infrastructure [rfe_id:4102][crit:medium][vendor:cnv-qe@redhat.com][level:component]certificates [test_id:4099] should be rotated when a new CA is created" classname="Tests Suite" time="0">
          <skipped></skipped>
      </testcase>
      <testcase name="[Serial][sig-compute]Infrastructure [rfe_id:4102][crit:medium][vendor:cnv-qe@redhat.com][level:component]certificates [sig-compute][test_id:4100] should be valid during the whole rotation process" classname="Tests Suite" time="0">
          <skipped></skipped>
      </testcase>
      <testcase name="[Serial][sig-compute]Infrastructure [rfe_id:4102][crit:medium][vendor:cnv-qe@redhat.com][level:component]certificates should be rotated when deleted for  [test_id:4101] virt-operator" classname="Tests Suite" time="0">
          <skipped></skipped>
      </testcase>
      <testcase name="[Serial][sig-compute]Infrastructure [rfe_id:4102][crit:medium][vendor:cnv-qe@redhat.com][level:component]certificates should be rotated when deleted for  [test_id:4103] virt-api" classname="Tests Suite" time="0">
          <skipped></skipped>
      </testcase>
      <testcase name="[Serial][sig-compute]Infrastructure [rfe_id:4102][crit:medium][vendor:cnv-qe@redhat.com][level:component]certificates should be rotated when deleted for  [test_id:4104] virt-controller" classname="Tests Suite" time="0">
          <skipped></skipped>
      </testcase>
      <testcase name="[Serial][sig-compute]Infrastructure [rfe_id:4102][crit:medium][vendor:cnv-qe@redhat.com][level:component]certificates should be rotated when deleted for  [test_id:4105] virt-handlers client side" classname="Tests Suite" time="0">
          <skipped></skipped>
      </testcase>
      <testcase name="[Serial][sig-compute]Infrastructure [rfe_id:4102][crit:medium][vendor:cnv-qe@redhat.com][level:component]certificates should be rotated when deleted for  [test_id:4106] virt-handlers server side" classname="Tests Suite" time="0">
          <skipped></skipped>
      </testcase>
      <testcase name="[sig-storage] [Serial]Backend Storage Should use RWO when RWX is not supported" classname="Tests Suite" time="0">
          <skipped></skipped>
      </testcase>
      <testcase name="[crit:medium][vendor:cnv-qe@redhat.com][level:component][sig-compute] Instancetype and Preferences [Serial]with cluster memory overcommit being applied should apply memory overcommit instancetype to VMI even with cluster overcommit set" classname="Tests Suite" time="0">
          <skipped></skipped>
      </testcase>
      <testcase name="[rfe_id:393][crit:high][vendor:cnv-qe@redhat.com][level:system][sig-compute] VM Live Migration Starting a VirtualMachineInstance  [Serial] with auto converge enabled [test_id:3237]should complete a migration" classname="Tests Suite" time="118.787855744"></testcase>
      <testcase name="[rfe_id:393][crit:high][vendor:cnv-qe@redhat.com][level:system][sig-compute] VM Live Migration Starting a VirtualMachineInstance  [Serial] migration to nonroot should migrate root implementation to nonroot [test_id:8609] with simple VMI" classname="Tests Suite" time="50.06917676"></testcase>
      <testcase name="[rfe_id:393][crit:high][vendor:cnv-qe@redhat.com][level:system][sig-compute] VM Live Migration Starting a VirtualMachineInstance  [Serial] migration to nonroot should migrate root implementation to nonroot [test_id:8610] with DataVolume" classname="Tests Suite" time="213.121943227">
          <failure type="Failure">tests/migration/migration.go:1292&#xA;Timed out after 180.001s.&#xA;DataVolume/test-datavolume-pdcgzmmn2mrg expected phase is &#39;Succeeded&#39; but got &#39;Pending&#39;&#xA;tests/libstorage/datavolume.go:86</failure>
          <system-out>Forwarding from 127.0.0.1:8456 -&gt; 8443&#xA;Forwarding from [::1]:8456 -&gt; 8443&#xA;Handling connection for 8456&#xA;Forwarding from 127.0.0.1:6328 -&gt; 8443&#xA;Forwarding from [::1]:6328 -&gt; 8443&#xA;Handling connection for 6328&#xA;Forwarding from 127.0.0.1:8661 -&gt; 8443&#xA;Forwarding from [::1]:8661 -&gt; 8443&#xA;Handling connection for 8661&#xA;Forwarding from 127.0.0.1:7166 -&gt; 8443&#xA;Forwarding from [::1]:7166 -&gt; 8443&#xA;Handling connection for 7166&#xA;Forwarding from 127.0.0.1:9767 -&gt; 8443&#xA;Forwarding from [::1]:9767 -&gt; 8443&#xA;Handling connection for 9767&#xA;Forwarding from 127.0.0.1:6088 -&gt; 8443&#xA;Forwarding from [::1]:6088 -&gt; 8443&#xA;Handling connection for 6088&#xA;Forwarding from 127.0.0.1:6214 -&gt; 8443&#xA;Forwarding from [::1]:6214 -&gt; 8443&#xA;Handling connection for 6214&#xA;{&#34;component&#34;:&#34;tests&#34;,&#34;level&#34;:&#34;info&#34;,&#34;msg&#34;:&#34;system is in sync with kubevirt config resource version 30099&#34;,&#34;pos&#34;:&#34;kvconfig.go:97&#34;,&#34;timestamp&#34;:&#34;2025-04-22T10:12:00.257889Z&#34;}&#xA;On failure, artifacts will be collected in /logs/artifacts/k8s-reporter/1/2_*&#xA;Forwarding from 127.0.0.1:6778 -&gt; 8443&#xA;Forwarding from [::1]:6778 -&gt; 8443&#xA;Handling connection for 6778&#xA;Forwarding from 127.0.0.1:6447 -&gt; 8443&#xA;Forwarding from [::1]:6447 -&gt; 8443&#xA;Handling connection for 6447&#xA;Forwarding from 127.0.0.1:8917 -&gt; 8443&#xA;Forwarding from [::1]:8917 -&gt; 8443&#xA;Handling connection for 8917&#xA;Forwarding from 127.0.0.1:10183 -&gt; 8443&#xA;Forwarding from [::1]:10183 -&gt; 8443&#xA;Handling connection for 10183&#xA;Forwarding from 127.0.0.1:4878 -&gt; 8443&#xA;Forwarding from [::1]:4878 -&gt; 8443&#xA;Handling connection for 4878&#xA;Forwarding from 127.0.0.1:9221 -&gt; 8443&#xA;Forwarding from [::1]:9221 -&gt; 8443&#xA;Handling connection for 9221&#xA;Forwarding from 127.0.0.1:9514 -&gt; 8443&#xA;Forwarding from [::1]:9514 -&gt; 8443&#xA;Handling connection for 9514&#xA;{&#34;component&#34;:&#34;tests&#34;,&#34;level&#34;:&#34;info&#34;,&#34;msg&#34;:&#34;system is in sync with kubevirt config resource version 31169&#34;,&#34;pos&#34;:&#34;kvconfig.go:97&#34;,&#34;timestamp&#34;:&#34;2025-04-22T10:15:04.374776Z&#34;}&#xA;Global test cleanup started.&#xA;Forwarding from 127.0.0.1:7204 -&gt; 8443&#xA;Forwarding from [::1]:7204 -&gt; 8443&#xA;Handling connection for 7204&#xA;Forwarding from 127.0.0.1:10212 -&gt; 8443&#xA;Forwarding from [::1]:10212 -&gt; 8443&#xA;Handling connection for 10212&#xA;Forwarding from 127.0.0.1:7288 -&gt; 8443&#xA;Forwarding from [::1]:7288 -&gt; 8443&#xA;Handling connection for 7288&#xA;Forwarding from 127.0.0.1:5163 -&gt; 8443&#xA;Forwarding from [::1]:5163 -&gt; 8443&#xA;Handling connection for 5163&#xA;Forwarding from 127.0.0.1:5353 -&gt; 8443&#xA;Forwarding from [::1]:5353 -&gt; 8443&#xA;Handling connection for 5353&#xA;Forwarding from 127.0.0.1:6497 -&gt; 8443&#xA;Forwarding from [::1]:6497 -&gt; 8443&#xA;Handling connection for 6497&#xA;Forwarding from 127.0.0.1:7761 -&gt; 8443&#xA;Forwarding from [::1]:7761 -&gt; 8443&#xA;Handling connection for 7761&#xA;{&#34;component&#34;:&#34;tests&#34;,&#34;level&#34;:&#34;info&#34;,&#34;msg&#34;:&#34;system is in sync with kubevirt config resource version 31169&#34;,&#34;pos&#34;:&#34;kvconfig.go:97&#34;,&#34;timestamp&#34;:&#34;2025-04-22T10:15:11.783478Z&#34;}&#xA;Global test cleanup ended.&#xA;</system-out>
      </testcase>
      <testcase name="[rfe_id:393][crit:high][vendor:cnv-qe@redhat.com][level:system][sig-compute] VM Live Migration Starting a VirtualMachineInstance  [Serial] migration to nonroot should migrate root implementation to nonroot [test_id:8611] with CD + CloudInit + SA + ConfigMap + Secret + DownwardAPI + Kernel Boot" classname="Tests Suite" time="73.438263163"></testcase>
      <testcase name="[rfe_id:393][crit:high][vendor:cnv-qe@redhat.com][level:system][sig-compute] VM Live Migration Starting a VirtualMachineInstance  [Serial] migration to nonroot should migrate root implementation to nonroot [test_id:8612] with PVC" classname="Tests Suite" time="213.376483606">
          <failure type="Failure">tests/migration/migration.go:1307&#xA;Timed out after 180.001s.&#xA;DataVolume/test-datavolume-gw74qp8f6mpl expected phase is &#39;Succeeded&#39; but got &#39;Pending&#39;&#xA;tests/libstorage/datavolume.go:86</failure>
          <system-out>Forwarding from 127.0.0.1:8035 -&gt; 8443&#xA;Forwarding from [::1]:8035 -&gt; 8443&#xA;Handling connection for 8035&#xA;Forwarding from 127.0.0.1:5967 -&gt; 8443&#xA;Forwarding from [::1]:5967 -&gt; 8443&#xA;Handling connection for 5967&#xA;Forwarding from 127.0.0.1:4557 -&gt; 8443&#xA;Forwarding from [::1]:4557 -&gt; 8443&#xA;Handling connection for 4557&#xA;Forwarding from 127.0.0.1:4730 -&gt; 8443&#xA;Forwarding from [::1]:4730 -&gt; 8443&#xA;Handling connection for 4730&#xA;Forwarding from 127.0.0.1:6216 -&gt; 8443&#xA;Forwarding from [::1]:6216 -&gt; 8443&#xA;Handling connection for 6216&#xA;Forwarding from 127.0.0.1:8614 -&gt; 8443&#xA;Forwarding from [::1]:8614 -&gt; 8443&#xA;Handling connection for 8614&#xA;Forwarding from 127.0.0.1:10101 -&gt; 8443&#xA;Forwarding from [::1]:10101 -&gt; 8443&#xA;Handling connection for 10101&#xA;{&#34;component&#34;:&#34;tests&#34;,&#34;level&#34;:&#34;info&#34;,&#34;msg&#34;:&#34;system is in sync with kubevirt config resource version 32412&#34;,&#34;pos&#34;:&#34;kvconfig.go:97&#34;,&#34;timestamp&#34;:&#34;2025-04-22T10:16:46.820925Z&#34;}&#xA;On failure, artifacts will be collected in /logs/artifacts/k8s-reporter/1/3_*&#xA;Forwarding from 127.0.0.1:5721 -&gt; 8443&#xA;Forwarding from [::1]:5721 -&gt; 8443&#xA;Handling connection for 5721&#xA;Forwarding from 127.0.0.1:9260 -&gt; 8443&#xA;Forwarding from [::1]:9260 -&gt; 8443&#xA;Handling connection for 9260&#xA;Forwarding from 127.0.0.1:4874 -&gt; 8443&#xA;Forwarding from [::1]:4874 -&gt; 8443&#xA;Handling connection for 4874&#xA;Forwarding from 127.0.0.1:4819 -&gt; 8443&#xA;Forwarding from [::1]:4819 -&gt; 8443&#xA;Handling connection for 4819&#xA;Forwarding from 127.0.0.1:7179 -&gt; 8443&#xA;Forwarding from [::1]:7179 -&gt; 8443&#xA;Handling connection for 7179&#xA;Forwarding from 127.0.0.1:10276 -&gt; 8443&#xA;Forwarding from [::1]:10276 -&gt; 8443&#xA;Handling connection for 10276&#xA;Forwarding from 127.0.0.1:6305 -&gt; 8443&#xA;Forwarding from [::1]:6305 -&gt; 8443&#xA;Handling connection for 6305&#xA;{&#34;component&#34;:&#34;tests&#34;,&#34;level&#34;:&#34;info&#34;,&#34;msg&#34;:&#34;system is in sync with kubevirt config resource version 33493&#34;,&#34;pos&#34;:&#34;kvconfig.go:97&#34;,&#34;timestamp&#34;:&#34;2025-04-22T10:19:51.156794Z&#34;}&#xA;Global test cleanup started.&#xA;Forwarding from 127.0.0.1:8645 -&gt; 8443&#xA;Forwarding from [::1]:8645 -&gt; 8443&#xA;Handling connection for 8645&#xA;Forwarding from 127.0.0.1:4605 -&gt; 8443&#xA;Forwarding from [::1]:4605 -&gt; 8443&#xA;Handling connection for 4605&#xA;Forwarding from 127.0.0.1:9214 -&gt; 8443&#xA;Forwarding from [::1]:9214 -&gt; 8443&#xA;Handling connection for 9214&#xA;Forwarding from 127.0.0.1:5618 -&gt; 8443&#xA;Forwarding from [::1]:5618 -&gt; 8443&#xA;Handling connection for 5618&#xA;Forwarding from 127.0.0.1:7316 -&gt; 8443&#xA;Forwarding from [::1]:7316 -&gt; 8443&#xA;Handling connection for 7316&#xA;Forwarding from 127.0.0.1:7707 -&gt; 8443&#xA;Forwarding from [::1]:7707 -&gt; 8443&#xA;Handling connection for 7707&#xA;Forwarding from 127.0.0.1:7815 -&gt; 8443&#xA;Forwarding from [::1]:7815 -&gt; 8443&#xA;Handling connection for 7815&#xA;{&#34;component&#34;:&#34;tests&#34;,&#34;level&#34;:&#34;info&#34;,&#34;msg&#34;:&#34;system is in sync with kubevirt config resource version 33493&#34;,&#34;pos&#34;:&#34;kvconfig.go:97&#34;,&#34;timestamp&#34;:&#34;2025-04-22T10:19:58.590609Z&#34;}&#xA;Global test cleanup ended.&#xA;</system-out>
      </testcase>
      <testcase name="[rfe_id:393][crit:high][vendor:cnv-qe@redhat.com][level:system][sig-compute] VM Live Migration Starting a VirtualMachineInstance  [Serial] migration to root should migrate nonroot implementation to root with simple VMI" classname="Tests Suite" time="71.996322231"></testcase>
      <testcase name="[rfe_id:393][crit:high][vendor:cnv-qe@redhat.com][level:system][sig-compute] VM Live Migration Starting a VirtualMachineInstance  [Serial] migration to root should migrate nonroot implementation to root with DataVolume" classname="Tests Suite" time="191.178077277">
          <failure type="Failure">tests/migration/migration.go:1382&#xA;Timed out after 180.000s.&#xA;DataVolume/test-datavolume-z8txmsxw9kt5 expected phase is &#39;Succeeded&#39; but got &#39;&#39;&#xA;tests/libstorage/datavolume.go:86</failure>
          <system-out>On failure, artifacts will be collected in /logs/artifacts/k8s-reporter/1/4_*&#xA;Global test cleanup started.&#xA;Forwarding from 127.0.0.1:7001 -&gt; 8443&#xA;Forwarding from [::1]:7001 -&gt; 8443&#xA;Handling connection for 7001&#xA;Forwarding from 127.0.0.1:4913 -&gt; 8443&#xA;Forwarding from [::1]:4913 -&gt; 8443&#xA;Handling connection for 4913&#xA;Forwarding from 127.0.0.1:9266 -&gt; 8443&#xA;Forwarding from [::1]:9266 -&gt; 8443&#xA;Handling connection for 9266&#xA;Forwarding from 127.0.0.1:6410 -&gt; 8443&#xA;Forwarding from [::1]:6410 -&gt; 8443&#xA;Handling connection for 6410&#xA;Forwarding from 127.0.0.1:7198 -&gt; 8443&#xA;Forwarding from [::1]:7198 -&gt; 8443&#xA;Handling connection for 7198&#xA;Forwarding from 127.0.0.1:9148 -&gt; 8443&#xA;Forwarding from [::1]:9148 -&gt; 8443&#xA;Handling connection for 9148&#xA;Forwarding from 127.0.0.1:7377 -&gt; 8443&#xA;Forwarding from [::1]:7377 -&gt; 8443&#xA;Handling connection for 7377&#xA;{&#34;component&#34;:&#34;tests&#34;,&#34;level&#34;:&#34;info&#34;,&#34;msg&#34;:&#34;system is in sync with kubevirt config resource version 34734&#34;,&#34;pos&#34;:&#34;kvconfig.go:97&#34;,&#34;timestamp&#34;:&#34;2025-04-22T10:24:42.975858Z&#34;}&#xA;Global test cleanup ended.&#xA;</system-out>
      </testcase>
      <testcase name="[rfe_id:393][crit:high][vendor:cnv-qe@redhat.com][level:system][sig-compute] VM Live Migration Starting a VirtualMachineInstance  [Serial] migration to root should migrate nonroot implementation to root with CD + CloudInit + SA + ConfigMap + Secret + DownwardAPI + Kernel Boot" classname="Tests Suite" time="100.655919305"></testcase>
      <testcase name="[rfe_id:393][crit:high][vendor:cnv-qe@redhat.com][level:system][sig-compute] VM Live Migration Starting a VirtualMachineInstance  [Serial] migration to root should migrate nonroot implementation to root with PVC" classname="Tests Suite" time="191.369753112">
          <failure type="Failure">tests/migration/migration.go:1397&#xA;Timed out after 180.001s.&#xA;DataVolume/test-datavolume-sthw2wzglwjr expected phase is &#39;Succeeded&#39; but got &#39;&#39;&#xA;tests/libstorage/datavolume.go:86</failure>
          <system-out>On failure, artifacts will be collected in /logs/artifacts/k8s-reporter/1/5_*&#xA;Global test cleanup started.&#xA;Forwarding from 127.0.0.1:6748 -&gt; 8443&#xA;Forwarding from [::1]:6748 -&gt; 8443&#xA;Handling connection for 6748&#xA;Forwarding from 127.0.0.1:4401 -&gt; 8443&#xA;Forwarding from [::1]:4401 -&gt; 8443&#xA;Handling connection for 4401&#xA;Forwarding from 127.0.0.1:6985 -&gt; 8443&#xA;Forwarding from [::1]:6985 -&gt; 8443&#xA;Handling connection for 6985&#xA;Forwarding from 127.0.0.1:8896 -&gt; 8443&#xA;Forwarding from [::1]:8896 -&gt; 8443&#xA;Handling connection for 8896&#xA;Forwarding from 127.0.0.1:5808 -&gt; 8443&#xA;Forwarding from [::1]:5808 -&gt; 8443&#xA;Handling connection for 5808&#xA;Forwarding from 127.0.0.1:10270 -&gt; 8443&#xA;Forwarding from [::1]:10270 -&gt; 8443&#xA;Handling connection for 10270&#xA;Forwarding from 127.0.0.1:6579 -&gt; 8443&#xA;Forwarding from [::1]:6579 -&gt; 8443&#xA;Handling connection for 6579&#xA;{&#34;component&#34;:&#34;tests&#34;,&#34;level&#34;:&#34;info&#34;,&#34;msg&#34;:&#34;system is in sync with kubevirt config resource version 36711&#34;,&#34;pos&#34;:&#34;kvconfig.go:97&#34;,&#34;timestamp&#34;:&#34;2025-04-22T10:29:35.004130Z&#34;}&#xA;Global test cleanup ended.&#xA;</system-out>
      </testcase>
      <testcase name="[rfe_id:393][crit:high][vendor:cnv-qe@redhat.com][level:system][sig-compute] VM Live Migration Starting a VirtualMachineInstance  migration security [Serial] with TLS disabled [test_id:6976] should be successfully migrated" classname="Tests Suite" time="85.660104407"></testcase>
      <testcase name="[rfe_id:393][crit:high][vendor:cnv-qe@redhat.com][level:system][sig-compute] VM Live Migration Starting a VirtualMachineInstance  migration security [Serial] with TLS disabled [test_id:6977]should not secure migrations with TLS" classname="Tests Suite" time="123.398763221"></testcase>
      <testcase name="[rfe_id:393][crit:high][vendor:cnv-qe@redhat.com][level:system][sig-compute] VM Live Migration Starting a VirtualMachineInstance  [Serial] migration monitor without progress [test_id:2227] should abort a vmi migration" classname="Tests Suite" time="115.547003565"></testcase>
      <testcase name="[rfe_id:393][crit:high][vendor:cnv-qe@redhat.com][level:system][sig-compute] VM Live Migration Starting a VirtualMachineInstance  [Serial] migration monitor [test_id:6978] Should detect a failed migration" classname="Tests Suite" time="125.501990112"></testcase>
      <testcase name="[rfe_id:393][crit:high][vendor:cnv-qe@redhat.com][level:system][sig-compute] VM Live Migration Starting a VirtualMachineInstance  [Serial] migration monitor old finalized migrations should get garbage collected" classname="Tests Suite" time="204.360436133"></testcase>
      <testcase name="[rfe_id:393][crit:high][vendor:cnv-qe@redhat.com][level:system][sig-compute] VM Live Migration Starting a VirtualMachineInstance  [Serial] migration monitor [test_id:6979]Target pod should exit after failed migration" classname="Tests Suite" time="65.249768636"></testcase>
      <testcase name="[rfe_id:393][crit:high][vendor:cnv-qe@redhat.com][level:system][sig-compute] VM Live Migration Starting a VirtualMachineInstance  [Serial] migration monitor [test_id:6980]Migration should fail if target pod fails during target preparation" classname="Tests Suite" time="53.08695883"></testcase>
      <testcase name="[rfe_id:393][crit:high][vendor:cnv-qe@redhat.com][level:system][sig-compute] VM Live Migration Starting a VirtualMachineInstance  [Serial] migration monitor Migration should generate empty isos of the right size on the target" classname="Tests Suite" time="50.193550334"></testcase>
      <testcase name="[rfe_id:393][crit:high][vendor:cnv-qe@redhat.com][level:system][sig-compute] VM Live Migration Starting a VirtualMachineInstance  live migration cancelation [Serial]when target pod cannot be scheduled and is suck in Pending phase should be able to properly abort migration" classname="Tests Suite" time="107.768960894"></testcase>
      <testcase name="[rfe_id:393][crit:high][vendor:cnv-qe@redhat.com][level:system][sig-compute] VM Live Migration Starting a VirtualMachineInstance  with a host-model cpu [Serial]Should trigger event if vmi with host-model start on source node with uniq host-model [test_id:7505]when no node is suited for host model" classname="Tests Suite" time="42.936038116"></testcase>
      <testcase name="[rfe_id:393][crit:high][vendor:cnv-qe@redhat.com][level:system][sig-compute] VM Live Migration Starting a VirtualMachineInstance  with a host-model cpu [Serial]Should trigger event if the nodes doesn&#39;t contain MigrationSelectorLabel for the vmi host-model type no node contain suited SupportedHostModelMigrationCPU label" classname="Tests Suite" time="61.984816886"></testcase>
      <testcase name="[rfe_id:393][crit:high][vendor:cnv-qe@redhat.com][level:system][sig-compute] VM Live Migration Starting a VirtualMachineInstance  [Serial] with migration policies migration policy should override cluster-wide policy if defined" classname="Tests Suite" time="54.166666217"></testcase>
      <testcase name="[rfe_id:393][crit:high][vendor:cnv-qe@redhat.com][level:system][sig-compute] VM Live Migration Starting a VirtualMachineInstance  [Serial] with migration policies migration policy should not affect cluster-wide policy if not defined" classname="Tests Suite" time="63.363271458"></testcase>
      <testcase name="[rfe_id:393][crit:high][vendor:cnv-qe@redhat.com][level:system][sig-compute] VM Live Migration Starting a VirtualMachineInstance  [Serial] with freePageReporting should be able to migrate" classname="Tests Suite" time="55.588901495"></testcase>
      <testcase name="[rfe_id:393][crit:high][vendor:cnv-qe@redhat.com][level:system][sig-compute] VM Live Migration [Serial] With Huge Pages should consume hugepages  [test_id:6983]hugepages-2Mi" classname="Tests Suite" time="24.661206869"></testcase>
      <testcase name="[rfe_id:393][crit:high][vendor:cnv-qe@redhat.com][level:system][sig-compute] VM Live Migration [Serial] With Huge Pages should consume hugepages  [test_id:6984]hugepages-1Gi" classname="Tests Suite" time="7.036870878">
          <skipped></skipped>
      </testcase>
      <testcase name="[rfe_id:393][crit:high][vendor:cnv-qe@redhat.com][level:system][sig-compute] VM Live Migration [Serial] with CPU pinning and huge pages should not make migrations fail" classname="Tests Suite" time="35.737993966"></testcase>
      <testcase name="[rfe_id:393][crit:high][vendor:cnv-qe@redhat.com][level:system][sig-compute] VM Live Migration [Serial] with CPU pinning and huge pages and NUMA passthrough should not make migrations fail" classname="Tests Suite" time="33.794443747"></testcase>
      <testcase name="[rfe_id:393][crit:high][vendor:cnv-qe@redhat.com][level:system][sig-compute] VM Live Migration [Serial]Testing host-model cpuModel edge cases in the cluster if the cluster is host-model migratable Should be able to migrate back to the initial node from target node with host-model even if target is newer than source" classname="Tests Suite" time="89.132105966"></testcase>
      <testcase name="[rfe_id:393][crit:high][vendor:cnv-qe@redhat.com][level:system][sig-compute] VM Live Migration [Serial]Testing host-model cpuModel edge cases in the cluster if the cluster is host-model migratable vmi with host-model should be able to migrate to node that support the initial node&#39;s host-model even if this model isn&#39;t the target&#39;s host-model" classname="Tests Suite" time="77.870310549"></testcase>
      <testcase name="[rfe_id:393][crit:high][vendor:cnv-qe@redhat.com][level:system][sig-compute] VM Live Migration with a dedicated migration network Should migrate over that network" classname="Tests Suite" time="240.480350562"></testcase>
      <testcase name="[sig-network] [Serial] Istio with passt binding Virtual Machine with istio supported interface Live Migration All containers should complete in source virt-launcher pod after migration" classname="Tests Suite" time="32.008212039">
          <skipped></skipped>
      </testcase>
      <testcase name="[sig-network] [Serial] Istio with passt binding Virtual Machine with istio supported interface SSH traffic With VMI having explicit ports specified should ssh to VMI with Istio proxy" classname="Tests Suite" time="0">
          <skipped></skipped>
      </testcase>
      <testcase name="[sig-network] [Serial] Istio with passt binding Virtual Machine with istio supported interface SSH traffic With VMI having no explicit ports specified should ssh to VMI with Istio proxy" classname="Tests Suite" time="0">
          <skipped></skipped>
      </testcase>
      <testcase name="[sig-network] [Serial] Istio with passt binding Virtual Machine with istio supported interface Inbound traffic With VMI having explicit ports specified request to VMI should reach HTTP server on service declared port on VMI with explicit ports" classname="Tests Suite" time="0">
          <skipped></skipped>
      </testcase>
      <testcase name="[sig-network] [Serial] Istio with passt binding Virtual Machine with istio supported interface Inbound traffic With VMI having explicit ports specified request to VMI should reach HTTP server on service undeclared port on VMI with explicit ports" classname="Tests Suite" time="0">
          <skipped></skipped>
      </testcase>
      <testcase name="[sig-network] [Serial] Istio with passt binding Virtual Machine with istio supported interface Inbound traffic With VMI having no explicit ports specified request to VMI should reach HTTP server on service declared port on VMI with no explicit ports" classname="Tests Suite" time="0">
          <skipped></skipped>
      </testcase>
      <testcase name="[sig-network] [Serial] Istio with passt binding Virtual Machine with istio supported interface Inbound traffic With VMI having no explicit ports specified request to VMI should reach HTTP server on service undeclared port on VMI with no explicit ports" classname="Tests Suite" time="0">
          <skipped></skipped>
      </testcase>
      <testcase name="[sig-network] [Serial] Istio with passt binding Virtual Machine with istio supported interface Inbound traffic With VMI having no explicit ports specified Should not be able to reach service running on Istio restricted port" classname="Tests Suite" time="0">
          <skipped></skipped>
      </testcase>
      <testcase name="[sig-network] [Serial] Istio with passt binding Virtual Machine with istio supported interface Inbound traffic With PeerAuthentication enforcing mTLS With VMI having explicit ports specified client outside mesh should NOT reach VMI HTTP server on service declared port on VMI with explicit ports" classname="Tests Suite" time="0">
          <skipped></skipped>
      </testcase>
      <testcase name="[sig-network] [Serial] Istio with passt binding Virtual Machine with istio supported interface Inbound traffic With PeerAuthentication enforcing mTLS With VMI having explicit ports specified client outside mesh should NOT reach VMI HTTP server on service undeclared port on VMI with explicit ports" classname="Tests Suite" time="0">
          <skipped></skipped>
      </testcase>
      <testcase name="[sig-network] [Serial] Istio with passt binding Virtual Machine with istio supported interface Inbound traffic With PeerAuthentication enforcing mTLS With VMI having no explicit ports specified client outside mesh should NOT reach VMI HTTP server on service declared port on VMI with no explicit ports" classname="Tests Suite" time="0">
          <skipped></skipped>
      </testcase>
      <testcase name="[sig-network] [Serial] Istio with passt binding Virtual Machine with istio supported interface Inbound traffic With PeerAuthentication enforcing mTLS With VMI having no explicit ports specified client outside mesh should NOT reach VMI HTTP server on service undeclared port on VMI with no explicit ports" classname="Tests Suite" time="0">
          <skipped></skipped>
      </testcase>
      <testcase name="[sig-network] [Serial] Istio with passt binding Virtual Machine with istio supported interface Outbound traffic VMI with explicit ports Should be able to reach http server outside of mesh" classname="Tests Suite" time="0">
          <skipped></skipped>
      </testcase>
      <testcase name="[sig-network] [Serial] Istio with passt binding Virtual Machine with istio supported interface Outbound traffic VMI with no explicit ports Should be able to reach http server outside of mesh" classname="Tests Suite" time="0">
          <skipped></skipped>
      </testcase>
      <testcase name="[sig-network] [Serial] Istio with passt binding Virtual Machine with istio supported interface Outbound traffic With Sidecar allowing only registered external services VMI with explicit ports Should not be able to reach http service outside of mesh" classname="Tests Suite" time="0">
          <skipped></skipped>
      </testcase>
      <testcase name="[sig-network] [Serial] Istio with passt binding Virtual Machine with istio supported interface Outbound traffic With Sidecar allowing only registered external services VMI with no explicit ports Should not be able to reach http service outside of mesh" classname="Tests Suite" time="0">
          <skipped></skipped>
      </testcase>
      <testcase name="[Serial][sig-compute]Infrastructure Node-labeller basic labelling skip node reconciliation when node has skip annotation" classname="Tests Suite" time="0">
          <skipped></skipped>
      </testcase>
      <testcase name="[Serial][sig-compute]Infrastructure Node-labeller basic labelling [test_id:6246] label nodes with cpu model, cpu features and host cpu model" classname="Tests Suite" time="0">
          <skipped></skipped>
      </testcase>
      <testcase name="[Serial][sig-compute]Infrastructure Node-labeller basic labelling [test_id:6247] should set default obsolete cpu models filter when obsolete-cpus-models is not set in kubevirt config" classname="Tests Suite" time="0">
          <skipped></skipped>
      </testcase>
      <testcase name="[Serial][sig-compute]Infrastructure Node-labeller basic labelling [test_id:6995]should expose tsc frequency and tsc scalability" classname="Tests Suite" time="0">
          <skipped></skipped>
      </testcase>
      <testcase name="[Serial][sig-compute]Infrastructure Node-labeller advanced labelling [test_id:6249] should update node with new cpu model label set" classname="Tests Suite" time="0">
          <skipped></skipped>
      </testcase>
      <testcase name="[Serial][sig-compute]Infrastructure Node-labeller advanced labelling [test_id:6250] should update node with new cpu model vendor label" classname="Tests Suite" time="0">
          <skipped></skipped>
      </testcase>
      <testcase name="[Serial][sig-compute]Infrastructure Node-labeller advanced labelling [test_id:6252] should remove all cpu model labels (all cpu model are in obsolete list)" classname="Tests Suite" time="0">
          <skipped></skipped>
      </testcase>
      <testcase name="[Serial][sig-compute]Infrastructure Node-labeller [Serial]node with obsolete host-model cpuModel [Serial]should not schedule vmi with host-model cpuModel to node with obsolete host-model cpuModel" classname="Tests Suite" time="0">
          <skipped></skipped>
      </testcase>
      <testcase name="[Serial]VirtualMachineClone Tests VM clone [sig-compute]simple VM and cloning operations simple default clone" classname="Tests Suite" time="0">
          <skipped></skipped>
      </testcase>
      <testcase name="[Serial]VirtualMachineClone Tests VM clone [sig-compute]simple VM and cloning operations simple clone with snapshot source" classname="Tests Suite" time="0">
          <skipped></skipped>
      </testcase>
      <testcase name="[Serial]VirtualMachineClone Tests VM clone [sig-compute]simple VM and cloning operations clone with only some of labels/annotations" classname="Tests Suite" time="0">
          <skipped></skipped>
      </testcase>
      <testcase name="[Serial]VirtualMachineClone Tests VM clone [sig-compute]simple VM and cloning operations clone with only some of template.labels/template.annotations" classname="Tests Suite" time="0">
          <skipped></skipped>
      </testcase>
      <testcase name="[Serial]VirtualMachineClone Tests VM clone [sig-compute]simple VM and cloning operations clone with changed MAC address" classname="Tests Suite" time="0">
          <skipped></skipped>
      </testcase>
      <testcase name="[Serial]VirtualMachineClone Tests VM clone [sig-compute]simple VM and cloning operations regarding domain Firmware clone with changed SMBios serial" classname="Tests Suite" time="0">
          <skipped></skipped>
      </testcase>
      <testcase name="[Serial]VirtualMachineClone Tests VM clone [sig-compute]simple VM and cloning operations regarding domain Firmware should strip firmware UUID" classname="Tests Suite" time="0">
          <skipped></skipped>
      </testcase>
      <testcase name="[Serial]VirtualMachineClone Tests VM clone [sig-storage]with more complicated VM and no snapshot storage class should reject source with non snapshotable volume with VM source" classname="Tests Suite" time="0">
          <skipped></skipped>
      </testcase>
      <testcase name="[Serial]VirtualMachineClone Tests VM clone [sig-storage]with more complicated VM and no snapshot storage class should reject source with non snapshotable volume with snapshot source" classname="Tests Suite" time="0">
          <skipped></skipped>
      </testcase>
      <testcase name="[Serial]VirtualMachineClone Tests VM clone [sig-storage]with more complicated VM and snapshot storage class with a simple clone" classname="Tests Suite" time="0">
          <skipped></skipped>
      </testcase>
      <testcase name="[Serial]VirtualMachineClone Tests VM clone [sig-storage]with more complicated VM and snapshot storage class with instancetype and preferences should create new ControllerRevisions for cloned VM with a running VM" classname="Tests Suite" time="0">
          <skipped></skipped>
      </testcase>
      <testcase name="[Serial]VirtualMachineClone Tests VM clone [sig-storage]with more complicated VM and snapshot storage class with instancetype and preferences should create new ControllerRevisions for cloned VM with a stopped VM" classname="Tests Suite" time="0">
          <skipped></skipped>
      </testcase>
      <testcase name="[Serial]VirtualMachineClone Tests VM clone [sig-storage]with more complicated VM and snapshot storage class double cloning: clone target as a clone source" classname="Tests Suite" time="0">
          <skipped></skipped>
      </testcase>
      <testcase name="[Serial]VirtualMachineClone Tests VM clone [sig-storage]with more complicated VM and snapshot storage class with WaitForFirstConsumer binding mode should not delete the vmsnapshot and vmrestore until all the pvc(s) are bound" classname="Tests Suite" time="0">
          <skipped></skipped>
      </testcase>
      <testcase name="[sig-compute] virt-api scaling [Serial]virt-api replicas should be determined by patch if exist" classname="Tests Suite" time="0">
          <skipped></skipped>
      </testcase>
      <testcase name="[sig-network] [Serial] Istio with masquerade binding Virtual Machine with istio supported interface Live Migration All containers should complete in source virt-launcher pod after migration" classname="Tests Suite" time="7.199292052">
          <skipped></skipped>
      </testcase>
      <testcase name="[sig-network] [Serial] Istio with masquerade binding Virtual Machine with istio supported interface SSH traffic With VMI having explicit ports specified should ssh to VMI with Istio proxy" classname="Tests Suite" time="0">
          <skipped></skipped>
      </testcase>
      <testcase name="[sig-network] [Serial] Istio with masquerade binding Virtual Machine with istio supported interface SSH traffic With VMI having no explicit ports specified should ssh to VMI with Istio proxy" classname="Tests Suite" time="0">
          <skipped></skipped>
      </testcase>
      <testcase name="[sig-network] [Serial] Istio with masquerade binding Virtual Machine with istio supported interface Inbound traffic With VMI having explicit ports specified request to VMI should reach HTTP server on service declared port on VMI with explicit ports" classname="Tests Suite" time="0">
          <skipped></skipped>
      </testcase>
      <testcase name="[sig-network] [Serial] Istio with masquerade binding Virtual Machine with istio supported interface Inbound traffic With VMI having explicit ports specified request to VMI should reach HTTP server on service undeclared port on VMI with explicit ports" classname="Tests Suite" time="0">
          <skipped></skipped>
      </testcase>
      <testcase name="[sig-network] [Serial] Istio with masquerade binding Virtual Machine with istio supported interface Inbound traffic With VMI having no explicit ports specified request to VMI should reach HTTP server on service declared port on VMI with no explicit ports" classname="Tests Suite" time="0">
          <skipped></skipped>
      </testcase>
      <testcase name="[sig-network] [Serial] Istio with masquerade binding Virtual Machine with istio supported interface Inbound traffic With VMI having no explicit ports specified request to VMI should reach HTTP server on service undeclared port on VMI with no explicit ports" classname="Tests Suite" time="0">
          <skipped></skipped>
      </testcase>
      <testcase name="[sig-network] [Serial] Istio with masquerade binding Virtual Machine with istio supported interface Inbound traffic With VMI having no explicit ports specified Should not be able to reach service running on Istio restricted port" classname="Tests Suite" time="0">
          <skipped></skipped>
      </testcase>
      <testcase name="[sig-network] [Serial] Istio with masquerade binding Virtual Machine with istio supported interface Inbound traffic With PeerAuthentication enforcing mTLS With VMI having explicit ports specified client outside mesh should NOT reach VMI HTTP server on service declared port on VMI with explicit ports" classname="Tests Suite" time="0">
          <skipped></skipped>
      </testcase>
      <testcase name="[sig-network] [Serial] Istio with masquerade binding Virtual Machine with istio supported interface Inbound traffic With PeerAuthentication enforcing mTLS With VMI having explicit ports specified client outside mesh should NOT reach VMI HTTP server on service undeclared port on VMI with explicit ports" classname="Tests Suite" time="0">
          <skipped></skipped>
      </testcase>
      <testcase name="[sig-network] [Serial] Istio with masquerade binding Virtual Machine with istio supported interface Inbound traffic With PeerAuthentication enforcing mTLS With VMI having no explicit ports specified client outside mesh should NOT reach VMI HTTP server on service declared port on VMI with no explicit ports" classname="Tests Suite" time="0">
          <skipped></skipped>
      </testcase>
      <testcase name="[sig-network] [Serial] Istio with masquerade binding Virtual Machine with istio supported interface Inbound traffic With PeerAuthentication enforcing mTLS With VMI having no explicit ports specified client outside mesh should NOT reach VMI HTTP server on service undeclared port on VMI with no explicit ports" classname="Tests Suite" time="0">
          <skipped></skipped>
      </testcase>
      <testcase name="[sig-network] [Serial] Istio with masquerade binding Virtual Machine with istio supported interface Outbound traffic VMI with explicit ports Should be able to reach http server outside of mesh" classname="Tests Suite" time="0">
          <skipped></skipped>
      </testcase>
      <testcase name="[sig-network] [Serial] Istio with masquerade binding Virtual Machine with istio supported interface Outbound traffic VMI with no explicit ports Should be able to reach http server outside of mesh" classname="Tests Suite" time="0">
          <skipped></skipped>
      </testcase>
      <testcase name="[sig-network] [Serial] Istio with masquerade binding Virtual Machine with istio supported interface Outbound traffic With Sidecar allowing only registered external services VMI with explicit ports Should not be able to reach http service outside of mesh" classname="Tests Suite" time="0">
          <skipped></skipped>
      </testcase>
      <testcase name="[sig-network] [Serial] Istio with masquerade binding Virtual Machine with istio supported interface Outbound traffic With Sidecar allowing only registered external services VMI with no explicit ports Should not be able to reach http service outside of mesh" classname="Tests Suite" time="0">
          <skipped></skipped>
      </testcase>
      <testcase name="[Serial][sig-compute] virt-handler node restrictions via validatingAdmissionPolicy reject not allowed patches to node" classname="Tests Suite" time="0">
          <skipped></skipped>
      </testcase>
      <testcase name="[Serial][sig-compute] virt-handler node restrictions via validatingAdmissionPolicy allow kubevirt related patches to node" classname="Tests Suite" time="0">
          <skipped></skipped>
      </testcase>
      <testcase name="[Serial][sig-compute]SwapTest Migration to/from memory overcommitted nodes Postcopy Migration of vmi that is dirtying(stress-ng) more memory than the source node&#39;s memory" classname="Tests Suite" time="7.319427435">
          <skipped></skipped>
      </testcase>
      <testcase name="[Serial][sig-compute]SwapTest Migration to/from memory overcommitted nodes Migration of vmi to memory overcommited node" classname="Tests Suite" time="7.330805811">
          <skipped></skipped>
      </testcase>
      <testcase name="[sig-storage] VirtualMachineRestore Tests [storage-req] With a more complicated VM Should restore a vm with backend storage with offline snapshot" classname="Tests Suite" time="0">
          <skipped></skipped>
      </testcase>
      <testcase name="[sig-storage] VirtualMachineRestore Tests [storage-req] With a more complicated VM Should restore a vm with backend storage with online snapshot" classname="Tests Suite" time="0">
          <skipped></skipped>
      </testcase>
      <testcase name="[Serial][sig-compute]Infrastructure [rfe_id:4126][crit:medium][vendor:cnv-qe@redhat.com][level:component]Taints and toleration CriticalAddonsOnly taint set on a node [test_id:4134] kubevirt components on that node should not evict" classname="Tests Suite" time="0">
          <skipped></skipped>
      </testcase>
      <testcase name="[sig-compute]Configurations VirtualMachineInstance definition [Serial][rfe_id:2065][crit:medium][vendor:cnv-qe@redhat.com][level:component]with 3 CPU cores [test_id:1659]should report 3 cpu cores under guest OS" classname="Tests Suite" time="0">
          <skipped></skipped>
      </testcase>
      <testcase name="[sig-compute]Configurations VirtualMachineInstance definition [Serial][rfe_id:2065][crit:medium][vendor:cnv-qe@redhat.com][level:component]with 3 CPU cores [test_id:4624]should set a correct memory units" classname="Tests Suite" time="0">
          <skipped></skipped>
      </testcase>
      <testcase name="[sig-compute]Configurations VirtualMachineInstance definition [Serial][rfe_id:2065][crit:medium][vendor:cnv-qe@redhat.com][level:component]with 3 CPU cores [test_id:1660]should report 3 sockets under guest OS" classname="Tests Suite" time="0">
          <skipped></skipped>
      </testcase>
      <testcase name="[sig-compute]Configurations VirtualMachineInstance definition [Serial][rfe_id:2065][crit:medium][vendor:cnv-qe@redhat.com][level:component]with 3 CPU cores [test_id:1661]should report 2 sockets from spec.domain.resources.requests under guest OS " classname="Tests Suite" time="0">
          <skipped></skipped>
      </testcase>
      <testcase name="[sig-compute]Configurations VirtualMachineInstance definition [Serial][rfe_id:2065][crit:medium][vendor:cnv-qe@redhat.com][level:component]with 3 CPU cores [test_id:1662]should report 2 sockets from spec.domain.resources.limits under guest OS " classname="Tests Suite" time="0">
          <skipped></skipped>
      </testcase>
      <testcase name="[sig-compute]Configurations VirtualMachineInstance definition [Serial][rfe_id:2065][crit:medium][vendor:cnv-qe@redhat.com][level:component]with 3 CPU cores [test_id:1663]should report 4 vCPUs under guest OS" classname="Tests Suite" time="0">
          <skipped></skipped>
      </testcase>
      <testcase name="[sig-compute]Configurations VirtualMachineInstance definition [Serial][rfe_id:2065][crit:medium][vendor:cnv-qe@redhat.com][level:component]with 3 CPU cores [Serial][test_id:1664]should map cores to virtio block queues" classname="Tests Suite" time="0">
          <skipped></skipped>
      </testcase>
      <testcase name="[sig-compute]Configurations VirtualMachineInstance definition [Serial][rfe_id:2065][crit:medium][vendor:cnv-qe@redhat.com][level:component]with 3 CPU cores [test_id:1665]should map cores to virtio net queues" classname="Tests Suite" time="0">
          <skipped></skipped>
      </testcase>
      <testcase name="[sig-compute]Configurations VirtualMachineInstance definition [Serial][rfe_id:2065][crit:medium][vendor:cnv-qe@redhat.com][level:component]with 3 CPU cores [test_id:1667]should not enforce explicitly rejected virtio block queues without cores" classname="Tests Suite" time="0">
          <skipped></skipped>
      </testcase>
      <testcase name="[sig-compute]Configurations VirtualMachineInstance definition [Serial][rfe_id:609][crit:medium][vendor:cnv-qe@redhat.com][level:component]with cluster memory overcommit being applied [test_id:3114]should set requested amount of memory according to the specified virtual memory" classname="Tests Suite" time="0">
          <skipped></skipped>
      </testcase>
      <testcase name="[sig-compute]Configurations VirtualMachineInstance definition [rfe_id:2262][crit:medium][vendor:cnv-qe@redhat.com][level:component]with EFI bootloader method [Serial][test_id:1668]should use EFI without secure boot" classname="Tests Suite" time="0">
          <skipped></skipped>
      </testcase>
      <testcase name="[sig-compute]Configurations VirtualMachineInstance definition [rfe_id:2262][crit:medium][vendor:cnv-qe@redhat.com][level:component]with EFI bootloader method [Serial][test_id:4437]should enable EFI secure boot" classname="Tests Suite" time="0">
          <skipped></skipped>
      </testcase>
      <testcase name="[sig-compute]Configurations VirtualMachineInstance definition [rfe_id:140][crit:medium][vendor:cnv-qe@redhat.com][level:component]with hugepages should consume hugepages  [Serial][test_id:1671]hugepages-2Mi" classname="Tests Suite" time="0">
          <skipped></skipped>
      </testcase>
      <testcase name="[sig-compute]Configurations VirtualMachineInstance definition [rfe_id:140][crit:medium][vendor:cnv-qe@redhat.com][level:component]with hugepages should consume hugepages  [Serial][test_id:1672]hugepages-1Gi" classname="Tests Suite" time="0">
          <skipped></skipped>
      </testcase>
      <testcase name="[sig-compute]Configurations VirtualMachineInstance definition [rfe_id:140][crit:medium][vendor:cnv-qe@redhat.com][level:component]with hugepages should consume hugepages  [Serial][test_id:1672]hugepages-2Mi with guest memory set explicitly" classname="Tests Suite" time="0">
          <skipped></skipped>
      </testcase>
      <testcase name="[sig-compute]Configurations VirtualMachineInstance definition [rfe_id:140][crit:medium][vendor:cnv-qe@redhat.com][level:component]with guestAgent [Serial]with cluster config changes [test_id:5267]VMI condition should signal unsupported agent presence" classname="Tests Suite" time="0">
          <skipped></skipped>
      </testcase>
      <testcase name="[sig-compute]Configurations VirtualMachineInstance definition [rfe_id:140][crit:medium][vendor:cnv-qe@redhat.com][level:component]with guestAgent [Serial]with cluster config changes [test_id:6958]VMI condition should not signal unsupported agent presence for optional commands" classname="Tests Suite" time="0">
          <skipped></skipped>
      </testcase>
      <testcase name="[sig-compute]Configurations VirtualMachineInstance definition [Serial]using defaultRuntimeClass configuration should apply runtimeClassName to pod when set" classname="Tests Suite" time="0">
          <skipped></skipped>
      </testcase>
      <testcase name="[sig-compute]Configurations VirtualMachineInstance definition [Serial]with geust-to-request memory  should add guest-to-memory headroom" classname="Tests Suite" time="0">
          <skipped></skipped>
      </testcase>
      <testcase name="[sig-compute]Configurations [Serial][rfe_id:2869][crit:medium][vendor:cnv-qe@redhat.com][level:component]with machine type settings [test_id:3124]should set machine type from VMI spec" classname="Tests Suite" time="0">
          <skipped></skipped>
      </testcase>
      <testcase name="[sig-compute]Configurations [Serial][rfe_id:2869][crit:medium][vendor:cnv-qe@redhat.com][level:component]with machine type settings [test_id:3125]should allow creating VM without Machine defined" classname="Tests Suite" time="0">
          <skipped></skipped>
      </testcase>
      <testcase name="[sig-compute]Configurations [Serial][rfe_id:2869][crit:medium][vendor:cnv-qe@redhat.com][level:component]with machine type settings [test_id:6964]should allow creating VM defined with Machine with an empty Type" classname="Tests Suite" time="0">
          <skipped></skipped>
      </testcase>
      <testcase name="[sig-compute]Configurations [Serial][rfe_id:2869][crit:medium][vendor:cnv-qe@redhat.com][level:component]with machine type settings [Serial][test_id:3126]should set machine type from kubevirt-config" classname="Tests Suite" time="0">
          <skipped></skipped>
      </testcase>
      <testcase name="[sig-compute]Configurations [rfe_id:140][crit:medium][vendor:cnv-qe@redhat.com][level:component]with CPU request settings [Serial][test_id:3129]should set CPU request from kubevirt-config" classname="Tests Suite" time="0">
          <skipped></skipped>
      </testcase>
      <testcase name="[sig-compute]Configurations [Serial]with automatic CPU limit configured in the CR should not set a CPU limit if the namespace doesn&#39;t match the selector" classname="Tests Suite" time="0">
          <skipped></skipped>
      </testcase>
      <testcase name="[sig-compute]Configurations [Serial]with automatic CPU limit configured in the CR should set a CPU limit if the namespace matches the selector" classname="Tests Suite" time="0">
          <skipped></skipped>
      </testcase>
      <testcase name="[sig-compute]Configurations [rfe_id:897][crit:medium][arm64][vendor:cnv-qe@redhat.com][level:component]VirtualMachineInstance with CPU pinning [Serial]with cpu pinning enabled [test_id:1684]should set the cpumanager label to false when it&#39;s not running" classname="Tests Suite" time="0">
          <skipped></skipped>
      </testcase>
      <testcase name="[sig-compute]Configurations [rfe_id:897][crit:medium][arm64][vendor:cnv-qe@redhat.com][level:component]VirtualMachineInstance with CPU pinning [Serial]with cpu pinning enabled [test_id:1685]non master node should have a cpumanager label" classname="Tests Suite" time="0">
          <skipped></skipped>
      </testcase>
      <testcase name="[sig-compute]Configurations [rfe_id:897][crit:medium][arm64][vendor:cnv-qe@redhat.com][level:component]VirtualMachineInstance with CPU pinning [Serial]with cpu pinning enabled [test_id:991]should be scheduled on a node with running cpu manager" classname="Tests Suite" time="0">
          <skipped></skipped>
      </testcase>
      <testcase name="[sig-compute]Configurations [rfe_id:897][crit:medium][arm64][vendor:cnv-qe@redhat.com][level:component]VirtualMachineInstance with CPU pinning [Serial]with cpu pinning enabled [test_id:4632]should be able to start a vm with guest memory different from requested and keep guaranteed qos" classname="Tests Suite" time="0">
          <skipped></skipped>
      </testcase>
      <testcase name="[sig-compute]Configurations [rfe_id:897][crit:medium][arm64][vendor:cnv-qe@redhat.com][level:component]VirtualMachineInstance with CPU pinning [Serial]with cpu pinning enabled [test_id:4023]should start a vmi with dedicated cpus and isolated emulator thread  with explicit resources set" classname="Tests Suite" time="0">
          <skipped></skipped>
      </testcase>
      <testcase name="[sig-compute]Configurations [rfe_id:897][crit:medium][arm64][vendor:cnv-qe@redhat.com][level:component]VirtualMachineInstance with CPU pinning [Serial]with cpu pinning enabled [test_id:4023]should start a vmi with dedicated cpus and isolated emulator thread without resource requirements set" classname="Tests Suite" time="0">
          <skipped></skipped>
      </testcase>
      <testcase name="[sig-compute]Configurations [rfe_id:897][crit:medium][arm64][vendor:cnv-qe@redhat.com][level:component]VirtualMachineInstance with CPU pinning [Serial]with cpu pinning enabled [test_id:4024]should fail the vmi creation if IsolateEmulatorThread requested without dedicated cpus" classname="Tests Suite" time="0">
          <skipped></skipped>
      </testcase>
      <testcase name="[sig-compute]Configurations [rfe_id:897][crit:medium][arm64][vendor:cnv-qe@redhat.com][level:component]VirtualMachineInstance with CPU pinning [Serial]with cpu pinning enabled [test_id:802]should configure correct number of vcpus with requests.cpus" classname="Tests Suite" time="0">
          <skipped></skipped>
      </testcase>
      <testcase name="[sig-compute]Configurations [rfe_id:897][crit:medium][arm64][vendor:cnv-qe@redhat.com][level:component]VirtualMachineInstance with CPU pinning [Serial]with cpu pinning enabled [test_id:1688]should fail the vmi creation if the requested resources are inconsistent" classname="Tests Suite" time="0">
          <skipped></skipped>
      </testcase>
      <testcase name="[sig-compute]Configurations [rfe_id:897][crit:medium][arm64][vendor:cnv-qe@redhat.com][level:component]VirtualMachineInstance with CPU pinning [Serial]with cpu pinning enabled [test_id:1689]should fail the vmi creation if cpu is not an integer" classname="Tests Suite" time="0">
          <skipped></skipped>
      </testcase>
      <testcase name="[sig-compute]Configurations [rfe_id:897][crit:medium][arm64][vendor:cnv-qe@redhat.com][level:component]VirtualMachineInstance with CPU pinning [Serial]with cpu pinning enabled [test_id:1690]should fail the vmi creation if Guaranteed QOS cannot be set" classname="Tests Suite" time="0">
          <skipped></skipped>
      </testcase>
      <testcase name="[sig-compute]Configurations [rfe_id:897][crit:medium][arm64][vendor:cnv-qe@redhat.com][level:component]VirtualMachineInstance with CPU pinning [Serial]with cpu pinning enabled [test_id:830]should start a vm with no cpu pinning after a vm with cpu pinning on same node" classname="Tests Suite" time="0">
          <skipped></skipped>
      </testcase>
      <testcase name="[sig-compute]Configurations [rfe_id:897][crit:medium][arm64][vendor:cnv-qe@redhat.com][level:component]VirtualMachineInstance with CPU pinning [Serial]cpu pinning with fedora images, dedicated and non dedicated cpu should be possible on same node via spec.domain.cpu.cores [test_id:829]should start a vm with no cpu pinning after a vm with cpu pinning on same node" classname="Tests Suite" time="0">
          <skipped></skipped>
      </testcase>
      <testcase name="[sig-compute]Configurations [rfe_id:897][crit:medium][arm64][vendor:cnv-qe@redhat.com][level:component]VirtualMachineInstance with CPU pinning [Serial]cpu pinning with fedora images, dedicated and non dedicated cpu should be possible on same node via spec.domain.cpu.cores [test_id:832]should start a vm with cpu pinning after a vm with no cpu pinning on same node" classname="Tests Suite" time="0">
          <skipped></skipped>
      </testcase>
      <testcase name="[sig-compute]Configurations [rfe_id:2926][crit:medium][vendor:cnv-qe@redhat.com][level:component]Check Chassis value [Serial][test_id:2927]Test Chassis value in a newly created VM" classname="Tests Suite" time="0">
          <skipped></skipped>
      </testcase>
      <testcase name="[sig-compute]Configurations [Serial][rfe_id:2926][crit:medium][vendor:cnv-qe@redhat.com][level:component]Check SMBios with default and custom values [test_id:2751]test default SMBios" classname="Tests Suite" time="0">
          <skipped></skipped>
      </testcase>
      <testcase name="[sig-compute]Configurations [Serial][rfe_id:2926][crit:medium][vendor:cnv-qe@redhat.com][level:component]Check SMBios with default and custom values [test_id:2752]test custom SMBios values" classname="Tests Suite" time="0">
          <skipped></skipped>
      </testcase>
      <testcase name="[sig-compute]Configurations Custom PCI Addresses configuration should configure custom pci address [Serial][test_id:5269]across all available PCI root bus slots" classname="Tests Suite" time="0">
          <skipped></skipped>
      </testcase>
      <testcase name="[Serial][sig-monitoring]Component Monitoring Up metrics VirtOperatorDown and NoReadyVirtOperator should be triggered when virt-operator is down" classname="Tests Suite" time="0">
          <skipped></skipped>
      </testcase>
      <testcase name="[Serial][sig-monitoring]Component Monitoring Up metrics LowVirtOperatorCount should be triggered when virt-operator count is low" classname="Tests Suite" time="0">
          <skipped></skipped>
      </testcase>
      <testcase name="[Serial][sig-monitoring]Component Monitoring Up metrics VirtControllerDown and NoReadyVirtController should be triggered when virt-controller is down" classname="Tests Suite" time="0">
          <skipped></skipped>
      </testcase>
      <testcase name="[Serial][sig-monitoring]Component Monitoring Up metrics LowVirtControllersCount should be triggered when virt-controller count is low" classname="Tests Suite" time="0">
          <skipped></skipped>
      </testcase>
      <testcase name="[Serial][sig-monitoring]Component Monitoring Up metrics VirtApiDown should be triggered when virt-api is down" classname="Tests Suite" time="0">
          <skipped></skipped>
      </testcase>
      <testcase name="[Serial][sig-monitoring]Component Monitoring Up metrics LowVirtAPICount should be triggered when virt-api count is low" classname="Tests Suite" time="0">
          <skipped></skipped>
      </testcase>
      <testcase name="[Serial][sig-monitoring]Component Monitoring Errors metrics VirtApiRESTErrorsBurst and VirtApiRESTErrorsHigh should be triggered when requests to virt-api are failing" classname="Tests Suite" time="0">
          <skipped></skipped>
      </testcase>
      <testcase name="[Serial][sig-monitoring]Component Monitoring Errors metrics VirtOperatorRESTErrorsBurst and VirtOperatorRESTErrorsHigh should be triggered when requests to virt-operator are failing" classname="Tests Suite" time="0">
          <skipped></skipped>
      </testcase>
      <testcase name="[Serial][sig-monitoring]Component Monitoring Errors metrics VirtControllerRESTErrorsBurst and VirtControllerRESTErrorsHigh should be triggered when requests to virt-controller are failing" classname="Tests Suite" time="0">
          <skipped></skipped>
      </testcase>
      <testcase name="[Serial][sig-monitoring]Component Monitoring Errors metrics VirtHandlerRESTErrorsBurst and VirtHandlerRESTErrorsHigh should be triggered when requests to virt-handler are failing" classname="Tests Suite" time="0">
          <skipped></skipped>
      </testcase>
      <testcase name="[sig-compute]Dry-Run requests KubeVirt CR [Serial][test_id:7648]delete a KubeVirt CR" classname="Tests Suite" time="0">
          <skipped></skipped>
      </testcase>
      <testcase name="[sig-network] [Serial] VirtualMachineInstance with passt network binding plugin should apply the interface configuration" classname="Tests Suite" time="0">
          <skipped></skipped>
      </testcase>
      <testcase name="[sig-network] [Serial] VirtualMachineInstance with passt network binding plugin should allow regular network connection should have client server connectivity TCP Client server connectivity with a specific port number [IPv4]" classname="Tests Suite" time="0">
          <skipped></skipped>
      </testcase>
      <testcase name="[sig-network] [Serial] VirtualMachineInstance with passt network binding plugin should allow regular network connection should have client server connectivity TCP Client server connectivity with a specific lower port number [IPv4]" classname="Tests Suite" time="0">
          <skipped></skipped>
      </testcase>
      <testcase name="[sig-network] [Serial] VirtualMachineInstance with passt network binding plugin should allow regular network connection should have client server connectivity TCP Client server connectivity without a specific port number [IPv4]" classname="Tests Suite" time="0">
          <skipped></skipped>
      </testcase>
      <testcase name="[sig-network] [Serial] VirtualMachineInstance with passt network binding plugin should allow regular network connection should have client server connectivity TCP Client server connectivity with a specific port number [IPv6]" classname="Tests Suite" time="0">
          <skipped></skipped>
      </testcase>
      <testcase name="[sig-network] [Serial] VirtualMachineInstance with passt network binding plugin should allow regular network connection should have client server connectivity TCP Client server connectivity without a specific port number [IPv6]" classname="Tests Suite" time="0">
          <skipped></skipped>
      </testcase>
      <testcase name="[sig-network] [Serial] VirtualMachineInstance with passt network binding plugin should allow regular network connection should have client server connectivity UDP Client server connectivity [IPv4]" classname="Tests Suite" time="0">
          <skipped></skipped>
      </testcase>
      <testcase name="[sig-network] [Serial] VirtualMachineInstance with passt network binding plugin should allow regular network connection should have client server connectivity UDP Client server connectivity [IPv6]" classname="Tests Suite" time="0">
          <skipped></skipped>
      </testcase>
      <testcase name="[sig-network] [Serial] VirtualMachineInstance with passt network binding plugin should allow regular network connection [outside_connectivity]should be able to reach the outside world [IPv4]" classname="Tests Suite" time="0">
          <skipped></skipped>
      </testcase>
      <testcase name="[sig-network] [Serial] VirtualMachineInstance with passt network binding plugin should allow regular network connection [outside_connectivity]should be able to reach the outside world [IPv6]" classname="Tests Suite" time="0">
          <skipped></skipped>
      </testcase>
      <testcase name="[sig-network] [Serial] VirtualMachineInstance with passt network binding plugin should allow regular network connection Connectivity should be preserved after migration [IPv4]" classname="Tests Suite" time="0">
          <skipped></skipped>
      </testcase>
      <testcase name="[sig-network] [Serial] VirtualMachineInstance with passt network binding plugin should allow regular network connection Connectivity should be preserved after migration [IPv6]" classname="Tests Suite" time="0">
          <skipped></skipped>
      </testcase>
      <testcase name="[Serial]SRIOV VMI connected to single SRIOV network should have cloud-init meta_data with aligned cpus to sriov interface numa node for VMIs with dedicatedCPUs" classname="Tests Suite" time="0">
          <skipped></skipped>
      </testcase>
      <testcase name="[Serial]SRIOV VMI connected to single SRIOV network should have cloud-init meta_data with tagged sriov nics" classname="Tests Suite" time="0">
          <skipped></skipped>
      </testcase>
      <testcase name="[Serial]SRIOV VMI connected to single SRIOV network [test_id:1754]should create a virtual machine with sriov interface" classname="Tests Suite" time="0">
          <skipped></skipped>
      </testcase>
      <testcase name="[Serial]SRIOV VMI connected to single SRIOV network [test_id:1754]should create a virtual machine with sriov interface with all pci devices on the root bus" classname="Tests Suite" time="0">
          <skipped></skipped>
      </testcase>
      <testcase name="[Serial]SRIOV VMI connected to single SRIOV network [test_id:3959]should create a virtual machine with sriov interface and dedicatedCPUs" classname="Tests Suite" time="0">
          <skipped></skipped>
      </testcase>
      <testcase name="[Serial]SRIOV VMI connected to single SRIOV network [test_id:3985]should create a virtual machine with sriov interface with custom MAC address" classname="Tests Suite" time="0">
          <skipped></skipped>
      </testcase>
      <testcase name="[Serial]SRIOV VMI connected to single SRIOV network migration should be successful with a running VMI on the target" classname="Tests Suite" time="0">
          <skipped></skipped>
      </testcase>
      <testcase name="[Serial]SRIOV VMI connected to two SRIOV networks [test_id:1755]should create a virtual machine with two sriov interfaces referring the same resource" classname="Tests Suite" time="0">
          <skipped></skipped>
      </testcase>
      <testcase name="[Serial]SRIOV Connected to multiple SRIOV networks should correctly plug all the interfaces based on the specified MAC and (guest) PCI addresses" classname="Tests Suite" time="0">
          <skipped></skipped>
      </testcase>
      <testcase name="[Serial]SRIOV VMI connected to link-enabled SRIOV network [test_id:3956]should connect to another machine with sriov interface over IP" classname="Tests Suite" time="0">
          <skipped></skipped>
      </testcase>
      <testcase name="[Serial]SRIOV VMI connected to link-enabled SRIOV network With VLAN should be able to ping between two VMIs with the same VLAN over SRIOV network" classname="Tests Suite" time="0">
          <skipped></skipped>
      </testcase>
      <testcase name="[Serial]SRIOV VMI connected to link-enabled SRIOV network With VLAN should NOT be able to ping between Vlaned VMI and a non Vlaned VMI" classname="Tests Suite" time="0">
          <skipped></skipped>
      </testcase>
      <testcase name="[Serial][sig-compute]SecurityFeatures Check virt-launcher securityContext With selinuxLauncherType as container_t [test_id:2953]Ensure virt-launcher pod securityContext type is correctly set" classname="Tests Suite" time="0">
          <skipped></skipped>
      </testcase>
      <testcase name="[Serial][sig-compute]SecurityFeatures Check virt-launcher securityContext With selinuxLauncherType as container_t [test_id:2895]Make sure the virt-launcher pod is not priviledged" classname="Tests Suite" time="0">
          <skipped></skipped>
      </testcase>
      <testcase name="[Serial][sig-compute]SecurityFeatures Check virt-launcher securityContext With selinuxLauncherType as container_t [test_id:4297]Make sure qemu processes are MCS constrained" classname="Tests Suite" time="0">
          <skipped></skipped>
      </testcase>
      <testcase name="[Serial][sig-compute]SecurityFeatures Check virt-launcher securityContext With selinuxLauncherType defined as spc_t [test_id:3787]Should honor custom SELinux type for virt-launcher" classname="Tests Suite" time="0">
          <skipped></skipped>
      </testcase>
      <testcase name="[Serial][sig-compute]SecurityFeatures Check virt-launcher securityContext With selinuxLauncherType defined as virt_launcher.process [test_id:4298]qemu process type is virt_launcher.process, when selinuxLauncherType is virt_launcher.process" classname="Tests Suite" time="0">
          <skipped></skipped>
      </testcase>
      <testcase name="[Serial][sig-compute]SecurityFeatures Check virt-launcher capabilities [test_id:4300]has precisely the documented extra capabilities relative to a regular user pod" classname="Tests Suite" time="0">
          <skipped></skipped>
      </testcase>
      <testcase name="[Serial][sig-compute]SecurityFeatures Disabling the custom SELinux policy Should prevent virt-handler from installing the custom policy" classname="Tests Suite" time="0">
          <skipped></skipped>
      </testcase>
      <testcase name="[Serial][sig-compute]SecurityFeatures The VMI SELinux context status Should get set and stay the the same after a migration" classname="Tests Suite" time="0">
          <skipped></skipped>
      </testcase>
      <testcase name="[sig-compute][Serial]CPU Hotplug with requests without topology should be able to start" classname="Tests Suite" time="32.595712066"></testcase>
      <testcase name="[sig-compute][Serial]CPU Hotplug with Kubevirt CR declaring MaxCpuSockets should be able to start" classname="Tests Suite" time="32.119324029"></testcase>
      <testcase name="[sig-compute][Serial]CPU Hotplug A VM with cpu.maxSockets set higher than cpu.sockets [test_id:10811]should successfully plug vCPUs" classname="Tests Suite" time="70.263251138"></testcase>
      <testcase name="[sig-compute][Serial]CPU Hotplug A VM with cpu.maxSockets set higher than cpu.sockets [test_id:10822]should successfully plug guaranteed vCPUs" classname="Tests Suite" time="85.592143766"></testcase>
      <testcase name="[sig-compute][Serial]CPU Hotplug Abort CPU change should cancel the automated workload update" classname="Tests Suite" time="50.24107848"></testcase>
      <testcase name="[sig-compute]virt-handler [Serial] multiple HTTP calls should re-use connections and not grow the number of open connections" classname="Tests Suite" time="0">
          <skipped></skipped>
      </testcase>
      <testcase name="[sig-network] [Serial]network binding plugin with CNI and Sidecar can be used by a VMI as its primary network" classname="Tests Suite" time="0">
          <skipped></skipped>
      </testcase>
      <testcase name="[sig-network] [Serial]network binding plugin with domain attachment tap type can run a virtual machine with one macvtap interface" classname="Tests Suite" time="0">
          <skipped></skipped>
      </testcase>
      <testcase name="[sig-network] [Serial]network binding plugin with domain attachment managedTap type can run a virtual machine with one primary managed-tap interface" classname="Tests Suite" time="0">
          <skipped></skipped>
      </testcase>
      <testcase name="[sig-network] [Serial]network binding plugin with domain attachment managedTap type can establish communication between two VMs" classname="Tests Suite" time="0">
          <skipped></skipped>
      </testcase>
      <testcase name="[Serial][sig-compute]Infrastructure Node Restriction Should disallow to modify VMs on different node" classname="Tests Suite" time="0">
          <skipped></skipped>
      </testcase>
      <testcase name="[sig-compute]VM Affinity Updating VMs node affinity [test_id:11208]should successfully update node selector" classname="Tests Suite" time="51.977140113"></testcase>
      <testcase name="[sig-compute]VM Affinity Updating VMs node affinity [test_id:11209]should successfully update node affinity" classname="Tests Suite" time="51.945026336"></testcase>
      <testcase name="[sig-compute]VSOCK VM creation should expose a VSOCK device Use virtio transitional" classname="Tests Suite" time="0">
          <skipped></skipped>
      </testcase>
      <testcase name="[sig-compute]VSOCK VM creation should expose a VSOCK device Use virtio non-transitional" classname="Tests Suite" time="0">
          <skipped></skipped>
      </testcase>
      <testcase name="[sig-compute]VSOCK Live migration should retain the CID for migration target" classname="Tests Suite" time="0">
          <skipped></skipped>
      </testcase>
      <testcase name="[sig-compute]VSOCK communicating with VMI via VSOCK should succeed with TLS on both sides" classname="Tests Suite" time="0">
          <skipped></skipped>
      </testcase>
      <testcase name="[sig-compute]VSOCK communicating with VMI via VSOCK should succeed without TLS on both sides" classname="Tests Suite" time="0">
          <skipped></skipped>
      </testcase>
      <testcase name="[sig-compute]VSOCK should return err if the port is invalid" classname="Tests Suite" time="0">
          <skipped></skipped>
      </testcase>
      <testcase name="[sig-compute]VSOCK should return err if no app listerns on the port" classname="Tests Suite" time="0">
          <skipped></skipped>
      </testcase>
      <testcase name="[sig-network] [Serial] SRIOV nic-hotplug a running VM can hotplug a network interface" classname="Tests Suite" time="0">
          <skipped></skipped>
      </testcase>
      <testcase name="[sig-compute-realtime][Serial]Realtime should start the realtime VM when no mask is specified" classname="Tests Suite" time="0">
          <skipped></skipped>
      </testcase>
      <testcase name="[sig-compute-realtime][Serial]Realtime should start the realtime VM when realtime mask is specified" classname="Tests Suite" time="0">
          <skipped></skipped>
      </testcase>
      <testcase name="[sig-performance]Control Plane Performance Density Testing using kwok kwok density tests create a batch of fake VMIs should sucessfully create all fake VMIs" classname="Tests Suite" time="0">
          <skipped></skipped>
      </testcase>
      <testcase name="[sig-performance]Control Plane Performance Density Testing using kwok kwok density tests create a batch of fake VMs should sucessfully create all fake VMs" classname="Tests Suite" time="0">
          <skipped></skipped>
      </testcase>
      <testcase name="[Serial][sig-monitoring]Monitoring Kubevirt alert rules [test_id:8821]should have all the required annotations" classname="Tests Suite" time="0">
          <skipped></skipped>
      </testcase>
      <testcase name="[Serial][sig-monitoring]Monitoring Kubevirt alert rules [test_id:8822]should have all the required labels" classname="Tests Suite" time="0">
          <skipped></skipped>
      </testcase>
      <testcase name="[Serial][sig-monitoring]Monitoring Migration Alerts KubeVirtVMIExcessiveMigrations should be triggered when a VMI has been migrated more than 12 times during the last 24 hours" classname="Tests Suite" time="0">
          <skipped></skipped>
      </testcase>
      <testcase name="[Serial][sig-monitoring]Monitoring System Alerts KubeVirtNoAvailableNodesToRunVMs should be triggered when there are no available nodes in the cluster to run VMs" classname="Tests Suite" time="0">
          <skipped></skipped>
      </testcase>
      <testcase name="[Serial][sig-monitoring]Monitoring Deprecation Alerts KubeVirtDeprecatedAPIRequested should be triggered when a deprecated API is requested" classname="Tests Suite" time="7.169674432">
          <skipped></skipped>
      </testcase>
      <testcase name="[sig-compute][Serial]Instance Type and Preference Hotplug should plug extra resources from new instance type with maxGuest and maxSockets defined" classname="Tests Suite" time="75.605999178"></testcase>
      <testcase name="[sig-compute][Serial]Instance Type and Preference Hotplug should plug extra resources from new instance type without maxGuest and maxSockets defined" classname="Tests Suite" time="75.278515025"></testcase>
      <testcase name="[Serial][Sysprep][sig-compute]Syspreped VirtualMachineInstance [ref_id:5105]should create the Admin user as specified in the Autounattend.xml [test_id:5843]Should run echo command on machine using the credentials specified in the Autounattend.xml file" classname="Tests Suite" time="0">
          <skipped></skipped>
      </testcase>
      <testcase name="[sig-network] Slirp VMI with SLIRP interface, custom mac and port is configured correctly" classname="Tests Suite" time="0">
          <skipped></skipped>
      </testcase>
      <testcase name="[rfe_id:588][crit:medium][vendor:cnv-qe@redhat.com][level:component][sig-compute]ContainerDisk [rfe_id:273][crit:medium][vendor:cnv-qe@redhat.com][level:component]Starting a VirtualMachineInstance [Serial]should obey the disk verification limits in the KubeVirt CR [test_id:7182]disk verification should fail when the memory limit is too low" classname="Tests Suite" time="0">
          <skipped></skipped>
      </testcase>
      <testcase name="[Serial][sig-compute]Infrastructure cluster profiler for pprof data aggregation when ClusterProfiler feature gate is disabled it should prevent subresource access" classname="Tests Suite" time="0">
          <skipped></skipped>
      </testcase>
      <testcase name="[Serial][sig-compute]Infrastructure cluster profiler for pprof data aggregation when ClusterProfiler feature gate is enabled it should allow subresource access" classname="Tests Suite" time="0">
          <skipped></skipped>
      </testcase>
      <testcase name="[sig-storage] [Serial]Volumes update with migration Update volumes with the migration updateVolumesStrategy should migrate the source volume from a source DV to a destination PVC to a filesystem volume" classname="Tests Suite" time="0">
          <skipped></skipped>
      </testcase>
      <testcase name="[sig-storage] [Serial]Volumes update with migration Update volumes with the migration updateVolumesStrategy should migrate the source volume from a source DV to a destination PVC to a block volume" classname="Tests Suite" time="0">
          <skipped></skipped>
      </testcase>
      <testcase name="[sig-storage] [Serial]Volumes update with migration Update volumes with the migration updateVolumesStrategy should migrate the source volume from a source DV to a destination DV" classname="Tests Suite" time="0">
          <skipped></skipped>
      </testcase>
      <testcase name="[sig-storage] [Serial]Volumes update with migration Update volumes with the migration updateVolumesStrategy should migrate the source volume from a source and destination block RWX DVs" classname="Tests Suite" time="0">
          <skipped></skipped>
      </testcase>
      <testcase name="[sig-storage] [Serial]Volumes update with migration Update volumes with the migration updateVolumesStrategy should migrate the source volume from a block source and filesystem destination DVs" classname="Tests Suite" time="0">
          <skipped></skipped>
      </testcase>
      <testcase name="[sig-storage] [Serial]Volumes update with migration Update volumes with the migration updateVolumesStrategy should migrate a PVC with a VM using a containerdisk" classname="Tests Suite" time="0">
          <skipped></skipped>
      </testcase>
      <testcase name="[sig-storage] [Serial]Volumes update with migration Update volumes with the migration updateVolumesStrategy should cancel the migration by the reverting to the source volume" classname="Tests Suite" time="0">
          <skipped></skipped>
      </testcase>
      <testcase name="[sig-storage] [Serial]Volumes update with migration Update volumes with the migration updateVolumesStrategy should fail to migrate when the destination image is smaller" classname="Tests Suite" time="0">
          <skipped></skipped>
      </testcase>
      <testcase name="[sig-storage] [Serial]Volumes update with migration Update volumes with the migration updateVolumesStrategy should set the restart condition since the second volume is RWO and not part of the migration" classname="Tests Suite" time="0">
          <skipped></skipped>
      </testcase>
      <testcase name="[sig-storage] [Serial]Volumes update with migration Update volumes with the migration updateVolumesStrategy should refuse to restart the VM and set the ManualRecoveryRequired at VM shutdown" classname="Tests Suite" time="0">
          <skipped></skipped>
      </testcase>
      <testcase name="[sig-storage] [Serial]Volumes update with migration Update volumes with the migration updateVolumesStrategy should cancel the migration and clear the volume migration state" classname="Tests Suite" time="0">
          <skipped></skipped>
      </testcase>
      <testcase name="[sig-storage] [Serial]Volumes update with migration Update volumes with the migration updateVolumesStrategy should be able to recover from an interuppted volume migration when the copy of the destination volumes was successful" classname="Tests Suite" time="0">
          <skipped></skipped>
      </testcase>
      <testcase name="[sig-storage] [Serial]Volumes update with migration Hotplug volumes should be able to add and remove a volume with the volume migration feature gate enabled with a persistent volume" classname="Tests Suite" time="0">
          <skipped></skipped>
      </testcase>
      <testcase name="[sig-storage] [Serial]Volumes update with migration Hotplug volumes should be able to add and remove a volume with the volume migration feature gate enabled with an ephemeral volume" classname="Tests Suite" time="0">
          <skipped></skipped>
      </testcase>
      <testcase name="[sig-storage] [Serial]Volumes update with migration Hotplug volumes should be able to migrate an hotplugged volume" classname="Tests Suite" time="0">
          <skipped></skipped>
      </testcase>
      <testcase name="[sig-storage] Hotplug Offline VM with a block volume [Serial]Should preserve access to block devices if virt-handler crashes" classname="Tests Suite" time="0">
          <skipped></skipped>
      </testcase>
      <testcase name="[sig-storage] Hotplug [storage-req] Online VM Should be able to add and remove and re-add multiple volumes [Serial] with VMs and block" classname="Tests Suite" time="0">
          <skipped></skipped>
      </testcase>
      <testcase name="[sig-storage] Hotplug [storage-req] disk mutating sidecar should be able to add and remove volumes [Serial] with Block DataVolume immediate attach" classname="Tests Suite" time="0">
          <skipped></skipped>
      </testcase>
      <testcase name="[sig-storage] Hotplug with limit range in namespace hotplug volume should have mem ratio same as VMI with limit range applied [test_id:10002][Serial]1 to 1 cpu and mem ratio" classname="Tests Suite" time="0">
          <skipped></skipped>
      </testcase>
      <testcase name="[sig-storage] Hotplug with limit range in namespace hotplug volume should have mem ratio same as VMI with limit range applied [test_id:10003]Serial]1 to 1 mem ratio, 4 to 1 cpu ratio" classname="Tests Suite" time="0">
          <skipped></skipped>
      </testcase>
      <testcase name="[sig-storage] Hotplug with limit range in namespace hotplug volume should have mem ratio same as VMI with limit range applied [test_id:10004][Serial]2 to 1 mem ratio, 4 to 1 cpu ratio" classname="Tests Suite" time="0">
          <skipped></skipped>
      </testcase>
      <testcase name="[sig-storage] Hotplug with limit range in namespace hotplug volume should have mem ratio same as VMI with limit range applied [test_id:10005][Serial]2.25 to 1 mem ratio, 5.75 to 1 cpu ratio" classname="Tests Suite" time="0">
          <skipped></skipped>
      </testcase>
      <testcase name="[sig-storage] Hotplug [Serial]Hotplug LUN disk on an offline VM" classname="Tests Suite" time="0">
          <skipped></skipped>
      </testcase>
      <testcase name="[sig-storage] Hotplug [Serial]Hotplug LUN disk on an online VM" classname="Tests Suite" time="0">
          <skipped></skipped>
      </testcase>
      <testcase name="[sig-compute] Hyper-V enlightenments VMI with HyperV re-enlightenment enabled when [Serial] TSC frequency is not exposed on the cluster should be able to start successfully" classname="Tests Suite" time="0">
          <skipped></skipped>
      </testcase>
      <testcase name="[sig-compute] Hyper-V enlightenments VMI with HyperV re-enlightenment enabled when [Serial] TSC frequency is not exposed on the cluster should be marked as non-migratable" classname="Tests Suite" time="0">
          <skipped></skipped>
      </testcase>
      <testcase name="[sig-compute] Hyper-V enlightenments VMI with HyperV re-enlightenment enabled [Serial] the vmi with EVMCS HyperV feature should have correct HyperV and cpu features auto filled hyperv and cpu features should be auto filled when EVMCS is enabled" classname="Tests Suite" time="0">
          <skipped></skipped>
      </testcase>
      <testcase name="[sig-compute] Hyper-V enlightenments VMI with HyperV re-enlightenment enabled [Serial] the vmi with EVMCS HyperV feature should have correct HyperV and cpu features auto filled EVMCS should be enabled when vmi.Spec.Domain.Features.Hyperv.EVMCS is set but the EVMCS.Enabled field is nil " classname="Tests Suite" time="0">
          <skipped></skipped>
      </testcase>
      <testcase name="[sig-compute] Hyper-V enlightenments VMI with HyperV re-enlightenment enabled [Serial] the vmi with EVMCS HyperV feature should have correct HyperV and cpu features auto filled Verify that features aren&#39;t applied when enabled is false" classname="Tests Suite" time="0">
          <skipped></skipped>
      </testcase>
      <testcase name="[Serial][sig-compute]Windows VirtualMachineInstance with winrm connection [ref_id:139]VMI is created [test_id:240]should have correct UUID" classname="Tests Suite" time="0">
          <skipped></skipped>
      </testcase>
      <testcase name="[Serial][sig-compute]Windows VirtualMachineInstance with winrm connection [ref_id:139]VMI is created [test_id:3159]should have default masquerade IP" classname="Tests Suite" time="0">
          <skipped></skipped>
      </testcase>
      <testcase name="[Serial][sig-compute]Windows VirtualMachineInstance with winrm connection [ref_id:139]VMI is created [test_id:3160]should have the domain set properly" classname="Tests Suite" time="0">
          <skipped></skipped>
      </testcase>
      <testcase name="[Serial][sig-compute]Windows VirtualMachineInstance with winrm connection VMI with subdomain is created should have the domain set properly with subdomain" classname="Tests Suite" time="0">
          <skipped></skipped>
      </testcase>
      <testcase name="[Serial][sig-compute]Windows VirtualMachineInstance with winrm connection with bridge binding should be recognized by other pods in cluster" classname="Tests Suite" time="0">
          <skipped></skipped>
      </testcase>
      <testcase name="[Serial][sig-compute]Infrastructure tls configuration [test_id:9306]should result only connections with the correct client-side tls configurations are accepted by the components" classname="Tests Suite" time="0">
          <skipped></skipped>
      </testcase>
      <testcase name="[Serial][sig-compute]Infrastructure [rfe_id:3187][crit:medium][vendor:cnv-qe@redhat.com][level:component]Prometheus Endpoints [test_id:4136] should find one leading virt-controller and two ready" classname="Tests Suite" time="0">
          <skipped></skipped>
      </testcase>
      <testcase name="[Serial][sig-compute]Infrastructure [rfe_id:3187][crit:medium][vendor:cnv-qe@redhat.com][level:component]Prometheus Endpoints [test_id:4137]should find one leading virt-operator and two ready" classname="Tests Suite" time="0">
          <skipped></skipped>
      </testcase>
      <testcase name="[Serial][sig-compute]Infrastructure [rfe_id:3187][crit:medium][vendor:cnv-qe@redhat.com][level:component]Prometheus Endpoints [test_id:4138]should be exposed and registered on the metrics endpoint" classname="Tests Suite" time="0">
          <skipped></skipped>
      </testcase>
      <testcase name="[Serial][sig-compute]Infrastructure [rfe_id:3187][crit:medium][vendor:cnv-qe@redhat.com][level:component]Prometheus Endpoints [test_id:4139]should return Prometheus metrics" classname="Tests Suite" time="0">
          <skipped></skipped>
      </testcase>
      <testcase name="[Serial][sig-compute]Infrastructure [rfe_id:3187][crit:medium][vendor:cnv-qe@redhat.com][level:component]Prometheus Endpoints should throttle the Prometheus metrics access [test_id:4140] by using IPv4" classname="Tests Suite" time="0">
          <skipped></skipped>
      </testcase>
      <testcase name="[Serial][sig-compute]Infrastructure [rfe_id:3187][crit:medium][vendor:cnv-qe@redhat.com][level:component]Prometheus Endpoints should throttle the Prometheus metrics access [test_id:6226] by using IPv6" classname="Tests Suite" time="0">
          <skipped></skipped>
      </testcase>
      <testcase name="[Serial][sig-compute]Infrastructure [rfe_id:3187][crit:medium][vendor:cnv-qe@redhat.com][level:component]Prometheus Endpoints should include the metrics for a running VM [test_id:4141] by using IPv4" classname="Tests Suite" time="0">
          <skipped></skipped>
      </testcase>
      <testcase name="[Serial][sig-compute]Infrastructure [rfe_id:3187][crit:medium][vendor:cnv-qe@redhat.com][level:component]Prometheus Endpoints should include the metrics for a running VM [test_id:6227] by using IPv6" classname="Tests Suite" time="0">
          <skipped></skipped>
      </testcase>
      <testcase name="[Serial][sig-compute]Infrastructure [rfe_id:3187][crit:medium][vendor:cnv-qe@redhat.com][level:component]Prometheus Endpoints should include the storage metrics for a running VM [test_id:4142] storage flush requests metric by using IPv4" classname="Tests Suite" time="0">
          <skipped></skipped>
      </testcase>
      <testcase name="[Serial][sig-compute]Infrastructure [rfe_id:3187][crit:medium][vendor:cnv-qe@redhat.com][level:component]Prometheus Endpoints should include the storage metrics for a running VM [test_id:6228] storage flush requests metric by using IPv6" classname="Tests Suite" time="0">
          <skipped></skipped>
      </testcase>
      <testcase name="[Serial][sig-compute]Infrastructure [rfe_id:3187][crit:medium][vendor:cnv-qe@redhat.com][level:component]Prometheus Endpoints should include the storage metrics for a running VM [test_id:4142] time spent on cache flushing metric by using IPv4" classname="Tests Suite" time="0">
          <skipped></skipped>
      </testcase>
      <testcase name="[Serial][sig-compute]Infrastructure [rfe_id:3187][crit:medium][vendor:cnv-qe@redhat.com][level:component]Prometheus Endpoints should include the storage metrics for a running VM [test_id:6229] time spent on cache flushing metric by using IPv6" classname="Tests Suite" time="0">
          <skipped></skipped>
      </testcase>
      <testcase name="[Serial][sig-compute]Infrastructure [rfe_id:3187][crit:medium][vendor:cnv-qe@redhat.com][level:component]Prometheus Endpoints should include the storage metrics for a running VM [test_id:4142] I/O read operations metric by using IPv4" classname="Tests Suite" time="0">
          <skipped></skipped>
      </testcase>
      <testcase name="[Serial][sig-compute]Infrastructure [rfe_id:3187][crit:medium][vendor:cnv-qe@redhat.com][level:component]Prometheus Endpoints should include the storage metrics for a running VM [test_id:6230] I/O read operations metric by using IPv6" classname="Tests Suite" time="0">
          <skipped></skipped>
      </testcase>
      <testcase name="[Serial][sig-compute]Infrastructure [rfe_id:3187][crit:medium][vendor:cnv-qe@redhat.com][level:component]Prometheus Endpoints should include the storage metrics for a running VM [test_id:4142] I/O write operations metric by using IPv4" classname="Tests Suite" time="0">
          <skipped></skipped>
      </testcase>
      <testcase name="[Serial][sig-compute]Infrastructure [rfe_id:3187][crit:medium][vendor:cnv-qe@redhat.com][level:component]Prometheus Endpoints should include the storage metrics for a running VM [test_id:6231] I/O write operations metric by using IPv6" classname="Tests Suite" time="0">
          <skipped></skipped>
      </testcase>
      <testcase name="[Serial][sig-compute]Infrastructure [rfe_id:3187][crit:medium][vendor:cnv-qe@redhat.com][level:component]Prometheus Endpoints should include the storage metrics for a running VM [test_id:4142] storage read operation time metric by using IPv4" classname="Tests Suite" time="0">
          <skipped></skipped>
      </testcase>
      <testcase name="[Serial][sig-compute]Infrastructure [rfe_id:3187][crit:medium][vendor:cnv-qe@redhat.com][level:component]Prometheus Endpoints should include the storage metrics for a running VM [test_id:6232] storage read operation time metric by using IPv6" classname="Tests Suite" time="0">
          <skipped></skipped>
      </testcase>
      <testcase name="[Serial][sig-compute]Infrastructure [rfe_id:3187][crit:medium][vendor:cnv-qe@redhat.com][level:component]Prometheus Endpoints should include the storage metrics for a running VM [test_id:4142] storage read traffic in bytes metric by using IPv4" classname="Tests Suite" time="0">
          <skipped></skipped>
      </testcase>
      <testcase name="[Serial][sig-compute]Infrastructure [rfe_id:3187][crit:medium][vendor:cnv-qe@redhat.com][level:component]Prometheus Endpoints should include the storage metrics for a running VM [test_id:6233] storage read traffic in bytes metric by using IPv6" classname="Tests Suite" time="0">
          <skipped></skipped>
      </testcase>
      <testcase name="[Serial][sig-compute]Infrastructure [rfe_id:3187][crit:medium][vendor:cnv-qe@redhat.com][level:component]Prometheus Endpoints should include the storage metrics for a running VM [test_id:4142] storage write operation time metric by using IPv4" classname="Tests Suite" time="0">
          <skipped></skipped>
      </testcase>
      <testcase name="[Serial][sig-compute]Infrastructure [rfe_id:3187][crit:medium][vendor:cnv-qe@redhat.com][level:component]Prometheus Endpoints should include the storage metrics for a running VM [test_id:6234] storage write operation time metric by using IPv6" classname="Tests Suite" time="0">
          <skipped></skipped>
      </testcase>
      <testcase name="[Serial][sig-compute]Infrastructure [rfe_id:3187][crit:medium][vendor:cnv-qe@redhat.com][level:component]Prometheus Endpoints should include the storage metrics for a running VM [test_id:4142] storage write traffic in bytes metric by using IPv4" classname="Tests Suite" time="0">
          <skipped></skipped>
      </testcase>
      <testcase name="[Serial][sig-compute]Infrastructure [rfe_id:3187][crit:medium][vendor:cnv-qe@redhat.com][level:component]Prometheus Endpoints should include the storage metrics for a running VM [test_id:6235] storage write traffic in bytes metric by using IPv6" classname="Tests Suite" time="0">
          <skipped></skipped>
      </testcase>
      <testcase name="[Serial][sig-compute]Infrastructure [rfe_id:3187][crit:medium][vendor:cnv-qe@redhat.com][level:component]Prometheus Endpoints should include metrics for a running VM [test_id:4143] network metrics by IPv4" classname="Tests Suite" time="0">
          <skipped></skipped>
      </testcase>
      <testcase name="[Serial][sig-compute]Infrastructure [rfe_id:3187][crit:medium][vendor:cnv-qe@redhat.com][level:component]Prometheus Endpoints should include metrics for a running VM [test_id:6236] network metrics by IPv6" classname="Tests Suite" time="0">
          <skipped></skipped>
      </testcase>
      <testcase name="[Serial][sig-compute]Infrastructure [rfe_id:3187][crit:medium][vendor:cnv-qe@redhat.com][level:component]Prometheus Endpoints should include metrics for a running VM [test_id:4144] memory metrics by IPv4" classname="Tests Suite" time="0">
          <skipped></skipped>
      </testcase>
      <testcase name="[Serial][sig-compute]Infrastructure [rfe_id:3187][crit:medium][vendor:cnv-qe@redhat.com][level:component]Prometheus Endpoints should include metrics for a running VM [test_id:6237] memory metrics by IPv6" classname="Tests Suite" time="0">
          <skipped></skipped>
      </testcase>
      <testcase name="[Serial][sig-compute]Infrastructure [rfe_id:3187][crit:medium][vendor:cnv-qe@redhat.com][level:component]Prometheus Endpoints should include metrics for a running VM [test_id:4553] vcpu wait by IPv4" classname="Tests Suite" time="0">
          <skipped></skipped>
      </testcase>
      <testcase name="[Serial][sig-compute]Infrastructure [rfe_id:3187][crit:medium][vendor:cnv-qe@redhat.com][level:component]Prometheus Endpoints should include metrics for a running VM [test_id:6238] vcpu wait by IPv6" classname="Tests Suite" time="0">
          <skipped></skipped>
      </testcase>
      <testcase name="[Serial][sig-compute]Infrastructure [rfe_id:3187][crit:medium][vendor:cnv-qe@redhat.com][level:component]Prometheus Endpoints should include metrics for a running VM [test_id:4554] vcpu seconds by IPv4" classname="Tests Suite" time="0">
          <skipped></skipped>
      </testcase>
      <testcase name="[Serial][sig-compute]Infrastructure [rfe_id:3187][crit:medium][vendor:cnv-qe@redhat.com][level:component]Prometheus Endpoints should include metrics for a running VM [test_id:6239] vcpu seconds by IPv6" classname="Tests Suite" time="0">
          <skipped></skipped>
      </testcase>
      <testcase name="[Serial][sig-compute]Infrastructure [rfe_id:3187][crit:medium][vendor:cnv-qe@redhat.com][level:component]Prometheus Endpoints should include metrics for a running VM [test_id:4556] vmi unused memory by IPv4" classname="Tests Suite" time="0">
          <skipped></skipped>
      </testcase>
      <testcase name="[Serial][sig-compute]Infrastructure [rfe_id:3187][crit:medium][vendor:cnv-qe@redhat.com][level:component]Prometheus Endpoints should include metrics for a running VM [test_id:6240] vmi unused memory by IPv6" classname="Tests Suite" time="0">
          <skipped></skipped>
      </testcase>
      <testcase name="[Serial][sig-compute]Infrastructure [rfe_id:3187][crit:medium][vendor:cnv-qe@redhat.com][level:component]Prometheus Endpoints should include VMI infos for a running VM [test_id:4145] by IPv4" classname="Tests Suite" time="0">
          <skipped></skipped>
      </testcase>
      <testcase name="[Serial][sig-compute]Infrastructure [rfe_id:3187][crit:medium][vendor:cnv-qe@redhat.com][level:component]Prometheus Endpoints should include VMI infos for a running VM [test_id:6241] by IPv6" classname="Tests Suite" time="0">
          <skipped></skipped>
      </testcase>
      <testcase name="[Serial][sig-compute]Infrastructure [rfe_id:3187][crit:medium][vendor:cnv-qe@redhat.com][level:component]Prometheus Endpoints should include VMI phase metrics for all running VMs [test_id:4146] by IPv4" classname="Tests Suite" time="0">
          <skipped></skipped>
      </testcase>
      <testcase name="[Serial][sig-compute]Infrastructure [rfe_id:3187][crit:medium][vendor:cnv-qe@redhat.com][level:component]Prometheus Endpoints should include VMI phase metrics for all running VMs [test_id:6242] by IPv6" classname="Tests Suite" time="0">
          <skipped></skipped>
      </testcase>
      <testcase name="[Serial][sig-compute]Infrastructure [rfe_id:3187][crit:medium][vendor:cnv-qe@redhat.com][level:component]Prometheus Endpoints should include VMI eviction blocker status for all running VMs [test_id:4148] by IPv4" classname="Tests Suite" time="0">
          <skipped></skipped>
      </testcase>
      <testcase name="[Serial][sig-compute]Infrastructure [rfe_id:3187][crit:medium][vendor:cnv-qe@redhat.com][level:component]Prometheus Endpoints should include VMI eviction blocker status for all running VMs [test_id:6243] by IPv6" classname="Tests Suite" time="0">
          <skipped></skipped>
      </testcase>
      <testcase name="[Serial][sig-compute]Infrastructure [rfe_id:3187][crit:medium][vendor:cnv-qe@redhat.com][level:component]Prometheus Endpoints should include kubernetes labels to VMI metrics [test_id:4147] by IPv4" classname="Tests Suite" time="0">
          <skipped></skipped>
      </testcase>
      <testcase name="[Serial][sig-compute]Infrastructure [rfe_id:3187][crit:medium][vendor:cnv-qe@redhat.com][level:component]Prometheus Endpoints should include kubernetes labels to VMI metrics [test_id:6244] by IPv6" classname="Tests Suite" time="0">
          <skipped></skipped>
      </testcase>
      <testcase name="[Serial][sig-compute]Infrastructure [rfe_id:3187][crit:medium][vendor:cnv-qe@redhat.com][level:component]Prometheus Endpoints should include swap metrics [test_id:4555] by IPv4" classname="Tests Suite" time="0">
          <skipped></skipped>
      </testcase>
      <testcase name="[Serial][sig-compute]Infrastructure [rfe_id:3187][crit:medium][vendor:cnv-qe@redhat.com][level:component]Prometheus Endpoints should include swap metrics [test_id:6245] by IPv6" classname="Tests Suite" time="0">
          <skipped></skipped>
      </testcase>
      <testcase name="[Serial][sig-compute]Infrastructure CRDs [test_id:5177]Should have structural schema" classname="Tests Suite" time="0">
          <skipped></skipped>
      </testcase>
      <testcase name="[sig-storage] DataVolume Integration [rfe_id:3188][crit:high][vendor:cnv-qe@redhat.com][level:system] Starting a VirtualMachineInstance with a DataVolume as a volume source [Serial]without fsgroup support should succesfully start" classname="Tests Suite" time="0">
          <skipped></skipped>
      </testcase>
      <testcase name="[sig-storage] DataVolume Integration [Serial][rfe_id:8400][crit:high][vendor:cnv-qe@redhat.com][level:system] Garbage collection of succeeded DV Verify DV of VM with DataVolumeTemplates is garbage collected when [test_id:8567]GC is enabled" classname="Tests Suite" time="0">
          <skipped></skipped>
      </testcase>
      <testcase name="[sig-storage] DataVolume Integration [Serial][rfe_id:8400][crit:high][vendor:cnv-qe@redhat.com][level:system] Garbage collection of succeeded DV Verify DV of VM with DataVolumeTemplates is garbage collected when [test_id:8571]GC is disabled, and after VM creation, GC is enabled and DV is annotated" classname="Tests Suite" time="0">
          <skipped></skipped>
      </testcase>
      <testcase name="[crit:medium][vendor:cnv-qe@redhat.com][level:component][sig-compute][serial] InstancetypeReferencePolicy should result in running VirtualMachine when set to reference" classname="Tests Suite" time="0">
          <skipped></skipped>
      </testcase>
      <testcase name="[crit:medium][vendor:cnv-qe@redhat.com][level:component][sig-compute][serial] InstancetypeReferencePolicy should result in running VirtualMachine when set to expand" classname="Tests Suite" time="0">
          <skipped></skipped>
      </testcase>
      <testcase name="[crit:medium][vendor:cnv-qe@redhat.com][level:component][sig-compute][serial] InstancetypeReferencePolicy should result in running VirtualMachine when set to expandAll" classname="Tests Suite" time="0">
          <skipped></skipped>
      </testcase>
      <testcase name="[sig-compute]HookSidecars [rfe_id:2667][crit:medium][vendor:cnv-qe@redhat.com][level:component] VMI definition set sidecar resources [test_id:3155][serial]should successfully start with hook sidecar annotation" classname="Tests Suite" time="0">
          <skipped></skipped>
      </testcase>
      <testcase name="[sig-compute]HookSidecars [rfe_id:2667][crit:medium][vendor:cnv-qe@redhat.com][level:component] VMI definition [Serial]with sidecar feature gate disabled [test_id:2666]should not start with hook sidecar annotation" classname="Tests Suite" time="0">
          <skipped></skipped>
      </testcase>
      <testcase name="[sig-storage] Export [Serial]should export a VM and verify swtpm directories in the gz archive" classname="Tests Suite" time="0">
          <skipped></skipped>
      </testcase>
      <testcase name="[sig-storage] Export [Serial]Ingress should populate external links and cert and contain ingress host" classname="Tests Suite" time="0">
          <skipped></skipped>
      </testcase>
      <testcase name="[sig-storage] Export with limit range [Serial] should report export pending if PVC is in use because of VMI using it, and start the VM export if the PVC is not in use, then stop again once pvc in use again" classname="Tests Suite" time="0">
          <skipped></skipped>
      </testcase>
      <testcase name="[sig-storage] Export [Serial] with potential KubeVirt CR update should recreate exportserver pod when KubeVirt cert params updated" classname="Tests Suite" time="0">
          <skipped></skipped>
      </testcase>
      <testcase name="[sig-storage] virtiofs VirtIO-FS with multiple PVCs [Serial] should be successfully started and accessible (privileged virtiofsd)" classname="Tests Suite" time="0">
          <skipped></skipped>
      </testcase>
      <testcase name="[sig-storage] virtiofs VirtIO-FS with multiple PVCs [Serial] should be successfully started and accessible (unprivileged virtiofsd)" classname="Tests Suite" time="0">
          <skipped></skipped>
      </testcase>
      <testcase name="[sig-storage] virtiofs VirtIO-FS with an empty PVC [Serial] should be successfully started and virtiofs could be accessed unprivileged virtiofsd" classname="Tests Suite" time="0">
          <skipped></skipped>
      </testcase>
      <testcase name="[sig-storage] virtiofs VirtIO-FS with an empty PVC [Serial] should be successfully started and virtiofs could be accessed privileged virtiofsd" classname="Tests Suite" time="0">
          <skipped></skipped>
      </testcase>
      <testcase name="[sig-storage] virtiofs Run a VMI with VirtIO-FS and a datavolume [Serial] should be successfully started and virtiofs could be accessed unprivileged virtiofsd" classname="Tests Suite" time="0">
          <skipped></skipped>
      </testcase>
      <testcase name="[sig-storage] virtiofs Run a VMI with VirtIO-FS and a datavolume [Serial] should be successfully started and virtiofs could be accessed privileged virtiofsd" classname="Tests Suite" time="0">
          <skipped></skipped>
      </testcase>
      <testcase name="[sig-storage] [Serial]K8s IO events [test_id:6225]Should catch the IO error event" classname="Tests Suite" time="0">
          <skipped></skipped>
      </testcase>
      <testcase name="[sig-storage][Serial][virtctl]ImageUpload [storage-req] Upload an image and start a VMI with PVC [test_id:4621] Should succeed DataVolume" classname="Tests Suite" time="0">
          <skipped></skipped>
      </testcase>
      <testcase name="[sig-storage][Serial][virtctl]ImageUpload [storage-req] Upload an image and start a VMI with PVC [test_id:4621] Should succeed PVC" classname="Tests Suite" time="0">
          <skipped></skipped>
      </testcase>
      <testcase name="[sig-storage][Serial][virtctl]ImageUpload Create upload volume with force-bind flag Should succeed DataVolume" classname="Tests Suite" time="0">
          <skipped></skipped>
      </testcase>
      <testcase name="[sig-storage][Serial][virtctl]ImageUpload Create upload volume with force-bind flag Should succeed PVC" classname="Tests Suite" time="0">
          <skipped></skipped>
      </testcase>
      <testcase name="[sig-storage][Serial][virtctl]ImageUpload Create upload volume using volume-mode flag Should succeed [test_id:10671]block volumeMode" classname="Tests Suite" time="0">
          <skipped></skipped>
      </testcase>
      <testcase name="[sig-storage][Serial][virtctl]ImageUpload Create upload volume using volume-mode flag Should succeed [test_id:10672]filesystem volumeMode" classname="Tests Suite" time="0">
          <skipped></skipped>
      </testcase>
      <testcase name="[sig-storage][Serial][virtctl]ImageUpload Create upload volume using volume-mode flag [test_id:10674]Should fail with invalid volume-mode" classname="Tests Suite" time="0">
          <skipped></skipped>
      </testcase>
      <testcase name="[sig-storage][Serial][virtctl]ImageUpload Upload fails when DV is in WFFC/PendingPopulation phase but uploads after consumer is created" classname="Tests Suite" time="0">
          <skipped></skipped>
      </testcase>
      <testcase name="[sig-storage][Serial][virtctl]ImageUpload Create upload archive volume Should succeed DataVolume" classname="Tests Suite" time="0">
          <skipped></skipped>
      </testcase>
      <testcase name="[sig-storage][Serial][virtctl]ImageUpload Create upload archive volume Should succeed PVC" classname="Tests Suite" time="0">
          <skipped></skipped>
      </testcase>
      <testcase name="[sig-storage][Serial][virtctl]ImageUpload Upload fails Upload fails creating a DV when using a non-existent storageClass" classname="Tests Suite" time="0">
          <skipped></skipped>
      </testcase>
      <testcase name="[sig-storage][Serial][virtctl]ImageUpload Upload fails Upload fails creating a PVC when using a non-existent storageClass" classname="Tests Suite" time="0">
          <skipped></skipped>
      </testcase>
      <testcase name="[sig-storage][Serial][virtctl]ImageUpload Upload fails Upload doesn&#39;t succeed when DV provisioning fails" classname="Tests Suite" time="0">
          <skipped></skipped>
      </testcase>
      <testcase name="[sig-storage][Serial][virtctl]ImageUpload Upload fails Upload doesn&#39;t succeed when PVC provisioning fails" classname="Tests Suite" time="0">
          <skipped></skipped>
      </testcase>
      <testcase name="[sig-compute][Serial]NUMA [test_id:7299] topology should be mapped to the guest and hugepages should be allocated" classname="Tests Suite" time="0">
          <skipped></skipped>
      </testcase>
      <testcase name="[sig-network] VirtualMachineInstance with macvtap network binding plugin two VMs with macvtap interface should be able to communicate over macvtap network" classname="Tests Suite" time="0">
          <skipped></skipped>
      </testcase>
      <testcase name="[sig-network] VirtualMachineInstance with macvtap network binding plugin VMI migration should be successful when the VMI MAC address is defined in its spec" classname="Tests Suite" time="0">
          <skipped></skipped>
      </testcase>
      <testcase name="[sig-network] VirtualMachineInstance with macvtap network binding plugin VMI migration with live traffic should keep connectivity after a migration" classname="Tests Suite" time="0">
          <skipped></skipped>
      </testcase>
      <testcase name="[sig-performance][Serial] CPU latency tests for measuring realtime VMs performance running cyclictest and collecting results directly from VM" classname="Tests Suite" time="0">
          <skipped></skipped>
      </testcase>
      <testcase name="[sig-network] Infosource [Serial] VMI with 3 interfaces should have the expected entries in vmi status" classname="Tests Suite" time="0">
          <skipped></skipped>
      </testcase>
      <testcase name="[Serial][sig-compute]Infrastructure changes to the kubernetes client on the controller rate limiter should lead to delayed VMI starts" classname="Tests Suite" time="0">
          <skipped></skipped>
      </testcase>
      <testcase name="[Serial][sig-compute]Infrastructure changes to the kubernetes client on the virt handler rate limiter should lead to delayed VMI running states" classname="Tests Suite" time="0">
          <skipped></skipped>
      </testcase>
      <testcase name="[sig-storage] VirtualMachineSnapshot Tests [storage-req] [Serial]With more complicated VM with/out GC of succeeded DV should successfully create a snapshot [test_id:4611] without DV garbage collection" classname="Tests Suite" time="0">
          <skipped></skipped>
      </testcase>
      <testcase name="[sig-storage] VirtualMachineSnapshot Tests [storage-req] [Serial]With more complicated VM with/out GC of succeeded DV should successfully create a snapshot [test_id:8668] with DV garbage collection" classname="Tests Suite" time="0">
          <skipped></skipped>
      </testcase>
      <testcase name="[sig-storage] VirtualMachineSnapshot Tests [storage-req] with independent DataVolume Should also include backend PVC in the snapshot" classname="Tests Suite" time="0">
          <skipped></skipped>
      </testcase>
      <testcase name="[Serial][sig-compute]Infrastructure downwardMetrics should start a vmi and get the metrics [test_id:6535]using a disk" classname="Tests Suite" time="0">
          <skipped></skipped>
      </testcase>
      <testcase name="[Serial][sig-compute]Infrastructure downwardMetrics should start a vmi and get the metrics using a virtio serial device" classname="Tests Suite" time="0">
          <skipped></skipped>
      </testcase>
      <testcase name="[Serial][sig-compute]Infrastructure downwardMetrics metric ResourceProcessorLimit should be present" classname="Tests Suite" time="0">
          <skipped></skipped>
      </testcase>
      <testcase name="[sig-storage] Storage Starting a VirtualMachineInstance [Serial]with error disk should pause VMI on IO error" classname="Tests Suite" time="0">
          <skipped></skipped>
      </testcase>
      <testcase name="[sig-storage] Storage Starting a VirtualMachineInstance [Serial]with error disk should report IO errors in the guest with errorPolicy set to report" classname="Tests Suite" time="0">
          <skipped></skipped>
      </testcase>
      <testcase name="[sig-storage] Storage Starting a VirtualMachineInstance [rfe_id:3106][crit:medium][vendor:cnv-qe@redhat.com][level:component]with Alpine PVC should be successfully started [Serial]with NFS Disk PVC using ipv6 address of the NFS pod" classname="Tests Suite" time="0">
          <skipped></skipped>
      </testcase>
      <testcase name="[sig-storage] Storage Starting a VirtualMachineInstance [rfe_id:3106][crit:medium][vendor:cnv-qe@redhat.com][level:component]with Alpine PVC should be successfully started [Serial]with NFS Disk PVC using ipv4 address of the NFS pod not owned by qemu" classname="Tests Suite" time="0">
          <skipped></skipped>
      </testcase>
      <testcase name="[sig-storage] Storage Starting a VirtualMachineInstance [Serial]With feature gates disabled for [test_id:4620]HostDisk, it should fail to start a VMI" classname="Tests Suite" time="0">
          <skipped></skipped>
      </testcase>
      <testcase name="[sig-storage] Storage Starting a VirtualMachineInstance [rfe_id:2298][crit:medium][vendor:cnv-qe@redhat.com][level:component] With HostDisk and PVC initialization With smaller than requested PVCs [Serial][test_id:3108]Should not initialize an empty PVC with a disk.img when disk is too small even with toleration" classname="Tests Suite" time="0">
          <skipped></skipped>
      </testcase>
      <testcase name="[sig-storage] Storage Starting a VirtualMachineInstance [rfe_id:2298][crit:medium][vendor:cnv-qe@redhat.com][level:component] With HostDisk and PVC initialization With smaller than requested PVCs [Serial][test_id:3109]Should initialize an empty PVC with a disk.img when disk is too small but within toleration" classname="Tests Suite" time="0">
          <skipped></skipped>
      </testcase>
      <testcase name="[sig-storage] Storage Starting a VirtualMachineInstance [Serial]with lun disk should run the VMI using PVC source" classname="Tests Suite" time="0">
          <skipped></skipped>
      </testcase>
      <testcase name="[sig-storage] Storage Starting a VirtualMachineInstance [Serial]with lun disk should run the VMI using DataVolume source" classname="Tests Suite" time="0">
          <skipped></skipped>
      </testcase>
      <testcase name="[sig-storage] Storage Starting a VirtualMachineInstance [Serial]with lun disk should run the VMI created with a DataVolume source and use the LUN disk" classname="Tests Suite" time="0">
          <skipped></skipped>
      </testcase>
      <testcase name="[Serial][sig-compute]MediatedDevices with externally provided mediated devices Should make sure that mdevs listed with ExternalResourceProvider are not removed" classname="Tests Suite" time="0">
          <skipped></skipped>
      </testcase>
      <testcase name="[Serial][sig-compute]MediatedDevices with externally provided mediated devices Should make sure that no mdev is removed if the feature is gated" classname="Tests Suite" time="0">
          <skipped></skipped>
      </testcase>
      <testcase name="[Serial][sig-compute]MediatedDevices with mediated devices configuration Should successfully passthrough a mediated device" classname="Tests Suite" time="0">
          <skipped></skipped>
      </testcase>
      <testcase name="[Serial][sig-compute]MediatedDevices with mediated devices configuration Should successfully passthrough a mediated device with a disabled display" classname="Tests Suite" time="0">
          <skipped></skipped>
      </testcase>
      <testcase name="[Serial][sig-compute]MediatedDevices with mediated devices configuration Should override default mdev configuration on a specific node" classname="Tests Suite" time="0">
          <skipped></skipped>
      </testcase>
      <testcase name="[Serial][sig-compute]MediatedDevices with generic mediated devices should create mdevs on devices that appear after CR configuration" classname="Tests Suite" time="0">
          <skipped></skipped>
      </testcase>
      <testcase name="[sig-compute]AMD Secure Encrypted Virtualization (SEV) [Serial]device management should reset SEV allocatable devices when the feature gate is disabled" classname="Tests Suite" time="0">
          <skipped></skipped>
      </testcase>
      <testcase name="[sig-network] [Serial]Multus [rfe_id:694][crit:medium][vendor:cnv-qe@redhat.com][level:component]VirtualMachineInstance using different types of interfaces. VirtualMachineInstance with cni ptp plugin interface [test_id:1751]should create a virtual machine with one interface" classname="Tests Suite" time="0">
          <skipped></skipped>
      </testcase>
      <testcase name="[sig-network] [Serial]Multus [rfe_id:694][crit:medium][vendor:cnv-qe@redhat.com][level:component]VirtualMachineInstance using different types of interfaces. VirtualMachineInstance with cni ptp plugin interface [test_id:1752]should create a virtual machine with one interface with network definition from different namespace" classname="Tests Suite" time="0">
          <skipped></skipped>
      </testcase>
      <testcase name="[sig-network] [Serial]Multus [rfe_id:694][crit:medium][vendor:cnv-qe@redhat.com][level:component]VirtualMachineInstance using different types of interfaces. VirtualMachineInstance with cni ptp plugin interface [test_id:1753]should create a virtual machine with two interfaces" classname="Tests Suite" time="0">
          <skipped></skipped>
      </testcase>
      <testcase name="[sig-network] [Serial]Multus [rfe_id:694][crit:medium][vendor:cnv-qe@redhat.com][level:component]VirtualMachineInstance using different types of interfaces. VirtualMachineInstance with multus network as default network [test_id:1751]should create a virtual machine with one interface with multus default network definition" classname="Tests Suite" time="0">
          <skipped></skipped>
      </testcase>
      <testcase name="[sig-network] [Serial]Multus [rfe_id:694][crit:medium][vendor:cnv-qe@redhat.com][level:component]VirtualMachineInstance using different types of interfaces. VirtualMachineInstance with cni ptp plugin interface with custom MAC address [test_id:1705]should configure valid custom MAC address on ptp interface when using tuning plugin" classname="Tests Suite" time="0">
          <skipped></skipped>
      </testcase>
      <testcase name="[sig-network] [Serial]Multus [rfe_id:694][crit:medium][vendor:cnv-qe@redhat.com][level:component]VirtualMachineInstance using different types of interfaces. VirtualMachineInstance with Linux bridge plugin interface should be able to ping between two vms [test_id:1577]with secondary network only" classname="Tests Suite" time="0">
          <skipped></skipped>
      </testcase>
      <testcase name="[sig-network] [Serial]Multus [rfe_id:694][crit:medium][vendor:cnv-qe@redhat.com][level:component]VirtualMachineInstance using different types of interfaces. VirtualMachineInstance with Linux bridge plugin interface should be able to ping between two vms [test_id:1578]with default network and secondary network" classname="Tests Suite" time="0">
          <skipped></skipped>
      </testcase>
      <testcase name="[sig-network] [Serial]Multus [rfe_id:694][crit:medium][vendor:cnv-qe@redhat.com][level:component]VirtualMachineInstance using different types of interfaces. VirtualMachineInstance with Linux bridge plugin interface should be able to ping between two vms with default network and secondary network with IPAM" classname="Tests Suite" time="0">
          <skipped></skipped>
      </testcase>
      <testcase name="[sig-network] [Serial]Multus [rfe_id:694][crit:medium][vendor:cnv-qe@redhat.com][level:component]VirtualMachineInstance using different types of interfaces. VirtualMachineInstance with Linux bridge CNI plugin interface and custom MAC address. [test_id:676]should configure valid custom MAC address on Linux bridge CNI interface." classname="Tests Suite" time="0">
          <skipped></skipped>
      </testcase>
      <testcase name="[sig-network] [Serial]Multus [rfe_id:694][crit:medium][vendor:cnv-qe@redhat.com][level:component]VirtualMachineInstance using different types of interfaces. Single VirtualMachineInstance with Linux bridge CNI plugin interface [test_id:1756]should report all interfaces in Status" classname="Tests Suite" time="0">
          <skipped></skipped>
      </testcase>
      <testcase name="[sig-network] [Serial]Multus [rfe_id:694][crit:medium][vendor:cnv-qe@redhat.com][level:component]VirtualMachineInstance using different types of interfaces. Single VirtualMachineInstance with Linux bridge CNI plugin interface should have the correct MTU on the secondary interface with no dhcp server" classname="Tests Suite" time="0">
          <skipped></skipped>
      </testcase>
      <testcase name="[sig-network] [Serial]Multus [rfe_id:694][crit:medium][vendor:cnv-qe@redhat.com][level:component]VirtualMachineInstance using different types of interfaces. VirtualMachineInstance with invalid MAC address [test_id:1713]should failed to start with invalid MAC address" classname="Tests Suite" time="0">
          <skipped></skipped>
      </testcase>
      <testcase name="[sig-network] [Serial]Multus [rfe_id:694][crit:medium][vendor:cnv-qe@redhat.com][level:component]VirtualMachineInstance using different types of interfaces. Security Should allow outbound communication from VM under test - only if original MAC address is unchanged" classname="Tests Suite" time="0">
          <skipped></skipped>
      </testcase>
      <testcase name="[sig-network] [Serial]Multus [rfe_id:1758][crit:medium][vendor:cnv-qe@redhat.com][level:component]VirtualMachineInstance definition with qemu guest agent [test_id:1757] should report guest interfaces in VMI status" classname="Tests Suite" time="0">
          <skipped></skipped>
      </testcase>
      <testcase name="[Serial][sig-compute]Infrastructure Start a VirtualMachineInstance when the controller pod is not running and an election happens [test_id:4642]should elect a new controller pod" classname="Tests Suite" time="0">
          <skipped></skipped>
      </testcase>
      <testcase name="[Serial][sig-compute]VM Rollout Strategy When using the Stage rollout strategy [test_id:11207]should set RestartRequired when changing any spec field" classname="Tests Suite" time="0">
          <skipped></skipped>
      </testcase>
      <testcase name="[sig-network] [crit:high][arm64][vendor:cnv-qe@redhat.com][level:component] [crit:high][vendor:cnv-qe@redhat.com][level:component]Creating a VirtualMachineInstance when virt-handler is responsive [Serial]VMIs shouldn&#39;t fail after the kubelet restarts [sig-network]with bridge networking" classname="Tests Suite" time="0">
          <skipped></skipped>
      </testcase>
      <testcase name="[sig-network] [crit:high][arm64][vendor:cnv-qe@redhat.com][level:component] [crit:high][vendor:cnv-qe@redhat.com][level:component]Creating a VirtualMachineInstance when virt-handler is responsive [Serial]VMIs shouldn&#39;t fail after the kubelet restarts [sig-compute]with default networking" classname="Tests Suite" time="0">
          <skipped></skipped>
      </testcase>
      <testcase name="[Serial][sig-operator]Operator [test_id:1746]should have created and available condition" classname="Tests Suite" time="0">
          <skipped></skipped>
      </testcase>
      <testcase name="[Serial][sig-operator]Operator [Serial]should reconcile components checking updating resource is reverted to original state for  [test_id:6254] deployments" classname="Tests Suite" time="0">
          <skipped></skipped>
      </testcase>
      <testcase name="[Serial][sig-operator]Operator [Serial]should reconcile components checking updating resource is reverted to original state for  [test_id:6255] customresourcedefinitions" classname="Tests Suite" time="0">
          <skipped></skipped>
      </testcase>
      <testcase name="[Serial][sig-operator]Operator [Serial]should reconcile components checking updating resource is reverted to original state for  [test_id:6256] poddisruptionbudgets" classname="Tests Suite" time="0">
          <skipped></skipped>
      </testcase>
      <testcase name="[Serial][sig-operator]Operator [Serial]should reconcile components checking updating resource is reverted to original state for  [test_id:6308] daemonsets" classname="Tests Suite" time="0">
          <skipped></skipped>
      </testcase>
      <testcase name="[Serial][sig-operator]Operator [Serial]should reconcile components [test_id:6309] checking updating service is reverted to original state" classname="Tests Suite" time="0">
          <skipped></skipped>
      </testcase>
      <testcase name="[Serial][sig-operator]Operator [rfe_id:2291][crit:high][vendor:cnv-qe@redhat.com][level:component]should start a VM [test_id:3144]using virt-launcher with a shasum" classname="Tests Suite" time="0">
          <skipped></skipped>
      </testcase>
      <testcase name="[Serial][sig-operator]Operator [test_id:6987]should apply component configuration test VirtualMachineInstancesPerNode" classname="Tests Suite" time="0">
          <skipped></skipped>
      </testcase>
      <testcase name="[Serial][sig-operator]Operator [test_id:4744][Serial]should apply component customization test applying and removing a patch" classname="Tests Suite" time="0">
          <skipped></skipped>
      </testcase>
      <testcase name="[Serial][sig-operator]Operator imagePullSecrets should not be present if not specified on the KubeVirt CR" classname="Tests Suite" time="0">
          <skipped></skipped>
      </testcase>
      <testcase name="[Serial][sig-operator]Operator imagePullSecrets should be propagated if applied on the KubeVirt CR" classname="Tests Suite" time="0">
          <skipped></skipped>
      </testcase>
      <testcase name="[Serial][sig-operator]Operator [rfe_id:2291][crit:high][vendor:cnv-qe@redhat.com][level:component]should update kubevirt [release-blocker][test_id:3145]from previous release to target tested release by patching KubeVirt CR" classname="Tests Suite" time="0">
          <skipped></skipped>
      </testcase>
      <testcase name="[Serial][sig-operator]Operator [rfe_id:2291][crit:high][vendor:cnv-qe@redhat.com][level:component]should update kubevirt [release-blocker][test_id:3145]from previous release to target tested release by updating virt-operator" classname="Tests Suite" time="0">
          <skipped></skipped>
      </testcase>
      <testcase name="[Serial][sig-operator]Operator [rfe_id:2291][crit:high][vendor:cnv-qe@redhat.com][level:component]infrastructure management [test_id:3146]should be able to delete and re-create kubevirt install" classname="Tests Suite" time="0">
          <skipped></skipped>
      </testcase>
      <testcase name="[Serial][sig-operator]Operator [rfe_id:2291][crit:high][vendor:cnv-qe@redhat.com][level:component]infrastructure management [rfe_id:3578][crit:high][vendor:cnv-qe@redhat.com][level:component] deleting with BlockUninstallIfWorkloadsExist [test_id:3683]should be blocked if a workload exists" classname="Tests Suite" time="0">
          <skipped></skipped>
      </testcase>
      <testcase name="[Serial][sig-operator]Operator [rfe_id:2291][crit:high][vendor:cnv-qe@redhat.com][level:component]infrastructure management [test_id:3148]should be able to create kubevirt install with custom image tag" classname="Tests Suite" time="0">
          <skipped></skipped>
      </testcase>
      <testcase name="[Serial][sig-operator]Operator [rfe_id:2291][crit:high][vendor:cnv-qe@redhat.com][level:component]infrastructure management [test_id:3149]should be able to create kubevirt install with image prefix" classname="Tests Suite" time="0">
          <skipped></skipped>
      </testcase>
      <testcase name="[Serial][sig-operator]Operator [rfe_id:2291][crit:high][vendor:cnv-qe@redhat.com][level:component]infrastructure management [test_id:3150]should be able to update kubevirt install with custom image tag" classname="Tests Suite" time="0">
          <skipped></skipped>
      </testcase>
      <testcase name="[Serial][sig-operator]Operator [rfe_id:2291][crit:high][vendor:cnv-qe@redhat.com][level:component]infrastructure management [test_id:3151]should be able to update kubevirt install when operator updates if no custom image tag is set" classname="Tests Suite" time="0">
          <skipped></skipped>
      </testcase>
      <testcase name="[Serial][sig-operator]Operator [rfe_id:2291][crit:high][vendor:cnv-qe@redhat.com][level:component]infrastructure management [test_id:3152]should fail if KV object already exists" classname="Tests Suite" time="0">
          <skipped></skipped>
      </testcase>
      <testcase name="[Serial][sig-operator]Operator [rfe_id:2291][crit:high][vendor:cnv-qe@redhat.com][level:component]infrastructure management [test_id:4612]should create non-namespaces resources without owner references" classname="Tests Suite" time="0">
          <skipped></skipped>
      </testcase>
      <testcase name="[Serial][sig-operator]Operator [rfe_id:2291][crit:high][vendor:cnv-qe@redhat.com][level:component]infrastructure management [test_id:4613]should remove owner references on non-namespaces resources when updating a resource" classname="Tests Suite" time="0">
          <skipped></skipped>
      </testcase>
      <testcase name="[Serial][sig-operator]Operator [rfe_id:2291][crit:high][vendor:cnv-qe@redhat.com][level:component]infrastructure management [test_id:5010]should be able to update product related labels of kubevirt install" classname="Tests Suite" time="0">
          <skipped></skipped>
      </testcase>
      <testcase name="[Serial][sig-operator]Operator [rfe_id:2291][crit:high][vendor:cnv-qe@redhat.com][level:component]infrastructure management [rfe_id:2897][crit:medium][vendor:cnv-qe@redhat.com][level:component]With OpenShift cluster [test_id:2910]Should have kubevirt SCCs created" classname="Tests Suite" time="0">
          <skipped></skipped>
      </testcase>
      <testcase name="[Serial][sig-operator]Operator [rfe_id:2897][crit:medium][vendor:cnv-qe@redhat.com][level:component]With ServiceMonitor Disabled [test_id:3154]Should not create RBAC Role or RoleBinding for ServiceMonitor" classname="Tests Suite" time="0">
          <skipped></skipped>
      </testcase>
      <testcase name="[Serial][sig-operator]Operator With PrometheusRule Enabled [test_id:4614]Checks if the kubevirt PrometheusRule cr exists and verify it&#39;s spec" classname="Tests Suite" time="0">
          <skipped></skipped>
      </testcase>
      <testcase name="[Serial][sig-operator]Operator With PrometheusRule Disabled [test_id:4615]Checks that we do not deploy a PrometheusRule cr when not needed" classname="Tests Suite" time="0">
          <skipped></skipped>
      </testcase>
      <testcase name="[Serial][sig-operator]Operator [rfe_id:2937][crit:medium][vendor:cnv-qe@redhat.com][level:component]With ServiceMonitor Enabled [test_id:2936]Should allow Prometheus to scrape KubeVirt endpoints" classname="Tests Suite" time="0">
          <skipped></skipped>
      </testcase>
      <testcase name="[Serial][sig-operator]Operator [rfe_id:2937][crit:medium][vendor:cnv-qe@redhat.com][level:component]With ServiceMonitor Enabled [test_id:4616]Should patch our namespace labels with openshift.io/cluster-monitoring=true" classname="Tests Suite" time="0">
          <skipped></skipped>
      </testcase>
      <testcase name="[Serial][sig-operator]Operator [test_id:4617]should adopt previously unmanaged entities by updating its metadata" classname="Tests Suite" time="0">
          <skipped></skipped>
      </testcase>
      <testcase name="[Serial][sig-operator]Operator [rfe_id:4356]Node Placement [test_id:4927]should dynamically update infra config" classname="Tests Suite" time="0">
          <skipped></skipped>
      </testcase>
      <testcase name="[Serial][sig-operator]Operator [rfe_id:4356]Node Placement [test_id:4928]should dynamically update workloads config" classname="Tests Suite" time="0">
          <skipped></skipped>
      </testcase>
      <testcase name="[Serial][sig-operator]Operator [rfe_id:4356]Node Placement should reject infra placement configuration with incorrect toleration operator" classname="Tests Suite" time="0">
          <skipped></skipped>
      </testcase>
      <testcase name="[Serial][sig-operator]Operator [rfe_id:4356]Node Placement should reject workload placement configuration with incorrect toleraion operator" classname="Tests Suite" time="0">
          <skipped></skipped>
      </testcase>
      <testcase name="[Serial][sig-operator]Operator [rfe_id:4356]Node Placement [test_id:8235]should check if kubevirt components have linux node selector" classname="Tests Suite" time="0">
          <skipped></skipped>
      </testcase>
      <testcase name="[Serial][sig-operator]Operator Replicas should fail to set replicas to 0" classname="Tests Suite" time="0">
          <skipped></skipped>
      </testcase>
      <testcase name="[Serial][sig-operator]Operator Replicas should dynamically adjust virt- pod count and PDBs" classname="Tests Suite" time="0">
          <skipped></skipped>
      </testcase>
      <testcase name="[Serial][sig-operator]Operator Replicas should update new single-replica CRs with a finalizer and be stable" classname="Tests Suite" time="0">
          <skipped></skipped>
      </testcase>
      <testcase name="[Serial][sig-operator]Operator Certificate Rotation [test_id:6257]should accept valid cert rotation parameters" classname="Tests Suite" time="0">
          <skipped></skipped>
      </testcase>
      <testcase name="[Serial][sig-operator]Operator Certificate Rotation [test_id:6258]should reject combining deprecated and new cert rotation parameters" classname="Tests Suite" time="0">
          <skipped></skipped>
      </testcase>
      <testcase name="[Serial][sig-operator]Operator Certificate Rotation [test_id:6259]should reject CA expires before rotation" classname="Tests Suite" time="0">
          <skipped></skipped>
      </testcase>
      <testcase name="[Serial][sig-operator]Operator Certificate Rotation [test_id:6260]should reject Cert expires before rotation" classname="Tests Suite" time="0">
          <skipped></skipped>
      </testcase>
      <testcase name="[Serial][sig-operator]Operator Certificate Rotation [test_id:6261]should reject Cert rotates after CA expires" classname="Tests Suite" time="0">
          <skipped></skipped>
      </testcase>
      <testcase name="[Serial][sig-operator]Operator with VMExport feature gate toggled should delete and recreate virt-exportproxy" classname="Tests Suite" time="0">
          <skipped></skipped>
      </testcase>
      <testcase name="[Serial][sig-operator]Operator [Serial] Seccomp configuration Kubevirt profile should install Kubevirt policy" classname="Tests Suite" time="0">
          <skipped></skipped>
      </testcase>
      <testcase name="[Serial][sig-operator]Operator [Serial] Seccomp configuration Kubevirt profile should not install Kubevirt policy" classname="Tests Suite" time="0">
          <skipped></skipped>
      </testcase>
      <testcase name="[Serial][sig-operator]Operator [Serial] Seccomp configuration VirtualMachineInstance Profile with VirtualMachineInstance Profile set to default should not set profile" classname="Tests Suite" time="0">
          <skipped></skipped>
      </testcase>
      <testcase name="[Serial][sig-operator]Operator [Serial] Seccomp configuration VirtualMachineInstance Profile with VirtualMachineInstance Profile set to custom should use localhost" classname="Tests Suite" time="0">
          <skipped></skipped>
      </testcase>
      <testcase name="[Serial][sig-operator]Operator [Serial] Deployment of common-instancetypes Should deploy common-instancetypes according to KubeVirt configurable" classname="Tests Suite" time="0">
          <skipped></skipped>
      </testcase>
      <testcase name="[Serial][sig-operator]Operator [Serial] Deployment of common-instancetypes Should take ownership of instancetypes and preferences" classname="Tests Suite" time="0">
          <skipped></skipped>
      </testcase>
      <testcase name="[Serial][sig-operator]Operator [Serial] Deployment of common-instancetypes Should delete resources not in install strategy with instancetypes and preferences" classname="Tests Suite" time="0">
          <skipped></skipped>
      </testcase>
      <testcase name="[Serial][sig-operator]Operator [Serial] Deployment of common-instancetypes Should revert changes to instancetypes and preferences" classname="Tests Suite" time="0">
          <skipped></skipped>
      </testcase>
      <testcase name="[sig-compute]VM Tolerations Updating VMs tolerations should successfully live update tolerations" classname="Tests Suite" time="0">
          <skipped></skipped>
      </testcase>
      <testcase name="[rfe_id:1177][crit:medium][vendor:cnv-qe@redhat.com][level:component][sig-compute]VirtualMachine [Serial] when node becomes unhealthy [Serial] the VMs running in that node should be respawned" classname="Tests Suite" time="0">
          <skipped></skipped>
      </testcase>
      <testcase name="[sig-storage] [Serial]SCSI persistent reservation Use LUN disk with presistent reservation Should successfully start a VM with persistent reservation" classname="Tests Suite" time="0">
          <skipped></skipped>
      </testcase>
      <testcase name="[sig-storage] [Serial]SCSI persistent reservation Use LUN disk with presistent reservation Should successfully start 2 VMs with persistent reservation on the same LUN" classname="Tests Suite" time="0">
          <skipped></skipped>
      </testcase>
      <testcase name="[sig-storage] [Serial]SCSI persistent reservation with PersistentReservation feature gate toggled should delete and recreate virt-handler" classname="Tests Suite" time="0">
          <skipped></skipped>
      </testcase>
      <testcase name="[Serial][sig-operator]virt-handler canary upgrade should successfully upgrade virt-handler" classname="Tests Suite" time="0">
          <skipped></skipped>
      </testcase>
      <testcase name="[rfe_id:393][crit:high][vendor:cnv-qe@redhat.com][level:system][sig-compute] VM Post Copy Live Migration Starting a VirtualMachineInstance  migration postcopy should migrate using for postcopy [test_id:4747] using [Serial] Kubevirt CR" classname="Tests Suite" time="172.347125784"></testcase>
      <testcase name="[rfe_id:393][crit:high][vendor:cnv-qe@redhat.com][level:system][sig-compute] VM Post Copy Live Migration Starting a VirtualMachineInstance  migration postcopy should migrate using for postcopy [Serial] and fail should make sure that VM restarts after failure" classname="Tests Suite" time="233.138654885"></testcase>
      <testcase name="[rfe_id:273][crit:high][arm64][vendor:cnv-qe@redhat.com][level:component][sig-compute]VMIlifecycle when virt-handler is deleted [Serial][test_id:4716]should label the node with kubevirt.io/schedulable=false" classname="Tests Suite" time="0">
          <skipped></skipped>
      </testcase>
      <testcase name="[rfe_id:273][crit:high][arm64][vendor:cnv-qe@redhat.com][level:component][sig-compute]VMIlifecycle [rfe_id:273][crit:high][vendor:cnv-qe@redhat.com][level:component]Creating a VirtualMachineInstance when virt-launcher crashes [Serial][test_id:1631]should be stopped and have Failed phase" classname="Tests Suite" time="0">
          <skipped></skipped>
      </testcase>
      <testcase name="[rfe_id:273][crit:high][arm64][vendor:cnv-qe@redhat.com][level:component][sig-compute]VMIlifecycle [rfe_id:273][crit:high][vendor:cnv-qe@redhat.com][level:component]Creating a VirtualMachineInstance [Serial]when virt-handler crashes [test_id:1632]should recover and continue management" classname="Tests Suite" time="0">
          <skipped></skipped>
      </testcase>
      <testcase name="[rfe_id:273][crit:high][arm64][vendor:cnv-qe@redhat.com][level:component][sig-compute]VMIlifecycle [rfe_id:273][crit:high][vendor:cnv-qe@redhat.com][level:component]Creating a VirtualMachineInstance [Serial]when virt-handler is responsive [test_id:1633]should indicate that a node is ready for vmis" classname="Tests Suite" time="0">
          <skipped></skipped>
      </testcase>
      <testcase name="[rfe_id:273][crit:high][arm64][vendor:cnv-qe@redhat.com][level:component][sig-compute]VMIlifecycle [rfe_id:273][crit:high][vendor:cnv-qe@redhat.com][level:component]Creating a VirtualMachineInstance [Serial]when virt-handler is responsive [test_id:3198]device plugins should re-register if the kubelet restarts" classname="Tests Suite" time="0">
          <skipped></skipped>
      </testcase>
      <testcase name="[rfe_id:273][crit:high][arm64][vendor:cnv-qe@redhat.com][level:component][sig-compute]VMIlifecycle [rfe_id:273][crit:high][vendor:cnv-qe@redhat.com][level:component]Creating a VirtualMachineInstance [Serial]when virt-handler is not responsive [test_id:1634]the node controller should mark the node as unschedulable when the virt-handler heartbeat has timedout" classname="Tests Suite" time="0">
          <skipped></skipped>
      </testcase>
      <testcase name="[rfe_id:273][crit:high][arm64][vendor:cnv-qe@redhat.com][level:component][sig-compute]VMIlifecycle [rfe_id:273][crit:high][vendor:cnv-qe@redhat.com][level:component]Creating a VirtualMachineInstance [Serial]with node tainted [test_id:1635]the vmi with tolerations should be scheduled" classname="Tests Suite" time="0">
          <skipped></skipped>
      </testcase>
      <testcase name="[rfe_id:273][crit:high][arm64][vendor:cnv-qe@redhat.com][level:component][sig-compute]VMIlifecycle [rfe_id:273][crit:high][vendor:cnv-qe@redhat.com][level:component]Creating a VirtualMachineInstance [Serial]with node tainted [test_id:1636]the vmi without tolerations should not be scheduled" classname="Tests Suite" time="0">
          <skipped></skipped>
      </testcase>
      <testcase name="[rfe_id:273][crit:high][arm64][vendor:cnv-qe@redhat.com][level:component][sig-compute]VMIlifecycle [rfe_id:273][crit:high][vendor:cnv-qe@redhat.com][level:component]Creating a VirtualMachineInstance [Serial]with default cpu model [test_id:3199]should set default cpu model when vmi doesn&#39;t have it set" classname="Tests Suite" time="0">
          <skipped></skipped>
      </testcase>
      <testcase name="[rfe_id:273][crit:high][arm64][vendor:cnv-qe@redhat.com][level:component][sig-compute]VMIlifecycle [rfe_id:273][crit:high][vendor:cnv-qe@redhat.com][level:component]Creating a VirtualMachineInstance [Serial]with default cpu model [test_id:3200]should not set default cpu model when vmi has it set" classname="Tests Suite" time="0">
          <skipped></skipped>
      </testcase>
      <testcase name="[rfe_id:273][crit:high][arm64][vendor:cnv-qe@redhat.com][level:component][sig-compute]VMIlifecycle [rfe_id:273][crit:high][vendor:cnv-qe@redhat.com][level:component]Creating a VirtualMachineInstance [Serial]with default cpu model [sig-compute][test_id:3201]should set cpu model to default when vmi does not have it set and default cpu model is not set" classname="Tests Suite" time="0">
          <skipped></skipped>
      </testcase>
      <testcase name="[rfe_id:273][crit:high][arm64][vendor:cnv-qe@redhat.com][level:component][sig-compute]VMIlifecycle [rfe_id:273][crit:high][vendor:cnv-qe@redhat.com][level:component]Creating a VirtualMachineInstance [Serial]with default cpu model should add node selector to virt-launcher when setting default cpuModel in kubevirtCR" classname="Tests Suite" time="0">
          <skipped></skipped>
      </testcase>
      <testcase name="[rfe_id:273][crit:high][arm64][vendor:cnv-qe@redhat.com][level:component][sig-compute]VMIlifecycle [rfe_id:273][crit:high][vendor:cnv-qe@redhat.com][level:component]Creating a VirtualMachineInstance [Serial]with default cpu model should prefer node selector of the vmi if cpuModel field is set in kubevirtCR and in the vmi" classname="Tests Suite" time="0">
          <skipped></skipped>
      </testcase>
      <testcase name="[rfe_id:273][crit:high][arm64][vendor:cnv-qe@redhat.com][level:component][sig-compute]VMIlifecycle [rfe_id:273][crit:high][vendor:cnv-qe@redhat.com][level:component]Creating a VirtualMachineInstance [Serial]with node feature discovery [test_id:1639]the vmi with cpu.model matching a nfd label on a node should be scheduled" classname="Tests Suite" time="0">
          <skipped></skipped>
      </testcase>
      <testcase name="[rfe_id:273][crit:high][arm64][vendor:cnv-qe@redhat.com][level:component][sig-compute]VMIlifecycle [rfe_id:273][crit:high][vendor:cnv-qe@redhat.com][level:component]Creating a VirtualMachineInstance [Serial]with node feature discovery [test_id:1640]the vmi with cpu.model that cannot match an nfd label on node should not be scheduled" classname="Tests Suite" time="0">
          <skipped></skipped>
      </testcase>
      <testcase name="[rfe_id:273][crit:high][arm64][vendor:cnv-qe@redhat.com][level:component][sig-compute]VMIlifecycle [rfe_id:273][crit:high][vendor:cnv-qe@redhat.com][level:component]Creating a VirtualMachineInstance [Serial]with node feature discovery [test_id:3202]the vmi with cpu.features matching nfd labels on a node should be scheduled" classname="Tests Suite" time="0">
          <skipped></skipped>
      </testcase>
      <testcase name="[rfe_id:273][crit:high][arm64][vendor:cnv-qe@redhat.com][level:component][sig-compute]VMIlifecycle [rfe_id:273][crit:high][vendor:cnv-qe@redhat.com][level:component]Creating a VirtualMachineInstance [Serial]with node feature discovery [test_id:3203]the vmi with cpu.features that cannot match nfd labels on a node should not be scheduled" classname="Tests Suite" time="0">
          <skipped></skipped>
      </testcase>
      <testcase name="[rfe_id:273][crit:high][arm64][vendor:cnv-qe@redhat.com][level:component][sig-compute]VMIlifecycle [rfe_id:273][crit:high][vendor:cnv-qe@redhat.com][level:component]Creating a VirtualMachineInstance [Serial]with node feature discovery [test_id:3204]the vmi with cpu.feature policy &#39;forbid&#39; should not be scheduled on a node with that cpu feature label" classname="Tests Suite" time="0">
          <skipped></skipped>
      </testcase>
      <testcase name="[rfe_id:273][crit:high][arm64][vendor:cnv-qe@redhat.com][level:component][sig-compute]VMIlifecycle [Serial][rfe_id:273][crit:high][vendor:cnv-qe@redhat.com][level:component]Killed VirtualMachineInstance [test_id:1656]should be in Failed phase" classname="Tests Suite" time="0">
          <skipped></skipped>
      </testcase>
      <testcase name="[rfe_id:273][crit:high][arm64][vendor:cnv-qe@redhat.com][level:component][sig-compute]VMIlifecycle [Serial][rfe_id:273][crit:high][vendor:cnv-qe@redhat.com][level:component]Killed VirtualMachineInstance [test_id:1657]should be left alone by virt-handler" classname="Tests Suite" time="0">
          <skipped></skipped>
      </testcase>
      <testcase name="[Serial][sig-monitoring]VM Monitoring Cluster VM metrics kubevirt_number_of_vms should reflect the number of VMs" classname="Tests Suite" time="0">
          <skipped></skipped>
      </testcase>
      <testcase name="[Serial][sig-monitoring]VM Monitoring VMI metrics should have kubevirt_vmi_phase_transition_time_seconds buckets correctly configured" classname="Tests Suite" time="0">
          <skipped></skipped>
      </testcase>
      <testcase name="[Serial][sig-monitoring]VM Monitoring VMI metrics should have kubevirt_rest_client_requests_total for the &#39;virtualmachineinstances&#39; resource" classname="Tests Suite" time="0">
          <skipped></skipped>
      </testcase>
      <testcase name="[Serial][sig-monitoring]VM Monitoring VM status metrics Should be available for a running VM" classname="Tests Suite" time="0">
          <skipped></skipped>
      </testcase>
      <testcase name="[Serial][sig-monitoring]VM Monitoring VM status metrics Should be available for a paused VM" classname="Tests Suite" time="0">
          <skipped></skipped>
      </testcase>
      <testcase name="[Serial][sig-monitoring]VM Monitoring VM status metrics Should not be available for a stopped VM" classname="Tests Suite" time="0">
          <skipped></skipped>
      </testcase>
      <testcase name="[Serial][sig-monitoring]VM Monitoring VM migration metrics Should correctly update metrics on successful VMIM" classname="Tests Suite" time="0">
          <skipped></skipped>
      </testcase>
      <testcase name="[Serial][sig-monitoring]VM Monitoring VM migration metrics Should correctly update metrics on failing VMIM" classname="Tests Suite" time="0">
          <skipped></skipped>
      </testcase>
      <testcase name="[Serial][sig-monitoring]VM Monitoring VM snapshot metrics [test_id:8639]Number of disks restored and total restored bytes metric values should be correct" classname="Tests Suite" time="0">
          <skipped></skipped>
      </testcase>
      <testcase name="[Serial][sig-monitoring]VM Monitoring VM snapshot metrics Snapshot succeeded timestamp metric values should be correct" classname="Tests Suite" time="0">
          <skipped></skipped>
      </testcase>
      <testcase name="[Serial][sig-monitoring]VM Monitoring VM metrics that are based on the guest agent [test_id:11267]should have kubevirt_vmi_info correctly configured with guest OS labels" classname="Tests Suite" time="0">
          <skipped></skipped>
      </testcase>
      <testcase name="[Serial][sig-monitoring]VM Monitoring Metrics that are based on VMI connections should have kubevirt_vmi_last_api_connection_timestamp_seconds correctly configured" classname="Tests Suite" time="0">
          <skipped></skipped>
      </testcase>
      <testcase name="[Serial][sig-monitoring]VM Monitoring VM alerts [QUARANTINE] should fire KubevirtVmHighMemoryUsage alert" classname="Tests Suite" time="0">
          <skipped></skipped>
      </testcase>
      <testcase name="[Serial][sig-monitoring]VM Monitoring VM alerts [test_id:9260] should fire OrphanedVirtualMachineInstances alert" classname="Tests Suite" time="0">
          <skipped></skipped>
      </testcase>
      <testcase name="[Serial][sig-monitoring]VM Monitoring VM alerts should fire VMCannotBeEvicted alert" classname="Tests Suite" time="0">
          <skipped></skipped>
      </testcase>
      <testcase name="[rfe_id:393][crit:high][vendor:cnv-qe@redhat.com][level:system][sig-compute] Live Migration with a live-migrate eviction strategy set [ref_id:2293] with a VMI running with an eviction strategy set [Serial] with node tainted during node drain [test_id:6982]should migrate a VMI only one time" classname="Tests Suite" time="98.197699301"></testcase>
      <testcase name="[rfe_id:393][crit:high][vendor:cnv-qe@redhat.com][level:system][sig-compute] Live Migration with a live-migrate eviction strategy set [ref_id:2293] with a VMI running with an eviction strategy set [Serial] with node tainted during node drain [test_id:2221] should migrate a VMI under load to another node" classname="Tests Suite" time="100.30533505"></testcase>
      <testcase name="[rfe_id:393][crit:high][vendor:cnv-qe@redhat.com][level:system][sig-compute] Live Migration with a live-migrate eviction strategy set [ref_id:2293] with a VMI running with an eviction strategy set [Serial] with node tainted during node drain [test_id:2222] should migrate a VMI when custom taint key is configured" classname="Tests Suite" time="69.719147728"></testcase>
      <testcase name="[rfe_id:393][crit:high][vendor:cnv-qe@redhat.com][level:system][sig-compute] Live Migration with a live-migrate eviction strategy set [ref_id:2293] with a VMI running with an eviction strategy set [Serial] with node tainted during node drain [test_id:2224] should handle mixture of VMs with different eviction strategies." classname="Tests Suite" time="66.479255753"></testcase>
      <testcase name="[rfe_id:393][crit:high][vendor:cnv-qe@redhat.com][level:system][sig-compute] Live Migration with a live-migrate eviction strategy set [Serial]with multiple VMIs with eviction policies set [release-blocker][test_id:3245]should not migrate more than two VMIs at the same time from a node" classname="Tests Suite" time="49.956614072"></testcase>
      <testcase name="[rfe_id:393][crit:high][vendor:cnv-qe@redhat.com][level:system][sig-compute] Live Migration [Serial] with a cluster-wide live-migrate eviction strategy set with a VMI running with no eviction strategy set [test_id:10155]should block the eviction api and migrate" classname="Tests Suite" time="52.732544981"></testcase>
      <testcase name="[rfe_id:393][crit:high][vendor:cnv-qe@redhat.com][level:system][sig-compute] Live Migration [Serial] with a cluster-wide live-migrate eviction strategy set with a VMI running with eviction strategy set to &#39;None&#39; [test_id:10156]The VMI should get evicted" classname="Tests Suite" time="52.565640288"></testcase>
      <testcase name="[Serial][sig-compute]HostDevices with ephemeral disk with emulated PCI devices Should successfully passthrough an emulated PCI device" classname="Tests Suite" time="0">
          <skipped></skipped>
      </testcase>
      <testcase name="[Serial][sig-compute]HostDevices with ephemeral disk with emulated PCI devices Should successfully passthrough 2 emulated PCI devices" classname="Tests Suite" time="0">
          <skipped></skipped>
      </testcase>
      <testcase name="[Serial][sig-compute]Infrastructure virt-handler should enable/disable ksm and add/remove annotation on all the nodes when the selector is empty" classname="Tests Suite" time="0">
          <skipped></skipped>
      </testcase>
      <testcase name="[sig-compute][Serial]Memory Hotplug A VM with memory liveUpdate enabled [test_id:10823]should successfully hotplug memory with a common VM" classname="Tests Suite" time="62.30972177"></testcase>
      <testcase name="[sig-compute][Serial]Memory Hotplug A VM with memory liveUpdate enabled [test_id:10823]should successfully hotplug memory with 2Mi pagesize hugepages VM" classname="Tests Suite" time="0">
          <skipped></skipped>
      </testcase>
      <testcase name="[sig-compute][Serial]Memory Hotplug A VM with memory liveUpdate enabled [test_id:10824]after a hotplug memory and a restart the new memory value should be the base for the VM" classname="Tests Suite" time="83.31133844"></testcase>
      <testcase name="[sig-compute][Serial]Memory Hotplug A VM with memory liveUpdate enabled [test_id:10825]should successfully hotplug Memory and CPU in parallel" classname="Tests Suite" time="61.237890373"></testcase>
      <testcase name="[sig-compute][Serial]Memory Hotplug A VM with memory liveUpdate enabled should successfully hotplug memory when adding guest.memory to a VM" classname="Tests Suite" time="68.39444585"></testcase>
      <testcase name="[sig-compute][Serial]Memory Hotplug A VM with memory liveUpdate enabled should successfully hotplug memory twice" classname="Tests Suite" time="81.164945941"></testcase>
      <testcase name="[sig-compute][Serial]Memory Hotplug A VM with memory liveUpdate enabled should detect a failed memory hotplug" classname="Tests Suite" time="63.260920048"></testcase>
      <testcase name="[sig-compute]VM state with persistent TPM VM option enabled should persist VM state of [test_id:10819]TPM across restart and migration" classname="Tests Suite" time="152.867025252"></testcase>
      <testcase name="[rfe_id:393][crit:high][vendor:cnv-qe@redhat.com][level:system][sig-compute] VM Live Migration Starting a VirtualMachineInstance  with a bridge network interface [test_id:3226]should reject a migration of a vmi with a bridge interface" classname="Tests Suite" time="24.174633829"></testcase>
      <testcase name="[rfe_id:393][crit:high][vendor:cnv-qe@redhat.com][level:system][sig-compute] VM Live Migration Starting a VirtualMachineInstance  with bandwidth limitations [test_id:6968]should apply them and result in different migration durations" classname="Tests Suite" time="165.303525793"></testcase>
      <testcase name="[rfe_id:393][crit:high][vendor:cnv-qe@redhat.com][level:system][sig-compute] VM Live Migration Starting a VirtualMachineInstance  with a Alpine disk should migrate vmi and use Live Migration method with read-only disks" classname="Tests Suite" time="62.744768703"></testcase>
      <testcase name="[rfe_id:393][crit:high][vendor:cnv-qe@redhat.com][level:system][sig-compute] VM Live Migration Starting a VirtualMachineInstance  with a Alpine disk [test_id:6842]should migrate with TSC frequency set" classname="Tests Suite" time="38.813893812"></testcase>
      <testcase name="[rfe_id:393][crit:high][vendor:cnv-qe@redhat.com][level:system][sig-compute] VM Live Migration Starting a VirtualMachineInstance  with a Alpine disk [test_id:1783]should be successfully migrated multiple times with cloud-init disk" classname="Tests Suite" time="99.41888863"></testcase>
      <testcase name="[rfe_id:393][crit:high][vendor:cnv-qe@redhat.com][level:system][sig-compute] VM Live Migration Starting a VirtualMachineInstance  with an pending target pod should automatically cancel pending target pod after a catch all timeout period" classname="Tests Suite" time="153.351694162"></testcase>
      <testcase name="[rfe_id:393][crit:high][vendor:cnv-qe@redhat.com][level:system][sig-compute] VM Live Migration Starting a VirtualMachineInstance  with an Alpine DataVolume [test_id:6974]should reject additional migrations on the same VMI if the first one is not finished" classname="Tests Suite" time="88.772970991"></testcase>
      <testcase name="[rfe_id:393][crit:high][vendor:cnv-qe@redhat.com][level:system][sig-compute] VM Live Migration Starting a VirtualMachineInstance  with a Fedora shared NFS PVC (using nfs ipv4 address), cloud init and service account [test_id:6975] should have guest agent functional after migration" classname="Tests Suite" time="191.861934605">
          <failure type="Failure">tests/migration/migration.go:1174&#xA;Timed out after 180.001s.&#xA;Timed out waiting for VMI testvmi-6rwfr to enter [Running] phase(s)&#xA;Expected&#xA;    &lt;v1.VirtualMachineInstancePhase&gt;: Pending&#xA;to be an element of&#xA;    &lt;[]v1.VirtualMachineInstancePhase | len:1, cap:1&gt;: [&#34;Running&#34;]&#xA;tests/libwait/wait.go:76</failure>
          <system-out>W0422 09:56:47.015361  468420 warnings.go:70] metadata.finalizers: &#34;foregroundDeleteVirtualMachine&#34;: prefer a domain-qualified finalizer name to avoid accidental conflicts with other finalizer writers&#xA;skipping pod virt-launcher-testvmi-hwmhf-zj2sd, phase is not Running&#xA;failed to execute command [/bin/bash -c pgrep -f &#34;monitor.*uid ce1c6cc0-716e-4788-95e6-df9bb0a33964&#34;] on virt-handler-67kmm, stdout: , stderr: , error: command terminated with exit code 1skipping vmi kubevirt-test-default2/testvmi-6rwfr: phase is not Running&#xA;skipping vmi kubevirt-test-default2/testvmi-6rwfr: phase is not Running&#xA;&#xA;On failure, artifacts will be collected in /logs/artifacts/k8s-reporter/2/1_*&#xA;Global test cleanup started.&#xA;Global test cleanup ended.&#xA;</system-out>
      </testcase>
      <testcase name="[rfe_id:393][crit:high][vendor:cnv-qe@redhat.com][level:system][sig-compute] VM Live Migration Starting a VirtualMachineInstance  live migration cancelation [sig-compute][test_id:3241]Immediate migration cancellation after migration starts running cancel a migration by deleting vmim object" classname="Tests Suite" time="115.011210308">
          <failure type="Failure">tests/migration/migration.go:2082&#xA;Timed out after 60.000s.&#xA;Expected&#xA;    &lt;bool&gt;: false&#xA;to be true&#xA;tests/migration/migration.go:2110</failure>
          <system-out>W0422 09:59:58.755125  468420 warnings.go:70] metadata.finalizers: &#34;foregroundDeleteVirtualMachine&#34;: prefer a domain-qualified finalizer name to avoid accidental conflicts with other finalizer writers&#xA;skipping pod virt-launcher-testvmi-97w8k-5rk74, phase is not Running&#xA;skipping pod virt-launcher-testvmi-h9s5h-r9gbk, phase is not Running&#xA;failed to execute command [/bin/bash -c pgrep -f &#34;monitor.*uid fd28b197-0c42-4159-a168-f6dde8626e47&#34;] on virt-handler-vz8lb, stdout: , stderr: , error: command terminated with exit code 1&#xA;{&#34;[namespace kubevirt-test-default2 name testvmi-97w8k kind VirtualMachineInstance uid fd28b197-0c42-4159-a168-f6dde8626e47]&#34;:&#34;(MISSING)&#34;,&#34;component&#34;:&#34;tests&#34;,&#34;level&#34;:&#34;info&#34;,&#34;msg&#34;:&#34;Event(v1.ObjectReference{Kind:\&#34;VirtualMachineInstance\&#34;, Namespace:\&#34;kubevirt-test-default2\&#34;, Name:\&#34;testvmi-97w8k\&#34;, UID:\&#34;fd28b197-0c42-4159-a168-f6dde8626e47\&#34;, APIVersion:\&#34;kubevirt.io/v1\&#34;, ResourceVersion:\&#34;20987\&#34;, FieldPath:\&#34;\&#34;}): type: &#39;Normal&#39; reason: &#39;SuccessfulCreate&#39; Created virtual machine pod virt-launcher-testvmi-97w8k-jxz6d&#34;,&#34;pos&#34;:&#34;watcher.go:150&#34;,&#34;timestamp&#34;:&#34;2025-04-22T09:59:58.788925Z&#34;}&#xA;{&#34;[namespace kubevirt-test-default2 name testvmi-97w8k kind VirtualMachineInstance uid fd28b197-0c42-4159-a168-f6dde8626e47]&#34;:&#34;(MISSING)&#34;,&#34;component&#34;:&#34;tests&#34;,&#34;level&#34;:&#34;info&#34;,&#34;msg&#34;:&#34;Event(v1.ObjectReference{Kind:\&#34;VirtualMachineInstance\&#34;, Namespace:\&#34;kubevirt-test-default2\&#34;, Name:\&#34;testvmi-97w8k\&#34;, UID:\&#34;fd28b197-0c42-4159-a168-f6dde8626e47\&#34;, APIVersion:\&#34;kubevirt.io/v1\&#34;, ResourceVersion:\&#34;21098\&#34;, FieldPath:\&#34;\&#34;}): type: &#39;Normal&#39; reason: &#39;Created&#39; VirtualMachineInstance defined.&#34;,&#34;pos&#34;:&#34;watcher.go:150&#34;,&#34;timestamp&#34;:&#34;2025-04-22T10:00:09.251539Z&#34;}&#xA;{&#34;[namespace kubevirt-test-default2 name testvmi-97w8k kind VirtualMachineInstance uid fd28b197-0c42-4159-a168-f6dde8626e47]&#34;:&#34;(MISSING)&#34;,&#34;component&#34;:&#34;tests&#34;,&#34;level&#34;:&#34;info&#34;,&#34;msg&#34;:&#34;Event(v1.ObjectReference{Kind:\&#34;VirtualMachineInstance\&#34;, Namespace:\&#34;kubevirt-test-default2\&#34;, Name:\&#34;testvmi-97w8k\&#34;, UID:\&#34;fd28b197-0c42-4159-a168-f6dde8626e47\&#34;, APIVersion:\&#34;kubevirt.io/v1\&#34;, ResourceVersion:\&#34;21133\&#34;, FieldPath:\&#34;\&#34;}): type: &#39;Normal&#39; reason: &#39;Started&#39; VirtualMachineInstance started.&#34;,&#34;pos&#34;:&#34;watcher.go:150&#34;,&#34;timestamp&#34;:&#34;2025-04-22T10:00:09.481708Z&#34;}&#xA;On failure, artifacts will be collected in /logs/artifacts/k8s-reporter/2/2_*&#xA;�[34mSent:�[39m &#34;\n&#34;&#xA;�[34mSent:�[39m &#34;\n&#34;&#xA;�[34mSent:�[39m &#34;\n&#34;&#xA;�[34mSent:�[39m &#34;\n&#34;&#xA;�[32mMatch for RE:�[39m &#34;(localhost|fedora|testvmi-97w8k|testvmi-97w8k) login: &#34; found: [&#34;testvmi-97w8k login: &#34; &#34;testvmi-97w8k&#34;] Buffer: &#xD;&#xD;&#xA;testvmi-97w8k login: &#xA;�[34mSent:�[39m &#34;fedora\n&#34;&#xA;�[32mMatch for RE:�[39m &#34;(localhost|fedora|testvmi-97w8k|testvmi-97w8k) login: &#34; found: [&#34;testvmi-97w8k login: &#34; &#34;testvmi-97w8k&#34;] Buffer: &#xD;&#xD;&#xA;testvmi-97w8k login: &#xA;�[34mSent:�[39m &#34;fedora\n&#34;&#xA;�[32mMatch for RE:�[39m &#34;Password:&#34; found: [&#34;Password:&#34;] Buffer: fedora&#xD;&#xD;&#xA;Password:&#xA;�[34mSent:�[39m &#34;fedora\n&#34;&#xA;�[32mMatch for RE:�[39m &#34;(\\[fedora@(localhost|fedora|testvmi-97w8k|testvmi-97w8k) ~\\]\\$ |\\[root@(localhost|fedora|testvmi-97w8k|testvmi-97w8k) fedora\\]\\# )&#34; found: [&#34;[fedora@testvmi-97w8k ~]$ &#34; &#34;[fedora@testvmi-97w8k ~]$ &#34; &#34;testvmi-97w8k&#34; &#34;&#34;] Buffer:  &#xD;&#xA;[fedora@testvmi-97w8k ~]$ &#xA;�[34mSent:�[39m &#34;sudo su\n&#34;&#xA;�[32mMatch for RE:�[39m &#34;(\\$ |\\# )&#34; found: [&#34;# &#34; &#34;# &#34;] Buffer: sudo su&#xD;&#xA;[root@testvmi-97w8k fedora]# &#xA;�[34mSent:�[39m &#34;stty cols 500 rows 500\n&#34;&#xA;�[32mMatch for RE:�[39m &#34;(\\$ |\\# )&#34; found: [&#34;# &#34; &#34;# &#34;] Buffer: stty cols 500 rows 500&#xD;&#xA;[root@testvmi-97w8k fedora]# &#xA;�[34mSent:�[39m &#34;echo $?\n&#34;&#xA;�[32mMatch for RE:�[39m &#34;\n0\r\n.*(\\$ |\\# )&#34; found: [&#34;\n0\r\n[root@testvmi-97w8k fedora]# &#34; &#34;# &#34;] Buffer: echo $?&#xD;&#xA;0&#xD;&#xA;[root@testvmi-97w8k fedora]# &#xA;�[34mSent:�[39m &#34;dmesg -n 1\n&#34;&#xA;�[32mMatch for RE:�[39m &#34;(\\$ |\\# )&#34; found: [&#34;# &#34; &#34;# &#34;] Buffer: dmesg -n 1&#xD;&#xA;[root@testvmi-97w8k fedora]# &#xA;�[34mSent:�[39m &#34;echo $?\n&#34;&#xA;�[32mMatch for RE:�[39m &#34;\n0\r\n.*(\\$ |\\# )&#34; found: [&#34;\n0\r\n[root@testvmi-97w8k fedora]# &#34; &#34;# &#34;] Buffer: echo $?&#xD;&#xA;0&#xD;&#xA;[root@testvmi-97w8k fedora]# &#xA;�[34mSent:�[39m &#34;ip address\n&#34;&#xA;�[32mMatch for RE:�[39m &#34;ip address((?s).*)(\\$ |\\# )&#34; found: [&#34;ip address\r\n1: lo: &lt;LOOPBACK,UP,LOWER_UP&gt; mtu 65536 qdisc noqueue state UNKNOWN group default qlen 1000\r\n    link/loopback 00:00:00:00:00:00 brd 00:00:00:00:00:00\r\n    inet 127.0.0.1/8 scope host lo\r\n       valid_lft forever preferred_lft forever\r\n    inet6 ::1/128 scope host \r\n       valid_lft forever preferred_lft forever\r\n2: eth0: &lt;BROADCAST,MULTICAST,UP,LOWER_UP&gt; mtu 1480 qdisc fq_codel state UP group default qlen 1000\r\n    link/ether 7e:ae:1d:3b:4d:d4 brd ff:ff:ff:ff:ff:ff\r\n    altname enp1s0\r\n    inet 10.0.2.2/24 brd 10.0.2.255 scope global dynamic noprefixroute eth0\r\n       valid_lft 86313553sec preferred_lft 86313553sec\r\n    inet6 fd10:0:2::2/120 scope global noprefixroute \r\n       valid_lft forever preferred_lft forever\r\n    inet6 fe80::7cae:1dff:fe3b:4dd4/64 scope link noprefixroute \r\n       valid_lft forever preferred_lft forever\r\n[root@testvmi-97w8k fedora]# &#34; &#34;\r\n1: lo: &lt;LOOPBACK,UP,LOWER_UP&gt; mtu 65536 qdisc noqueue state UNKNOWN group default qlen 1000\r\n    link/loopback 00:00:00:00:00:00 brd 00:00:00:00:00:00\r\n    inet 127.0.0.1/8 scope host lo\r\n       valid_lft forever preferred_lft forever\r\n    inet6 ::1/128 scope host \r\n       valid_lft forever preferred_lft forever\r\n2: eth0: &lt;BROADCAST,MULTICAST,UP,LOWER_UP&gt; mtu 1480 qdisc fq_codel state UP group default qlen 1000\r\n    link/ether 7e:ae:1d:3b:4d:d4 brd ff:ff:ff:ff:ff:ff\r\n    altname enp1s0\r\n    inet 10.0.2.2/24 brd 10.0.2.255 scope global dynamic noprefixroute eth0\r\n       valid_lft 86313553sec preferred_lft 86313553sec\r\n    inet6 fd10:0:2::2/120 scope global noprefixroute \r\n       valid_lft forever preferred_lft forever\r\n    inet6 fe80::7cae:1dff:fe3b:4dd4/64 scope link noprefixroute \r\n       valid_lft forever preferred_lft forever\r\n[root@testvmi-97w8k fedora]&#34; &#34;# &#34;] Buffer: ip address&#xD;&#xA;1: lo: &lt;LOOPBACK,UP,LOWER_UP&gt; mtu 65536 qdisc noqueue state UNKNOWN group default qlen 1000&#xD;&#xA;    link/loopback 00:00:00:00:00:00 brd 00:00:00:00:00:00&#xD;&#xA;    inet 127.0.0.1/8 scope host lo&#xD;&#xA;       valid_lft forever preferred_lft forever&#xD;&#xA;    inet6 ::1/128 scope host &#xD;&#xA;       valid_lft forever preferred_lft forever&#xD;&#xA;2: eth0: &lt;BROADCAST,MULTICAST,UP,LOWER_UP&gt; mtu 1480 qdisc fq_codel state UP group default qlen 1000&#xD;&#xA;    link/ether 7e:ae:1d:3b:4d:d4 brd ff:ff:ff:ff:ff:ff&#xD;&#xA;    altname enp1s0&#xD;&#xA;    inet 10.0.2.2/24 brd 10.0.2.255 scope global dynamic noprefixroute eth0&#xD;&#xA;       valid_lft 86313553sec preferred_lft 86313553sec&#xD;&#xA;    inet6 fd10:0:2::2/120 scope global noprefixroute &#xD;&#xA;       valid_lft forever preferred_lft forever&#xD;&#xA;    inet6 fe80::7cae:1dff:fe3b:4dd4/64 scope link noprefixroute &#xD;&#xA;       valid_lft forever preferred_lft forever&#xD;&#xA;[root@testvmi-97w8k fedora]# &#xA;�[34mSent:�[39m &#34;echo $?\n&#34;&#xA;�[32mMatch for RE:�[39m &#34;echo \\$\\?((?s).*)\n0\r\n.*(\\$ |\\# )&#34; found: [&#34;echo $?\r\n0\r\n[root@testvmi-97w8k fedora]# &#34; &#34;\r&#34; &#34;# &#34;] Buffer: echo $?&#xD;&#xA;0&#xD;&#xA;[root@testvmi-97w8k fedora]# &#xA;�[34mSent:�[39m &#34;ip link\n&#34;&#xA;�[32mMatch for RE:�[39m &#34;ip link((?s).*)(\\$ |\\# )&#34; found: [&#34;ip link\r\n1: lo: &lt;LOOPBACK,UP,LOWER_UP&gt; mtu 65536 qdisc noqueue state UNKNOWN mode DEFAULT group default qlen 1000\r\n    link/loopback 00:00:00:00:00:00 brd 00:00:00:00:00:00\r\n2: eth0: &lt;BROADCAST,MULTICAST,UP,LOWER_UP&gt; mtu 1480 qdisc fq_codel state UP mode DEFAULT group default qlen 1000\r\n    link/ether 7e:ae:1d:3b:4d:d4 brd ff:ff:ff:ff:ff:ff\r\n    altname enp1s0\r\n[root@testvmi-97w8k fedora]# &#34; &#34;\r\n1: lo: &lt;LOOPBACK,UP,LOWER_UP&gt; mtu 65536 qdisc noqueue state UNKNOWN mode DEFAULT group default qlen 1000\r\n    link/loopback 00:00:00:00:00:00 brd 00:00:00:00:00:00\r\n2: eth0: &lt;BROADCAST,MULTICAST,UP,LOWER_UP&gt; mtu 1480 qdisc fq_codel state UP mode DEFAULT group default qlen 1000\r\n    link/ether 7e:ae:1d:3b:4d:d4 brd ff:ff:ff:ff:ff:ff\r\n    altname enp1s0\r\n[root@testvmi-97w8k fedora]&#34; &#34;# &#34;] Buffer: ip link&#xD;&#xA;1: lo: &lt;LOOPBACK,UP,LOWER_UP&gt; mtu 65536 qdisc noqueue state UNKNOWN mode DEFAULT group default qlen 1000&#xD;&#xA;    link/loopback 00:00:00:00:00:00 brd 00:00:00:00:00:00&#xD;&#xA;2: eth0: &lt;BROADCAST,MULTICAST,UP,LOWER_UP&gt; mtu 1480 qdisc fq_codel state UP mode DEFAULT group default qlen 1000&#xD;&#xA;    link/ether 7e:ae:1d:3b:4d:d4 brd ff:ff:ff:ff:ff:ff&#xD;&#xA;    altname enp1s0&#xD;&#xA;[root@testvmi-97w8k fedora]# &#xA;�[34mSent:�[39m &#34;echo $?\n&#34;&#xA;�[32mMatch for RE:�[39m &#34;echo \\$\\?((?s).*)\n0\r\n.*(\\$ |\\# )&#34; found: [&#34;echo $?\r\n0\r\n[root@testvmi-97w8k fedora]# &#34; &#34;\r&#34; &#34;# &#34;] Buffer: echo $?&#xD;&#xA;0&#xD;&#xA;[root@testvmi-97w8k fedora]# &#xA;�[34mSent:�[39m &#34;ip route show table all\n&#34;&#xA;�[32mMatch for RE:�[39m &#34;ip route show table all((?s).*)(\\$ |\\# )&#34; found: [&#34;ip route show table all\r\ndefault via 10.0.2.1 dev eth0 proto dhcp metric 100 \r\n10.0.2.0/24 dev eth0 proto kernel scope link src 10.0.2.2 metric 100 \r\nlocal 10.0.2.2 dev eth0 table local proto kernel scope host src 10.0.2.2 \r\nbroadcast 10.0.2.255 dev eth0 table local proto kernel scope link src 10.0.2.2 \r\nlocal 127.0.0.0/8 dev lo table local proto kernel scope host src 127.0.0.1 \r\nlocal 127.0.0.1 dev lo table local proto kernel scope host src 127.0.0.1 \r\nbroadcast 127.255.255.255 dev lo table local proto kernel scope link src 127.0.0.1 \r\n::1 dev lo proto kernel metric 256 pref medium\r\nfd10:0:2::/120 dev eth0 proto kernel metric 100 pref medium\r\nfe80::/64 dev eth0 proto kernel metric 100 pref medium\r\ndefault via fd10:0:2::1 dev eth0 proto static metric 100 pref medium\r\nlocal ::1 dev lo table local proto kernel metric 0 pref medium\r\nlocal fd10:0:2::2 dev eth0 table local proto kernel metric 0 pref medium\r\nlocal fe80::7cae:1dff:fe3b:4dd4 dev eth0 table local proto kernel metric 0 pref medium\r\nmulticast ff00::/8 dev eth0 table local proto kernel metric 256 pref medium\r\n[root@testvmi-97w8k fedora]# &#34; &#34;\r\ndefault via 10.0.2.1 dev eth0 proto dhcp metric 100 \r\n10.0.2.0/24 dev eth0 proto kernel scope link src 10.0.2.2 metric 100 \r\nlocal 10.0.2.2 dev eth0 table local proto kernel scope host src 10.0.2.2 \r\nbroadcast 10.0.2.255 dev eth0 table local proto kernel scope link src 10.0.2.2 \r\nlocal 127.0.0.0/8 dev lo table local proto kernel scope host src 127.0.0.1 \r\nlocal 127.0.0.1 dev lo table local proto kernel scope host src 127.0.0.1 \r\nbroadcast 127.255.255.255 dev lo table local proto kernel scope link src 127.0.0.1 \r\n::1 dev lo proto kernel metric 256 pref medium\r\nfd10:0:2::/120 dev eth0 proto kernel metric 100 pref medium\r\nfe80::/64 dev eth0 proto kernel metric 100 pref medium\r\ndefault via fd10:0:2::1 dev eth0 proto static metric 100 pref medium\r\nlocal ::1 dev lo table local proto kernel metric 0 pref medium\r\nlocal fd10:0:2::2 dev eth0 table local proto kernel metric 0 pref medium\r\nlocal fe80::7cae:1dff:fe3b:4dd4 dev eth0 table local proto kernel metric 0 pref medium\r\nmulticast ff00::/8 dev eth0 table local proto kernel metric 256 pref medium\r\n[root@testvmi-97w8k fedora]&#34; &#34;# &#34;] Buffer: ip route show table all&#xD;&#xA;default via 10.0.2.1 dev eth0 proto dhcp metric 100 &#xD;&#xA;10.0.2.0/24 dev eth0 proto kernel scope link src 10.0.2.2 metric 100 &#xD;&#xA;local 10.0.2.2 dev eth0 table local proto kernel scope host src 10.0.2.2 &#xD;&#xA;broadcast 10.0.2.255 dev eth0 table local proto kernel scope link src 10.0.2.2 &#xD;&#xA;local 127.0.0.0/8 dev lo table local proto kernel scope host src 127.0.0.1 &#xD;&#xA;local 127.0.0.1 dev lo table local proto kernel scope host src 127.0.0.1 &#xD;&#xA;broadcast 127.255.255.255 dev lo table local proto kernel scope link src 127.0.0.1 &#xD;&#xA;::1 dev lo proto kernel metric 256 pref medium&#xD;&#xA;fd10:0:2::/120 dev eth0 proto kernel metric 100 pref medium&#xD;&#xA;fe80::/64 dev eth0 proto kernel metric 100 pref medium&#xD;&#xA;default via fd10:0:2::1 dev eth0 proto static metric 100 pref medium&#xD;&#xA;local ::1 dev lo table local proto kernel metric 0 pref medium&#xD;&#xA;local fd10:0:2::2 dev eth0 table local proto kernel metric 0 pref medium&#xD;&#xA;local fe80::7cae:1dff:fe3b:4dd4 dev eth0 table local proto kernel metric 0 pref medium&#xD;&#xA;multicast ff00::/8 dev eth0 table local proto kernel metric 256 pref medium&#xD;&#xA;[root@testvmi-97w8k fedora]# &#xA;�[34mSent:�[39m &#34;echo $?\n&#34;&#xA;�[32mMatch for RE:�[39m &#34;echo \\$\\?((?s).*)\n0\r\n.*(\\$ |\\# )&#34; found: [&#34;echo $?\r\n0\r\n[root@testvmi-97w8k fedora]# &#34; &#34;\r&#34; &#34;# &#34;] Buffer: echo $?&#xD;&#xA;0&#xD;&#xA;[root@testvmi-97w8k fedora]# &#xA;�[34mSent:�[39m &#34;dmesg\n&#34;&#xA;�[32mMatch for RE:�[39m &#34;dmesg((?s).*)(\\$ |\\# )&#34; found: [&#34;dmesg\r\n[    0.000000] Linux version 5.14.10-300.fc35.x86_64 (mockbuild@bkernel01.iad2.fedoraproject.org) (gcc (GCC) 11.2.1 20210728 (Red Hat 11.2.1-1), GNU ld version 2.37-10.fc35) #1 SMP Thu Oct 7 20:48:44 UTC 2021\r\n[    0.000000] Command line: BOOT_IMAGE=(hd0,gpt2)/vmlinuz-5.14.10-300.fc35.x86_64 root=UUID=437a4991-d1ba-4577-b624-48a51910a100 ro rootflags=subvol=root no_timer_check net.ifnames=0 console=tty1 console=ttyS0,115200n8\r\n[    0.000000] x86/split lock detection: #DB: warning on user-space bus_locks\r\n[    0.000000] x86/fpu: Supporting XSAVE feature 0x001: &#39;x87 floating point registers&#39;\r\n[    0.000000] x86/fpu: Supporting XSAVE feature 0x002: &#39;SSE registers&#39;\r\n[    0.000000] x86/fpu: Supporting XSAVE feature 0x004: &#39;AVX registers&#39;\r\n[    0.000000] x86/fpu: Supporting XSAVE feature 0x020: &#39;AVX-512 opmask&#39;\r\n[    0.000000] x86/fpu: Supporting XSAVE feature 0x040: &#39;AVX-512 Hi256&#39;\r\n[    0.000000] x86/fpu: Supporting XSAVE feature 0x080: &#39;AVX-512 ZMM_Hi256&#39;\r\n[    0.000000] x86/fpu: Supporting XSAVE feature 0x200: &#39;Protection Keys User registers&#39;\r\n[    0.000000] x86/fpu: xstate_offset[2]:  576, xstate_sizes[2]:  256\r\n[    0.000000] x86/fpu: xstate_offset[5]:  832, xstate_sizes[5]:   64\r\n[    0.000000] x86/fpu: xstate_offset[6]:  896, xstate_sizes[6]:  512\r\n[    0.000000] x86/fpu: xstate_offset[7]: 1408, xstate_sizes[7]: 1024\r\n[    0.000000] x86/fpu: xstate_offset[9]: 2432, xstate_sizes[9]:    8\r\n[    0.000000] x86/fpu: Enabled xstate features 0x2e7, context size is 2440 bytes, using &#39;compacted&#39; format.\r\n[    0.000000] signal: max sigframe size: 3632\r\n[    0.000000] BIOS-provided physical RAM map:\r\n[    0.000000] BIOS-e820: [mem 0x0000000000000000-0x000000000009fbff] usable\r\n[    0.000000] BIOS-e820: [mem 0x000000000009fc00-0x000000000009ffff] reserved\r\n[    0.000000] BIOS-e820: [mem 0x00000000000f0000-0x00000000000fffff] reserved\r\n[    0.000000] BIOS-e820: [mem 0x0000000000100000-0x000000000f4dcfff] usable\r\n[    0.000000] BIOS-e820: [mem 0x000000000f4dd000-0x000000000f4fffff] reserved\r\n[    0.000000] BIOS-e820: [mem 0x00000000b0000000-0x00000000bfffffff] reserved\r\n[    0.000000] BIOS-e820: [mem 0x00000000fed1c000-0x00000000fed1ffff] reserved\r\n[    0.000000] BIOS-e820: [mem 0x00000000feffc000-0x00000000feffffff] reserved\r\n[    0.000000] BIOS-e820: [mem 0x00000000fffc0000-0x00000000ffffffff] reserved\r\n[    0.000000] NX (Execute Disable) protection: active\r\n[    0.000000] SMBIOS 2.8 present.\r\n[    0.000000] DMI: KubeVirt None/RHEL, BIOS 1.16.3-2.el9 04/01/2014\r\n[    0.000000] Hypervisor detected: KVM\r\n[    0.000000] kvm-clock: Using msrs 4b564d01 and 4b564d00\r\n[    0.000000] kvm-clock: cpu 0, msr ac01001, primary cpu clock\r\n[    0.000001] kvm-clock: using sched offset of 7079949313 cycles\r\n[    0.000003] clocksource: kvm-clock: mask: 0xffffffffffffffff max_cycles: 0x1cd42e4dffb, max_idle_ns: 881590591483 ns\r\n[    0.000006] tsc: Detected 2200.000 MHz processor\r\n[    0.000587] e820: update [mem 0x00000000-0x00000fff] usable ==&gt; reserved\r\n[    0.000591] e820: remove [mem 0x000a0000-0x000fffff] usable\r\n[    0.000594] last_pfn = 0xf4dd max_arch_pfn = 0x10000000000\r\n[    0.001868] x86/PAT: Configuration [0-7]: WB  WC  UC- UC  WB  WP  UC- WT  \r\n[    0.005556] found SMP MP-table at [mem 0x000f53f0-0x000f53ff]\r\n[    0.005631] Using GB pages for direct mapping\r\n[    0.005778] RAMDISK: [mem 0x0c5bf000-0x0ddd0fff]\r\n[    0.005783] ACPI: Early table checksum verification disabled\r\n[    0.005785] ACPI: RSDP 0x00000000000F51C0 000014 (v00 BOCHS )\r\n[    0.005789] ACPI: RSDT 0x000000000F4E2A01 000034 (v01 BOCHS  BXPC     00000001 BXPC 00000001)\r\n[    0.005794] ACPI: FACP 0x000000000F4E2831 0000F4 (v03 BOCHS  BXPC     00000001 BXPC 00000001)\r\n[    0.005844] ACPI: DSDT 0x000000000F4E0040 0027F1 (v01 BOCHS  BXPC     00000001 BXPC 00000001)\r\n[    0.005848] ACPI: FACS 0x000000000F4E0000 000040\r\n[    0.005850] ACPI: APIC 0x000000000F4E2925 000078 (v03 BOCHS  BXPC     00000001 BXPC 00000001)\r\n[    0.005853] ACPI: MCFG 0x000000000F4E299D 00003C (v01 BOCHS  BXPC     00000001 BXPC 00000001)\r\n[    0.005855] ACPI: WAET 0x000000000F4E29D9 000028 (v01 BOCHS  BXPC     00000001 BXPC 00000001)\r\n[    0.005857] ACPI: Reserving FACP table memory at [mem 0xf4e2831-0xf4e2924]\r\n[    0.005859] ACPI: Reserving DSDT table memory at [mem 0xf4e0040-0xf4e2830]\r\n[    0.005859] ACPI: Reserving FACS table memory at [mem 0xf4e0000-0xf4e003f]\r\n[    0.005860] ACPI: Reserving APIC table memory at [mem 0xf4e2925-0xf4e299c]\r\n[    0.005861] ACPI: Reserving MCFG table memory at [mem 0xf4e299d-0xf4e29d8]\r\n[    0.005862] ACPI: Reserving WAET table memory at [mem 0xf4e29d9-0xf4e2a00]\r\n[    0.009506] No NUMA configuration found\r\n[    0.009507] Faking a node at [mem 0x0000000000000000-0x000000000f4dcfff]\r\n[    0.009513] NODE_DATA(0) allocated [mem 0x0f4b2000-0x0f4dcfff]\r\n[    0.010482] Zone ranges:\r\n[    0.010485]   DMA      [mem 0x0000000000001000-0x0000000000ffffff]\r\n[    0.010487]   DMA32    [mem 0x0000000001000000-0x000000000f4dcfff]\r\n[    0.010489]   Normal   empty\r\n[    0.010490]   Device   empty\r\n[    0.010491] Movable zone start for each node\r\n[    0.010493] Early memory node ranges\r\n[    0.010493]   node   0: [mem 0x0000000000001000-0x000000000009efff]\r\n[    0.010495]   node   0: [mem 0x0000000000100000-0x000000000f4dcfff]\r\n[    0.010496] Initmem setup node 0 [mem 0x0000000000001000-0x000000000f4dcfff]\r\n[    0.010500] On node 0, zone DMA: 1 pages in unavailable ranges\r\n[    0.010524] On node 0, zone DMA: 97 pages in unavailable ranges\r\n[    0.010816] On node 0, zone DMA32: 2851 pages in unavailable ranges\r\n[    0.032062] ACPI: PM-Timer IO Port: 0x608\r\n[    0.032142] ACPI: LAPIC_NMI (acpi_id[0xff] dfl dfl lint[0x1])\r\n[    0.032539] IOAPIC[0]: apic_id 0, version 17, address 0xfec00000, GSI 0-23\r\n[    0.032542] ACPI: INT_SRC_OVR (bus 0 bus_irq 0 global_irq 2 dfl dfl)\r\n[    0.032544] ACPI: INT_SRC_OVR (bus 0 bus_irq 5 global_irq 5 high level)\r\n[    0.032545] ACPI: INT_SRC_OVR (bus 0 bus_irq 9 global_irq 9 high level)\r\n[    0.032546] ACPI: INT_SRC_OVR (bus 0 bus_irq 10 global_irq 10 high level)\r\n[    0.032547] ACPI: INT_SRC_OVR (bus 0 bus_irq 11 global_irq 11 high level)\r\n[    0.032550] ACPI: Using ACPI (MADT) for SMP configuration information\r\n[    0.032552] TSC deadline timer available\r\n[    0.032553] smpboot: Allowing 1 CPUs, 0 hotplug CPUs\r\n[    0.032779] PM: hibernation: Registered nosave memory: [mem 0x00000000-0x00000fff]\r\n[    0.032781] PM: hibernation: Registered nosave memory: [mem 0x0009f000-0x0009ffff]\r\n[    0.032783] PM: hibernation: Registered nosave memory: [mem 0x000a0000-0x000effff]\r\n[    0.032783] PM: hibernation: Registered nosave memory: [mem 0x000f0000-0x000fffff]\r\n[    0.032785] [mem 0x0f500000-0xafffffff] available for PCI devices\r\n[    0.032786] Booting paravirtualized kernel on KVM\r\n[    0.032789] clocksource: refined-jiffies: mask: 0xffffffff max_cycles: 0xffffffff, max_idle_ns: 1910969940391419 ns\r\n[    0.038388] setup_percpu: NR_CPUS:8192 nr_cpumask_bits:1 nr_cpu_ids:1 nr_node_ids:1\r\n[    0.038622] percpu: Embedded 55 pages/cpu s188416 r8192 d28672 u2097152\r\n[    0.038627] pcpu-alloc: s188416 r8192 d28672 u2097152 alloc=1*2097152\r\n[    0.038629] pcpu-alloc: [0] 0 \r\n[    0.038797] kvm-guest: setup async PF for cpu 0\r\n[    0.038901] kvm-guest: stealtime: cpu 0, msr ec2d080\r\n[    0.038983] kvm-guest: PV spinlocks disabled, single CPU\r\n[    0.038989] Built 1 zonelists, mobility grouping on.  Total pages: 61449\r\n[    0.038990] Policy zone: DMA32\r\n[    0.038991] Kernel command line: BOOT_IMAGE=(hd0,gpt2)/vmlinuz-5.14.10-300.fc35.x86_64 root=UUID=437a4991-d1ba-4577-b624-48a51910a100 ro rootflags=subvol=root no_timer_check net.ifnames=0 console=tty1 console=ttyS0,115200n8\r\n[    0.039063] Unknown command line parameters: BOOT_IMAGE=(hd0,gpt2)/vmlinuz-5.14.10-300.fc35.x86_64\r\n[    0.039093] Dentry cache hash table entries: 32768 (order: 6, 262144 bytes, linear)\r\n[    0.039108] Inode-cache hash table entries: 16384 (order: 5, 131072 bytes, linear)\r\n[    0.039484] mem auto-init: stack:off, heap alloc:off, heap free:off\r\n[    0.041752] Memory: 162540K/250348K available (16393K kernel code, 3531K rwdata, 10388K rodata, 2872K init, 4908K bss, 87604K reserved, 0K cma-reserved)\r\n[    0.041757] random: get_random_u64 called from __kmem_cache_create+0x2a/0x590 with crng_init=0\r\n[    0.041843] SLUB: HWalign=64, Order=0-3, MinObjects=0, CPUs=1, Nodes=1\r\n[    0.041852] ftrace: allocating 46957 entries in 184 pages\r\n[    0.056161] ftrace: allocated 184 pages with 4 groups\r\n[    0.056523] rcu: Hierarchical RCU implementation.\r\n[    0.056525] rcu: \tRCU restricting CPUs from NR_CPUS=8192 to nr_cpu_ids=1.\r\n[    0.056527] \tTrampoline variant of Tasks RCU enabled.\r\n[    0.056528] \tRude variant of Tasks RCU enabled.\r\n[    0.056528] \tTracing variant of Tasks RCU enabled.\r\n[    0.056529] rcu: RCU calculated value of scheduler-enlistment delay is 100 jiffies.\r\n[    0.056530] rcu: Adjusting geometry for rcu_fanout_leaf=16, nr_cpu_ids=1\r\n[    0.060107] NR_IRQS: 524544, nr_irqs: 256, preallocated irqs: 16\r\n[    0.060691] random: crng done (trusting CPU&#39;s manufacturer)\r\n[    0.205233] Console: colour VGA+ 80x25\r\n[    0.651824] printk: console [tty1] enabled\r\n[    1.561632] printk: console [ttyS0] enabled\r\n[    1.569557] ACPI: Core revision 20210604\r\n[    1.577020] APIC: Switch to symmetric I/O mode setup\r\n[    1.589577] x2apic enabled\r\n[    1.598912] Switched APIC routing to physical x2apic.\r\n[    1.623206] clocksource: tsc-early: mask: 0xffffffffffffffff max_cycles: 0x1fb633008a4, max_idle_ns: 440795292230 ns\r\n[    1.641178] Calibrating delay loop (skipped) preset value.. 4400.00 BogoMIPS (lpj=2200000)\r\n[    1.642172] pid_max: default: 32768 minimum: 301\r\n[    1.642172] LSM: Security Framework initializing\r\n[    1.642172] Yama: becoming mindful.\r\n[    1.642172] SELinux:  Initializing.\r\n[    1.642172] LSM support for eBPF active\r\n[    1.642172] landlock: Up and running.\r\n[    1.642172] Mount-cache hash table entries: 512 (order: 0, 4096 bytes, linear)\r\n[    1.642172] Mountpoint-cache hash table entries: 512 (order: 0, 4096 bytes, linear)\r\n[    1.642172] x86/cpu: User Mode Instruction Prevention (UMIP) activated\r\n[    1.642172] Last level iTLB entries: 4KB 0, 2MB 0, 4MB 0\r\n[    1.642172] Last level dTLB entries: 4KB 0, 2MB 0, 4MB 0, 1GB 0\r\n[    1.642172] Spectre V1 : Mitigation: usercopy/swapgs barriers and __user pointer sanitization\r\n[    1.642172] Spectre V2 : Mitigation: Enhanced IBRS\r\n[    1.642172] Spectre V2 : Spectre v2 / SpectreRSB mitigation: Filling RSB on context switch\r\n[    1.642172] Spectre V2 : mitigation: Enabling conditional Indirect Branch Prediction Barrier\r\n[    1.642172] Speculative Store Bypass: Mitigation: Speculative Store Bypass disabled via prctl and seccomp\r\n[    1.642172] TAA: Mitigation: TSX disabled\r\n[    1.642172] Freeing SMP alternatives memory: 44K\r\n[    1.642172] smpboot: CPU0: Intel Xeon Processor (SapphireRapids) (family: 0x6, model: 0x8f, stepping: 0x4)\r\n[    1.642315] Performance Events: unsupported p6 CPU model 143 no PMU driver, software events only.\r\n[    1.643249] rcu: Hierarchical SRCU implementation.\r\n[    1.644523] NMI watchdog: Perf NMI watchdog permanently disabled\r\n[    1.645244] smp: Bringing up secondary CPUs ...\r\n[    1.646199] smp: Brought up 1 node, 1 CPU\r\n[    1.647200] smpboot: Max logical packages: 1\r\n[    1.648200] smpboot: Total of 1 processors activated (4400.00 BogoMIPS)\r\n[    1.650126] devtmpfs: initialized\r\n[    1.650264] x86/mm: Memory block size: 128MB\r\n[    1.651432] clocksource: jiffies: mask: 0xffffffff max_cycles: 0xffffffff, max_idle_ns: 1911260446275000 ns\r\n[    1.652201] futex hash table entries: 256 (order: 2, 16384 bytes, linear)\r\n[    1.653255] pinctrl core: initialized pinctrl subsystem\r\n[    1.655026] PM: RTC time: 10:00:17, date: 2025-04-22\r\n[    1.655311] NET: Registered PF_NETLINK/PF_ROUTE protocol family\r\n[    1.656278] DMA: preallocated 128 KiB GFP_KERNEL pool for atomic allocations\r\n[    1.657199] DMA: preallocated 128 KiB GFP_KERNEL|GFP_DMA pool for atomic allocations\r\n[    1.658198] DMA: preallocated 128 KiB GFP_KERNEL|GFP_DMA32 pool for atomic allocations\r\n[    1.659206] audit: initializing netlink subsys (disabled)\r\n[    1.660382] thermal_sys: Registered thermal governor &#39;fair_share&#39;\r\n[    1.660384] thermal_sys: Registered thermal governor &#39;bang_bang&#39;\r\n[    1.661201] thermal_sys: Registered thermal governor &#39;step_wise&#39;\r\n[    1.662198] thermal_sys: Registered thermal governor &#39;user_space&#39;\r\n[    1.663249] cpuidle: using governor menu\r\n[    1.665205] audit: type=2000 audit(1745316016.379:1): state=initialized audit_enabled=0 res=1\r\n[    1.666366] ACPI: bus type PCI registered\r\n[    1.667198] acpiphp: ACPI Hot Plug PCI Controller Driver version: 0.5\r\n[    1.668903] PCI: MMCONFIG for domain 0000 [bus 00-ff] at [mem 0xb0000000-0xbfffffff] (base 0xb0000000)\r\n[    1.669201] PCI: MMCONFIG at [mem 0xb0000000-0xbfffffff] reserved in E820\r\n[    1.670214] PCI: Using configuration type 1 for base access\r\n[    1.672124] Kprobes globally optimized\r\n[    1.672304] HugeTLB registered 1.00 GiB page size, pre-allocated 0 pages\r\n[    1.673199] HugeTLB registered 2.00 MiB page size, pre-allocated 0 pages\r\n[    1.782328] cryptd: max_cpu_qlen set to 1000\r\n[    1.783932] alg: No test for 842 (842-generic)\r\n[    1.784272] alg: No test for 842 (842-scomp)\r\n[    1.786697] raid6: skip pq benchmark and using algorithm avx512x4\r\n[    1.787199] raid6: using avx512x2 recovery algorithm\r\n[    1.788235] ACPI: Added _OSI(Module Device)\r\n[    1.789197] ACPI: Added _OSI(Processor Device)\r\n[    1.790197] ACPI: Added _OSI(3.0 _SCP Extensions)\r\n[    1.791197] ACPI: Added _OSI(Processor Aggregator Device)\r\n[    1.792202] ACPI: Added _OSI(Linux-Dell-Video)\r\n[    1.793238] ACPI: Added _OSI(Linux-Lenovo-NV-HDMI-Audio)\r\n[    1.794201] ACPI: Added _OSI(Linux-HPI-Hybrid-Graphics)\r\n[    1.795929] ACPI: 1 ACPI AML tables successfully acquired and loaded\r\n[    1.798348] ACPI: Interpreter enabled\r\n[    1.799211] ACPI: PM: (supports S0 S5)\r\n[    1.800204] ACPI: Using IOAPIC for interrupt routing\r\n[    1.801244] PCI: Using host bridge windows from ACPI; if necessary, use \&#34;pci=nocrs\&#34; and report a bug\r\n[    1.802413] ACPI: Enabled 2 GPEs in block 00 to 3F\r\n[    1.806059] ACPI: PCI Root Bridge [PCI0] (domain 0000 [bus 00-ff])\r\n[    1.806200] acpi PNP0A08:00: _OSC: OS supports [ExtendedConfig ASPM ClockPM Segments MSI EDR HPX-Type3]\r\n[    1.807246] acpi PNP0A08:00: _OSC: platform does not support [PCIeHotplug LTR DPC]\r\n[    1.808230] acpi PNP0A08:00: _OSC: OS now controls [SHPCHotplug PME AER PCIeCapability]\r\n[    1.810438] PCI host bridge to bus 0000:00\r\n[    1.811197] pci_bus 0000:00: root bus resource [io  0x0000-0x0cf7 window]\r\n[    1.812197] pci_bus 0000:00: root bus resource [io  0x0d00-0xffff window]\r\n[    1.813197] pci_bus 0000:00: root bus resource [mem 0x000a0000-0x000bffff window]\r\n[    1.814202] pci_bus 0000:00: root bus resource [mem 0x0f500000-0xafffffff window]\r\n[    1.815197] pci_bus 0000:00: root bus resource [mem 0xc0000000-0xfebfffff window]\r\n[    1.816197] pci_bus 0000:00: root bus resource [mem 0x100000000-0x8ffffffff window]\r\n[    1.817197] pci_bus 0000:00: root bus resource [bus 00-ff]\r\n[    1.818541] pci 0000:00:00.0: [8086:29c0] type 00 class 0x060000\r\n[    1.822639] pci 0000:00:01.0: [1234:1111] type 00 class 0x030000\r\n[    1.825271] pci 0000:00:01.0: reg 0x10: [mem 0xfa000000-0xfaffffff pref]\r\n[    1.830259] pci 0000:00:01.0: reg 0x18: [mem 0xfea10000-0xfea10fff]\r\n[    1.839283] pci 0000:00:01.0: reg 0x30: [mem 0xfea00000-0xfea0ffff pref]\r\n[    1.842236] pci 0000:00:02.0: [1b36:000c] type 01 class 0x060400\r\n[    1.845199] pci 0000:00:02.0: reg 0x10: [mem 0xfea11000-0xfea11fff]\r\n[    1.855716] pci 0000:00:02.1: [1b36:000c] type 01 class 0x060400\r\n[    1.858198] pci 0000:00:02.1: reg 0x10: [mem 0xfea12000-0xfea12fff]\r\n[    1.868305] pci 0000:00:02.2: [1b36:000c] type 01 class 0x060400\r\n[    1.871198] pci 0000:00:02.2: reg 0x10: [mem 0xfea13000-0xfea13fff]\r\n[    1.881339] pci 0000:00:02.3: [1b36:000c] type 01 class 0x060400\r\n[    1.884198] pci 0000:00:02.3: reg 0x10: [mem 0xfea14000-0xfea14fff]\r\n[    1.893868] pci 0000:00:02.4: [1b36:000c] type 01 class 0x060400\r\n[    1.896198] pci 0000:00:02.4: reg 0x10: [mem 0xfea15000-0xfea15fff]\r\n[    1.906169] pci 0000:00:02.5: [1b36:000c] type 01 class 0x060400\r\n[    1.908198] pci 0000:00:02.5: reg 0x10: [mem 0xfea16000-0xfea16fff]\r\n[    1.918626] pci 0000:00:02.6: [1b36:000c] type 01 class 0x060400\r\n[    1.921199] pci 0000:00:02.6: reg 0x10: [mem 0xfea17000-0xfea17fff]\r\n[    1.931555] pci 0000:00:02.7: [1b36:000c] type 01 class 0x060400\r\n[    1.934198] pci 0000:00:02.7: reg 0x10: [mem 0xfea18000-0xfea18fff]\r\n[    1.943828] pci 0000:00:03.0: [1b36:000c] type 01 class 0x060400\r\n[    1.946198] pci 0000:00:03.0: reg 0x10: [mem 0xfea19000-0xfea19fff]\r\n[    1.956269] pci 0000:00:03.1: [1b36:000c] type 01 class 0x060400\r\n[    1.958894] pci 0000:00:03.1: reg 0x10: [mem 0xfea1a000-0xfea1afff]\r\n[    1.969269] pci 0000:00:03.2: [1b36:000c] type 01 class 0x060400\r\n[    1.971927] pci 0000:00:03.2: reg 0x10: [mem 0xfea1b000-0xfea1bfff]\r\n[    1.983130] pci 0000:00:1f.0: [8086:2918] type 00 class 0x060100\r\n[    1.987374] pci 0000:00:1f.0: quirk: [io  0x0600-0x067f] claimed by ICH6 ACPI/GPIO/TCO\r\n[    1.989997] pci 0000:00:1f.2: [8086:2922] type 00 class 0x010601\r\n[    1.996198] pci 0000:00:1f.2: reg 0x20: [io  0xc040-0xc05f]\r\n[    1.998198] pci 0000:00:1f.2: reg 0x24: [mem 0xfea1c000-0xfea1cfff]\r\n[    2.003041] pci 0000:00:1f.3: [8086:2930] type 00 class 0x0c0500\r\n[    2.008548] pci 0000:00:1f.3: reg 0x20: [io  0x0700-0x073f]\r\n[    2.013581] acpiphp: Slot [0] registered\r\n[    2.015741] pci 0000:01:00.0: [1af4:1041] type 00 class 0x020000\r\n[    2.020900] pci 0000:01:00.0: reg 0x14: [mem 0xfe800000-0xfe800fff]\r\n[    2.025201] pci 0000:01:00.0: reg 0x20: [mem 0xfc400000-0xfc403fff 64bit pref]\r\n[    2.037517] pci 0000:00:02.0: PCI bridge to [bus 01]\r\n[    2.038479] pci 0000:00:02.0:   bridge window [mem 0xfe800000-0xfe9fffff]\r\n[    2.039478] pci 0000:00:02.0:   bridge window [mem 0xfc400000-0xfc5fffff 64bit pref]\r\n[    2.043013] acpiphp: Slot [0-2] registered\r\n[    2.043387] pci 0000:00:02.1: PCI bridge to [bus 02]\r\n[    2.044556] pci 0000:00:02.1:   bridge window [mem 0xfe600000-0xfe7fffff]\r\n[    2.045491] pci 0000:00:02.1:   bridge window [mem 0xfc200000-0xfc3fffff 64bit pref]\r\n[    2.048455] acpiphp: Slot [0-3] registered\r\n[    2.049338] pci 0000:00:02.2: PCI bridge to [bus 03]\r\n[    2.050473] pci 0000:00:02.2:   bridge window [mem 0xfe400000-0xfe5fffff]\r\n[    2.051471] pci 0000:00:02.2:   bridge window [mem 0xfc000000-0xfc1fffff 64bit pref]\r\n[    2.054373] acpiphp: Slot [0-4] registered\r\n[    2.055336] pci 0000:00:02.3: PCI bridge to [bus 04]\r\n[    2.056472] pci 0000:00:02.3:   bridge window [mem 0xfe200000-0xfe3fffff]\r\n[    2.057472] pci 0000:00:02.3:   bridge window [mem 0xfbe00000-0xfbffffff 64bit pref]\r\n[    2.060308] acpiphp: Slot [0-5] registered\r\n[    2.062537] pci 0000:05:00.0: [1af4:1048] type 00 class 0x010000\r\n[    2.065918] pci 0000:05:00.0: reg 0x14: [mem 0xfe000000-0xfe000fff]\r\n[    2.069721] pci 0000:05:00.0: reg 0x20: [mem 0xfbc00000-0xfbc03fff 64bit pref]\r\n[    2.080819] pci 0000:00:02.4: PCI bridge to [bus 05]\r\n[    2.081485] pci 0000:00:02.4:   bridge window [mem 0xfe000000-0xfe1fffff]\r\n[    2.082485] pci 0000:00:02.4:   bridge window [mem 0xfbc00000-0xfbdfffff 64bit pref]\r\n[    2.085379] acpiphp: Slot [0-6] registered\r\n[    2.087522] pci 0000:06:00.0: [1af4:1043] type 00 class 0x078000\r\n[    2.090925] pci 0000:06:00.0: reg 0x14: [mem 0xfde00000-0xfde00fff]\r\n[    2.094696] pci 0000:06:00.0: reg 0x20: [mem 0xfba00000-0xfba03fff 64bit pref]\r\n[    2.105197] pci 0000:00:02.5: PCI bridge to [bus 06]\r\n[    2.106473] pci 0000:00:02.5:   bridge window [mem 0xfde00000-0xfdffffff]\r\n[    2.107471] pci 0000:00:02.5:   bridge window [mem 0xfba00000-0xfbbfffff 64bit pref]\r\n[    2.110378] acpiphp: Slot [0-7] registered\r\n[    2.112449] pci 0000:07:00.0: [1af4:1042] type 00 class 0x010000\r\n[    2.115978] pci 0000:07:00.0: reg 0x14: [mem 0xfdc00000-0xfdc00fff]\r\n[    2.120043] pci 0000:07:00.0: reg 0x20: [mem 0xfb800000-0xfb803fff 64bit pref]\r\n[    2.131267] pci 0000:00:02.6: PCI bridge to [bus 07]\r\n[    2.132472] pci 0000:00:02.6:   bridge window [mem 0xfdc00000-0xfddfffff]\r\n[    2.133471] pci 0000:00:02.6:   bridge window [mem 0xfb800000-0xfb9fffff 64bit pref]\r\n[    2.136374] acpiphp: Slot [0-8] registered\r\n[    2.138450] pci 0000:08:00.0: [1af4:1042] type 00 class 0x010000\r\n[    2.141929] pci 0000:08:00.0: reg 0x14: [mem 0xfda00000-0xfda00fff]\r\n[    2.145723] pci 0000:08:00.0: reg 0x20: [mem 0xfb600000-0xfb603fff 64bit pref]\r\n[    2.158198] pci 0000:00:02.7: PCI bridge to [bus 08]\r\n[    2.159513] pci 0000:00:02.7:   bridge window [mem 0xfda00000-0xfdbfffff]\r\n[    2.160471] pci 0000:00:02.7:   bridge window [mem 0xfb600000-0xfb7fffff 64bit pref]\r\n[    2.163449] acpiphp: Slot [0-9] registered\r\n[    2.165465] pci 0000:09:00.0: [1af4:1045] type 00 class 0x00ff00\r\n[    2.171888] pci 0000:09:00.0: reg 0x20: [mem 0xfb400000-0xfb403fff 64bit pref]\r\n[    2.181965] pci 0000:00:03.0: PCI bridge to [bus 09]\r\n[    2.182470] pci 0000:00:03.0:   bridge window [mem 0xfd800000-0xfd9fffff]\r\n[    2.183475] pci 0000:00:03.0:   bridge window [mem 0xfb400000-0xfb5fffff 64bit pref]\r\n[    2.186611] acpiphp: Slot [0-10] registered\r\n[    2.188520] pci 0000:0a:00.0: [1af4:1044] type 00 class 0x00ff00\r\n[    2.191928] pci 0000:0a:00.0: reg 0x14: [mem 0xfd600000-0xfd600fff]\r\n[    2.195816] pci 0000:0a:00.0: reg 0x20: [mem 0xfb200000-0xfb203fff 64bit pref]\r\n[    2.208023] pci 0000:00:03.1: PCI bridge to [bus 0a]\r\n[    2.208494] pci 0000:00:03.1:   bridge window [mem 0xfd600000-0xfd7fffff]\r\n[    2.209472] pci 0000:00:03.1:   bridge window [mem 0xfb200000-0xfb3fffff 64bit pref]\r\n[    2.212473] acpiphp: Slot [0-11] registered\r\n[    2.213347] pci 0000:00:03.2: PCI bridge to [bus 0b]\r\n[    2.214473] pci 0000:00:03.2:   bridge window [mem 0xfd400000-0xfd5fffff]\r\n[    2.215480] pci 0000:00:03.2:   bridge window [mem 0xfb000000-0xfb1fffff 64bit pref]\r\n[    2.225658] ACPI: PCI: Interrupt link LNKA configured for IRQ 10\r\n[    2.226540] ACPI: PCI: Interrupt link LNKB configured for IRQ 10\r\n[    2.227627] ACPI: PCI: Interrupt link LNKC configured for IRQ 11\r\n[    2.228536] ACPI: PCI: Interrupt link LNKD configured for IRQ 11\r\n[    2.229522] ACPI: PCI: Interrupt link LNKE configured for IRQ 10\r\n[    2.230506] ACPI: PCI: Interrupt link LNKF configured for IRQ 10\r\n[    2.232455] ACPI: PCI: Interrupt link LNKG configured for IRQ 11\r\n[    2.233508] ACPI: PCI: Interrupt link LNKH configured for IRQ 11\r\n[    2.234409] ACPI: PCI: Interrupt link GSIA configured for IRQ 16\r\n[    2.235318] ACPI: PCI: Interrupt link GSIB configured for IRQ 17\r\n[    2.236243] ACPI: PCI: Interrupt link GSIC configured for IRQ 18\r\n[    2.237210] ACPI: PCI: Interrupt link GSID configured for IRQ 19\r\n[    2.238205] ACPI: PCI: Interrupt link GSIE configured for IRQ 20\r\n[    2.239205] ACPI: PCI: Interrupt link GSIF configured for IRQ 21\r\n[    2.240219] ACPI: PCI: Interrupt link GSIG configured for IRQ 22\r\n[    2.241208] ACPI: PCI: Interrupt link GSIH configured for IRQ 23\r\n[    2.242515] iommu: Default domain type: Translated \r\n[    2.243306] pci 0000:00:01.0: vgaarb: setting as boot VGA device\r\n[    2.244172] pci 0000:00:01.0: vgaarb: VGA device added: decodes=io+mem,owns=io+mem,locks=none\r\n[    2.244199] pci 0000:00:01.0: vgaarb: bridge control possible\r\n[    2.245197] vgaarb: loaded\r\n[    2.246269] SCSI subsystem initialized\r\n[    2.247246] libata version 3.00 loaded.\r\n[    2.247268] ACPI: bus type USB registered\r\n[    2.248220] usbcore: registered new interface driver usbfs\r\n[    2.249205] usbcore: registered new interface driver hub\r\n[    2.250203] usbcore: registered new device driver usb\r\n[    2.251228] pps_core: LinuxPPS API ver. 1 registered\r\n[    2.252196] pps_core: Software ver. 5.3.6 - Copyright 2005-2007 Rodolfo Giometti &lt;giometti@linux.it&gt;\r\n[    2.253212] PTP clock support registered\r\n[    2.254284] EDAC MC: Ver: 3.0.0\r\n[    2.259388] NetLabel: Initializing\r\n[    2.260196] NetLabel:  domain hash size = 128\r\n[    2.261198] NetLabel:  protocols = UNLABELED CIPSOv4 CALIPSO\r\n[    2.262217] NetLabel:  unlabeled traffic allowed by default\r\n[    2.263208] PCI: Using ACPI for IRQ routing\r\n[    2.817417] PCI: pci_cache_line_size set to 64 bytes\r\n[    2.820676] e820: reserve RAM buffer [mem 0x0009fc00-0x0009ffff]\r\n[    2.820681] e820: reserve RAM buffer [mem 0x0f4dd000-0x0fffffff]\r\n[    2.820980] clocksource: Switched to clocksource kvm-clock\r\n[    2.836359] VFS: Disk quotas dquot_6.6.0\r\n[    2.848105] VFS: Dquot-cache hash table entries: 512 (order 0, 4096 bytes)\r\n[    2.857131] pnp: PnP ACPI init\r\n[    2.861973] system 00:04: [mem 0xb0000000-0xbfffffff window] has been reserved\r\n[    2.872144] pnp: PnP ACPI: found 5 devices\r\n[    2.883884] clocksource: acpi_pm: mask: 0xffffff max_cycles: 0xffffff, max_idle_ns: 2085701024 ns\r\n[    2.895383] NET: Registered PF_INET protocol family\r\n[    2.902060] IP idents hash table entries: 4096 (order: 3, 32768 bytes, linear)\r\n[    2.912684] tcp_listen_portaddr_hash hash table entries: 256 (order: 0, 4096 bytes, linear)\r\n[    2.923472] TCP established hash table entries: 2048 (order: 2, 16384 bytes, linear)\r\n[    2.933804] TCP bind hash table entries: 2048 (order: 3, 32768 bytes, linear)\r\n[    2.943070] TCP: Hash tables configured (established 2048 bind 2048)\r\n[    2.951465] MPTCP token hash table entries: 256 (order: 0, 6144 bytes, linear)\r\n[    2.960966] UDP hash table entries: 256 (order: 1, 8192 bytes, linear)\r\n[    2.969501] UDP-Lite hash table entries: 256 (order: 1, 8192 bytes, linear)\r\n[    2.978484] NET: Registered PF_UNIX/PF_LOCAL protocol family\r\n[    2.985919] NET: Registered PF_XDP protocol family\r\n[    2.992532] pci 0000:00:02.0: bridge window [io  0x1000-0x0fff] to [bus 01] add_size 1000\r\n[    3.003349] pci 0000:00:02.1: bridge window [io  0x1000-0x0fff] to [bus 02] add_size 1000\r\n[    3.013973] pci 0000:00:02.2: bridge window [io  0x1000-0x0fff] to [bus 03] add_size 1000\r\n[    3.024712] pci 0000:00:02.3: bridge window [io  0x1000-0x0fff] to [bus 04] add_size 1000\r\n[    3.035291] pci 0000:00:02.4: bridge window [io  0x1000-0x0fff] to [bus 05] add_size 1000\r\n[    3.045901] pci 0000:00:02.5: bridge window [io  0x1000-0x0fff] to [bus 06] add_size 1000\r\n[    3.056382] pci 0000:00:02.6: bridge window [io  0x1000-0x0fff] to [bus 07] add_size 1000\r\n[    3.066975] pci 0000:00:02.7: bridge window [io  0x1000-0x0fff] to [bus 08] add_size 1000\r\n[    3.077877] pci 0000:00:03.0: bridge window [io  0x1000-0x0fff] to [bus 09] add_size 1000\r\n[    3.088864] pci 0000:00:03.1: bridge window [io  0x1000-0x0fff] to [bus 0a] add_size 1000\r\n[    3.099544] pci 0000:00:03.2: bridge window [io  0x1000-0x0fff] to [bus 0b] add_size 1000\r\n[    3.110238] pci 0000:00:02.0: BAR 13: assigned [io  0x1000-0x1fff]\r\n[    3.118411] pci 0000:00:02.1: BAR 13: assigned [io  0x2000-0x2fff]\r\n[    3.126780] pci 0000:00:02.2: BAR 13: assigned [io  0x3000-0x3fff]\r\n[    3.135395] pci 0000:00:02.3: BAR 13: assigned [io  0x4000-0x4fff]\r\n[    3.144772] pci 0000:00:02.4: BAR 13: assigned [io  0x5000-0x5fff]\r\n[    3.153758] pci 0000:00:02.5: BAR 13: assigned [io  0x6000-0x6fff]\r\n[    3.162507] pci 0000:00:02.6: BAR 13: assigned [io  0x7000-0x7fff]\r\n[    3.171478] pci 0000:00:02.7: BAR 13: assigned [io  0x8000-0x8fff]\r\n[    3.181440] pci 0000:00:03.0: BAR 13: assigned [io  0x9000-0x9fff]\r\n[    3.190891] pci 0000:00:03.1: BAR 13: assigned [io  0xa000-0xafff]\r\n[    3.199513] pci 0000:00:03.2: BAR 13: assigned [io  0xb000-0xbfff]\r\n[    3.207929] pci 0000:00:02.0: PCI bridge to [bus 01]\r\n[    3.215168] pci 0000:00:02.0:   bridge window [io  0x1000-0x1fff]\r\n[    3.225354] pci 0000:00:02.0:   bridge window [mem 0xfe800000-0xfe9fffff]\r\n[    3.235645] pci 0000:00:02.0:   bridge window [mem 0xfc400000-0xfc5fffff 64bit pref]\r\n[    3.247910] pci 0000:00:02.1: PCI bridge to [bus 02]\r\n[    3.255246] pci 0000:00:02.1:   bridge window [io  0x2000-0x2fff]\r\n[    3.264712] pci 0000:00:02.1:   bridge window [mem 0xfe600000-0xfe7fffff]\r\n[    3.274834] pci 0000:00:02.1:   bridge window [mem 0xfc200000-0xfc3fffff 64bit pref]\r\n[    3.286719] pci 0000:00:02.2: PCI bridge to [bus 03]\r\n[    3.293946] pci 0000:00:02.2:   bridge window [io  0x3000-0x3fff]\r\n[    3.304476] pci 0000:00:02.2:   bridge window [mem 0xfe400000-0xfe5fffff]\r\n[    3.314012] pci 0000:00:02.2:   bridge window [mem 0xfc000000-0xfc1fffff 64bit pref]\r\n[    3.325670] pci 0000:00:02.3: PCI bridge to [bus 04]\r\n[    3.334057] pci 0000:00:02.3:   bridge window [io  0x4000-0x4fff]\r\n[    3.343162] pci 0000:00:02.3:   bridge window [mem 0xfe200000-0xfe3fffff]\r\n[    3.352652] pci 0000:00:02.3:   bridge window [mem 0xfbe00000-0xfbffffff 64bit pref]\r\n[    3.364369] pci 0000:00:02.4: PCI bridge to [bus 05]\r\n[    3.373114] pci 0000:00:02.4:   bridge window [io  0x5000-0x5fff]\r\n[    3.390684] pci 0000:00:02.4:   bridge window [mem 0xfe000000-0xfe1fffff]\r\n[    3.410300] pci 0000:00:02.4:   bridge window [mem 0xfbc00000-0xfbdfffff 64bit pref]\r\n[    3.424656] pci 0000:00:02.5: PCI bridge to [bus 06]\r\n[    3.431616] pci 0000:00:02.5:   bridge window [io  0x6000-0x6fff]\r\n[    3.440922] pci 0000:00:02.5:   bridge window [mem 0xfde00000-0xfdffffff]\r\n[    3.450700] pci 0000:00:02.5:   bridge window [mem 0xfba00000-0xfbbfffff 64bit pref]\r\n[    3.463079] pci 0000:00:02.6: PCI bridge to [bus 07]\r\n[    3.469967] pci 0000:00:02.6:   bridge window [io  0x7000-0x7fff]\r\n[    3.479023] pci 0000:00:02.6:   bridge window [mem 0xfdc00000-0xfddfffff]\r\n[    3.489844] pci 0000:00:02.6:   bridge window [mem 0xfb800000-0xfb9fffff 64bit pref]\r\n[    3.515918] pci 0000:00:02.7: PCI bridge to [bus 08]\r\n[    3.524550] pci 0000:00:02.7:   bridge window [io  0x8000-0x8fff]\r\n[    3.533808] pci 0000:00:02.7:   bridge window [mem 0xfda00000-0xfdbfffff]\r\n[    3.544716] pci 0000:00:02.7:   bridge window [mem 0xfb600000-0xfb7fffff 64bit pref]\r\n[    3.556065] pci 0000:00:03.0: PCI bridge to [bus 09]\r\n[    3.562927] pci 0000:00:03.0:   bridge window [io  0x9000-0x9fff]\r\n[    3.572057] pci 0000:00:03.0:   bridge window [mem 0xfd800000-0xfd9fffff]\r\n[    3.583294] pci 0000:00:03.0:   bridge window [mem 0xfb400000-0xfb5fffff 64bit pref]\r\n[    3.595038] pci 0000:00:03.1: PCI bridge to [bus 0a]\r\n[    3.601896] pci 0000:00:03.1:   bridge window [io  0xa000-0xafff]\r\n[    3.610978] pci 0000:00:03.1:   bridge window [mem 0xfd600000-0xfd7fffff]\r\n[    3.621679] pci 0000:00:03.1:   bridge window [mem 0xfb200000-0xfb3fffff 64bit pref]\r\n[    3.633039] pci 0000:00:03.2: PCI bridge to [bus 0b]\r\n[    3.639918] pci 0000:00:03.2:   bridge window [io  0xb000-0xbfff]\r\n[    3.648979] pci 0000:00:03.2:   bridge window [mem 0xfd400000-0xfd5fffff]\r\n[    3.659876] pci 0000:00:03.2:   bridge window [mem 0xfb000000-0xfb1fffff 64bit pref]\r\n[    3.671272] pci_bus 0000:00: resource 4 [io  0x0000-0x0cf7 window]\r\n[    3.679479] pci_bus 0000:00: resource 5 [io  0x0d00-0xffff window]\r\n[    3.687715] pci_bus 0000:00: resource 6 [mem 0x000a0000-0x000bffff window]\r\n[    3.697047] pci_bus 0000:00: resource 7 [mem 0x0f500000-0xafffffff window]\r\n[    3.707070] pci_bus 0000:00: resource 8 [mem 0xc0000000-0xfebfffff window]\r\n[    3.715973] pci_bus 0000:00: resource 9 [mem 0x100000000-0x8ffffffff window]\r\n[    3.724958] pci_bus 0000:01: resource 0 [io  0x1000-0x1fff]\r\n[    3.732360] pci_bus 0000:01: resource 1 [mem 0xfe800000-0xfe9fffff]\r\n[    3.740475] pci_bus 0000:01: resource 2 [mem 0xfc400000-0xfc5fffff 64bit pref]\r\n[    3.749932] pci_bus 0000:02: resource 0 [io  0x2000-0x2fff]\r\n[    3.757972] pci_bus 0000:02: resource 1 [mem 0xfe600000-0xfe7fffff]\r\n[    3.766638] pci_bus 0000:02: resource 2 [mem 0xfc200000-0xfc3fffff 64bit pref]\r\n[    3.777318] pci_bus 0000:03: resource 0 [io  0x3000-0x3fff]\r\n[    3.784825] pci_bus 0000:03: resource 1 [mem 0xfe400000-0xfe5fffff]\r\n[    3.793112] pci_bus 0000:03: resource 2 [mem 0xfc000000-0xfc1fffff 64bit pref]\r\n[    3.802647] pci_bus 0000:04: resource 0 [io  0x4000-0x4fff]\r\n[    3.810120] pci_bus 0000:04: resource 1 [mem 0xfe200000-0xfe3fffff]\r\n[    3.818429] pci_bus 0000:04: resource 2 [mem 0xfbe00000-0xfbffffff 64bit pref]\r\n[    3.828026] pci_bus 0000:05: resource 0 [io  0x5000-0x5fff]\r\n[    3.838538] pci_bus 0000:05: resource 1 [mem 0xfe000000-0xfe1fffff]\r\n[    3.860418] pci_bus 0000:05: resource 2 [mem 0xfbc00000-0xfbdfffff 64bit pref]\r\n[    3.873587] pci_bus 0000:06: resource 0 [io  0x6000-0x6fff]\r\n[    3.881746] pci_bus 0000:06: resource 1 [mem 0xfde00000-0xfdffffff]\r\n[    3.890090] pci_bus 0000:06: resource 2 [mem 0xfba00000-0xfbbfffff 64bit pref]\r\n[    3.899848] pci_bus 0000:07: resource 0 [io  0x7000-0x7fff]\r\n[    3.907423] pci_bus 0000:07: resource 1 [mem 0xfdc00000-0xfddfffff]\r\n[    3.915770] pci_bus 0000:07: resource 2 [mem 0xfb800000-0xfb9fffff 64bit pref]\r\n[    3.925424] pci_bus 0000:08: resource 0 [io  0x8000-0x8fff]\r\n[    3.932970] pci_bus 0000:08: resource 1 [mem 0xfda00000-0xfdbfffff]\r\n[    3.941401] pci_bus 0000:08: resource 2 [mem 0xfb600000-0xfb7fffff 64bit pref]\r\n[    3.950918] pci_bus 0000:09: resource 0 [io  0x9000-0x9fff]\r\n[    3.958471] pci_bus 0000:09: resource 1 [mem 0xfd800000-0xfd9fffff]\r\n[    3.982226] pci_bus 0000:09: resource 2 [mem 0xfb400000-0xfb5fffff 64bit pref]\r\n[    3.991754] pci_bus 0000:0a: resource 0 [io  0xa000-0xafff]\r\n[    3.999365] pci_bus 0000:0a: resource 1 [mem 0xfd600000-0xfd7fffff]\r\n[    4.007761] pci_bus 0000:0a: resource 2 [mem 0xfb200000-0xfb3fffff 64bit pref]\r\n[    4.017435] pci_bus 0000:0b: resource 0 [io  0xb000-0xbfff]\r\n[    4.025334] pci_bus 0000:0b: resource 1 [mem 0xfd400000-0xfd5fffff]\r\n[    4.033677] pci_bus 0000:0b: resource 2 [mem 0xfb000000-0xfb1fffff 64bit pref]\r\n[    4.043848] pci 0000:00:01.0: Video device with shadowed ROM at [mem 0x000c0000-0x000dffff]\r\n[    4.054760] pci 0000:00:01.0: pci_fixup_video+0x0/0xb0 took 10867 usecs\r\n[    4.065256] PCI: CLS 0 bytes, default 64\r\n[    4.070913] Trying to unpack rootfs image as initramfs...\r\n[    4.092505] clocksource: tsc: mask: 0xffffffffffffffff max_cycles: 0x1fb633008a4, max_idle_ns: 440795292230 ns\r\n[    4.140534] Initialise system trusted keyrings\r\n[    4.156376] Key type blacklist registered\r\n[    4.175254] workingset: timestamp_bits=36 max_order=16 bucket_order=0\r\n[    4.203113] zbud: loaded\r\n[    4.214750] integrity: Platform Keyring initialized\r\n[    4.255263] NET: Registered PF_ALG protocol family\r\n[    4.276458] xor: automatically using best checksumming function   avx       \r\n[    4.305396] Key type asymmetric registered\r\n[    4.323461] Asymmetric key parser &#39;x509&#39; registered\r\n[    4.343388] Block layer SCSI generic (bsg) driver version 0.4 loaded (major 245)\r\n[    4.375423] io scheduler mq-deadline registered\r\n[    4.381829] io scheduler kyber registered\r\n[    4.400305] io scheduler bfq registered\r\n[    4.414475] atomic64_test: passed for x86-64 platform with CX8 and with SSE\r\n[    4.442787] ACPI: \\_SB_.GSIG: Enabled at IRQ 22\r\n[    4.472405] pcieport 0000:00:02.0: PME: Signaling with IRQ 24\r\n[    4.503284] pcieport 0000:00:02.0: AER: enabled with IRQ 24\r\n[    4.537629] Freeing initrd memory: 24648K\r\n[    4.544298] pcieport 0000:00:02.1: PME: Signaling with IRQ 25\r\n[    4.553077] pcieport 0000:00:02.1: AER: enabled with IRQ 25\r\n[    4.568639] pcieport 0000:00:02.2: PME: Signaling with IRQ 26\r\n[    4.577453] pcieport 0000:00:02.2: AER: enabled with IRQ 26\r\n[    4.591395] pcieport 0000:00:02.3: PME: Signaling with IRQ 27\r\n[    4.600289] pcieport 0000:00:02.3: AER: enabled with IRQ 27\r\n[    4.614784] pcieport 0000:00:02.4: PME: Signaling with IRQ 28\r\n[    4.624781] pcieport 0000:00:02.4: AER: enabled with IRQ 28\r\n[    4.639067] pcieport 0000:00:02.5: PME: Signaling with IRQ 29\r\n[    4.647760] pcieport 0000:00:02.5: AER: enabled with IRQ 29\r\n[    4.662040] pcieport 0000:00:02.6: PME: Signaling with IRQ 30\r\n[    4.672133] pcieport 0000:00:02.6: AER: enabled with IRQ 30\r\n[    4.686589] pcieport 0000:00:02.7: PME: Signaling with IRQ 31\r\n[    4.695350] pcieport 0000:00:02.7: AER: enabled with IRQ 31\r\n[    4.705955] ACPI: \\_SB_.GSIH: Enabled at IRQ 23\r\n[    4.715841] pcieport 0000:00:03.0: PME: Signaling with IRQ 32\r\n[    4.725960] pcieport 0000:00:03.0: AER: enabled with IRQ 32\r\n[    4.740035] pcieport 0000:00:03.1: PME: Signaling with IRQ 33\r\n[    4.748709] pcieport 0000:00:03.1: AER: enabled with IRQ 33\r\n[    4.762809] pcieport 0000:00:03.2: PME: Signaling with IRQ 34\r\n[    4.771888] pcieport 0000:00:03.2: AER: enabled with IRQ 34\r\n[    4.783347] shpchp: Standard Hot Plug PCI Controller Driver version: 0.4\r\n[    4.792963] input: Power Button as /devices/LNXSYSTM:00/LNXPWRBN:00/input/input0\r\n[    4.803120] ACPI: button: Power Button [PWRF]\r\n[    4.859461] Serial: 8250/16550 driver, 32 ports, IRQ sharing enabled\r\n[    4.868655] 00:00: ttyS0 at I/O 0x3f8 (irq = 4, base_baud = 115200) is a 16550A\r\n[    4.879771] Non-volatile memory driver v1.3\r\n[    4.889537] Linux agpgart interface v0.103\r\n[    4.895808] ahci 0000:00:1f.2: version 3.0\r\n[    4.896120] ACPI: \\_SB_.GSIA: Enabled at IRQ 16\r\n[    4.919727] ahci 0000:00:1f.2: AHCI 0001.0000 32 slots 6 ports 1.5 Gbps 0x3f impl SATA mode\r\n[    4.951286] ahci 0000:00:1f.2: flags: 64bit ncq only \r\n[    4.974361] scsi host0: ahci\r\n[    4.980484] scsi host1: ahci\r\n[    4.985815] scsi host2: ahci\r\n[    4.990488] scsi host3: ahci\r\n[    4.995543] scsi host4: ahci\r\n[    5.000701] scsi host5: ahci\r\n[    5.005538] ata1: SATA max UDMA/133 abar m4096@0xfea1c000 port 0xfea1c100 irq 37\r\n[    5.015334] ata2: SATA max UDMA/133 abar m4096@0xfea1c000 port 0xfea1c180 irq 37\r\n[    5.025270] ata3: SATA max UDMA/133 abar m4096@0xfea1c000 port 0xfea1c200 irq 37\r\n[    5.035237] ata4: SATA max UDMA/133 abar m4096@0xfea1c000 port 0xfea1c280 irq 37\r\n[    5.045307] ata5: SATA max UDMA/133 abar m4096@0xfea1c000 port 0xfea1c300 irq 37\r\n[    5.055326] ata6: SATA max UDMA/133 abar m4096@0xfea1c000 port 0xfea1c380 irq 37\r\n[    5.065363] libphy: Fixed MDIO Bus: probed\r\n[    5.071653] ehci_hcd: USB 2.0 &#39;Enhanced&#39; Host Controller (EHCI) Driver\r\n[    5.080300] ehci-pci: EHCI PCI platform driver\r\n[    5.086508] ohci_hcd: USB 1.1 &#39;Open&#39; Host Controller (OHCI) Driver\r\n[    5.094840] ohci-pci: OHCI PCI platform driver\r\n[    5.101093] uhci_hcd: USB Universal Host Controller Interface driver\r\n[    5.109706] usbcore: registered new interface driver usbserial_generic\r\n[    5.118403] usbserial: USB Serial support registered for generic\r\n[    5.128318] i8042: PNP: PS/2 Controller [PNP0303:KBD,PNP0f13:MOU] at 0x60,0x64 irq 1,12\r\n[    5.149134] serio: i8042 KBD port at 0x60,0x64 irq 1\r\n[    5.156052] serio: i8042 AUX port at 0x60,0x64 irq 12\r\n[    5.163134] mousedev: PS/2 mouse device common for all mice\r\n[    5.172124] input: AT Translated Set 2 keyboard as /devices/platform/i8042/serio0/input/input1\r\n[    5.184331] rtc_cmos 00:03: RTC can wake from S4\r\n[    5.195082] rtc_cmos 00:03: registered as rtc0\r\n[    5.202819] rtc_cmos 00:03: setting system clock to 2025-04-22T10:00:22 UTC (1745316022)\r\n[    5.216585] input: VirtualPS/2 VMware VMMouse as /devices/platform/i8042/serio1/input/input4\r\n[    5.227858] rtc_cmos 00:03: alarms up to one day, y3k, 242 bytes nvram\r\n[    5.236728] device-mapper: uevent: version 1.0.3\r\n[    5.243291] device-mapper: ioctl: 4.45.0-ioctl (2021-03-22) initialised: dm-devel@redhat.com\r\n[    5.257096] input: VirtualPS/2 VMware VMMouse as /devices/platform/i8042/serio1/input/input3\r\n[    5.284345] intel_pstate: CPU model not supported\r\n[    5.294099] hid: raw HID events driver (C) Jiri Kosina\r\n[    5.302283] usbcore: registered new interface driver usbhid\r\n[    5.310892] usbhid: USB HID core driver\r\n[    5.316601] drop_monitor: Initializing network drop monitor service\r\n[    5.325246] Initializing XFRM netlink socket\r\n[    5.332170] NET: Registered PF_INET6 protocol family\r\n[    5.344126] Segment Routing with IPv6\r\n[    5.349501] RPL Segment Routing with IPv6\r\n[    5.355247] mip6: Mobile IPv6\r\n[    5.359689] NET: Registered PF_PACKET protocol family\r\n[    5.367579] IPI shorthand broadcast: enabled\r\n[    5.373563] AVX2 version of gcm_enc/dec engaged.\r\n[    5.379962] AES CTR mode by8 optimization enabled\r\n[    5.416081] sched_clock: Marking stable (3834706100, 1580513876)-&gt;(7304198791, -1888978815)\r\n[    5.434768] ata1: SATA link down (SStatus 0 SControl 300)\r\n[    5.444753] registered taskstats version 1\r\n[    5.451467] Loading compiled-in X.509 certificates\r\n[    5.458853] Loaded X.509 cert &#39;Fedora kernel signing key: c942454291c91bc973770746141181a1953c2bb5&#39;\r\n[    5.471345] ata3: SATA link down (SStatus 0 SControl 300)\r\n[    5.479522] ata2: SATA link down (SStatus 0 SControl 300)\r\n[    5.487671] ata5: SATA link down (SStatus 0 SControl 300)\r\n[    5.496156] ata6: SATA link down (SStatus 0 SControl 300)\r\n[    5.504450] ata4: SATA link down (SStatus 0 SControl 300)\r\n[    5.512136] zswap: loaded using pool lzo/zbud\r\n[    5.518295] page_owner is disabled\r\n[    5.523273] Key type ._fscrypt registered\r\n[    5.529390] Key type .fscrypt registered\r\n[    5.535303] Key type fscrypt-provisioning registered\r\n[    5.542477] Btrfs loaded, crc32c=crc32c-generic, zoned=yes\r\n[    5.549958] Key type big_key registered\r\n[    5.559502] Key type encrypted registered\r\n[    5.565261] ima: No TPM chip found, activating TPM-bypass!\r\n[    5.572544] Loading compiled-in module X.509 certificates\r\n[    5.580445] Loaded X.509 cert &#39;Fedora kernel signing key: c942454291c91bc973770746141181a1953c2bb5&#39;\r\n[    5.592215] ima: Allocated hash algorithm: sha256\r\n[    5.598545] ima: No architecture policies found\r\n[    5.604797] evm: Initialising EVM extended attributes:\r\n[    5.611698] evm: security.selinux\r\n[    5.616534] evm: security.SMACK64 (disabled)\r\n[    5.622466] evm: security.SMACK64EXEC (disabled)\r\n[    5.628859] evm: security.SMACK64TRANSMUTE (disabled)\r\n[    5.635693] evm: security.SMACK64MMAP (disabled)\r\n[    5.642062] evm: security.apparmor (disabled)\r\n[    5.650548] evm: security.ima\r\n[    5.663940] evm: security.capability\r\n[    5.674307] evm: HMAC attrs: 0x1\r\n[    5.681850] PM:   Magic number: 5:661:22\r\n[    5.688529] RAS: Correctable Errors collector initialized.\r\n[    5.704825] Freeing unused decrypted memory: 2036K\r\n[    5.711967] Freeing unused kernel image (initmem) memory: 2872K\r\n[    5.720137] Write protecting the kernel read-only data: 30720k\r\n[    5.728793] Freeing unused kernel image (text/rodata gap) memory: 2036K\r\n[    5.737807] Freeing unused kernel image (rodata/data gap) memory: 1900K\r\n[    5.754397] x86/mm: Checked W+X mappings: passed, no W+X pages found.\r\n[    5.762903] rodata_test: all tests were successful\r\n[    5.769546] Run /init as init process\r\n[    5.775081]   with arguments:\r\n[    5.775084]     /init\r\n[    5.775085]   with environment:\r\n[    5.775086]     HOME=/\r\n[    5.775087]     TERM=linux\r\n[    5.775087]     BOOT_IMAGE=(hd0,gpt2)/vmlinuz-5.14.10-300.fc35.x86_64\r\n[    5.783565] systemd[1]: systemd v249.4-2.fc35 running in system mode (+PAM +AUDIT +SELINUX -APPARMOR +IMA +SMACK +SECCOMP +GCRYPT +GNUTLS +OPENSSL +ACL +BLKID +CURL +ELFUTILS +FIDO2 +IDN2 -IDN +IPTC +KMOD +LIBCRYPTSETUP +LIBFDISK +PCRE2 +PWQUALITY +P11KIT +QRENCODE +BZIP2 +LZ4 +XZ +ZLIB +ZSTD +XKBCOMMON +UTMP +SYSVINIT default-hierarchy=unified)\r\n[    5.836977] systemd[1]: Detected virtualization kvm.\r\n[    5.843948] systemd[1]: Detected architecture x86-64.\r\n[    5.850861] systemd[1]: Running in initial RAM disk.\r\n[    5.864681] systemd[1]: No hostname configured, using default hostname.\r\n[    5.873496] systemd[1]: Hostname set to &lt;fedora&gt;.\r\n[    5.880107] systemd[1]: Initializing machine ID from VM UUID.\r\n[    5.973543] systemd[1]: Queued start job for default target Initrd Default Target.\r\n[    5.983959] systemd[1]: Started Dispatch Password Requests to Console Directory Watch.\r\n[    5.999724] systemd[1]: Reached target Local Encrypted Volumes.\r\n[    6.012315] systemd[1]: Reached target Initrd /usr File System.\r\n[    6.024762] systemd[1]: Reached target Local File Systems.\r\n[    6.036401] systemd[1]: Reached target Path Units.\r\n[    6.046750] systemd[1]: Reached target Slice Units.\r\n[    6.057325] systemd[1]: Reached target Swaps.\r\n[    6.066971] systemd[1]: Reached target Timer Units.\r\n[    6.077642] systemd[1]: Listening on Journal Audit Socket.\r\n[    6.089522] systemd[1]: Listening on Journal Socket (/dev/log).\r\n[    6.101963] systemd[1]: Listening on Journal Socket.\r\n[    6.112832] systemd[1]: Listening on udev Control Socket.\r\n[    6.124492] systemd[1]: Listening on udev Kernel Socket.\r\n[    6.135877] systemd[1]: Reached target Socket Units.\r\n[    6.147447] systemd[1]: Starting Create List of Static Device Nodes...\r\n[    6.163080] systemd[1]: Condition check resulted in Memstrack Anylazing Service being skipped.\r\n[    6.175338] systemd[1]: Starting Journal Service...\r\n[    6.189755] systemd[1]: Condition check resulted in Load Kernel Modules being skipped.\r\n[    6.211735] systemd[1]: Starting Apply Kernel Variables...\r\n[    6.233414] systemd[1]: Starting Setup Virtual Console...\r\n[    6.250245] systemd[1]: Started Journal Service.\r\n[    6.842524] audit: type=1130 audit(1745316024.134:2): pid=1 uid=0 auid=4294967295 ses=4294967295 subj=kernel msg=&#39;unit=systemd-journald comm=\&#34;systemd\&#34; exe=\&#34;/usr/lib/systemd/systemd\&#34; hostname=? addr=? terminal=? res=success&#39;\r\n[    6.906472] audit: type=1130 audit(1745316024.164:3): pid=1 uid=0 auid=4294967295 ses=4294967295 subj=kernel msg=&#39;unit=kmod-static-nodes comm=\&#34;systemd\&#34; exe=\&#34;/usr/lib/systemd/systemd\&#34; hostname=? addr=? terminal=? res=success&#39;\r\n[    6.932686] audit: type=1130 audit(1745316024.168:4): pid=1 uid=0 auid=4294967295 ses=4294967295 subj=kernel msg=&#39;unit=systemd-sysctl comm=\&#34;systemd\&#34; exe=\&#34;/usr/lib/systemd/systemd\&#34; hostname=? addr=? terminal=? res=success&#39;\r\n[    6.958077] audit: type=1130 audit(1745316024.196:5): pid=1 uid=0 auid=4294967295 ses=4294967295 subj=kernel msg=&#39;unit=systemd-tmpfiles-setup-dev comm=\&#34;systemd\&#34; exe=\&#34;/usr/lib/systemd/systemd\&#34; hostname=? addr=? terminal=? res=success&#39;\r\n[    6.983831] audit: type=1130 audit(1745316024.203:6): pid=1 uid=0 auid=4294967295 ses=4294967295 subj=kernel msg=&#39;unit=systemd-tmpfiles-setup comm=\&#34;systemd\&#34; exe=\&#34;/usr/lib/systemd/systemd\&#34; hostname=? addr=? terminal=? res=success&#39;\r\n[    7.686938] audit: type=1130 audit(1745316024.979:7): pid=1 uid=0 auid=4294967295 ses=4294967295 subj=kernel msg=&#39;unit=systemd-vconsole-setup comm=\&#34;systemd\&#34; exe=\&#34;/usr/lib/systemd/systemd\&#34; hostname=? addr=? terminal=? res=success&#39;\r\n[    7.739499] audit: type=1130 audit(1745316025.032:8): pid=1 uid=0 auid=4294967295 ses=4294967295 subj=kernel msg=&#39;unit=dracut-cmdline-ask comm=\&#34;systemd\&#34; exe=\&#34;/usr/lib/systemd/systemd\&#34; hostname=? addr=? terminal=? res=success&#39;\r\n[    7.834244] audit: type=1130 audit(1745316025.130:9): pid=1 uid=0 auid=4294967295 ses=4294967295 subj=kernel msg=&#39;unit=dracut-cmdline comm=\&#34;systemd\&#34; exe=\&#34;/usr/lib/systemd/systemd\&#34; hostname=? addr=? terminal=? res=success&#39;\r\n[    7.894247] audit: type=1130 audit(1745316025.190:10): pid=1 uid=0 auid=4294967295 ses=4294967295 subj=kernel msg=&#39;unit=dracut-pre-udev comm=\&#34;systemd\&#34; exe=\&#34;/usr/lib/systemd/systemd\&#34; hostname=? addr=? terminal=? res=success&#39;\r\n[    7.987295] audit: type=1334 audit(1745316025.190:11): prog-id=6 op=LOAD\r\n[    8.240467] virtio_blk virtio3: [vda] 10485760 512-byte logical blocks (5.37 GB/5.00 GiB)\r\n[    8.302798] scsi host6: Virtio SCSI HBA\r\n[    8.381158]  vda: vda1 vda2 vda3 vda4 vda5\r\n[    8.416429] virtio_blk virtio4: [vdb] 2048 512-byte logical blocks (1.05 MB/1.00 MiB)\r\n[    8.487243] BTRFS: device label fedora devid 1 transid 41 /dev/vda5 scanned by systemd-udevd (363)\r\n[    9.779707] BTRFS info (device vda5): flagging fs with big metadata feature\r\n[    9.788955] BTRFS info (device vda5): disk space caching is enabled\r\n[    9.797338] BTRFS info (device vda5): has skinny extents\r\n[   10.321919] systemd-journald[241]: Received SIGTERM from PID 1 (systemd).\r\n[   10.751979] SELinux:  policy capability network_peer_controls=1\r\n[   10.759694] SELinux:  policy capability open_perms=1\r\n[   10.766302] SELinux:  policy capability extended_socket_class=1\r\n[   10.773796] SELinux:  policy capability always_check_network=0\r\n[   10.781213] SELinux:  policy capability cgroup_seclabel=1\r\n[   10.788108] SELinux:  policy capability nnp_nosuid_transition=1\r\n[   10.797125] SELinux:  policy capability genfs_seclabel_symlinks=0\r\n[   10.821979] systemd[1]: Successfully loaded SELinux policy in 127.010ms.\r\n[   10.902572] systemd[1]: Relabelled /dev, /dev/shm, /run, /sys/fs/cgroup in 22.257ms.\r\n[   10.919440] systemd[1]: systemd v249.4-2.fc35 running in system mode (+PAM +AUDIT +SELINUX -APPARMOR +IMA +SMACK +SECCOMP +GCRYPT +GNUTLS +OPENSSL +ACL +BLKID +CURL +ELFUTILS +FIDO2 +IDN2 -IDN +IPTC +KMOD +LIBCRYPTSETUP +LIBFDISK +PCRE2 +PWQUALITY +P11KIT +QRENCODE +BZIP2 +LZ4 +XZ +ZLIB +ZSTD +XKBCOMMON +UTMP +SYSVINIT default-hierarchy=unified)\r\n[   10.961011] systemd[1]: Detected virtualization kvm.\r\n[   10.967783] systemd[1]: Detected architecture x86-64.\r\n[   10.981665] systemd[1]: Initializing machine ID from VM UUID.\r\n[   10.989342] systemd[1]: Installed transient /etc/machine-id file.\r\n[   11.141733] zram: Added device: zram0\r\n[   11.420796] systemd[1]: Configuration file /etc/systemd/system/wait-for-cloud-init.service is marked executable. Please remove executable permission bits. Proceeding anyway.\r\n[   11.485778] systemd[1]: initrd-switch-root.service: Deactivated successfully.\r\n[   11.496514] systemd[1]: Stopped Switch Root.\r\n[   11.521874] systemd[1]: systemd-journald.service: Scheduled restart job, restart counter is at 1.\r\n[   11.538295] systemd[1]: Created slice Slice /system/getty.\r\n[   11.550524] systemd[1]: Created slice Slice /system/modprobe.\r\n[   11.562620] systemd[1]: Created slice Slice /system/serial-getty.\r\n[   11.575424] systemd[1]: Created slice Slice /system/sshd-keygen.\r\n[   11.588054] systemd[1]: Created slice Slice /system/systemd-fsck.\r\n[   11.600805] systemd[1]: Created slice Slice /system/systemd-zram-setup.\r\n[   11.614389] systemd[1]: Created slice User and Session Slice.\r\n[   11.626639] systemd[1]: Started Dispatch Password Requests to Console Directory Watch.\r\n[   11.643163] systemd[1]: Started Forward Password Requests to Wall Directory Watch.\r\n[   11.659960] systemd[1]: Set up automount Arbitrary Executable File Formats File System Automount Point.\r\n[   11.677909] systemd[1]: Reached target Local Encrypted Volumes.\r\n[   11.690305] systemd[1]: Stopped target Switch Root.\r\n[   11.700687] systemd[1]: Stopped target Initrd File Systems.\r\n[   11.712496] systemd[1]: Stopped target Initrd Root File System.\r\n[   11.725638] systemd[1]: Reached target Path Units.\r\n[   11.736015] systemd[1]: Reached target Remote File Systems.\r\n[   11.747848] systemd[1]: Reached target Slice Units.\r\n[   11.758439] systemd[1]: Reached target Local Verity Integrity Protected Volumes.\r\n[   11.774762] systemd[1]: Listening on Process Core Dump Socket.\r\n[   11.787119] systemd[1]: Listening on initctl Compatibility Named Pipe.\r\n[   11.802515] systemd[1]: Listening on udev Control Socket.\r\n[   11.814598] systemd[1]: Listening on udev Kernel Socket.\r\n[   11.827690] systemd[1]: Listening on User Database Manager Socket.\r\n[   11.841568] systemd[1]: Mounting Huge Pages File System...\r\n[   11.871340] systemd[1]: Mounting POSIX Message Queue File System...\r\n[   11.892594] systemd[1]: Mounting Kernel Debug File System...\r\n[   11.907939] systemd[1]: Mounting Kernel Trace File System...\r\n[   11.922722] systemd[1]: Starting Create List of Static Device Nodes...\r\n[   11.938651] systemd[1]: Starting Load Kernel Module configfs...\r\n[   11.953172] systemd[1]: Starting Load Kernel Module drm...\r\n[   11.967330] systemd[1]: Starting Load Kernel Module fuse...\r\n[   11.985791] systemd[1]: Condition check resulted in Set Up Additional Binary Formats being skipped.\r\n[   12.038626] fuse: init (API version 7.34)\r\n[   12.056970] systemd[1]: systemd-fsck-root.service: Deactivated successfully.\r\n[   12.065919] systemd[1]: Stopped File System Check on Root Device.\r\n[   12.077725] kauditd_printk_skb: 55 callbacks suppressed\r\n[   12.077727] audit: type=1131 audit(1745316029.374:67): pid=1 uid=0 auid=4294967295 ses=4294967295 subj=system_u:system_r:init_t:s0 msg=&#39;unit=systemd-fsck-root comm=\&#34;systemd\&#34; exe=\&#34;/usr/lib/systemd/systemd\&#34; hostname=? addr=? terminal=? res=success&#39;\r\n[   12.110526] systemd[1]: Stopped Journal Service.\r\n[   12.121278] systemd[1]: Starting Journal Service...\r\n[   12.136865] systemd[1]: Starting Load Kernel Modules...\r\n[   12.159320] systemd[1]: Starting Remount Root and Kernel File Systems...\r\n[   12.168810] audit: type=1130 audit(1745316029.416:68): pid=1 uid=0 auid=4294967295 ses=4294967295 subj=system_u:system_r:init_t:s0 msg=&#39;unit=systemd-journald comm=\&#34;systemd\&#34; exe=\&#34;/usr/lib/systemd/systemd\&#34; hostname=? addr=? terminal=? res=success&#39;\r\n[   12.215372] systemd[1]: Condition check resulted in Repartition Root Disk being skipped.\r\n[   12.242935] BTRFS info (device vda5): use zstd compression, level 1\r\n[   12.251383] BTRFS info (device vda5): disk space caching is enabled\r\n[   12.274873] systemd[1]: Starting Coldplug All udev Devices...\r\n[   12.285629] i40e: Intel(R) Ethernet Connection XL710 Network Driver\r\n[   12.294060] i40e: Copyright (c) 2013 - 2019 Intel Corporation.\r\n[   12.302733] audit: type=1131 audit(1745316029.416:69): pid=1 uid=0 auid=4294967295 ses=4294967295 subj=system_u:system_r:init_t:s0 msg=&#39;unit=systemd-journald comm=\&#34;systemd\&#34; exe=\&#34;/usr/lib/systemd/systemd\&#34; hostname=? addr=? terminal=? res=success&#39;\r\n[   12.338295] systemd[1]: Started Journal Service.\r\n[   12.434540] dca service started, version 1.12.1\r\n[   12.471889] audit: type=1334 audit(1745316029.417:70): prog-id=20 op=LOAD\r\n[   12.552411] systemd-journald[528]: Received client request to flush runtime journal.\r\n[   12.575232] audit: type=1334 audit(1745316029.417:71): prog-id=21 op=LOAD\r\n[   12.606402] igb: Intel(R) Gigabit Ethernet Network Driver\r\n[   12.613823] igb: Copyright (c) 2007-2014 Intel Corporation.\r\n[   12.626267] audit: type=1334 audit(1745316029.417:72): prog-id=22 op=LOAD\r\n[   12.654254] audit: type=1334 audit(1745316029.417:73): prog-id=18 op=UNLOAD\r\n[   12.677067] audit: type=1334 audit(1745316029.417:74): prog-id=19 op=UNLOAD\r\n[   12.691745] audit: type=1305 audit(1745316029.444:75): op=set audit_enabled=1 old=1 auid=4294967295 ses=4294967295 subj=system_u:system_r:syslogd_t:s0 res=1\r\n[   12.711398] audit: type=1300 audit(1745316029.444:75): arch=c000003e syscall=46 success=yes exit=60 a0=4 a1=7ffe28133d90 a2=4000 a3=7ffe28133e1c items=0 ppid=1 pid=528 auid=4294967295 uid=0 gid=0 euid=0 suid=0 fsuid=0 egid=0 sgid=0 fsgid=0 tty=(none) ses=4294967295 comm=\&#34;systemd-journal\&#34; exe=\&#34;/usr/lib/systemd/systemd-journald\&#34; subj=system_u:system_r:syslogd_t:s0 key=(null)\r\n[   13.042288] EXT4-fs (vda2): mounted filesystem with ordered data mode. Opts: (null). Quota mode: none.\r\n[   13.073868] ext4 filesystem being mounted at /boot supports timestamps until 2038 (0x7fffffff)\r\n[   13.450509] Free page reporting enabled\r\n[   13.458917] lpc_ich 0000:00:1f.0: I/O space for GPIO uninitialized\r\n[   13.523230] i801_smbus 0000:00:1f.3: SMBus using PCI interrupt\r\n[   13.637843] zram0: detected capacity change from 0 to 389120\r\n[   13.653802] RAPL PMU: API unit is 2^-32 Joules, 1 fixed counters, 10737418240 ms ovfl timer\r\n[   13.664917] RAPL PMU: hw unit of domain psys 2^-0 Joules\r\n[   13.702058] Adding 194556k swap on /dev/zram0.  Priority:100 extents:1 across:194556k SSFS\r\n[   13.825479] i2c i2c-0: 1/1 memory slots populated (from DMI)\r\n[   13.833229] i2c i2c-0: Memory type 0x07 not supported yet, not instantiating SPD\r\n[   14.236642] iTCO_vendor_support: vendor-support=0\r\n[   14.496332] input: PC Speaker as /devices/platform/pcspkr/input/input5\r\n[   14.766914] bochs-drm 0000:00:01.0: vgaarb: deactivate vga console\r\n[   14.835685] iTCO_wdt iTCO_wdt.1.auto: Found a ICH9 TCO device (Version=2, TCOBASE=0x0660)\r\n[   14.940586] iTCO_wdt iTCO_wdt.1.auto: initialized. heartbeat=30 sec (nowayout=0)\r\n[   15.016397] Console: switching to colour dummy device 80x25\r\n[   15.066522] [drm] Found bochs VGA, ID 0xb0c5.\r\n[   15.070609] [drm] Framebuffer size 16384 kB @ 0xfa000000, mmio @ 0xfea10000.\r\n[   15.131877] [drm] Found EDID data blob.\r\n[   15.189860] [drm] Initialized bochs-drm 1.0.0 20130925 for 0000:00:01.0 on minor 0\r\n[   15.253388] fbcon: bochs-drm (fb0) is primary device\r\n[   15.368525] Console: switching to colour frame buffer device 160x50\r\n[   15.391458] bochs-drm 0000:00:01.0: [drm] fb0: bochs-drm frame buffer device\r\n[   16.870206] ISO 9660 Extensions: Microsoft Joliet Level 3\r\n[   16.879508] ISO 9660 Extensions: RRIP_1991A\r\n[root@testvmi-97w8k fedora]# &#34; &#34;\r\n[    0.000000] Linux version 5.14.10-300.fc35.x86_64 (mockbuild@bkernel01.iad2.fedoraproject.org) (gcc (GCC) 11.2.1 20210728 (Red Hat 11.2.1-1), GNU ld version 2.37-10.fc35) #1 SMP Thu Oct 7 20:48:44 UTC 2021\r\n[    0.000000] Command line: BOOT_IMAGE=(hd0,gpt2)/vmlinuz-5.14.10-300.fc35.x86_64 root=UUID=437a4991-d1ba-4577-b624-48a51910a100 ro rootflags=subvol=root no_timer_check net.ifnames=0 console=tty1 console=ttyS0,115200n8\r\n[    0.000000] x86/split lock detection: #DB: warning on user-space bus_locks\r\n[    0.000000] x86/fpu: Supporting XSAVE feature 0x001: &#39;x87 floating point registers&#39;\r\n[    0.000000] x86/fpu: Supporting XSAVE feature 0x002: &#39;SSE registers&#39;\r\n[    0.000000] x86/fpu: Supporting XSAVE feature 0x004: &#39;AVX registers&#39;\r\n[    0.000000] x86/fpu: Supporting XSAVE feature 0x020: &#39;AVX-512 opmask&#39;\r\n[    0.000000] x86/fpu: Supporting XSAVE feature 0x040: &#39;AVX-512 Hi256&#39;\r\n[    0.000000] x86/fpu: Supporting XSAVE feature 0x080: &#39;AVX-512 ZMM_Hi256&#39;\r\n[    0.000000] x86/fpu: Supporting XSAVE feature 0x200: &#39;Protection Keys User registers&#39;\r\n[    0.000000] x86/fpu: xstate_offset[2]:  576, xstate_sizes[2]:  256\r\n[    0.000000] x86/fpu: xstate_offset[5]:  832, xstate_sizes[5]:   64\r\n[    0.000000] x86/fpu: xstate_offset[6]:  896, xstate_sizes[6]:  512\r\n[    0.000000] x86/fpu: xstate_offset[7]: 1408, xstate_sizes[7]: 1024\r\n[    0.000000] x86/fpu: xstate_offset[9]: 2432, xstate_sizes[9]:    8\r\n[    0.000000] x86/fpu: Enabled xstate features 0x2e7, context size is 2440 bytes, using &#39;compacted&#39; format.\r\n[    0.000000] signal: max sigframe size: 3632\r\n[    0.000000] BIOS-provided physical RAM map:\r\n[    0.000000] BIOS-e820: [mem 0x0000000000000000-0x000000000009fbff] usable\r\n[    0.000000] BIOS-e820: [mem 0x000000000009fc00-0x000000000009ffff] reserved\r\n[    0.000000] BIOS-e820: [mem 0x00000000000f0000-0x00000000000fffff] reserved\r\n[    0.000000] BIOS-e820: [mem 0x0000000000100000-0x000000000f4dcfff] usable\r\n[    0.000000] BIOS-e820: [mem 0x000000000f4dd000-0x000000000f4fffff] reserved\r\n[    0.000000] BIOS-e820: [mem 0x00000000b0000000-0x00000000bfffffff] reserved\r\n[    0.000000] BIOS-e820: [mem 0x00000000fed1c000-0x00000000fed1ffff] reserved\r\n[    0.000000] BIOS-e820: [mem 0x00000000feffc000-0x00000000feffffff] reserved\r\n[    0.000000] BIOS-e820: [mem 0x00000000fffc0000-0x00000000ffffffff] reserved\r\n[    0.000000] NX (Execute Disable) protection: active\r\n[    0.000000] SMBIOS 2.8 present.\r\n[    0.000000] DMI: KubeVirt None/RHEL, BIOS 1.16.3-2.el9 04/01/2014\r\n[    0.000000] Hypervisor detected: KVM\r\n[    0.000000] kvm-clock: Using msrs 4b564d01 and 4b564d00\r\n[    0.000000] kvm-clock: cpu 0, msr ac01001, primary cpu clock\r\n[    0.000001] kvm-clock: using sched offset of 7079949313 cycles\r\n[    0.000003] clocksource: kvm-clock: mask: 0xffffffffffffffff max_cycles: 0x1cd42e4dffb, max_idle_ns: 881590591483 ns\r\n[    0.000006] tsc: Detected 2200.000 MHz processor\r\n[    0.000587] e820: update [mem 0x00000000-0x00000fff] usable ==&gt; reserved\r\n[    0.000591] e820: remove [mem 0x000a0000-0x000fffff] usable\r\n[    0.000594] last_pfn = 0xf4dd max_arch_pfn = 0x10000000000\r\n[    0.001868] x86/PAT: Configuration [0-7]: WB  WC  UC- UC  WB  WP  UC- WT  \r\n[    0.005556] found SMP MP-table at [mem 0x000f53f0-0x000f53ff]\r\n[    0.005631] Using GB pages for direct mapping\r\n[    0.005778] RAMDISK: [mem 0x0c5bf000-0x0ddd0fff]\r\n[    0.005783] ACPI: Early table checksum verification disabled\r\n[    0.005785] ACPI: RSDP 0x00000000000F51C0 000014 (v00 BOCHS )\r\n[    0.005789] ACPI: RSDT 0x000000000F4E2A01 000034 (v01 BOCHS  BXPC     00000001 BXPC 00000001)\r\n[    0.005794] ACPI: FACP 0x000000000F4E2831 0000F4 (v03 BOCHS  BXPC     00000001 BXPC 00000001)\r\n[    0.005844] ACPI: DSDT 0x000000000F4E0040 0027F1 (v01 BOCHS  BXPC     00000001 BXPC 00000001)\r\n[    0.005848] ACPI: FACS 0x000000000F4E0000 000040\r\n[    0.005850] ACPI: APIC 0x000000000F4E2925 000078 (v03 BOCHS  BXPC     00000001 BXPC 00000001)\r\n[    0.005853] ACPI: MCFG 0x000000000F4E299D 00003C (v01 BOCHS  BXPC     00000001 BXPC 00000001)\r\n[    0.005855] ACPI: WAET 0x000000000F4E29D9 000028 (v01 BOCHS  BXPC     00000001 BXPC 00000001)\r\n[    0.005857] ACPI: Reserving FACP table memory at [mem 0xf4e2831-0xf4e2924]\r\n[    0.005859] ACPI: Reserving DSDT table memory at [mem 0xf4e0040-0xf4e2830]\r\n[    0.005859] ACPI: Reserving FACS table memory at [mem 0xf4e0000-0xf4e003f]\r\n[    0.005860] ACPI: Reserving APIC table memory at [mem 0xf4e2925-0xf4e299c]\r\n[    0.005861] ACPI: Reserving MCFG table memory at [mem 0xf4e299d-0xf4e29d8]\r\n[    0.005862] ACPI: Reserving WAET table memory at [mem 0xf4e29d9-0xf4e2a00]\r\n[    0.009506] No NUMA configuration found\r\n[    0.009507] Faking a node at [mem 0x0000000000000000-0x000000000f4dcfff]\r\n[    0.009513] NODE_DATA(0) allocated [mem 0x0f4b2000-0x0f4dcfff]\r\n[    0.010482] Zone ranges:\r\n[    0.010485]   DMA      [mem 0x0000000000001000-0x0000000000ffffff]\r\n[    0.010487]   DMA32    [mem 0x0000000001000000-0x000000000f4dcfff]\r\n[    0.010489]   Normal   empty\r\n[    0.010490]   Device   empty\r\n[    0.010491] Movable zone start for each node\r\n[    0.010493] Early memory node ranges\r\n[    0.010493]   node   0: [mem 0x0000000000001000-0x000000000009efff]\r\n[    0.010495]   node   0: [mem 0x0000000000100000-0x000000000f4dcfff]\r\n[    0.010496] Initmem setup node 0 [mem 0x0000000000001000-0x000000000f4dcfff]\r\n[    0.010500] On node 0, zone DMA: 1 pages in unavailable ranges\r\n[    0.010524] On node 0, zone DMA: 97 pages in unavailable ranges\r\n[    0.010816] On node 0, zone DMA32: 2851 pages in unavailable ranges\r\n[    0.032062] ACPI: PM-Timer IO Port: 0x608\r\n[    0.032142] ACPI: LAPIC_NMI (acpi_id[0xff] dfl dfl lint[0x1])\r\n[    0.032539] IOAPIC[0]: apic_id 0, version 17, address 0xfec00000, GSI 0-23\r\n[    0.032542] ACPI: INT_SRC_OVR (bus 0 bus_irq 0 global_irq 2 dfl dfl)\r\n[    0.032544] ACPI: INT_SRC_OVR (bus 0 bus_irq 5 global_irq 5 high level)\r\n[    0.032545] ACPI: INT_SRC_OVR (bus 0 bus_irq 9 global_irq 9 high level)\r\n[    0.032546] ACPI: INT_SRC_OVR (bus 0 bus_irq 10 global_irq 10 high level)\r\n[    0.032547] ACPI: INT_SRC_OVR (bus 0 bus_irq 11 global_irq 11 high level)\r\n[    0.032550] ACPI: Using ACPI (MADT) for SMP configuration information\r\n[    0.032552] TSC deadline timer available\r\n[    0.032553] smpboot: Allowing 1 CPUs, 0 hotplug CPUs\r\n[    0.032779] PM: hibernation: Registered nosave memory: [mem 0x00000000-0x00000fff]\r\n[    0.032781] PM: hibernation: Registered nosave memory: [mem 0x0009f000-0x0009ffff]\r\n[    0.032783] PM: hibernation: Registered nosave memory: [mem 0x000a0000-0x000effff]\r\n[    0.032783] PM: hibernation: Registered nosave memory: [mem 0x000f0000-0x000fffff]\r\n[    0.032785] [mem 0x0f500000-0xafffffff] available for PCI devices\r\n[    0.032786] Booting paravirtualized kernel on KVM\r\n[    0.032789] clocksource: refined-jiffies: mask: 0xffffffff max_cycles: 0xffffffff, max_idle_ns: 1910969940391419 ns\r\n[    0.038388] setup_percpu: NR_CPUS:8192 nr_cpumask_bits:1 nr_cpu_ids:1 nr_node_ids:1\r\n[    0.038622] percpu: Embedded 55 pages/cpu s188416 r8192 d28672 u2097152\r\n[    0.038627] pcpu-alloc: s188416 r8192 d28672 u2097152 alloc=1*2097152\r\n[    0.038629] pcpu-alloc: [0] 0 \r\n[    0.038797] kvm-guest: setup async PF for cpu 0\r\n[    0.038901] kvm-guest: stealtime: cpu 0, msr ec2d080\r\n[    0.038983] kvm-guest: PV spinlocks disabled, single CPU\r\n[    0.038989] Built 1 zonelists, mobility grouping on.  Total pages: 61449\r\n[    0.038990] Policy zone: DMA32\r\n[    0.038991] Kernel command line: BOOT_IMAGE=(hd0,gpt2)/vmlinuz-5.14.10-300.fc35.x86_64 root=UUID=437a4991-d1ba-4577-b624-48a51910a100 ro rootflags=subvol=root no_timer_check net.ifnames=0 console=tty1 console=ttyS0,115200n8\r\n[    0.039063] Unknown command line parameters: BOOT_IMAGE=(hd0,gpt2)/vmlinuz-5.14.10-300.fc35.x86_64\r\n[    0.039093] Dentry cache hash table entries: 32768 (order: 6, 262144 bytes, linear)\r\n[    0.039108] Inode-cache hash table entries: 16384 (order: 5, 131072 bytes, linear)\r\n[    0.039484] mem auto-init: stack:off, heap alloc:off, heap free:off\r\n[    0.041752] Memory: 162540K/250348K available (16393K kernel code, 3531K rwdata, 10388K rodata, 2872K init, 4908K bss, 87604K reserved, 0K cma-reserved)\r\n[    0.041757] random: get_random_u64 called from __kmem_cache_create+0x2a/0x590 with crng_init=0\r\n[    0.041843] SLUB: HWalign=64, Order=0-3, MinObjects=0, CPUs=1, Nodes=1\r\n[    0.041852] ftrace: allocating 46957 entries in 184 pages\r\n[    0.056161] ftrace: allocated 184 pages with 4 groups\r\n[    0.056523] rcu: Hierarchical RCU implementation.\r\n[    0.056525] rcu: \tRCU restricting CPUs from NR_CPUS=8192 to nr_cpu_ids=1.\r\n[    0.056527] \tTrampoline variant of Tasks RCU enabled.\r\n[    0.056528] \tRude variant of Tasks RCU enabled.\r\n[    0.056528] \tTracing variant of Tasks RCU enabled.\r\n[    0.056529] rcu: RCU calculated value of scheduler-enlistment delay is 100 jiffies.\r\n[    0.056530] rcu: Adjusting geometry for rcu_fanout_leaf=16, nr_cpu_ids=1\r\n[    0.060107] NR_IRQS: 524544, nr_irqs: 256, preallocated irqs: 16\r\n[    0.060691] random: crng done (trusting CPU&#39;s manufacturer)\r\n[    0.205233] Console: colour VGA+ 80x25\r\n[    0.651824] printk: console [tty1] enabled\r\n[    1.561632] printk: console [ttyS0] enabled\r\n[    1.569557] ACPI: Core revision 20210604\r\n[    1.577020] APIC: Switch to symmetric I/O mode setup\r\n[    1.589577] x2apic enabled\r\n[    1.598912] Switched APIC routing to physical x2apic.\r\n[    1.623206] clocksource: tsc-early: mask: 0xffffffffffffffff max_cycles: 0x1fb633008a4, max_idle_ns: 440795292230 ns\r\n[    1.641178] Calibrating delay loop (skipped) preset value.. 4400.00 BogoMIPS (lpj=2200000)\r\n[    1.642172] pid_max: default: 32768 minimum: 301\r\n[    1.642172] LSM: Security Framework initializing\r\n[    1.642172] Yama: becoming mindful.\r\n[    1.642172] SELinux:  Initializing.\r\n[    1.642172] LSM support for eBPF active\r\n[    1.642172] landlock: Up and running.\r\n[    1.642172] Mount-cache hash table entries: 512 (order: 0, 4096 bytes, linear)\r\n[    1.642172] Mountpoint-cache hash table entries: 512 (order: 0, 4096 bytes, linear)\r\n[    1.642172] x86/cpu: User Mode Instruction Prevention (UMIP) activated\r\n[    1.642172] Last level iTLB entries: 4KB 0, 2MB 0, 4MB 0\r\n[    1.642172] Last level dTLB entries: 4KB 0, 2MB 0, 4MB 0, 1GB 0\r\n[    1.642172] Spectre V1 : Mitigation: usercopy/swapgs barriers and __user pointer sanitization\r\n[    1.642172] Spectre V2 : Mitigation: Enhanced IBRS\r\n[    1.642172] Spectre V2 : Spectre v2 / SpectreRSB mitigation: Filling RSB on context switch\r\n[    1.642172] Spectre V2 : mitigation: Enabling conditional Indirect Branch Prediction Barrier\r\n[    1.642172] Speculative Store Bypass: Mitigation: Speculative Store Bypass disabled via prctl and seccomp\r\n[    1.642172] TAA: Mitigation: TSX disabled\r\n[    1.642172] Freeing SMP alternatives memory: 44K\r\n[    1.642172] smpboot: CPU0: Intel Xeon Processor (SapphireRapids) (family: 0x6, model: 0x8f, stepping: 0x4)\r\n[    1.642315] Performance Events: unsupported p6 CPU model 143 no PMU driver, software events only.\r\n[    1.643249] rcu: Hierarchical SRCU implementation.\r\n[    1.644523] NMI watchdog: Perf NMI watchdog permanently disabled\r\n[    1.645244] smp: Bringing up secondary CPUs ...\r\n[    1.646199] smp: Brought up 1 node, 1 CPU\r\n[    1.647200] smpboot: Max logical packages: 1\r\n[    1.648200] smpboot: Total of 1 processors activated (4400.00 BogoMIPS)\r\n[    1.650126] devtmpfs: initialized\r\n[    1.650264] x86/mm: Memory block size: 128MB\r\n[    1.651432] clocksource: jiffies: mask: 0xffffffff max_cycles: 0xffffffff, max_idle_ns: 1911260446275000 ns\r\n[    1.652201] futex hash table entries: 256 (order: 2, 16384 bytes, linear)\r\n[    1.653255] pinctrl core: initialized pinctrl subsystem\r\n[    1.655026] PM: RTC time: 10:00:17, date: 2025-04-22\r\n[    1.655311] NET: Registered PF_NETLINK/PF_ROUTE protocol family\r\n[    1.656278] DMA: preallocated 128 KiB GFP_KERNEL pool for atomic allocations\r\n[    1.657199] DMA: preallocated 128 KiB GFP_KERNEL|GFP_DMA pool for atomic allocations\r\n[    1.658198] DMA: preallocated 128 KiB GFP_KERNEL|GFP_DMA32 pool for atomic allocations\r\n[    1.659206] audit: initializing netlink subsys (disabled)\r\n[    1.660382] thermal_sys: Registered thermal governor &#39;fair_share&#39;\r\n[    1.660384] thermal_sys: Registered thermal governor &#39;bang_bang&#39;\r\n[    1.661201] thermal_sys: Registered thermal governor &#39;step_wise&#39;\r\n[    1.662198] thermal_sys: Registered thermal governor &#39;user_space&#39;\r\n[    1.663249] cpuidle: using governor menu\r\n[    1.665205] audit: type=2000 audit(1745316016.379:1): state=initialized audit_enabled=0 res=1\r\n[    1.666366] ACPI: bus type PCI registered\r\n[    1.667198] acpiphp: ACPI Hot Plug PCI Controller Driver version: 0.5\r\n[    1.668903] PCI: MMCONFIG for domain 0000 [bus 00-ff] at [mem 0xb0000000-0xbfffffff] (base 0xb0000000)\r\n[    1.669201] PCI: MMCONFIG at [mem 0xb0000000-0xbfffffff] reserved in E820\r\n[    1.670214] PCI: Using configuration type 1 for base access\r\n[    1.672124] Kprobes globally optimized\r\n[    1.672304] HugeTLB registered 1.00 GiB page size, pre-allocated 0 pages\r\n[    1.673199] HugeTLB registered 2.00 MiB page size, pre-allocated 0 pages\r\n[    1.782328] cryptd: max_cpu_qlen set to 1000\r\n[    1.783932] alg: No test for 842 (842-generic)\r\n[    1.784272] alg: No test for 842 (842-scomp)\r\n[    1.786697] raid6: skip pq benchmark and using algorithm avx512x4\r\n[    1.787199] raid6: using avx512x2 recovery algorithm\r\n[    1.788235] ACPI: Added _OSI(Module Device)\r\n[    1.789197] ACPI: Added _OSI(Processor Device)\r\n[    1.790197] ACPI: Added _OSI(3.0 _SCP Extensions)\r\n[    1.791197] ACPI: Added _OSI(Processor Aggregator Device)\r\n[    1.792202] ACPI: Added _OSI(Linux-Dell-Video)\r\n[    1.793238] ACPI: Added _OSI(Linux-Lenovo-NV-HDMI-Audio)\r\n[    1.794201] ACPI: Added _OSI(Linux-HPI-Hybrid-Graphics)\r\n[    1.795929] ACPI: 1 ACPI AML tables successfully acquired and loaded\r\n[    1.798348] ACPI: Interpreter enabled\r\n[    1.799211] ACPI: PM: (supports S0 S5)\r\n[    1.800204] ACPI: Using IOAPIC for interrupt routing\r\n[    1.801244] PCI: Using host bridge windows from ACPI; if necessary, use \&#34;pci=nocrs\&#34; and report a bug\r\n[    1.802413] ACPI: Enabled 2 GPEs in block 00 to 3F\r\n[    1.806059] ACPI: PCI Root Bridge [PCI0] (domain 0000 [bus 00-ff])\r\n[    1.806200] acpi PNP0A08:00: _OSC: OS supports [ExtendedConfig ASPM ClockPM Segments MSI EDR HPX-Type3]\r\n[    1.807246] acpi PNP0A08:00: _OSC: platform does not support [PCIeHotplug LTR DPC]\r\n[    1.808230] acpi PNP0A08:00: _OSC: OS now controls [SHPCHotplug PME AER PCIeCapability]\r\n[    1.810438] PCI host bridge to bus 0000:00\r\n[    1.811197] pci_bus 0000:00: root bus resource [io  0x0000-0x0cf7 window]\r\n[    1.812197] pci_bus 0000:00: root bus resource [io  0x0d00-0xffff window]\r\n[    1.813197] pci_bus 0000:00: root bus resource [mem 0x000a0000-0x000bffff window]\r\n[    1.814202] pci_bus 0000:00: root bus resource [mem 0x0f500000-0xafffffff window]\r\n[    1.815197] pci_bus 0000:00: root bus resource [mem 0xc0000000-0xfebfffff window]\r\n[    1.816197] pci_bus 0000:00: root bus resource [mem 0x100000000-0x8ffffffff window]\r\n[    1.817197] pci_bus 0000:00: root bus resource [bus 00-ff]\r\n[    1.818541] pci 0000:00:00.0: [8086:29c0] type 00 class 0x060000\r\n[    1.822639] pci 0000:00:01.0: [1234:1111] type 00 class 0x030000\r\n[    1.825271] pci 0000:00:01.0: reg 0x10: [mem 0xfa000000-0xfaffffff pref]\r\n[    1.830259] pci 0000:00:01.0: reg 0x18: [mem 0xfea10000-0xfea10fff]\r\n[    1.839283] pci 0000:00:01.0: reg 0x30: [mem 0xfea00000-0xfea0ffff pref]\r\n[    1.842236] pci 0000:00:02.0: [1b36:000c] type 01 class 0x060400\r\n[    1.845199] pci 0000:00:02.0: reg 0x10: [mem 0xfea11000-0xfea11fff]\r\n[    1.855716] pci 0000:00:02.1: [1b36:000c] type 01 class 0x060400\r\n[    1.858198] pci 0000:00:02.1: reg 0x10: [mem 0xfea12000-0xfea12fff]\r\n[    1.868305] pci 0000:00:02.2: [1b36:000c] type 01 class 0x060400\r\n[    1.871198] pci 0000:00:02.2: reg 0x10: [mem 0xfea13000-0xfea13fff]\r\n[    1.881339] pci 0000:00:02.3: [1b36:000c] type 01 class 0x060400\r\n[    1.884198] pci 0000:00:02.3: reg 0x10: [mem 0xfea14000-0xfea14fff]\r\n[    1.893868] pci 0000:00:02.4: [1b36:000c] type 01 class 0x060400\r\n[    1.896198] pci 0000:00:02.4: reg 0x10: [mem 0xfea15000-0xfea15fff]\r\n[    1.906169] pci 0000:00:02.5: [1b36:000c] type 01 class 0x060400\r\n[    1.908198] pci 0000:00:02.5: reg 0x10: [mem 0xfea16000-0xfea16fff]\r\n[    1.918626] pci 0000:00:02.6: [1b36:000c] type 01 class 0x060400\r\n[    1.921199] pci 0000:00:02.6: reg 0x10: [mem 0xfea17000-0xfea17fff]\r\n[    1.931555] pci 0000:00:02.7: [1b36:000c] type 01 class 0x060400\r\n[    1.934198] pci 0000:00:02.7: reg 0x10: [mem 0xfea18000-0xfea18fff]\r\n[    1.943828] pci 0000:00:03.0: [1b36:000c] type 01 class 0x060400\r\n[    1.946198] pci 0000:00:03.0: reg 0x10: [mem 0xfea19000-0xfea19fff]\r\n[    1.956269] pci 0000:00:03.1: [1b36:000c] type 01 class 0x060400\r\n[    1.958894] pci 0000:00:03.1: reg 0x10: [mem 0xfea1a000-0xfea1afff]\r\n[    1.969269] pci 0000:00:03.2: [1b36:000c] type 01 class 0x060400\r\n[    1.971927] pci 0000:00:03.2: reg 0x10: [mem 0xfea1b000-0xfea1bfff]\r\n[    1.983130] pci 0000:00:1f.0: [8086:2918] type 00 class 0x060100\r\n[    1.987374] pci 0000:00:1f.0: quirk: [io  0x0600-0x067f] claimed by ICH6 ACPI/GPIO/TCO\r\n[    1.989997] pci 0000:00:1f.2: [8086:2922] type 00 class 0x010601\r\n[    1.996198] pci 0000:00:1f.2: reg 0x20: [io  0xc040-0xc05f]\r\n[    1.998198] pci 0000:00:1f.2: reg 0x24: [mem 0xfea1c000-0xfea1cfff]\r\n[    2.003041] pci 0000:00:1f.3: [8086:2930] type 00 class 0x0c0500\r\n[    2.008548] pci 0000:00:1f.3: reg 0x20: [io  0x0700-0x073f]\r\n[    2.013581] acpiphp: Slot [0] registered\r\n[    2.015741] pci 0000:01:00.0: [1af4:1041] type 00 class 0x020000\r\n[    2.020900] pci 0000:01:00.0: reg 0x14: [mem 0xfe800000-0xfe800fff]\r\n[    2.025201] pci 0000:01:00.0: reg 0x20: [mem 0xfc400000-0xfc403fff 64bit pref]\r\n[    2.037517] pci 0000:00:02.0: PCI bridge to [bus 01]\r\n[    2.038479] pci 0000:00:02.0:   bridge window [mem 0xfe800000-0xfe9fffff]\r\n[    2.039478] pci 0000:00:02.0:   bridge window [mem 0xfc400000-0xfc5fffff 64bit pref]\r\n[    2.043013] acpiphp: Slot [0-2] registered\r\n[    2.043387] pci 0000:00:02.1: PCI bridge to [bus 02]\r\n[    2.044556] pci 0000:00:02.1:   bridge window [mem 0xfe600000-0xfe7fffff]\r\n[    2.045491] pci 0000:00:02.1:   bridge window [mem 0xfc200000-0xfc3fffff 64bit pref]\r\n[    2.048455] acpiphp: Slot [0-3] registered\r\n[    2.049338] pci 0000:00:02.2: PCI bridge to [bus 03]\r\n[    2.050473] pci 0000:00:02.2:   bridge window [mem 0xfe400000-0xfe5fffff]\r\n[    2.051471] pci 0000:00:02.2:   bridge window [mem 0xfc000000-0xfc1fffff 64bit pref]\r\n[    2.054373] acpiphp: Slot [0-4] registered\r\n[    2.055336] pci 0000:00:02.3: PCI bridge to [bus 04]\r\n[    2.056472] pci 0000:00:02.3:   bridge window [mem 0xfe200000-0xfe3fffff]\r\n[    2.057472] pci 0000:00:02.3:   bridge window [mem 0xfbe00000-0xfbffffff 64bit pref]\r\n[    2.060308] acpiphp: Slot [0-5] registered\r\n[    2.062537] pci 0000:05:00.0: [1af4:1048] type 00 class 0x010000\r\n[    2.065918] pci 0000:05:00.0: reg 0x14: [mem 0xfe000000-0xfe000fff]\r\n[    2.069721] pci 0000:05:00.0: reg 0x20: [mem 0xfbc00000-0xfbc03fff 64bit pref]\r\n[    2.080819] pci 0000:00:02.4: PCI bridge to [bus 05]\r\n[    2.081485] pci 0000:00:02.4:   bridge window [mem 0xfe000000-0xfe1fffff]\r\n[    2.082485] pci 0000:00:02.4:   bridge window [mem 0xfbc00000-0xfbdfffff 64bit pref]\r\n[    2.085379] acpiphp: Slot [0-6] registered\r\n[    2.087522] pci 0000:06:00.0: [1af4:1043] type 00 class 0x078000\r\n[    2.090925] pci 0000:06:00.0: reg 0x14: [mem 0xfde00000-0xfde00fff]\r\n[    2.094696] pci 0000:06:00.0: reg 0x20: [mem 0xfba00000-0xfba03fff 64bit pref]\r\n[    2.105197] pci 0000:00:02.5: PCI bridge to [bus 06]\r\n[    2.106473] pci 0000:00:02.5:   bridge window [mem 0xfde00000-0xfdffffff]\r\n[    2.107471] pci 0000:00:02.5:   bridge window [mem 0xfba00000-0xfbbfffff 64bit pref]\r\n[    2.110378] acpiphp: Slot [0-7] registered\r\n[    2.112449] pci 0000:07:00.0: [1af4:1042] type 00 class 0x010000\r\n[    2.115978] pci 0000:07:00.0: reg 0x14: [mem 0xfdc00000-0xfdc00fff]\r\n[    2.120043] pci 0000:07:00.0: reg 0x20: [mem 0xfb800000-0xfb803fff 64bit pref]\r\n[    2.131267] pci 0000:00:02.6: PCI bridge to [bus 07]\r\n[    2.132472] pci 0000:00:02.6:   bridge window [mem 0xfdc00000-0xfddfffff]\r\n[    2.133471] pci 0000:00:02.6:   bridge window [mem 0xfb800000-0xfb9fffff 64bit pref]\r\n[    2.136374] acpiphp: Slot [0-8] registered\r\n[    2.138450] pci 0000:08:00.0: [1af4:1042] type 00 class 0x010000\r\n[    2.141929] pci 0000:08:00.0: reg 0x14: [mem 0xfda00000-0xfda00fff]\r\n[    2.145723] pci 0000:08:00.0: reg 0x20: [mem 0xfb600000-0xfb603fff 64bit pref]\r\n[    2.158198] pci 0000:00:02.7: PCI bridge to [bus 08]\r\n[    2.159513] pci 0000:00:02.7:   bridge window [mem 0xfda00000-0xfdbfffff]\r\n[    2.160471] pci 0000:00:02.7:   bridge window [mem 0xfb600000-0xfb7fffff 64bit pref]\r\n[    2.163449] acpiphp: Slot [0-9] registered\r\n[    2.165465] pci 0000:09:00.0: [1af4:1045] type 00 class 0x00ff00\r\n[    2.171888] pci 0000:09:00.0: reg 0x20: [mem 0xfb400000-0xfb403fff 64bit pref]\r\n[    2.181965] pci 0000:00:03.0: PCI bridge to [bus 09]\r\n[    2.182470] pci 0000:00:03.0:   bridge window [mem 0xfd800000-0xfd9fffff]\r\n[    2.183475] pci 0000:00:03.0:   bridge window [mem 0xfb400000-0xfb5fffff 64bit pref]\r\n[    2.186611] acpiphp: Slot [0-10] registered\r\n[    2.188520] pci 0000:0a:00.0: [1af4:1044] type 00 class 0x00ff00\r\n[    2.191928] pci 0000:0a:00.0: reg 0x14: [mem 0xfd600000-0xfd600fff]\r\n[    2.195816] pci 0000:0a:00.0: reg 0x20: [mem 0xfb200000-0xfb203fff 64bit pref]\r\n[    2.208023] pci 0000:00:03.1: PCI bridge to [bus 0a]\r\n[    2.208494] pci 0000:00:03.1:   bridge window [mem 0xfd600000-0xfd7fffff]\r\n[    2.209472] pci 0000:00:03.1:   bridge window [mem 0xfb200000-0xfb3fffff 64bit pref]\r\n[    2.212473] acpiphp: Slot [0-11] registered\r\n[    2.213347] pci 0000:00:03.2: PCI bridge to [bus 0b]\r\n[    2.214473] pci 0000:00:03.2:   bridge window [mem 0xfd400000-0xfd5fffff]\r\n[    2.215480] pci 0000:00:03.2:   bridge window [mem 0xfb000000-0xfb1fffff 64bit pref]\r\n[    2.225658] ACPI: PCI: Interrupt link LNKA configured for IRQ 10\r\n[    2.226540] ACPI: PCI: Interrupt link LNKB configured for IRQ 10\r\n[    2.227627] ACPI: PCI: Interrupt link LNKC configured for IRQ 11\r\n[    2.228536] ACPI: PCI: Interrupt link LNKD configured for IRQ 11\r\n[    2.229522] ACPI: PCI: Interrupt link LNKE configured for IRQ 10\r\n[    2.230506] ACPI: PCI: Interrupt link LNKF configured for IRQ 10\r\n[    2.232455] ACPI: PCI: Interrupt link LNKG configured for IRQ 11\r\n[    2.233508] ACPI: PCI: Interrupt link LNKH configured for IRQ 11\r\n[    2.234409] ACPI: PCI: Interrupt link GSIA configured for IRQ 16\r\n[    2.235318] ACPI: PCI: Interrupt link GSIB configured for IRQ 17\r\n[    2.236243] ACPI: PCI: Interrupt link GSIC configured for IRQ 18\r\n[    2.237210] ACPI: PCI: Interrupt link GSID configured for IRQ 19\r\n[    2.238205] ACPI: PCI: Interrupt link GSIE configured for IRQ 20\r\n[    2.239205] ACPI: PCI: Interrupt link GSIF configured for IRQ 21\r\n[    2.240219] ACPI: PCI: Interrupt link GSIG configured for IRQ 22\r\n[    2.241208] ACPI: PCI: Interrupt link GSIH configured for IRQ 23\r\n[    2.242515] iommu: Default domain type: Translated \r\n[    2.243306] pci 0000:00:01.0: vgaarb: setting as boot VGA device\r\n[    2.244172] pci 0000:00:01.0: vgaarb: VGA device added: decodes=io+mem,owns=io+mem,locks=none\r\n[    2.244199] pci 0000:00:01.0: vgaarb: bridge control possible\r\n[    2.245197] vgaarb: loaded\r\n[    2.246269] SCSI subsystem initialized\r\n[    2.247246] libata version 3.00 loaded.\r\n[    2.247268] ACPI: bus type USB registered\r\n[    2.248220] usbcore: registered new interface driver usbfs\r\n[    2.249205] usbcore: registered new interface driver hub\r\n[    2.250203] usbcore: registered new device driver usb\r\n[    2.251228] pps_core: LinuxPPS API ver. 1 registered\r\n[    2.252196] pps_core: Software ver. 5.3.6 - Copyright 2005-2007 Rodolfo Giometti &lt;giometti@linux.it&gt;\r\n[    2.253212] PTP clock support registered\r\n[    2.254284] EDAC MC: Ver: 3.0.0\r\n[    2.259388] NetLabel: Initializing\r\n[    2.260196] NetLabel:  domain hash size = 128\r\n[    2.261198] NetLabel:  protocols = UNLABELED CIPSOv4 CALIPSO\r\n[    2.262217] NetLabel:  unlabeled traffic allowed by default\r\n[    2.263208] PCI: Using ACPI for IRQ routing\r\n[    2.817417] PCI: pci_cache_line_size set to 64 bytes\r\n[    2.820676] e820: reserve RAM buffer [mem 0x0009fc00-0x0009ffff]\r\n[    2.820681] e820: reserve RAM buffer [mem 0x0f4dd000-0x0fffffff]\r\n[    2.820980] clocksource: Switched to clocksource kvm-clock\r\n[    2.836359] VFS: Disk quotas dquot_6.6.0\r\n[    2.848105] VFS: Dquot-cache hash table entries: 512 (order 0, 4096 bytes)\r\n[    2.857131] pnp: PnP ACPI init\r\n[    2.861973] system 00:04: [mem 0xb0000000-0xbfffffff window] has been reserved\r\n[    2.872144] pnp: PnP ACPI: found 5 devices\r\n[    2.883884] clocksource: acpi_pm: mask: 0xffffff max_cycles: 0xffffff, max_idle_ns: 2085701024 ns\r\n[    2.895383] NET: Registered PF_INET protocol family\r\n[    2.902060] IP idents hash table entries: 4096 (order: 3, 32768 bytes, linear)\r\n[    2.912684] tcp_listen_portaddr_hash hash table entries: 256 (order: 0, 4096 bytes, linear)\r\n[    2.923472] TCP established hash table entries: 2048 (order: 2, 16384 bytes, linear)\r\n[    2.933804] TCP bind hash table entries: 2048 (order: 3, 32768 bytes, linear)\r\n[    2.943070] TCP: Hash tables configured (established 2048 bind 2048)\r\n[    2.951465] MPTCP token hash table entries: 256 (order: 0, 6144 bytes, linear)\r\n[    2.960966] UDP hash table entries: 256 (order: 1, 8192 bytes, linear)\r\n[    2.969501] UDP-Lite hash table entries: 256 (order: 1, 8192 bytes, linear)\r\n[    2.978484] NET: Registered PF_UNIX/PF_LOCAL protocol family\r\n[    2.985919] NET: Registered PF_XDP protocol family\r\n[    2.992532] pci 0000:00:02.0: bridge window [io  0x1000-0x0fff] to [bus 01] add_size 1000\r\n[    3.003349] pci 0000:00:02.1: bridge window [io  0x1000-0x0fff] to [bus 02] add_size 1000\r\n[    3.013973] pci 0000:00:02.2: bridge window [io  0x1000-0x0fff] to [bus 03] add_size 1000\r\n[    3.024712] pci 0000:00:02.3: bridge window [io  0x1000-0x0fff] to [bus 04] add_size 1000\r\n[    3.035291] pci 0000:00:02.4: bridge window [io  0x1000-0x0fff] to [bus 05] add_size 1000\r\n[    3.045901] pci 0000:00:02.5: bridge window [io  0x1000-0x0fff] to [bus 06] add_size 1000\r\n[    3.056382] pci 0000:00:02.6: bridge window [io  0x1000-0x0fff] to [bus 07] add_size 1000\r\n[    3.066975] pci 0000:00:02.7: bridge window [io  0x1000-0x0fff] to [bus 08] add_size 1000\r\n[    3.077877] pci 0000:00:03.0: bridge window [io  0x1000-0x0fff] to [bus 09] add_size 1000\r\n[    3.088864] pci 0000:00:03.1: bridge window [io  0x1000-0x0fff] to [bus 0a] add_size 1000\r\n[    3.099544] pci 0000:00:03.2: bridge window [io  0x1000-0x0fff] to [bus 0b] add_size 1000\r\n[    3.110238] pci 0000:00:02.0: BAR 13: assigned [io  0x1000-0x1fff]\r\n[    3.118411] pci 0000:00:02.1: BAR 13: assigned [io  0x2000-0x2fff]\r\n[    3.126780] pci 0000:00:02.2: BAR 13: assigned [io  0x3000-0x3fff]\r\n[    3.135395] pci 0000:00:02.3: BAR 13: assigned [io  0x4000-0x4fff]\r\n[    3.144772] pci 0000:00:02.4: BAR 13: assigned [io  0x5000-0x5fff]\r\n[    3.153758] pci 0000:00:02.5: BAR 13: assigned [io  0x6000-0x6fff]\r\n[    3.162507] pci 0000:00:02.6: BAR 13: assigned [io  0x7000-0x7fff]\r\n[    3.171478] pci 0000:00:02.7: BAR 13: assigned [io  0x8000-0x8fff]\r\n[    3.181440] pci 0000:00:03.0: BAR 13: assigned [io  0x9000-0x9fff]\r\n[    3.190891] pci 0000:00:03.1: BAR 13: assigned [io  0xa000-0xafff]\r\n[    3.199513] pci 0000:00:03.2: BAR 13: assigned [io  0xb000-0xbfff]\r\n[    3.207929] pci 0000:00:02.0: PCI bridge to [bus 01]\r\n[    3.215168] pci 0000:00:02.0:   bridge window [io  0x1000-0x1fff]\r\n[    3.225354] pci 0000:00:02.0:   bridge window [mem 0xfe800000-0xfe9fffff]\r\n[    3.235645] pci 0000:00:02.0:   bridge window [mem 0xfc400000-0xfc5fffff 64bit pref]\r\n[    3.247910] pci 0000:00:02.1: PCI bridge to [bus 02]\r\n[    3.255246] pci 0000:00:02.1:   bridge window [io  0x2000-0x2fff]\r\n[    3.264712] pci 0000:00:02.1:   bridge window [mem 0xfe600000-0xfe7fffff]\r\n[    3.274834] pci 0000:00:02.1:   bridge window [mem 0xfc200000-0xfc3fffff 64bit pref]\r\n[    3.286719] pci 0000:00:02.2: PCI bridge to [bus 03]\r\n[    3.293946] pci 0000:00:02.2:   bridge window [io  0x3000-0x3fff]\r\n[    3.304476] pci 0000:00:02.2:   bridge window [mem 0xfe400000-0xfe5fffff]\r\n[    3.314012] pci 0000:00:02.2:   bridge window [mem 0xfc000000-0xfc1fffff 64bit pref]\r\n[    3.325670] pci 0000:00:02.3: PCI bridge to [bus 04]\r\n[    3.334057] pci 0000:00:02.3:   bridge window [io  0x4000-0x4fff]\r\n[    3.343162] pci 0000:00:02.3:   bridge window [mem 0xfe200000-0xfe3fffff]\r\n[    3.352652] pci 0000:00:02.3:   bridge window [mem 0xfbe00000-0xfbffffff 64bit pref]\r\n[    3.364369] pci 0000:00:02.4: PCI bridge to [bus 05]\r\n[    3.373114] pci 0000:00:02.4:   bridge window [io  0x5000-0x5fff]\r\n[    3.390684] pci 0000:00:02.4:   bridge window [mem 0xfe000000-0xfe1fffff]\r\n[    3.410300] pci 0000:00:02.4:   bridge window [mem 0xfbc00000-0xfbdfffff 64bit pref]\r\n[    3.424656] pci 0000:00:02.5: PCI bridge to [bus 06]\r\n[    3.431616] pci 0000:00:02.5:   bridge window [io  0x6000-0x6fff]\r\n[    3.440922] pci 0000:00:02.5:   bridge window [mem 0xfde00000-0xfdffffff]\r\n[    3.450700] pci 0000:00:02.5:   bridge window [mem 0xfba00000-0xfbbfffff 64bit pref]\r\n[    3.463079] pci 0000:00:02.6: PCI bridge to [bus 07]\r\n[    3.469967] pci 0000:00:02.6:   bridge window [io  0x7000-0x7fff]\r\n[    3.479023] pci 0000:00:02.6:   bridge window [mem 0xfdc00000-0xfddfffff]\r\n[    3.489844] pci 0000:00:02.6:   bridge window [mem 0xfb800000-0xfb9fffff 64bit pref]\r\n[    3.515918] pci 0000:00:02.7: PCI bridge to [bus 08]\r\n[    3.524550] pci 0000:00:02.7:   bridge window [io  0x8000-0x8fff]\r\n[    3.533808] pci 0000:00:02.7:   bridge window [mem 0xfda00000-0xfdbfffff]\r\n[    3.544716] pci 0000:00:02.7:   bridge window [mem 0xfb600000-0xfb7fffff 64bit pref]\r\n[    3.556065] pci 0000:00:03.0: PCI bridge to [bus 09]\r\n[    3.562927] pci 0000:00:03.0:   bridge window [io  0x9000-0x9fff]\r\n[    3.572057] pci 0000:00:03.0:   bridge window [mem 0xfd800000-0xfd9fffff]\r\n[    3.583294] pci 0000:00:03.0:   bridge window [mem 0xfb400000-0xfb5fffff 64bit pref]\r\n[    3.595038] pci 0000:00:03.1: PCI bridge to [bus 0a]\r\n[    3.601896] pci 0000:00:03.1:   bridge window [io  0xa000-0xafff]\r\n[    3.610978] pci 0000:00:03.1:   bridge window [mem 0xfd600000-0xfd7fffff]\r\n[    3.621679] pci 0000:00:03.1:   bridge window [mem 0xfb200000-0xfb3fffff 64bit pref]\r\n[    3.633039] pci 0000:00:03.2: PCI bridge to [bus 0b]\r\n[    3.639918] pci 0000:00:03.2:   bridge window [io  0xb000-0xbfff]\r\n[    3.648979] pci 0000:00:03.2:   bridge window [mem 0xfd400000-0xfd5fffff]\r\n[    3.659876] pci 0000:00:03.2:   bridge window [mem 0xfb000000-0xfb1fffff 64bit pref]\r\n[    3.671272] pci_bus 0000:00: resource 4 [io  0x0000-0x0cf7 window]\r\n[    3.679479] pci_bus 0000:00: resource 5 [io  0x0d00-0xffff window]\r\n[    3.687715] pci_bus 0000:00: resource 6 [mem 0x000a0000-0x000bffff window]\r\n[    3.697047] pci_bus 0000:00: resource 7 [mem 0x0f500000-0xafffffff window]\r\n[    3.707070] pci_bus 0000:00: resource 8 [mem 0xc0000000-0xfebfffff window]\r\n[    3.715973] pci_bus 0000:00: resource 9 [mem 0x100000000-0x8ffffffff window]\r\n[    3.724958] pci_bus 0000:01: resource 0 [io  0x1000-0x1fff]\r\n[    3.732360] pci_bus 0000:01: resource 1 [mem 0xfe800000-0xfe9fffff]\r\n[    3.740475] pci_bus 0000:01: resource 2 [mem 0xfc400000-0xfc5fffff 64bit pref]\r\n[    3.749932] pci_bus 0000:02: resource 0 [io  0x2000-0x2fff]\r\n[    3.757972] pci_bus 0000:02: resource 1 [mem 0xfe600000-0xfe7fffff]\r\n[    3.766638] pci_bus 0000:02: resource 2 [mem 0xfc200000-0xfc3fffff 64bit pref]\r\n[    3.777318] pci_bus 0000:03: resource 0 [io  0x3000-0x3fff]\r\n[    3.784825] pci_bus 0000:03: resource 1 [mem 0xfe400000-0xfe5fffff]\r\n[    3.793112] pci_bus 0000:03: resource 2 [mem 0xfc000000-0xfc1fffff 64bit pref]\r\n[    3.802647] pci_bus 0000:04: resource 0 [io  0x4000-0x4fff]\r\n[    3.810120] pci_bus 0000:04: resource 1 [mem 0xfe200000-0xfe3fffff]\r\n[    3.818429] pci_bus 0000:04: resource 2 [mem 0xfbe00000-0xfbffffff 64bit pref]\r\n[    3.828026] pci_bus 0000:05: resource 0 [io  0x5000-0x5fff]\r\n[    3.838538] pci_bus 0000:05: resource 1 [mem 0xfe000000-0xfe1fffff]\r\n[    3.860418] pci_bus 0000:05: resource 2 [mem 0xfbc00000-0xfbdfffff 64bit pref]\r\n[    3.873587] pci_bus 0000:06: resource 0 [io  0x6000-0x6fff]\r\n[    3.881746] pci_bus 0000:06: resource 1 [mem 0xfde00000-0xfdffffff]\r\n[    3.890090] pci_bus 0000:06: resource 2 [mem 0xfba00000-0xfbbfffff 64bit pref]\r\n[    3.899848] pci_bus 0000:07: resource 0 [io  0x7000-0x7fff]\r\n[    3.907423] pci_bus 0000:07: resource 1 [mem 0xfdc00000-0xfddfffff]\r\n[    3.915770] pci_bus 0000:07: resource 2 [mem 0xfb800000-0xfb9fffff 64bit pref]\r\n[    3.925424] pci_bus 0000:08: resource 0 [io  0x8000-0x8fff]\r\n[    3.932970] pci_bus 0000:08: resource 1 [mem 0xfda00000-0xfdbfffff]\r\n[    3.941401] pci_bus 0000:08: resource 2 [mem 0xfb600000-0xfb7fffff 64bit pref]\r\n[    3.950918] pci_bus 0000:09: resource 0 [io  0x9000-0x9fff]\r\n[    3.958471] pci_bus 0000:09: resource 1 [mem 0xfd800000-0xfd9fffff]\r\n[    3.982226] pci_bus 0000:09: resource 2 [mem 0xfb400000-0xfb5fffff 64bit pref]\r\n[    3.991754] pci_bus 0000:0a: resource 0 [io  0xa000-0xafff]\r\n[    3.999365] pci_bus 0000:0a: resource 1 [mem 0xfd600000-0xfd7fffff]\r\n[    4.007761] pci_bus 0000:0a: resource 2 [mem 0xfb200000-0xfb3fffff 64bit pref]\r\n[    4.017435] pci_bus 0000:0b: resource 0 [io  0xb000-0xbfff]\r\n[    4.025334] pci_bus 0000:0b: resource 1 [mem 0xfd400000-0xfd5fffff]\r\n[    4.033677] pci_bus 0000:0b: resource 2 [mem 0xfb000000-0xfb1fffff 64bit pref]\r\n[    4.043848] pci 0000:00:01.0: Video device with shadowed ROM at [mem 0x000c0000-0x000dffff]\r\n[    4.054760] pci 0000:00:01.0: pci_fixup_video+0x0/0xb0 took 10867 usecs\r\n[    4.065256] PCI: CLS 0 bytes, default 64\r\n[    4.070913] Trying to unpack rootfs image as initramfs...\r\n[    4.092505] clocksource: tsc: mask: 0xffffffffffffffff max_cycles: 0x1fb633008a4, max_idle_ns: 440795292230 ns\r\n[    4.140534] Initialise system trusted keyrings\r\n[    4.156376] Key type blacklist registered\r\n[    4.175254] workingset: timestamp_bits=36 max_order=16 bucket_order=0\r\n[    4.203113] zbud: loaded\r\n[    4.214750] integrity: Platform Keyring initialized\r\n[    4.255263] NET: Registered PF_ALG protocol family\r\n[    4.276458] xor: automatically using best checksumming function   avx       \r\n[    4.305396] Key type asymmetric registered\r\n[    4.323461] Asymmetric key parser &#39;x509&#39; registered\r\n[    4.343388] Block layer SCSI generic (bsg) driver version 0.4 loaded (major 245)\r\n[    4.375423] io scheduler mq-deadline registered\r\n[    4.381829] io scheduler kyber registered\r\n[    4.400305] io scheduler bfq registered\r\n[    4.414475] atomic64_test: passed for x86-64 platform with CX8 and with SSE\r\n[    4.442787] ACPI: \\_SB_.GSIG: Enabled at IRQ 22\r\n[    4.472405] pcieport 0000:00:02.0: PME: Signaling with IRQ 24\r\n[    4.503284] pcieport 0000:00:02.0: AER: enabled with IRQ 24\r\n[    4.537629] Freeing initrd memory: 24648K\r\n[    4.544298] pcieport 0000:00:02.1: PME: Signaling with IRQ 25\r\n[    4.553077] pcieport 0000:00:02.1: AER: enabled with IRQ 25\r\n[    4.568639] pcieport 0000:00:02.2: PME: Signaling with IRQ 26\r\n[    4.577453] pcieport 0000:00:02.2: AER: enabled with IRQ 26\r\n[    4.591395] pcieport 0000:00:02.3: PME: Signaling with IRQ 27\r\n[    4.600289] pcieport 0000:00:02.3: AER: enabled with IRQ 27\r\n[    4.614784] pcieport 0000:00:02.4: PME: Signaling with IRQ 28\r\n[    4.624781] pcieport 0000:00:02.4: AER: enabled with IRQ 28\r\n[    4.639067] pcieport 0000:00:02.5: PME: Signaling with IRQ 29\r\n[    4.647760] pcieport 0000:00:02.5: AER: enabled with IRQ 29\r\n[    4.662040] pcieport 0000:00:02.6: PME: Signaling with IRQ 30\r\n[    4.672133] pcieport 0000:00:02.6: AER: enabled with IRQ 30\r\n[    4.686589] pcieport 0000:00:02.7: PME: Signaling with IRQ 31\r\n[    4.695350] pcieport 0000:00:02.7: AER: enabled with IRQ 31\r\n[    4.705955] ACPI: \\_SB_.GSIH: Enabled at IRQ 23\r\n[    4.715841] pcieport 0000:00:03.0: PME: Signaling with IRQ 32\r\n[    4.725960] pcieport 0000:00:03.0: AER: enabled with IRQ 32\r\n[    4.740035] pcieport 0000:00:03.1: PME: Signaling with IRQ 33\r\n[    4.748709] pcieport 0000:00:03.1: AER: enabled with IRQ 33\r\n[    4.762809] pcieport 0000:00:03.2: PME: Signaling with IRQ 34\r\n[    4.771888] pcieport 0000:00:03.2: AER: enabled with IRQ 34\r\n[    4.783347] shpchp: Standard Hot Plug PCI Controller Driver version: 0.4\r\n[    4.792963] input: Power Button as /devices/LNXSYSTM:00/LNXPWRBN:00/input/input0\r\n[    4.803120] ACPI: button: Power Button [PWRF]\r\n[    4.859461] Serial: 8250/16550 driver, 32 ports, IRQ sharing enabled\r\n[    4.868655] 00:00: ttyS0 at I/O 0x3f8 (irq = 4, base_baud = 115200) is a 16550A\r\n[    4.879771] Non-volatile memory driver v1.3\r\n[    4.889537] Linux agpgart interface v0.103\r\n[    4.895808] ahci 0000:00:1f.2: version 3.0\r\n[    4.896120] ACPI: \\_SB_.GSIA: Enabled at IRQ 16\r\n[    4.919727] ahci 0000:00:1f.2: AHCI 0001.0000 32 slots 6 ports 1.5 Gbps 0x3f impl SATA mode\r\n[    4.951286] ahci 0000:00:1f.2: flags: 64bit ncq only \r\n[    4.974361] scsi host0: ahci\r\n[    4.980484] scsi host1: ahci\r\n[    4.985815] scsi host2: ahci\r\n[    4.990488] scsi host3: ahci\r\n[    4.995543] scsi host4: ahci\r\n[    5.000701] scsi host5: ahci\r\n[    5.005538] ata1: SATA max UDMA/133 abar m4096@0xfea1c000 port 0xfea1c100 irq 37\r\n[    5.015334] ata2: SATA max UDMA/133 abar m4096@0xfea1c000 port 0xfea1c180 irq 37\r\n[    5.025270] ata3: SATA max UDMA/133 abar m4096@0xfea1c000 port 0xfea1c200 irq 37\r\n[    5.035237] ata4: SATA max UDMA/133 abar m4096@0xfea1c000 port 0xfea1c280 irq 37\r\n[    5.045307] ata5: SATA max UDMA/133 abar m4096@0xfea1c000 port 0xfea1c300 irq 37\r\n[    5.055326] ata6: SATA max UDMA/133 abar m4096@0xfea1c000 port 0xfea1c380 irq 37\r\n[    5.065363] libphy: Fixed MDIO Bus: probed\r\n[    5.071653] ehci_hcd: USB 2.0 &#39;Enhanced&#39; Host Controller (EHCI) Driver\r\n[    5.080300] ehci-pci: EHCI PCI platform driver\r\n[    5.086508] ohci_hcd: USB 1.1 &#39;Open&#39; Host Controller (OHCI) Driver\r\n[    5.094840] ohci-pci: OHCI PCI platform driver\r\n[    5.101093] uhci_hcd: USB Universal Host Controller Interface driver\r\n[    5.109706] usbcore: registered new interface driver usbserial_generic\r\n[    5.118403] usbserial: USB Serial support registered for generic\r\n[    5.128318] i8042: PNP: PS/2 Controller [PNP0303:KBD,PNP0f13:MOU] at 0x60,0x64 irq 1,12\r\n[    5.149134] serio: i8042 KBD port at 0x60,0x64 irq 1\r\n[    5.156052] serio: i8042 AUX port at 0x60,0x64 irq 12\r\n[    5.163134] mousedev: PS/2 mouse device common for all mice\r\n[    5.172124] input: AT Translated Set 2 keyboard as /devices/platform/i8042/serio0/input/input1\r\n[    5.184331] rtc_cmos 00:03: RTC can wake from S4\r\n[    5.195082] rtc_cmos 00:03: registered as rtc0\r\n[    5.202819] rtc_cmos 00:03: setting system clock to 2025-04-22T10:00:22 UTC (1745316022)\r\n[    5.216585] input: VirtualPS/2 VMware VMMouse as /devices/platform/i8042/serio1/input/input4\r\n[    5.227858] rtc_cmos 00:03: alarms up to one day, y3k, 242 bytes nvram\r\n[    5.236728] device-mapper: uevent: version 1.0.3\r\n[    5.243291] device-mapper: ioctl: 4.45.0-ioctl (2021-03-22) initialised: dm-devel@redhat.com\r\n[    5.257096] input: VirtualPS/2 VMware VMMouse as /devices/platform/i8042/serio1/input/input3\r\n[    5.284345] intel_pstate: CPU model not supported\r\n[    5.294099] hid: raw HID events driver (C) Jiri Kosina\r\n[    5.302283] usbcore: registered new interface driver usbhid\r\n[    5.310892] usbhid: USB HID core driver\r\n[    5.316601] drop_monitor: Initializing network drop monitor service\r\n[    5.325246] Initializing XFRM netlink socket\r\n[    5.332170] NET: Registered PF_INET6 protocol family\r\n[    5.344126] Segment Routing with IPv6\r\n[    5.349501] RPL Segment Routing with IPv6\r\n[    5.355247] mip6: Mobile IPv6\r\n[    5.359689] NET: Registered PF_PACKET protocol family\r\n[    5.367579] IPI shorthand broadcast: enabled\r\n[    5.373563] AVX2 version of gcm_enc/dec engaged.\r\n[    5.379962] AES CTR mode by8 optimization enabled\r\n[    5.416081] sched_clock: Marking stable (3834706100, 1580513876)-&gt;(7304198791, -1888978815)\r\n[    5.434768] ata1: SATA link down (SStatus 0 SControl 300)\r\n[    5.444753] registered taskstats version 1\r\n[    5.451467] Loading compiled-in X.509 certificates\r\n[    5.458853] Loaded X.509 cert &#39;Fedora kernel signing key: c942454291c91bc973770746141181a1953c2bb5&#39;\r\n[    5.471345] ata3: SATA link down (SStatus 0 SControl 300)\r\n[    5.479522] ata2: SATA link down (SStatus 0 SControl 300)\r\n[    5.487671] ata5: SATA link down (SStatus 0 SControl 300)\r\n[    5.496156] ata6: SATA link down (SStatus 0 SControl 300)\r\n[    5.504450] ata4: SATA link down (SStatus 0 SControl 300)\r\n[    5.512136] zswap: loaded using pool lzo/zbud\r\n[    5.518295] page_owner is disabled\r\n[    5.523273] Key type ._fscrypt registered\r\n[    5.529390] Key type .fscrypt registered\r\n[    5.535303] Key type fscrypt-provisioning registered\r\n[    5.542477] Btrfs loaded, crc32c=crc32c-generic, zoned=yes\r\n[    5.549958] Key type big_key registered\r\n[    5.559502] Key type encrypted registered\r\n[    5.565261] ima: No TPM chip found, activating TPM-bypass!\r\n[    5.572544] Loading compiled-in module X.509 certificates\r\n[    5.580445] Loaded X.509 cert &#39;Fedora kernel signing key: c942454291c91bc973770746141181a1953c2bb5&#39;\r\n[    5.592215] ima: Allocated hash algorithm: sha256\r\n[    5.598545] ima: No architecture policies found\r\n[    5.604797] evm: Initialising EVM extended attributes:\r\n[    5.611698] evm: security.selinux\r\n[    5.616534] evm: security.SMACK64 (disabled)\r\n[    5.622466] evm: security.SMACK64EXEC (disabled)\r\n[    5.628859] evm: security.SMACK64TRANSMUTE (disabled)\r\n[    5.635693] evm: security.SMACK64MMAP (disabled)\r\n[    5.642062] evm: security.apparmor (disabled)\r\n[    5.650548] evm: security.ima\r\n[    5.663940] evm: security.capability\r\n[    5.674307] evm: HMAC attrs: 0x1\r\n[    5.681850] PM:   Magic number: 5:661:22\r\n[    5.688529] RAS: Correctable Errors collector initialized.\r\n[    5.704825] Freeing unused decrypted memory: 2036K\r\n[    5.711967] Freeing unused kernel image (initmem) memory: 2872K\r\n[    5.720137] Write protecting the kernel read-only data: 30720k\r\n[    5.728793] Freeing unused kernel image (text/rodata gap) memory: 2036K\r\n[    5.737807] Freeing unused kernel image (rodata/data gap) memory: 1900K\r\n[    5.754397] x86/mm: Checked W+X mappings: passed, no W+X pages found.\r\n[    5.762903] rodata_test: all tests were successful\r\n[    5.769546] Run /init as init process\r\n[    5.775081]   with arguments:\r\n[    5.775084]     /init\r\n[    5.775085]   with environment:\r\n[    5.775086]     HOME=/\r\n[    5.775087]     TERM=linux\r\n[    5.775087]     BOOT_IMAGE=(hd0,gpt2)/vmlinuz-5.14.10-300.fc35.x86_64\r\n[    5.783565] systemd[1]: systemd v249.4-2.fc35 running in system mode (+PAM +AUDIT +SELINUX -APPARMOR +IMA +SMACK +SECCOMP +GCRYPT +GNUTLS +OPENSSL +ACL +BLKID +CURL +ELFUTILS +FIDO2 +IDN2 -IDN +IPTC +KMOD +LIBCRYPTSETUP +LIBFDISK +PCRE2 +PWQUALITY +P11KIT +QRENCODE +BZIP2 +LZ4 +XZ +ZLIB +ZSTD +XKBCOMMON +UTMP +SYSVINIT default-hierarchy=unified)\r\n[    5.836977] systemd[1]: Detected virtualization kvm.\r\n[    5.843948] systemd[1]: Detected architecture x86-64.\r\n[    5.850861] systemd[1]: Running in initial RAM disk.\r\n[    5.864681] systemd[1]: No hostname configured, using default hostname.\r\n[    5.873496] systemd[1]: Hostname set to &lt;fedora&gt;.\r\n[    5.880107] systemd[1]: Initializing machine ID from VM UUID.\r\n[    5.973543] systemd[1]: Queued start job for default target Initrd Default Target.\r\n[    5.983959] systemd[1]: Started Dispatch Password Requests to Console Directory Watch.\r\n[    5.999724] systemd[1]: Reached target Local Encrypted Volumes.\r\n[    6.012315] systemd[1]: Reached target Initrd /usr File System.\r\n[    6.024762] systemd[1]: Reached target Local File Systems.\r\n[    6.036401] systemd[1]: Reached target Path Units.\r\n[    6.046750] systemd[1]: Reached target Slice Units.\r\n[    6.057325] systemd[1]: Reached target Swaps.\r\n[    6.066971] systemd[1]: Reached target Timer Units.\r\n[    6.077642] systemd[1]: Listening on Journal Audit Socket.\r\n[    6.089522] systemd[1]: Listening on Journal Socket (/dev/log).\r\n[    6.101963] systemd[1]: Listening on Journal Socket.\r\n[    6.112832] systemd[1]: Listening on udev Control Socket.\r\n[    6.124492] systemd[1]: Listening on udev Kernel Socket.\r\n[    6.135877] systemd[1]: Reached target Socket Units.\r\n[    6.147447] systemd[1]: Starting Create List of Static Device Nodes...\r\n[    6.163080] systemd[1]: Condition check resulted in Memstrack Anylazing Service being skipped.\r\n[    6.175338] systemd[1]: Starting Journal Service...\r\n[    6.189755] systemd[1]: Condition check resulted in Load Kernel Modules being skipped.\r\n[    6.211735] systemd[1]: Starting Apply Kernel Variables...\r\n[    6.233414] systemd[1]: Starting Setup Virtual Console...\r\n[    6.250245] systemd[1]: Started Journal Service.\r\n[    6.842524] audit: type=1130 audit(1745316024.134:2): pid=1 uid=0 auid=4294967295 ses=4294967295 subj=kernel msg=&#39;unit=systemd-journald comm=\&#34;systemd\&#34; exe=\&#34;/usr/lib/systemd/systemd\&#34; hostname=? addr=? terminal=? res=success&#39;\r\n[    6.906472] audit: type=1130 audit(1745316024.164:3): pid=1 uid=0 auid=4294967295 ses=4294967295 subj=kernel msg=&#39;unit=kmod-static-nodes comm=\&#34;systemd\&#34; exe=\&#34;/usr/lib/systemd/systemd\&#34; hostname=? addr=? terminal=? res=success&#39;\r\n[    6.932686] audit: type=1130 audit(1745316024.168:4): pid=1 uid=0 auid=4294967295 ses=4294967295 subj=kernel msg=&#39;unit=systemd-sysctl comm=\&#34;systemd\&#34; exe=\&#34;/usr/lib/systemd/systemd\&#34; hostname=? addr=? terminal=? res=success&#39;\r\n[    6.958077] audit: type=1130 audit(1745316024.196:5): pid=1 uid=0 auid=4294967295 ses=4294967295 subj=kernel msg=&#39;unit=systemd-tmpfiles-setup-dev comm=\&#34;systemd\&#34; exe=\&#34;/usr/lib/systemd/systemd\&#34; hostname=? addr=? terminal=? res=success&#39;\r\n[    6.983831] audit: type=1130 audit(1745316024.203:6): pid=1 uid=0 auid=4294967295 ses=4294967295 subj=kernel msg=&#39;unit=systemd-tmpfiles-setup comm=\&#34;systemd\&#34; exe=\&#34;/usr/lib/systemd/systemd\&#34; hostname=? addr=? terminal=? res=success&#39;\r\n[    7.686938] audit: type=1130 audit(1745316024.979:7): pid=1 uid=0 auid=4294967295 ses=4294967295 subj=kernel msg=&#39;unit=systemd-vconsole-setup comm=\&#34;systemd\&#34; exe=\&#34;/usr/lib/systemd/systemd\&#34; hostname=? addr=? terminal=? res=success&#39;\r\n[    7.739499] audit: type=1130 audit(1745316025.032:8): pid=1 uid=0 auid=4294967295 ses=4294967295 subj=kernel msg=&#39;unit=dracut-cmdline-ask comm=\&#34;systemd\&#34; exe=\&#34;/usr/lib/systemd/systemd\&#34; hostname=? addr=? terminal=? res=success&#39;\r\n[    7.834244] audit: type=1130 audit(1745316025.130:9): pid=1 uid=0 auid=4294967295 ses=4294967295 subj=kernel msg=&#39;unit=dracut-cmdline comm=\&#34;systemd\&#34; exe=\&#34;/usr/lib/systemd/systemd\&#34; hostname=? addr=? terminal=? res=success&#39;\r\n[    7.894247] audit: type=1130 audit(1745316025.190:10): pid=1 uid=0 auid=4294967295 ses=4294967295 subj=kernel msg=&#39;unit=dracut-pre-udev comm=\&#34;systemd\&#34; exe=\&#34;/usr/lib/systemd/systemd\&#34; hostname=? addr=? terminal=? res=success&#39;\r\n[    7.987295] audit: type=1334 audit(1745316025.190:11): prog-id=6 op=LOAD\r\n[    8.240467] virtio_blk virtio3: [vda] 10485760 512-byte logical blocks (5.37 GB/5.00 GiB)\r\n[    8.302798] scsi host6: Virtio SCSI HBA\r\n[    8.381158]  vda: vda1 vda2 vda3 vda4 vda5\r\n[    8.416429] virtio_blk virtio4: [vdb] 2048 512-byte logical blocks (1.05 MB/1.00 MiB)\r\n[    8.487243] BTRFS: device label fedora devid 1 transid 41 /dev/vda5 scanned by systemd-udevd (363)\r\n[    9.779707] BTRFS info (device vda5): flagging fs with big metadata feature\r\n[    9.788955] BTRFS info (device vda5): disk space caching is enabled\r\n[    9.797338] BTRFS info (device vda5): has skinny extents\r\n[   10.321919] systemd-journald[241]: Received SIGTERM from PID 1 (systemd).\r\n[   10.751979] SELinux:  policy capability network_peer_controls=1\r\n[   10.759694] SELinux:  policy capability open_perms=1\r\n[   10.766302] SELinux:  policy capability extended_socket_class=1\r\n[   10.773796] SELinux:  policy capability always_check_network=0\r\n[   10.781213] SELinux:  policy capability cgroup_seclabel=1\r\n[   10.788108] SELinux:  policy capability nnp_nosuid_transition=1\r\n[   10.797125] SELinux:  policy capability genfs_seclabel_symlinks=0\r\n[   10.821979] systemd[1]: Successfully loaded SELinux policy in 127.010ms.\r\n[   10.902572] systemd[1]: Relabelled /dev, /dev/shm, /run, /sys/fs/cgroup in 22.257ms.\r\n[   10.919440] systemd[1]: systemd v249.4-2.fc35 running in system mode (+PAM +AUDIT +SELINUX -APPARMOR +IMA +SMACK +SECCOMP +GCRYPT +GNUTLS +OPENSSL +ACL +BLKID +CURL +ELFUTILS +FIDO2 +IDN2 -IDN +IPTC +KMOD +LIBCRYPTSETUP +LIBFDISK +PCRE2 +PWQUALITY +P11KIT +QRENCODE +BZIP2 +LZ4 +XZ +ZLIB +ZSTD +XKBCOMMON +UTMP +SYSVINIT default-hierarchy=unified)\r\n[   10.961011] systemd[1]: Detected virtualization kvm.\r\n[   10.967783] systemd[1]: Detected architecture x86-64.\r\n[   10.981665] systemd[1]: Initializing machine ID from VM UUID.\r\n[   10.989342] systemd[1]: Installed transient /etc/machine-id file.\r\n[   11.141733] zram: Added device: zram0\r\n[   11.420796] systemd[1]: Configuration file /etc/systemd/system/wait-for-cloud-init.service is marked executable. Please remove executable permission bits. Proceeding anyway.\r\n[   11.485778] systemd[1]: initrd-switch-root.service: Deactivated successfully.\r\n[   11.496514] systemd[1]: Stopped Switch Root.\r\n[   11.521874] systemd[1]: systemd-journald.service: Scheduled restart job, restart counter is at 1.\r\n[   11.538295] systemd[1]: Created slice Slice /system/getty.\r\n[   11.550524] systemd[1]: Created slice Slice /system/modprobe.\r\n[   11.562620] systemd[1]: Created slice Slice /system/serial-getty.\r\n[   11.575424] systemd[1]: Created slice Slice /system/sshd-keygen.\r\n[   11.588054] systemd[1]: Created slice Slice /system/systemd-fsck.\r\n[   11.600805] systemd[1]: Created slice Slice /system/systemd-zram-setup.\r\n[   11.614389] systemd[1]: Created slice User and Session Slice.\r\n[   11.626639] systemd[1]: Started Dispatch Password Requests to Console Directory Watch.\r\n[   11.643163] systemd[1]: Started Forward Password Requests to Wall Directory Watch.\r\n[   11.659960] systemd[1]: Set up automount Arbitrary Executable File Formats File System Automount Point.\r\n[   11.677909] systemd[1]: Reached target Local Encrypted Volumes.\r\n[   11.690305] systemd[1]: Stopped target Switch Root.\r\n[   11.700687] systemd[1]: Stopped target Initrd File Systems.\r\n[   11.712496] systemd[1]: Stopped target Initrd Root File System.\r\n[   11.725638] systemd[1]: Reached target Path Units.\r\n[   11.736015] systemd[1]: Reached target Remote File Systems.\r\n[   11.747848] systemd[1]: Reached target Slice Units.\r\n[   11.758439] systemd[1]: Reached target Local Verity Integrity Protected Volumes.\r\n[   11.774762] systemd[1]: Listening on Process Core Dump Socket.\r\n[   11.787119] systemd[1]: Listening on initctl Compatibility Named Pipe.\r\n[   11.802515] systemd[1]: Listening on udev Control Socket.\r\n[   11.814598] systemd[1]: Listening on udev Kernel Socket.\r\n[   11.827690] systemd[1]: Listening on User Database Manager Socket.\r\n[   11.841568] systemd[1]: Mounting Huge Pages File System...\r\n[   11.871340] systemd[1]: Mounting POSIX Message Queue File System...\r\n[   11.892594] systemd[1]: Mounting Kernel Debug File System...\r\n[   11.907939] systemd[1]: Mounting Kernel Trace File System...\r\n[   11.922722] systemd[1]: Starting Create List of Static Device Nodes...\r\n[   11.938651] systemd[1]: Starting Load Kernel Module configfs...\r\n[   11.953172] systemd[1]: Starting Load Kernel Module drm...\r\n[   11.967330] systemd[1]: Starting Load Kernel Module fuse...\r\n[   11.985791] systemd[1]: Condition check resulted in Set Up Additional Binary Formats being skipped.\r\n[   12.038626] fuse: init (API version 7.34)\r\n[   12.056970] systemd[1]: systemd-fsck-root.service: Deactivated successfully.\r\n[   12.065919] systemd[1]: Stopped File System Check on Root Device.\r\n[   12.077725] kauditd_printk_skb: 55 callbacks suppressed\r\n[   12.077727] audit: type=1131 audit(1745316029.374:67): pid=1 uid=0 auid=4294967295 ses=4294967295 subj=system_u:system_r:init_t:s0 msg=&#39;unit=systemd-fsck-root comm=\&#34;systemd\&#34; exe=\&#34;/usr/lib/systemd/systemd\&#34; hostname=? addr=? terminal=? res=success&#39;\r\n[   12.110526] systemd[1]: Stopped Journal Service.\r\n[   12.121278] systemd[1]: Starting Journal Service...\r\n[   12.136865] systemd[1]: Starting Load Kernel Modules...\r\n[   12.159320] systemd[1]: Starting Remount Root and Kernel File Systems...\r\n[   12.168810] audit: type=1130 audit(1745316029.416:68): pid=1 uid=0 auid=4294967295 ses=4294967295 subj=system_u:system_r:init_t:s0 msg=&#39;unit=systemd-journald comm=\&#34;systemd\&#34; exe=\&#34;/usr/lib/systemd/systemd\&#34; hostname=? addr=? terminal=? res=success&#39;\r\n[   12.215372] systemd[1]: Condition check resulted in Repartition Root Disk being skipped.\r\n[   12.242935] BTRFS info (device vda5): use zstd compression, level 1\r\n[   12.251383] BTRFS info (device vda5): disk space caching is enabled\r\n[   12.274873] systemd[1]: Starting Coldplug All udev Devices...\r\n[   12.285629] i40e: Intel(R) Ethernet Connection XL710 Network Driver\r\n[   12.294060] i40e: Copyright (c) 2013 - 2019 Intel Corporation.\r\n[   12.302733] audit: type=1131 audit(1745316029.416:69): pid=1 uid=0 auid=4294967295 ses=4294967295 subj=system_u:system_r:init_t:s0 msg=&#39;unit=systemd-journald comm=\&#34;systemd\&#34; exe=\&#34;/usr/lib/systemd/systemd\&#34; hostname=? addr=? terminal=? res=success&#39;\r\n[   12.338295] systemd[1]: Started Journal Service.\r\n[   12.434540] dca service started, version 1.12.1\r\n[   12.471889] audit: type=1334 audit(1745316029.417:70): prog-id=20 op=LOAD\r\n[   12.552411] systemd-journald[528]: Received client request to flush runtime journal.\r\n[   12.575232] audit: type=1334 audit(1745316029.417:71): prog-id=21 op=LOAD\r\n[   12.606402] igb: Intel(R) Gigabit Ethernet Network Driver\r\n[   12.613823] igb: Copyright (c) 2007-2014 Intel Corporation.\r\n[   12.626267] audit: type=1334 audit(1745316029.417:72): prog-id=22 op=LOAD\r\n[   12.654254] audit: type=1334 audit(1745316029.417:73): prog-id=18 op=UNLOAD\r\n[   12.677067] audit: type=1334 audit(1745316029.417:74): prog-id=19 op=UNLOAD\r\n[   12.691745] audit: type=1305 audit(1745316029.444:75): op=set audit_enabled=1 old=1 auid=4294967295 ses=4294967295 subj=system_u:system_r:syslogd_t:s0 res=1\r\n[   12.711398] audit: type=1300 audit(1745316029.444:75): arch=c000003e syscall=46 success=yes exit=60 a0=4 a1=7ffe28133d90 a2=4000 a3=7ffe28133e1c items=0 ppid=1 pid=528 auid=4294967295 uid=0 gid=0 euid=0 suid=0 fsuid=0 egid=0 sgid=0 fsgid=0 tty=(none) ses=4294967295 comm=\&#34;systemd-journal\&#34; exe=\&#34;/usr/lib/systemd/systemd-journald\&#34; subj=system_u:system_r:syslogd_t:s0 key=(null)\r\n[   13.042288] EXT4-fs (vda2): mounted filesystem with ordered data mode. Opts: (null). Quota mode: none.\r\n[   13.073868] ext4 filesystem being mounted at /boot supports timestamps until 2038 (0x7fffffff)\r\n[   13.450509] Free page reporting enabled\r\n[   13.458917] lpc_ich 0000:00:1f.0: I/O space for GPIO uninitialized\r\n[   13.523230] i801_smbus 0000:00:1f.3: SMBus using PCI interrupt\r\n[   13.637843] zram0: detected capacity change from 0 to 389120\r\n[   13.653802] RAPL PMU: API unit is 2^-32 Joules, 1 fixed counters, 10737418240 ms ovfl timer\r\n[   13.664917] RAPL PMU: hw unit of domain psys 2^-0 Joules\r\n[   13.702058] Adding 194556k swap on /dev/zram0.  Priority:100 extents:1 across:194556k SSFS\r\n[   13.825479] i2c i2c-0: 1/1 memory slots populated (from DMI)\r\n[   13.833229] i2c i2c-0: Memory type 0x07 not supported yet, not instantiating SPD\r\n[   14.236642] iTCO_vendor_support: vendor-support=0\r\n[   14.496332] input: PC Speaker as /devices/platform/pcspkr/input/input5\r\n[   14.766914] bochs-drm 0000:00:01.0: vgaarb: deactivate vga console\r\n[   14.835685] iTCO_wdt iTCO_wdt.1.auto: Found a ICH9 TCO device (Version=2, TCOBASE=0x0660)\r\n[   14.940586] iTCO_wdt iTCO_wdt.1.auto: initialized. heartbeat=30 sec (nowayout=0)\r\n[   15.016397] Console: switching to colour dummy device 80x25\r\n[   15.066522] [drm] Found bochs VGA, ID 0xb0c5.\r\n[   15.070609] [drm] Framebuffer size 16384 kB @ 0xfa000000, mmio @ 0xfea10000.\r\n[   15.131877] [drm] Found EDID data blob.\r\n[   15.189860] [drm] Initialized bochs-drm 1.0.0 20130925 for 0000:00:01.0 on minor 0\r\n[   15.253388] fbcon: bochs-drm (fb0) is primary device\r\n[   15.368525] Console: switching to colour frame buffer device 160x50\r\n[   15.391458] bochs-drm 0000:00:01.0: [drm] fb0: bochs-drm frame buffer device\r\n[   16.870206] ISO 9660 Extensions: Microsoft Joliet Level 3\r\n[   16.879508] ISO 9660 Extensions: RRIP_1991A\r\n[root@testvmi-97w8k fedora]&#34; &#34;# &#34;] Buffer: dmesg&#xD;&#xA;[    0.000000] Linux version 5.14.10-300.fc35.x86_64 (mockbuild@bkernel01.iad2.fedoraproject.org) (gcc (GCC) 11.2.1 20210728 (Red Hat 11.2.1-1), GNU ld version 2.37-10.fc35) #1 SMP Thu Oct 7 20:48:44 UTC 2021&#xD;&#xA;[    0.000000] Command line: BOOT_IMAGE=(hd0,gpt2)/vmlinuz-5.14.10-300.fc35.x86_64 root=UUID=437a4991-d1ba-4577-b624-48a51910a100 ro rootflags=subvol=root no_timer_check net.ifnames=0 console=tty1 console=ttyS0,115200n8&#xD;&#xA;[    0.000000] x86/split lock detection: #DB: warning on user-space bus_locks&#xD;&#xA;[    0.000000] x86/fpu: Supporting XSAVE feature 0x001: &#39;x87 floating point registers&#39;&#xD;&#xA;[    0.000000] x86/fpu: Supporting XSAVE feature 0x002: &#39;SSE registers&#39;&#xD;&#xA;[    0.000000] x86/fpu: Supporting XSAVE feature 0x004: &#39;AVX registers&#39;&#xD;&#xA;[    0.000000] x86/fpu: Supporting XSAVE feature 0x020: &#39;AVX-512 opmask&#39;&#xD;&#xA;[    0.000000] x86/fpu: Supporting XSAVE feature 0x040: &#39;AVX-512 Hi256&#39;&#xD;&#xA;[    0.000000] x86/fpu: Supporting XSAVE feature 0x080: &#39;AVX-512 ZMM_Hi256&#39;&#xD;&#xA;[    0.000000] x86/fpu: Supporting XSAVE feature 0x200: &#39;Protection Keys User registers&#39;&#xD;&#xA;[    0.000000] x86/fpu: xstate_offset[2]:  576, xstate_sizes[2]:  256&#xD;&#xA;[    0.000000] x86/fpu: xstate_offset[5]:  832, xstate_sizes[5]:   64&#xD;&#xA;[    0.000000] x86/fpu: xstate_offset[6]:  896, xstate_sizes[6]:  512&#xD;&#xA;[    0.000000] x86/fpu: xstate_offset[7]: 1408, xstate_sizes[7]: 1024&#xD;&#xA;[    0.000000] x86/fpu: xstate_offset[9]: 2432, xstate_sizes[9]:    8&#xD;&#xA;[    0.000000] x86/fpu: Enabled xstate features 0x2e7, context size is 2440 bytes, using &#39;compacted&#39; format.&#xD;&#xA;[    0.000000] signal: max sigframe size: 3632&#xD;&#xA;[    0.000000] BIOS-provided physical RAM map:&#xD;&#xA;[    0.000000] BIOS-e820: [mem 0x0000000000000000-0x000000000009fbff] usable&#xD;&#xA;[    0.000000] BIOS-e820: [mem 0x000000000009fc00-0x000000000009ffff] reserved&#xD;&#xA;[    0.000000] BIOS-e820: [mem 0x00000000000f0000-0x00000000000fffff] reserved&#xD;&#xA;[    0.000000] BIOS-e820: [mem 0x0000000000100000-0x000000000f4dcfff] usable&#xD;&#xA;[    0.000000] BIOS-e820: [mem 0x000000000f4dd000-0x000000000f4fffff] reserved&#xD;&#xA;[    0.000000] BIOS-e820: [mem 0x00000000b0000000-0x00000000bfffffff] reserved&#xD;&#xA;[    0.000000] BIOS-e820: [mem 0x00000000fed1c000-0x00000000fed1ffff] reserved&#xD;&#xA;[    0.000000] BIOS-e820: [mem 0x00000000feffc000-0x00000000feffffff] reserved&#xD;&#xA;[    0.000000] BIOS-e820: [mem 0x00000000fffc0000-0x00000000ffffffff] reserved&#xD;&#xA;[    0.000000] NX (Execute Disable) protection: active&#xD;&#xA;[    0.000000] SMBIOS 2.8 present.&#xD;&#xA;[    0.000000] DMI: KubeVirt None/RHEL, BIOS 1.16.3-2.el9 04/01/2014&#xD;&#xA;[    0.000000] Hypervisor detected: KVM&#xD;&#xA;[    0.000000] kvm-clock: Using msrs 4b564d01 and 4b564d00&#xD;&#xA;[    0.000000] kvm-clock: cpu 0, msr ac01001, primary cpu clock&#xD;&#xA;[    0.000001] kvm-clock: using sched offset of 7079949313 cycles&#xD;&#xA;[    0.000003] clocksource: kvm-clock: mask: 0xffffffffffffffff max_cycles: 0x1cd42e4dffb, max_idle_ns: 881590591483 ns&#xD;&#xA;[    0.000006] tsc: Detected 2200.000 MHz processor&#xD;&#xA;[    0.000587] e820: update [mem 0x00000000-0x00000fff] usable ==&gt; reserved&#xD;&#xA;[    0.000591] e820: remove [mem 0x000a0000-0x000fffff] usable&#xD;&#xA;[    0.000594] last_pfn = 0xf4dd max_arch_pfn = 0x10000000000&#xD;&#xA;[    0.001868] x86/PAT: Configuration [0-7]: WB  WC  UC- UC  WB  WP  UC- WT  &#xD;&#xA;[    0.005556] found SMP MP-table at [mem 0x000f53f0-0x000f53ff]&#xD;&#xA;[    0.005631] Using GB pages for direct mapping&#xD;&#xA;[    0.005778] RAMDISK: [mem 0x0c5bf000-0x0ddd0fff]&#xD;&#xA;[    0.005783] ACPI: Early table checksum verification disabled&#xD;&#xA;[    0.005785] ACPI: RSDP 0x00000000000F51C0 000014 (v00 BOCHS )&#xD;&#xA;[    0.005789] ACPI: RSDT 0x000000000F4E2A01 000034 (v01 BOCHS  BXPC     00000001 BXPC 00000001)&#xD;&#xA;[    0.005794] ACPI: FACP 0x000000000F4E2831 0000F4 (v03 BOCHS  BXPC     00000001 BXPC 00000001)&#xD;&#xA;[    0.005844] ACPI: DSDT 0x000000000F4E0040 0027F1 (v01 BOCHS  BXPC     00000001 BXPC 00000001)&#xD;&#xA;[    0.005848] ACPI: FACS 0x000000000F4E0000 000040&#xD;&#xA;[    0.005850] ACPI: APIC 0x000000000F4E2925 000078 (v03 BOCHS  BXPC     00000001 BXPC 00000001)&#xD;&#xA;[    0.005853] ACPI: MCFG 0x000000000F4E299D 00003C (v01 BOCHS  BXPC     00000001 BXPC 00000001)&#xD;&#xA;[    0.005855] ACPI: WAET 0x000000000F4E29D9 000028 (v01 BOCHS  BXPC     00000001 BXPC 00000001)&#xD;&#xA;[    0.005857] ACPI: Reserving FACP table memory at [mem 0xf4e2831-0xf4e2924]&#xD;&#xA;[    0.005859] ACPI: Reserving DSDT table memory at [mem 0xf4e0040-0xf4e2830]&#xD;&#xA;[    0.005859] ACPI: Reserving FACS table memory at [mem 0xf4e0000-0xf4e003f]&#xD;&#xA;[    0.005860] ACPI: Reserving APIC table memory at [mem 0xf4e2925-0xf4e299c]&#xD;&#xA;[    0.005861] ACPI: Reserving MCFG table memory at [mem 0xf4e299d-0xf4e29d8]&#xD;&#xA;[    0.005862] ACPI: Reserving WAET table memory at [mem 0xf4e29d9-0xf4e2a00]&#xD;&#xA;[    0.009506] No NUMA configuration found&#xD;&#xA;[    0.009507] Faking a node at [mem 0x0000000000000000-0x000000000f4dcfff]&#xD;&#xA;[    0.009513] NODE_DATA(0) allocated [mem 0x0f4b2000-0x0f4dcfff]&#xD;&#xA;[    0.010482] Zone ranges:&#xD;&#xA;[    0.010485]   DMA      [mem 0x0000000000001000-0x0000000000ffffff]&#xD;&#xA;[    0.010487]   DMA32    [mem 0x0000000001000000-0x000000000f4dcfff]&#xD;&#xA;[    0.010489]   Normal   empty&#xD;&#xA;[    0.010490]   Device   empty&#xD;&#xA;[    0.010491] Movable zone start for each node&#xD;&#xA;[    0.010493] Early memory node ranges&#xD;&#xA;[    0.010493]   node   0: [mem 0x0000000000001000-0x000000000009efff]&#xD;&#xA;[    0.010495]   node   0: [mem 0x0000000000100000-0x000000000f4dcfff]&#xD;&#xA;[    0.010496] Initmem setup node 0 [mem 0x0000000000001000-0x000000000f4dcfff]&#xD;&#xA;[    0.010500] On node 0, zone DMA: 1 pages in unavailable ranges&#xD;&#xA;[    0.010524] On node 0, zone DMA: 97 pages in unavailable ranges&#xD;&#xA;[    0.010816] On node 0, zone DMA32: 2851 pages in unavailable ranges&#xD;&#xA;[    0.032062] ACPI: PM-Timer IO Port: 0x608&#xD;&#xA;[    0.032142] ACPI: LAPIC_NMI (acpi_id[0xff] dfl dfl lint[0x1])&#xD;&#xA;[    0.032539] IOAPIC[0]: apic_id 0, version 17, address 0xfec00000, GSI 0-23&#xD;&#xA;[    0.032542] ACPI: INT_SRC_OVR (bus 0 bus_irq 0 global_irq 2 dfl dfl)&#xD;&#xA;[    0.032544] ACPI: INT_SRC_OVR (bus 0 bus_irq 5 global_irq 5 high level)&#xD;&#xA;[    0.032545] ACPI: INT_SRC_OVR (bus 0 bus_irq 9 global_irq 9 high level)&#xD;&#xA;[    0.032546] ACPI: INT_SRC_OVR (bus 0 bus_irq 10 global_irq 10 high level)&#xD;&#xA;[    0.032547] ACPI: INT_SRC_OVR (bus 0 bus_irq 11 global_irq 11 high level)&#xD;&#xA;[    0.032550] ACPI: Using ACPI (MADT) for SMP configuration information&#xD;&#xA;[    0.032552] TSC deadline timer available&#xD;&#xA;[    0.032553] smpboot: Allowing 1 CPUs, 0 hotplug CPUs&#xD;&#xA;[    0.032779] PM: hibernation: Registered nosave memory: [mem 0x00000000-0x00000fff]&#xD;&#xA;[    0.032781] PM: hibernation: Registered nosave memory: [mem 0x0009f000-0x0009ffff]&#xD;&#xA;[    0.032783] PM: hibernation: Registered nosave memory: [mem 0x000a0000-0x000effff]&#xD;&#xA;[    0.032783] PM: hibernation: Registered nosave memory: [mem 0x000f0000-0x000fffff]&#xD;&#xA;[    0.032785] [mem 0x0f500000-0xafffffff] available for PCI devices&#xD;&#xA;[    0.032786] Booting paravirtualized kernel on KVM&#xD;&#xA;[    0.032789] clocksource: refined-jiffies: mask: 0xffffffff max_cycles: 0xffffffff, max_idle_ns: 1910969940391419 ns&#xD;&#xA;[    0.038388] setup_percpu: NR_CPUS:8192 nr_cpumask_bits:1 nr_cpu_ids:1 nr_node_ids:1&#xD;&#xA;[    0.038622] percpu: Embedded 55 pages/cpu s188416 r8192 d28672 u2097152&#xD;&#xA;[    0.038627] pcpu-alloc: s188416 r8192 d28672 u2097152 alloc=1*2097152&#xD;&#xA;[    0.038629] pcpu-alloc: [0] 0 &#xD;&#xA;[    0.038797] kvm-guest: setup async PF for cpu 0&#xD;&#xA;[    0.038901] kvm-guest: stealtime: cpu 0, msr ec2d080&#xD;&#xA;[    0.038983] kvm-guest: PV spinlocks disabled, single CPU&#xD;&#xA;[    0.038989] Built 1 zonelists, mobility grouping on.  Total pages: 61449&#xD;&#xA;[    0.038990] Policy zone: DMA32&#xD;&#xA;[    0.038991] Kernel command line: BOOT_IMAGE=(hd0,gpt2)/vmlinuz-5.14.10-300.fc35.x86_64 root=UUID=437a4991-d1ba-4577-b624-48a51910a100 ro rootflags=subvol=root no_timer_check net.ifnames=0 console=tty1 console=ttyS0,115200n8&#xD;&#xA;[    0.039063] Unknown command line parameters: BOOT_IMAGE=(hd0,gpt2)/vmlinuz-5.14.10-300.fc35.x86_64&#xD;&#xA;[    0.039093] Dentry cache hash table entries: 32768 (order: 6, 262144 bytes, linear)&#xD;&#xA;[    0.039108] Inode-cache hash table entries: 16384 (order: 5, 131072 bytes, linear)&#xD;&#xA;[    0.039484] mem auto-init: stack:off, heap alloc:off, heap free:off&#xD;&#xA;[    0.041752] Memory: 162540K/250348K available (16393K kernel code, 3531K rwdata, 10388K rodata, 2872K init, 4908K bss, 87604K reserved, 0K cma-reserved)&#xD;&#xA;[    0.041757] random: get_random_u64 called from __kmem_cache_create+0x2a/0x590 with crng_init=0&#xD;&#xA;[    0.041843] SLUB: HWalign=64, Order=0-3, MinObjects=0, CPUs=1, Nodes=1&#xD;&#xA;[    0.041852] ftrace: allocating 46957 entries in 184 pages&#xD;&#xA;[    0.056161] ftrace: allocated 184 pages with 4 groups&#xD;&#xA;[    0.056523] rcu: Hierarchical RCU implementation.&#xD;&#xA;[    0.056525] rcu: &#x9;RCU restricting CPUs from NR_CPUS=8192 to nr_cpu_ids=1.&#xD;&#xA;[    0.056527] &#x9;Trampoline variant of Tasks RCU enabled.&#xD;&#xA;[    0.056528] &#x9;Rude variant of Tasks RCU enabled.&#xD;&#xA;[    0.056528] &#x9;Tracing variant of Tasks RCU enabled.&#xD;&#xA;[    0.056529] rcu: RCU calculated value of scheduler-enlistment delay is 100 jiffies.&#xD;&#xA;[    0.056530] rcu: Adjusting geometry for rcu_fanout_leaf=16, nr_cpu_ids=1&#xD;&#xA;[    0.060107] NR_IRQS: 524544, nr_irqs: 256, preallocated irqs: 16&#xD;&#xA;[    0.060691] random: crng done (trusting CPU&#39;s manufacturer)&#xD;&#xA;[    0.205233] Console: colour VGA+ 80x25&#xD;&#xA;[    0.651824] printk: console [tty1] enabled&#xD;&#xA;[    1.561632] printk: console [ttyS0] enabled&#xD;&#xA;[    1.569557] ACPI: Core revision 20210604&#xD;&#xA;[    1.577020] APIC: Switch to symmetric I/O mode setup&#xD;&#xA;[    1.589577] x2apic enabled&#xD;&#xA;[    1.598912] Switched APIC routing to physical x2apic.&#xD;&#xA;[    1.623206] clocksource: tsc-early: mask: 0xffffffffffffffff max_cycles: 0x1fb633008a4, max_idle_ns: 440795292230 ns&#xD;&#xA;[    1.641178] Calibrating delay loop (skipped) preset value.. 4400.00 BogoMIPS (lpj=2200000)&#xD;&#xA;[    1.642172] pid_max: default: 32768 minimum: 301&#xD;&#xA;[    1.642172] LSM: Security Framework initializing&#xD;&#xA;[    1.642172] Yama: becoming mindful.&#xD;&#xA;[    1.642172] SELinux:  Initializing.&#xD;&#xA;[    1.642172] LSM support for eBPF active&#xD;&#xA;[    1.642172] landlock: Up and running.&#xD;&#xA;[    1.642172] Mount-cache hash table entries: 512 (order: 0, 4096 bytes, linear)&#xD;&#xA;[    1.642172] Mountpoint-cache hash table entries: 512 (order: 0, 4096 bytes, linear)&#xD;&#xA;[    1.642172] x86/cpu: User Mode Instruction Prevention (UMIP) activated&#xD;&#xA;[    1.642172] Last level iTLB entries: 4KB 0, 2MB 0, 4MB 0&#xD;&#xA;[    1.642172] Last level dTLB entries: 4KB 0, 2MB 0, 4MB 0, 1GB 0&#xD;&#xA;[    1.642172] Spectre V1 : Mitigation: usercopy/swapgs barriers and __user pointer sanitization&#xD;&#xA;[    1.642172] Spectre V2 : Mitigation: Enhanced IBRS&#xD;&#xA;[    1.642172] Spectre V2 : Spectre v2 / SpectreRSB mitigation: Filling RSB on context switch&#xD;&#xA;[    1.642172] Spectre V2 : mitigation: Enabling conditional Indirect Branch Prediction Barrier&#xD;&#xA;[    1.642172] Speculative Store Bypass: Mitigation: Speculative Store Bypass disabled via prctl and seccomp&#xD;&#xA;[    1.642172] TAA: Mitigation: TSX disabled&#xD;&#xA;[    1.642172] Freeing SMP alternatives memory: 44K&#xD;&#xA;[    1.642172] smpboot: CPU0: Intel Xeon Processor (SapphireRapids) (family: 0x6, model: 0x8f, stepping: 0x4)&#xD;&#xA;[    1.642315] Performance Events: unsupported p6 CPU model 143 no PMU driver, software events only.&#xD;&#xA;[    1.643249] rcu: Hierarchical SRCU implementation.&#xD;&#xA;[    1.644523] NMI watchdog: Perf NMI watchdog permanently disabled&#xD;&#xA;[    1.645244] smp: Bringing up secondary CPUs ...&#xD;&#xA;[    1.646199] smp: Brought up 1 node, 1 CPU&#xD;&#xA;[    1.647200] smpboot: Max logical packages: 1&#xD;&#xA;[    1.648200] smpboot: Total of 1 processors activated (4400.00 BogoMIPS)&#xD;&#xA;[    1.650126] devtmpfs: initialized&#xD;&#xA;[    1.650264] x86/mm: Memory block size: 128MB&#xD;&#xA;[    1.651432] clocksource: jiffies: mask: 0xffffffff max_cycles: 0xffffffff, max_idle_ns: 1911260446275000 ns&#xD;&#xA;[    1.652201] futex hash table entries: 256 (order: 2, 16384 bytes, linear)&#xD;&#xA;[    1.653255] pinctrl core: initialized pinctrl subsystem&#xD;&#xA;[    1.655026] PM: RTC time: 10:00:17, date: 2025-04-22&#xD;&#xA;[    1.655311] NET: Registered PF_NETLINK/PF_ROUTE protocol family&#xD;&#xA;[    1.656278] DMA: preallocated 128 KiB GFP_KERNEL pool for atomic allocations&#xD;&#xA;[    1.657199] DMA: preallocated 128 KiB GFP_KERNEL|GFP_DMA pool for atomic allocations&#xD;&#xA;[    1.658198] DMA: preallocated 128 KiB GFP_KERNEL|GFP_DMA32 pool for atomic allocations&#xD;&#xA;[    1.659206] audit: initializing netlink subsys (disabled)&#xD;&#xA;[    1.660382] thermal_sys: Registered thermal governor &#39;fair_share&#39;&#xD;&#xA;[    1.660384] thermal_sys: Registered thermal governor &#39;bang_bang&#39;&#xD;&#xA;[    1.661201] thermal_sys: Registered thermal governor &#39;step_wise&#39;&#xD;&#xA;[    1.662198] thermal_sys: Registered thermal governor &#39;user_space&#39;&#xD;&#xA;[    1.663249] cpuidle: using governor menu&#xD;&#xA;[    1.665205] audit: type=2000 audit(1745316016.379:1): state=initialized audit_enabled=0 res=1&#xD;&#xA;[    1.666366] ACPI: bus type PCI registered&#xD;&#xA;[    1.667198] acpiphp: ACPI Hot Plug PCI Controller Driver version: 0.5&#xD;&#xA;[    1.668903] PCI: MMCONFIG for domain 0000 [bus 00-ff] at [mem 0xb0000000-0xbfffffff] (base 0xb0000000)&#xD;&#xA;[    1.669201] PCI: MMCONFIG at [mem 0xb0000000-0xbfffffff] reserved in E820&#xD;&#xA;[    1.670214] PCI: Using configuration type 1 for base access&#xD;&#xA;[    1.672124] Kprobes globally optimized&#xD;&#xA;[    1.672304] HugeTLB registered 1.00 GiB page size, pre-allocated 0 pages&#xD;&#xA;[    1.673199] HugeTLB registered 2.00 MiB page size, pre-allocated 0 pages&#xD;&#xA;[    1.782328] cryptd: max_cpu_qlen set to 1000&#xD;&#xA;[    1.783932] alg: No test for 842 (842-generic)&#xD;&#xA;[    1.784272] alg: No test for 842 (842-scomp)&#xD;&#xA;[    1.786697] raid6: skip pq benchmark and using algorithm avx512x4&#xD;&#xA;[    1.787199] raid6: using avx512x2 recovery algorithm&#xD;&#xA;[    1.788235] ACPI: Added _OSI(Module Device)&#xD;&#xA;[    1.789197] ACPI: Added _OSI(Processor Device)&#xD;&#xA;[    1.790197] ACPI: Added _OSI(3.0 _SCP Extensions)&#xD;&#xA;[    1.791197] ACPI: Added _OSI(Processor Aggregator Device)&#xD;&#xA;[    1.792202] ACPI: Added _OSI(Linux-Dell-Video)&#xD;&#xA;[    1.793238] ACPI: Added _OSI(Linux-Lenovo-NV-HDMI-Audio)&#xD;&#xA;[    1.794201] ACPI: Added _OSI(Linux-HPI-Hybrid-Graphics)&#xD;&#xA;[    1.795929] ACPI: 1 ACPI AML tables successfully acquired and loaded&#xD;&#xA;[    1.798348] ACPI: Interpreter enabled&#xD;&#xA;[    1.799211] ACPI: PM: (supports S0 S5)&#xD;&#xA;[    1.800204] ACPI: Using IOAPIC for interrupt routing&#xD;&#xA;[    1.801244] PCI: Using host bridge windows from ACPI; if necessary, use &#34;pci=nocrs&#34; and report a bug&#xD;&#xA;[    1.802413] ACPI: Enabled 2 GPEs in block 00 to 3F&#xD;&#xA;[    1.806059] ACPI: PCI Root Bridge [PCI0] (domain 0000 [bus 00-ff])&#xD;&#xA;[    1.806200] acpi PNP0A08:00: _OSC: OS supports [ExtendedConfig ASPM ClockPM Segments MSI EDR HPX-Type3]&#xD;&#xA;[    1.807246] acpi PNP0A08:00: _OSC: platform does not support [PCIeHotplug LTR DPC]&#xD;&#xA;[    1.808230] acpi PNP0A08:00: _OSC: OS now controls [SHPCHotplug PME AER PCIeCapability]&#xD;&#xA;[    1.810438] PCI host bridge to bus 0000:00&#xD;&#xA;[    1.811197] pci_bus 0000:00: root bus resource [io  0x0000-0x0cf7 window]&#xD;&#xA;[    1.812197] pci_bus 0000:00: root bus resource [io  0x0d00-0xffff window]&#xD;&#xA;[    1.813197] pci_bus 0000:00: root bus resource [mem 0x000a0000-0x000bffff window]&#xD;&#xA;[    1.814202] pci_bus 0000:00: root bus resource [mem 0x0f500000-0xafffffff window]&#xD;&#xA;[    1.815197] pci_bus 0000:00: root bus resource [mem 0xc0000000-0xfebfffff window]&#xD;&#xA;[    1.816197] pci_bus 0000:00: root bus resource [mem 0x100000000-0x8ffffffff window]&#xD;&#xA;[    1.817197] pci_bus 0000:00: root bus resource [bus 00-ff]&#xD;&#xA;[    1.818541] pci 0000:00:00.0: [8086:29c0] type 00 class 0x060000&#xD;&#xA;[    1.822639] pci 0000:00:01.0: [1234:1111] type 00 class 0x030000&#xD;&#xA;[    1.825271] pci 0000:00:01.0: reg 0x10: [mem 0xfa000000-0xfaffffff pref]&#xD;&#xA;[    1.830259] pci 0000:00:01.0: reg 0x18: [mem 0xfea10000-0xfea10fff]&#xD;&#xA;[    1.839283] pci 0000:00:01.0: reg 0x30: [mem 0xfea00000-0xfea0ffff pref]&#xD;&#xA;[    1.842236] pci 0000:00:02.0: [1b36:000c] type 01 class 0x060400&#xD;&#xA;[    1.845199] pci 0000:00:02.0: reg 0x10: [mem 0xfea11000-0xfea11fff]&#xD;&#xA;[    1.855716] pci 0000:00:02.1: [1b36:000c] type 01 class 0x060400&#xD;&#xA;[    1.858198] pci 0000:00:02.1: reg 0x10: [mem 0xfea12000-0xfea12fff]&#xD;&#xA;[    1.868305] pci 0000:00:02.2: [1b36:000c] type 01 class 0x060400&#xD;&#xA;[    1.871198] pci 0000:00:02.2: reg 0x10: [mem 0xfea13000-0xfea13fff]&#xD;&#xA;[    1.881339] pci 0000:00:02.3: [1b36:000c] type 01 class 0x060400&#xD;&#xA;[    1.884198] pci 0000:00:02.3: reg 0x10: [mem 0xfea14000-0xfea14fff]&#xD;&#xA;[    1.893868] pci 0000:00:02.4: [1b36:000c] type 01 class 0x060400&#xD;&#xA;[    1.896198] pci 0000:00:02.4: reg 0x10: [mem 0xfea15000-0xfea15fff]&#xD;&#xA;[    1.906169] pci 0000:00:02.5: [1b36:000c] type 01 class 0x060400&#xD;&#xA;[    1.908198] pci 0000:00:02.5: reg 0x10: [mem 0xfea16000-0xfea16fff]&#xD;&#xA;[    1.918626] pci 0000:00:02.6: [1b36:000c] type 01 class 0x060400&#xD;&#xA;[    1.921199] pci 0000:00:02.6: reg 0x10: [mem 0xfea17000-0xfea17fff]&#xD;&#xA;[    1.931555] pci 0000:00:02.7: [1b36:000c] type 01 class 0x060400&#xD;&#xA;[    1.934198] pci 0000:00:02.7: reg 0x10: [mem 0xfea18000-0xfea18fff]&#xD;&#xA;[    1.943828] pci 0000:00:03.0: [1b36:000c] type 01 class 0x060400&#xD;&#xA;[    1.946198] pci 0000:00:03.0: reg 0x10: [mem 0xfea19000-0xfea19fff]&#xD;&#xA;[    1.956269] pci 0000:00:03.1: [1b36:000c] type 01 class 0x060400&#xD;&#xA;[    1.958894] pci 0000:00:03.1: reg 0x10: [mem 0xfea1a000-0xfea1afff]&#xD;&#xA;[    1.969269] pci 0000:00:03.2: [1b36:000c] type 01 class 0x060400&#xD;&#xA;[    1.971927] pci 0000:00:03.2: reg 0x10: [mem 0xfea1b000-0xfea1bfff]&#xD;&#xA;[    1.983130] pci 0000:00:1f.0: [8086:2918] type 00 class 0x060100&#xD;&#xA;[    1.987374] pci 0000:00:1f.0: quirk: [io  0x0600-0x067f] claimed by ICH6 ACPI/GPIO/TCO&#xD;&#xA;[    1.989997] pci 0000:00:1f.2: [8086:2922] type 00 class 0x010601&#xD;&#xA;[    1.996198] pci 0000:00:1f.2: reg 0x20: [io  0xc040-0xc05f]&#xD;&#xA;[    1.998198] pci 0000:00:1f.2: reg 0x24: [mem 0xfea1c000-0xfea1cfff]&#xD;&#xA;[    2.003041] pci 0000:00:1f.3: [8086:2930] type 00 class 0x0c0500&#xD;&#xA;[    2.008548] pci 0000:00:1f.3: reg 0x20: [io  0x0700-0x073f]&#xD;&#xA;[    2.013581] acpiphp: Slot [0] registered&#xD;&#xA;[    2.015741] pci 0000:01:00.0: [1af4:1041] type 00 class 0x020000&#xD;&#xA;[    2.020900] pci 0000:01:00.0: reg 0x14: [mem 0xfe800000-0xfe800fff]&#xD;&#xA;[    2.025201] pci 0000:01:00.0: reg 0x20: [mem 0xfc400000-0xfc403fff 64bit pref]&#xD;&#xA;[    2.037517] pci 0000:00:02.0: PCI bridge to [bus 01]&#xD;&#xA;[    2.038479] pci 0000:00:02.0:   bridge window [mem 0xfe800000-0xfe9fffff]&#xD;&#xA;[    2.039478] pci 0000:00:02.0:   bridge window [mem 0xfc400000-0xfc5fffff 64bit pref]&#xD;&#xA;[    2.043013] acpiphp: Slot [0-2] registered&#xD;&#xA;[    2.043387] pci 0000:00:02.1: PCI bridge to [bus 02]&#xD;&#xA;[    2.044556] pci 0000:00:02.1:   bridge window [mem 0xfe600000-0xfe7fffff]&#xD;&#xA;[    2.045491] pci 0000:00:02.1:   bridge window [mem 0xfc200000-0xfc3fffff 64bit pref]&#xD;&#xA;[    2.048455] acpiphp: Slot [0-3] registered&#xD;&#xA;[    2.049338] pci 0000:00:02.2: PCI bridge to [bus 03]&#xD;&#xA;[    2.050473] pci 0000:00:02.2:   bridge window [mem 0xfe400000-0xfe5fffff]&#xD;&#xA;[    2.051471] pci 0000:00:02.2:   bridge window [mem 0xfc000000-0xfc1fffff 64bit pref]&#xD;&#xA;[    2.054373] acpiphp: Slot [0-4] registered&#xD;&#xA;[    2.055336] pci 0000:00:02.3: PCI bridge to [bus 04]&#xD;&#xA;[    2.056472] pci 0000:00:02.3:   bridge window [mem 0xfe200000-0xfe3fffff]&#xD;&#xA;[    2.057472] pci 0000:00:02.3:   bridge window [mem 0xfbe00000-0xfbffffff 64bit pref]&#xD;&#xA;[    2.060308] acpiphp: Slot [0-5] registered&#xD;&#xA;[    2.062537] pci 0000:05:00.0: [1af4:1048] type 00 class 0x010000&#xD;&#xA;[    2.065918] pci 0000:05:00.0: reg 0x14: [mem 0xfe000000-0xfe000fff]&#xD;&#xA;[    2.069721] pci 0000:05:00.0: reg 0x20: [mem 0xfbc00000-0xfbc03fff 64bit pref]&#xD;&#xA;[    2.080819] pci 0000:00:02.4: PCI bridge to [bus 05]&#xD;&#xA;[    2.081485] pci 0000:00:02.4:   bridge window [mem 0xfe000000-0xfe1fffff]&#xD;&#xA;[    2.082485] pci 0000:00:02.4:   bridge window [mem 0xfbc00000-0xfbdfffff 64bit pref]&#xD;&#xA;[    2.085379] acpiphp: Slot [0-6] registered&#xD;&#xA;[    2.087522] pci 0000:06:00.0: [1af4:1043] type 00 class 0x078000&#xD;&#xA;[    2.090925] pci 0000:06:00.0: reg 0x14: [mem 0xfde00000-0xfde00fff]&#xD;&#xA;[    2.094696] pci 0000:06:00.0: reg 0x20: [mem 0xfba00000-0xfba03fff 64bit pref]&#xD;&#xA;[    2.105197] pci 0000:00:02.5: PCI bridge to [bus 06]&#xD;&#xA;[    2.106473] pci 0000:00:02.5:   bridge window [mem 0xfde00000-0xfdffffff]&#xD;&#xA;[    2.107471] pci 0000:00:02.5:   bridge window [mem 0xfba00000-0xfbbfffff 64bit pref]&#xD;&#xA;[    2.110378] acpiphp: Slot [0-7] registered&#xD;&#xA;[    2.112449] pci 0000:07:00.0: [1af4:1042] type 00 class 0x010000&#xD;&#xA;[    2.115978] pci 0000:07:00.0: reg 0x14: [mem 0xfdc00000-0xfdc00fff]&#xD;&#xA;[    2.120043] pci 0000:07:00.0: reg 0x20: [mem 0xfb800000-0xfb803fff 64bit pref]&#xD;&#xA;[    2.131267] pci 0000:00:02.6: PCI bridge to [bus 07]&#xD;&#xA;[    2.132472] pci 0000:00:02.6:   bridge window [mem 0xfdc00000-0xfddfffff]&#xD;&#xA;[    2.133471] pci 0000:00:02.6:   bridge window [mem 0xfb800000-0xfb9fffff 64bit pref]&#xD;&#xA;[    2.136374] acpiphp: Slot [0-8] registered&#xD;&#xA;[    2.138450] pci 0000:08:00.0: [1af4:1042] type 00 class 0x010000&#xD;&#xA;[    2.141929] pci 0000:08:00.0: reg 0x14: [mem 0xfda00000-0xfda00fff]&#xD;&#xA;[    2.145723] pci 0000:08:00.0: reg 0x20: [mem 0xfb600000-0xfb603fff 64bit pref]&#xD;&#xA;[    2.158198] pci 0000:00:02.7: PCI bridge to [bus 08]&#xD;&#xA;[    2.159513] pci 0000:00:02.7:   bridge window [mem 0xfda00000-0xfdbfffff]&#xD;&#xA;[    2.160471] pci 0000:00:02.7:   bridge window [mem 0xfb600000-0xfb7fffff 64bit pref]&#xD;&#xA;[    2.163449] acpiphp: Slot [0-9] registered&#xD;&#xA;[    2.165465] pci 0000:09:00.0: [1af4:1045] type 00 class 0x00ff00&#xD;&#xA;[    2.171888] pci 0000:09:00.0: reg 0x20: [mem 0xfb400000-0xfb403fff 64bit pref]&#xD;&#xA;[    2.181965] pci 0000:00:03.0: PCI bridge to [bus 09]&#xD;&#xA;[    2.182470] pci 0000:00:03.0:   bridge window [mem 0xfd800000-0xfd9fffff]&#xD;&#xA;[    2.183475] pci 0000:00:03.0:   bridge window [mem 0xfb400000-0xfb5fffff 64bit pref]&#xD;&#xA;[    2.186611] acpiphp: Slot [0-10] registered&#xD;&#xA;[    2.188520] pci 0000:0a:00.0: [1af4:1044] type 00 class 0x00ff00&#xD;&#xA;[    2.191928] pci 0000:0a:00.0: reg 0x14: [mem 0xfd600000-0xfd600fff]&#xD;&#xA;[    2.195816] pci 0000:0a:00.0: reg 0x20: [mem 0xfb200000-0xfb203fff 64bit pref]&#xD;&#xA;[    2.208023] pci 0000:00:03.1: PCI bridge to [bus 0a]&#xD;&#xA;[    2.208494] pci 0000:00:03.1:   bridge window [mem 0xfd600000-0xfd7fffff]&#xD;&#xA;[    2.209472] pci 0000:00:03.1:   bridge window [mem 0xfb200000-0xfb3fffff 64bit pref]&#xD;&#xA;[    2.212473] acpiphp: Slot [0-11] registered&#xD;&#xA;[    2.213347] pci 0000:00:03.2: PCI bridge to [bus 0b]&#xD;&#xA;[    2.214473] pci 0000:00:03.2:   bridge window [mem 0xfd400000-0xfd5fffff]&#xD;&#xA;[    2.215480] pci 0000:00:03.2:   bridge window [mem 0xfb000000-0xfb1fffff 64bit pref]&#xD;&#xA;[    2.225658] ACPI: PCI: Interrupt link LNKA configured for IRQ 10&#xD;&#xA;[    2.226540] ACPI: PCI: Interrupt link LNKB configured for IRQ 10&#xD;&#xA;[    2.227627] ACPI: PCI: Interrupt link LNKC configured for IRQ 11&#xD;&#xA;[    2.228536] ACPI: PCI: Interrupt link LNKD configured for IRQ 11&#xD;&#xA;[    2.229522] ACPI: PCI: Interrupt link LNKE configured for IRQ 10&#xD;&#xA;[    2.230506] ACPI: PCI: Interrupt link LNKF configured for IRQ 10&#xD;&#xA;[    2.232455] ACPI: PCI: Interrupt link LNKG configured for IRQ 11&#xD;&#xA;[    2.233508] ACPI: PCI: Interrupt link LNKH configured for IRQ 11&#xD;&#xA;[    2.234409] ACPI: PCI: Interrupt link GSIA configured for IRQ 16&#xD;&#xA;[    2.235318] ACPI: PCI: Interrupt link GSIB configured for IRQ 17&#xD;&#xA;[    2.236243] ACPI: PCI: Interrupt link GSIC configured for IRQ 18&#xD;&#xA;[    2.237210] ACPI: PCI: Interrupt link GSID configured for IRQ 19&#xD;&#xA;[    2.238205] ACPI: PCI: Interrupt link GSIE configured for IRQ 20&#xD;&#xA;[    2.239205] ACPI: PCI: Interrupt link GSIF configured for IRQ 21&#xD;&#xA;[    2.240219] ACPI: PCI: Interrupt link GSIG configured for IRQ 22&#xD;&#xA;[    2.241208] ACPI: PCI: Interrupt link GSIH configured for IRQ 23&#xD;&#xA;[    2.242515] iommu: Default domain type: Translated &#xD;&#xA;[    2.243306] pci 0000:00:01.0: vgaarb: setting as boot VGA device&#xD;&#xA;[    2.244172] pci 0000:00:01.0: vgaarb: VGA device added: decodes=io+mem,owns=io+mem,locks=none&#xD;&#xA;[    2.244199] pci 0000:00:01.0: vgaarb: bridge control possible&#xD;&#xA;[    2.245197] vgaarb: loaded&#xD;&#xA;[    2.246269] SCSI subsystem initialized&#xD;&#xA;[    2.247246] libata version 3.00 loaded.&#xD;&#xA;[    2.247268] ACPI: bus type USB registered&#xD;&#xA;[    2.248220] usbcore: registered new interface driver usbfs&#xD;&#xA;[    2.249205] usbcore: registered new interface driver hub&#xD;&#xA;[    2.250203] usbcore: registered new device driver usb&#xD;&#xA;[    2.251228] pps_core: LinuxPPS API ver. 1 registered&#xD;&#xA;[    2.252196] pps_core: Software ver. 5.3.6 - Copyright 2005-2007 Rodolfo Giometti &lt;giometti@linux.it&gt;&#xD;&#xA;[    2.253212] PTP clock support registered&#xD;&#xA;[    2.254284] EDAC MC: Ver: 3.0.0&#xD;&#xA;[    2.259388] NetLabel: Initializing&#xD;&#xA;[    2.260196] NetLabel:  domain hash size = 128&#xD;&#xA;[    2.261198] NetLabel:  protocols = UNLABELED CIPSOv4 CALIPSO&#xD;&#xA;[    2.262217] NetLabel:  unlabeled traffic allowed by default&#xD;&#xA;[    2.263208] PCI: Using ACPI for IRQ routing&#xD;&#xA;[    2.817417] PCI: pci_cache_line_size set to 64 bytes&#xD;&#xA;[    2.820676] e820: reserve RAM buffer [mem 0x0009fc00-0x0009ffff]&#xD;&#xA;[    2.820681] e820: reserve RAM buffer [mem 0x0f4dd000-0x0fffffff]&#xD;&#xA;[    2.820980] clocksource: Switched to clocksource kvm-clock&#xD;&#xA;[    2.836359] VFS: Disk quotas dquot_6.6.0&#xD;&#xA;[    2.848105] VFS: Dquot-cache hash table entries: 512 (order 0, 4096 bytes)&#xD;&#xA;[    2.857131] pnp: PnP ACPI init&#xD;&#xA;[    2.861973] system 00:04: [mem 0xb0000000-0xbfffffff window] has been reserved&#xD;&#xA;[    2.872144] pnp: PnP ACPI: found 5 devices&#xD;&#xA;[    2.883884] clocksource: acpi_pm: mask: 0xffffff max_cycles: 0xffffff, max_idle_ns: 2085701024 ns&#xD;&#xA;[    2.895383] NET: Registered PF_INET protocol family&#xD;&#xA;[    2.902060] IP idents hash table entries: 4096 (order: 3, 32768 bytes, linear)&#xD;&#xA;[    2.912684] tcp_listen_portaddr_hash hash table entries: 256 (order: 0, 4096 bytes, linear)&#xD;&#xA;[    2.923472] TCP established hash table entries: 2048 (order: 2, 16384 bytes, linear)&#xD;&#xA;[    2.933804] TCP bind hash table entries: 2048 (order: 3, 32768 bytes, linear)&#xD;&#xA;[    2.943070] TCP: Hash tables configured (established 2048 bind 2048)&#xD;&#xA;[    2.951465] MPTCP token hash table entries: 256 (order: 0, 6144 bytes, linear)&#xD;&#xA;[    2.960966] UDP hash table entries: 256 (order: 1, 8192 bytes, linear)&#xD;&#xA;[    2.969501] UDP-Lite hash table entries: 256 (order: 1, 8192 bytes, linear)&#xD;&#xA;[    2.978484] NET: Registered PF_UNIX/PF_LOCAL protocol family&#xD;&#xA;[    2.985919] NET: Registered PF_XDP protocol family&#xD;&#xA;[    2.992532] pci 0000:00:02.0: bridge window [io  0x1000-0x0fff] to [bus 01] add_size 1000&#xD;&#xA;[    3.003349] pci 0000:00:02.1: bridge window [io  0x1000-0x0fff] to [bus 02] add_size 1000&#xD;&#xA;[    3.013973] pci 0000:00:02.2: bridge window [io  0x1000-0x0fff] to [bus 03] add_size 1000&#xD;&#xA;[    3.024712] pci 0000:00:02.3: bridge window [io  0x1000-0x0fff] to [bus 04] add_size 1000&#xD;&#xA;[    3.035291] pci 0000:00:02.4: bridge window [io  0x1000-0x0fff] to [bus 05] add_size 1000&#xD;&#xA;[    3.045901] pci 0000:00:02.5: bridge window [io  0x1000-0x0fff] to [bus 06] add_size 1000&#xD;&#xA;[    3.056382] pci 0000:00:02.6: bridge window [io  0x1000-0x0fff] to [bus 07] add_size 1000&#xD;&#xA;[    3.066975] pci 0000:00:02.7: bridge window [io  0x1000-0x0fff] to [bus 08] add_size 1000&#xD;&#xA;[    3.077877] pci 0000:00:03.0: bridge window [io  0x1000-0x0fff] to [bus 09] add_size 1000&#xD;&#xA;[    3.088864] pci 0000:00:03.1: bridge window [io  0x1000-0x0fff] to [bus 0a] add_size 1000&#xD;&#xA;[    3.099544] pci 0000:00:03.2: bridge window [io  0x1000-0x0fff] to [bus 0b] add_size 1000&#xD;&#xA;[    3.110238] pci 0000:00:02.0: BAR 13: assigned [io  0x1000-0x1fff]&#xD;&#xA;[    3.118411] pci 0000:00:02.1: BAR 13: assigned [io  0x2000-0x2fff]&#xD;&#xA;[    3.126780] pci 0000:00:02.2: BAR 13: assigned [io  0x3000-0x3fff]&#xD;&#xA;[    3.135395] pci 0000:00:02.3: BAR 13: assigned [io  0x4000-0x4fff]&#xD;&#xA;[    3.144772] pci 0000:00:02.4: BAR 13: assigned [io  0x5000-0x5fff]&#xD;&#xA;[    3.153758] pci 0000:00:02.5: BAR 13: assigned [io  0x6000-0x6fff]&#xD;&#xA;[    3.162507] pci 0000:00:02.6: BAR 13: assigned [io  0x7000-0x7fff]&#xD;&#xA;[    3.171478] pci 0000:00:02.7: BAR 13: assigned [io  0x8000-0x8fff]&#xD;&#xA;[    3.181440] pci 0000:00:03.0: BAR 13: assigned [io  0x9000-0x9fff]&#xD;&#xA;[    3.190891] pci 0000:00:03.1: BAR 13: assigned [io  0xa000-0xafff]&#xD;&#xA;[    3.199513] pci 0000:00:03.2: BAR 13: assigned [io  0xb000-0xbfff]&#xD;&#xA;[    3.207929] pci 0000:00:02.0: PCI bridge to [bus 01]&#xD;&#xA;[    3.215168] pci 0000:00:02.0:   bridge window [io  0x1000-0x1fff]&#xD;&#xA;[    3.225354] pci 0000:00:02.0:   bridge window [mem 0xfe800000-0xfe9fffff]&#xD;&#xA;[    3.235645] pci 0000:00:02.0:   bridge window [mem 0xfc400000-0xfc5fffff 64bit pref]&#xD;&#xA;[    3.247910] pci 0000:00:02.1: PCI bridge to [bus 02]&#xD;&#xA;[    3.255246] pci 0000:00:02.1:   bridge window [io  0x2000-0x2fff]&#xD;&#xA;[    3.264712] pci 0000:00:02.1:   bridge window [mem 0xfe600000-0xfe7fffff]&#xD;&#xA;[    3.274834] pci 0000:00:02.1:   bridge window [mem 0xfc200000-0xfc3fffff 64bit pref]&#xD;&#xA;[    3.286719] pci 0000:00:02.2: PCI bridge to [bus 03]&#xD;&#xA;[    3.293946] pci 0000:00:02.2:   bridge window [io  0x3000-0x3fff]&#xD;&#xA;[    3.304476] pci 0000:00:02.2:   bridge window [mem 0xfe400000-0xfe5fffff]&#xD;&#xA;[    3.314012] pci 0000:00:02.2:   bridge window [mem 0xfc000000-0xfc1fffff 64bit pref]&#xD;&#xA;[    3.325670] pci 0000:00:02.3: PCI bridge to [bus 04]&#xD;&#xA;[    3.334057] pci 0000:00:02.3:   bridge window [io  0x4000-0x4fff]&#xD;&#xA;[    3.343162] pci 0000:00:02.3:   bridge window [mem 0xfe200000-0xfe3fffff]&#xD;&#xA;[    3.352652] pci 0000:00:02.3:   bridge window [mem 0xfbe00000-0xfbffffff 64bit pref]&#xD;&#xA;[    3.364369] pci 0000:00:02.4: PCI bridge to [bus 05]&#xD;&#xA;[    3.373114] pci 0000:00:02.4:   bridge window [io  0x5000-0x5fff]&#xD;&#xA;[    3.390684] pci 0000:00:02.4:   bridge window [mem 0xfe000000-0xfe1fffff]&#xD;&#xA;[    3.410300] pci 0000:00:02.4:   bridge window [mem 0xfbc00000-0xfbdfffff 64bit pref]&#xD;&#xA;[    3.424656] pci 0000:00:02.5: PCI bridge to [bus 06]&#xD;&#xA;[    3.431616] pci 0000:00:02.5:   bridge window [io  0x6000-0x6fff]&#xD;&#xA;[    3.440922] pci 0000:00:02.5:   bridge window [mem 0xfde00000-0xfdffffff]&#xD;&#xA;[    3.450700] pci 0000:00:02.5:   bridge window [mem 0xfba00000-0xfbbfffff 64bit pref]&#xD;&#xA;[    3.463079] pci 0000:00:02.6: PCI bridge to [bus 07]&#xD;&#xA;[    3.469967] pci 0000:00:02.6:   bridge window [io  0x7000-0x7fff]&#xD;&#xA;[    3.479023] pci 0000:00:02.6:   bridge window [mem 0xfdc00000-0xfddfffff]&#xD;&#xA;[    3.489844] pci 0000:00:02.6:   bridge window [mem 0xfb800000-0xfb9fffff 64bit pref]&#xD;&#xA;[    3.515918] pci 0000:00:02.7: PCI bridge to [bus 08]&#xD;&#xA;[    3.524550] pci 0000:00:02.7:   bridge window [io  0x8000-0x8fff]&#xD;&#xA;[    3.533808] pci 0000:00:02.7:   bridge window [mem 0xfda00000-0xfdbfffff]&#xD;&#xA;[    3.544716] pci 0000:00:02.7:   bridge window [mem 0xfb600000-0xfb7fffff 64bit pref]&#xD;&#xA;[    3.556065] pci 0000:00:03.0: PCI bridge to [bus 09]&#xD;&#xA;[    3.562927] pci 0000:00:03.0:   bridge window [io  0x9000-0x9fff]&#xD;&#xA;[    3.572057] pci 0000:00:03.0:   bridge window [mem 0xfd800000-0xfd9fffff]&#xD;&#xA;[    3.583294] pci 0000:00:03.0:   bridge window [mem 0xfb400000-0xfb5fffff 64bit pref]&#xD;&#xA;[    3.595038] pci 0000:00:03.1: PCI bridge to [bus 0a]&#xD;&#xA;[    3.601896] pci 0000:00:03.1:   bridge window [io  0xa000-0xafff]&#xD;&#xA;[    3.610978] pci 0000:00:03.1:   bridge window [mem 0xfd600000-0xfd7fffff]&#xD;&#xA;[    3.621679] pci 0000:00:03.1:   bridge window [mem 0xfb200000-0xfb3fffff 64bit pref]&#xD;&#xA;[    3.633039] pci 0000:00:03.2: PCI bridge to [bus 0b]&#xD;&#xA;[    3.639918] pci 0000:00:03.2:   bridge window [io  0xb000-0xbfff]&#xD;&#xA;[    3.648979] pci 0000:00:03.2:   bridge window [mem 0xfd400000-0xfd5fffff]&#xD;&#xA;[    3.659876] pci 0000:00:03.2:   bridge window [mem 0xfb000000-0xfb1fffff 64bit pref]&#xD;&#xA;[    3.671272] pci_bus 0000:00: resource 4 [io  0x0000-0x0cf7 window]&#xD;&#xA;[    3.679479] pci_bus 0000:00: resource 5 [io  0x0d00-0xffff window]&#xD;&#xA;[    3.687715] pci_bus 0000:00: resource 6 [mem 0x000a0000-0x000bffff window]&#xD;&#xA;[    3.697047] pci_bus 0000:00: resource 7 [mem 0x0f500000-0xafffffff window]&#xD;&#xA;[    3.707070] pci_bus 0000:00: resource 8 [mem 0xc0000000-0xfebfffff window]&#xD;&#xA;[    3.715973] pci_bus 0000:00: resource 9 [mem 0x100000000-0x8ffffffff window]&#xD;&#xA;[    3.724958] pci_bus 0000:01: resource 0 [io  0x1000-0x1fff]&#xD;&#xA;[    3.732360] pci_bus 0000:01: resource 1 [mem 0xfe800000-0xfe9fffff]&#xD;&#xA;[    3.740475] pci_bus 0000:01: resource 2 [mem 0xfc400000-0xfc5fffff 64bit pref]&#xD;&#xA;[    3.749932] pci_bus 0000:02: resource 0 [io  0x2000-0x2fff]&#xD;&#xA;[    3.757972] pci_bus 0000:02: resource 1 [mem 0xfe600000-0xfe7fffff]&#xD;&#xA;[    3.766638] pci_bus 0000:02: resource 2 [mem 0xfc200000-0xfc3fffff 64bit pref]&#xD;&#xA;[    3.777318] pci_bus 0000:03: resource 0 [io  0x3000-0x3fff]&#xD;&#xA;[    3.784825] pci_bus 0000:03: resource 1 [mem 0xfe400000-0xfe5fffff]&#xD;&#xA;[    3.793112] pci_bus 0000:03: resource 2 [mem 0xfc000000-0xfc1fffff 64bit pref]&#xD;&#xA;[    3.802647] pci_bus 0000:04: resource 0 [io  0x4000-0x4fff]&#xD;&#xA;[    3.810120] pci_bus 0000:04: resource 1 [mem 0xfe200000-0xfe3fffff]&#xD;&#xA;[    3.818429] pci_bus 0000:04: resource 2 [mem 0xfbe00000-0xfbffffff 64bit pref]&#xD;&#xA;[    3.828026] pci_bus 0000:05: resource 0 [io  0x5000-0x5fff]&#xD;&#xA;[    3.838538] pci_bus 0000:05: resource 1 [mem 0xfe000000-0xfe1fffff]&#xD;&#xA;[    3.860418] pci_bus 0000:05: resource 2 [mem 0xfbc00000-0xfbdfffff 64bit pref]&#xD;&#xA;[    3.873587] pci_bus 0000:06: resource 0 [io  0x6000-0x6fff]&#xD;&#xA;[    3.881746] pci_bus 0000:06: resource 1 [mem 0xfde00000-0xfdffffff]&#xD;&#xA;[    3.890090] pci_bus 0000:06: resource 2 [mem 0xfba00000-0xfbbfffff 64bit pref]&#xD;&#xA;[    3.899848] pci_bus 0000:07: resource 0 [io  0x7000-0x7fff]&#xD;&#xA;[    3.907423] pci_bus 0000:07: resource 1 [mem 0xfdc00000-0xfddfffff]&#xD;&#xA;[    3.915770] pci_bus 0000:07: resource 2 [mem 0xfb800000-0xfb9fffff 64bit pref]&#xD;&#xA;[    3.925424] pci_bus 0000:08: resource 0 [io  0x8000-0x8fff]&#xD;&#xA;[    3.932970] pci_bus 0000:08: resource 1 [mem 0xfda00000-0xfdbfffff]&#xD;&#xA;[    3.941401] pci_bus 0000:08: resource 2 [mem 0xfb600000-0xfb7fffff 64bit pref]&#xD;&#xA;[    3.950918] pci_bus 0000:09: resource 0 [io  0x9000-0x9fff]&#xD;&#xA;[    3.958471] pci_bus 0000:09: resource 1 [mem 0xfd800000-0xfd9fffff]&#xD;&#xA;[    3.982226] pci_bus 0000:09: resource 2 [mem 0xfb400000-0xfb5fffff 64bit pref]&#xD;&#xA;[    3.991754] pci_bus 0000:0a: resource 0 [io  0xa000-0xafff]&#xD;&#xA;[    3.999365] pci_bus 0000:0a: resource 1 [mem 0xfd600000-0xfd7fffff]&#xD;&#xA;[    4.007761] pci_bus 0000:0a: resource 2 [mem 0xfb200000-0xfb3fffff 64bit pref]&#xD;&#xA;[    4.017435] pci_bus 0000:0b: resource 0 [io  0xb000-0xbfff]&#xD;&#xA;[    4.025334] pci_bus 0000:0b: resource 1 [mem 0xfd400000-0xfd5fffff]&#xD;&#xA;[    4.033677] pci_bus 0000:0b: resource 2 [mem 0xfb000000-0xfb1fffff 64bit pref]&#xD;&#xA;[    4.043848] pci 0000:00:01.0: Video device with shadowed ROM at [mem 0x000c0000-0x000dffff]&#xD;&#xA;[    4.054760] pci 0000:00:01.0: pci_fixup_video+0x0/0xb0 took 10867 usecs&#xD;&#xA;[    4.065256] PCI: CLS 0 bytes, default 64&#xD;&#xA;[    4.070913] Trying to unpack rootfs image as initramfs...&#xD;&#xA;[    4.092505] clocksource: tsc: mask: 0xffffffffffffffff max_cycles: 0x1fb633008a4, max_idle_ns: 440795292230 ns&#xD;&#xA;[    4.140534] Initialise system trusted keyrings&#xD;&#xA;[    4.156376] Key type blacklist registered&#xD;&#xA;[    4.175254] workingset: timestamp_bits=36 max_order=16 bucket_order=0&#xD;&#xA;[    4.203113] zbud: loaded&#xD;&#xA;[    4.214750] integrity: Platform Keyring initialized&#xD;&#xA;[    4.255263] NET: Registered PF_ALG protocol family&#xD;&#xA;[    4.276458] xor: automatically using best checksumming function   avx       &#xD;&#xA;[    4.305396] Key type asymmetric registered&#xD;&#xA;[    4.323461] Asymmetric key parser &#39;x509&#39; registered&#xD;&#xA;[    4.343388] Block layer SCSI generic (bsg) driver version 0.4 loaded (major 245)&#xD;&#xA;[    4.375423] io scheduler mq-deadline registered&#xD;&#xA;[    4.381829] io scheduler kyber registered&#xD;&#xA;[    4.400305] io scheduler bfq registered&#xD;&#xA;[    4.414475] atomic64_test: passed for x86-64 platform with CX8 and with SSE&#xD;&#xA;[    4.442787] ACPI: \_SB_.GSIG: Enabled at IRQ 22&#xD;&#xA;[    4.472405] pcieport 0000:00:02.0: PME: Signaling with IRQ 24&#xD;&#xA;[    4.503284] pcieport 0000:00:02.0: AER: enabled with IRQ 24&#xD;&#xA;[    4.537629] Freeing initrd memory: 24648K&#xD;&#xA;[    4.544298] pcieport 0000:00:02.1: PME: Signaling with IRQ 25&#xD;&#xA;[    4.553077] pcieport 0000:00:02.1: AER: enabled with IRQ 25&#xD;&#xA;[    4.568639] pcieport 0000:00:02.2: PME: Signaling with IRQ 26&#xD;&#xA;[    4.577453] pcieport 0000:00:02.2: AER: enabled with IRQ 26&#xD;&#xA;[    4.591395] pcieport 0000:00:02.3: PME: Signaling with IRQ 27&#xD;&#xA;[    4.600289] pcieport 0000:00:02.3: AER: enabled with IRQ 27&#xD;&#xA;[    4.614784] pcieport 0000:00:02.4: PME: Signaling with IRQ 28&#xD;&#xA;[    4.624781] pcieport 0000:00:02.4: AER: enabled with IRQ 28&#xD;&#xA;[    4.639067] pcieport 0000:00:02.5: PME: Signaling with IRQ 29&#xD;&#xA;[    4.647760] pcieport 0000:00:02.5: AER: enabled with IRQ 29&#xD;&#xA;[    4.662040] pcieport 0000:00:02.6: PME: Signaling with IRQ 30&#xD;&#xA;[    4.672133] pcieport 0000:00:02.6: AER: enabled with IRQ 30&#xD;&#xA;[    4.686589] pcieport 0000:00:02.7: PME: Signaling with IRQ 31&#xD;&#xA;[    4.695350] pcieport 0000:00:02.7: AER: enabled with IRQ 31&#xD;&#xA;[    4.705955] ACPI: \_SB_.GSIH: Enabled at IRQ 23&#xD;&#xA;[    4.715841] pcieport 0000:00:03.0: PME: Signaling with IRQ 32&#xD;&#xA;[    4.725960] pcieport 0000:00:03.0: AER: enabled with IRQ 32&#xD;&#xA;[    4.740035] pcieport 0000:00:03.1: PME: Signaling with IRQ 33&#xD;&#xA;[    4.748709] pcieport 0000:00:03.1: AER: enabled with IRQ 33&#xD;&#xA;[    4.762809] pcieport 0000:00:03.2: PME: Signaling with IRQ 34&#xD;&#xA;[    4.771888] pcieport 0000:00:03.2: AER: enabled with IRQ 34&#xD;&#xA;[    4.783347] shpchp: Standard Hot Plug PCI Controller Driver version: 0.4&#xD;&#xA;[    4.792963] input: Power Button as /devices/LNXSYSTM:00/LNXPWRBN:00/input/input0&#xD;&#xA;[    4.803120] ACPI: button: Power Button [PWRF]&#xD;&#xA;[    4.859461] Serial: 8250/16550 driver, 32 ports, IRQ sharing enabled&#xD;&#xA;[    4.868655] 00:00: ttyS0 at I/O 0x3f8 (irq = 4, base_baud = 115200) is a 16550A&#xD;&#xA;[    4.879771] Non-volatile memory driver v1.3&#xD;&#xA;[    4.889537] Linux agpgart interface v0.103&#xD;&#xA;[    4.895808] ahci 0000:00:1f.2: version 3.0&#xD;&#xA;[    4.896120] ACPI: \_SB_.GSIA: Enabled at IRQ 16&#xD;&#xA;[    4.919727] ahci 0000:00:1f.2: AHCI 0001.0000 32 slots 6 ports 1.5 Gbps 0x3f impl SATA mode&#xD;&#xA;[    4.951286] ahci 0000:00:1f.2: flags: 64bit ncq only &#xD;&#xA;[    4.974361] scsi host0: ahci&#xD;&#xA;[    4.980484] scsi host1: ahci&#xD;&#xA;[    4.985815] scsi host2: ahci&#xD;&#xA;[    4.990488] scsi host3: ahci&#xD;&#xA;[    4.995543] scsi host4: ahci&#xD;&#xA;[    5.000701] scsi host5: ahci&#xD;&#xA;[    5.005538] ata1: SATA max UDMA/133 abar m4096@0xfea1c000 port 0xfea1c100 irq 37&#xD;&#xA;[    5.015334] ata2: SATA max UDMA/133 abar m4096@0xfea1c000 port 0xfea1c180 irq 37&#xD;&#xA;[    5.025270] ata3: SATA max UDMA/133 abar m4096@0xfea1c000 port 0xfea1c200 irq 37&#xD;&#xA;[    5.035237] ata4: SATA max UDMA/133 abar m4096@0xfea1c000 port 0xfea1c280 irq 37&#xD;&#xA;[    5.045307] ata5: SATA max UDMA/133 abar m4096@0xfea1c000 port 0xfea1c300 irq 37&#xD;&#xA;[    5.055326] ata6: SATA max UDMA/133 abar m4096@0xfea1c000 port 0xfea1c380 irq 37&#xD;&#xA;[    5.065363] libphy: Fixed MDIO Bus: probed&#xD;&#xA;[    5.071653] ehci_hcd: USB 2.0 &#39;Enhanced&#39; Host Controller (EHCI) Driver&#xD;&#xA;[    5.080300] ehci-pci: EHCI PCI platform driver&#xD;&#xA;[    5.086508] ohci_hcd: USB 1.1 &#39;Open&#39; Host Controller (OHCI) Driver&#xD;&#xA;[    5.094840] ohci-pci: OHCI PCI platform driver&#xD;&#xA;[    5.101093] uhci_hcd: USB Universal Host Controller Interface driver&#xD;&#xA;[    5.109706] usbcore: registered new interface driver usbserial_generic&#xD;&#xA;[    5.118403] usbserial: USB Serial support registered for generic&#xD;&#xA;[    5.128318] i8042: PNP: PS/2 Controller [PNP0303:KBD,PNP0f13:MOU] at 0x60,0x64 irq 1,12&#xD;&#xA;[    5.149134] serio: i8042 KBD port at 0x60,0x64 irq 1&#xD;&#xA;[    5.156052] serio: i8042 AUX port at 0x60,0x64 irq 12&#xD;&#xA;[    5.163134] mousedev: PS/2 mouse device common for all mice&#xD;&#xA;[    5.172124] input: AT Translated Set 2 keyboard as /devices/platform/i8042/serio0/input/input1&#xD;&#xA;[    5.184331] rtc_cmos 00:03: RTC can wake from S4&#xD;&#xA;[    5.195082] rtc_cmos 00:03: registered as rtc0&#xD;&#xA;[    5.202819] rtc_cmos 00:03: setting system clock to 2025-04-22T10:00:22 UTC (1745316022)&#xD;&#xA;[    5.216585] input: VirtualPS/2 VMware VMMouse as /devices/platform/i8042/serio1/input/input4&#xD;&#xA;[    5.227858] rtc_cmos 00:03: alarms up to one day, y3k, 242 bytes nvram&#xD;&#xA;[    5.236728] device-mapper: uevent: version 1.0.3&#xD;&#xA;[    5.243291] device-mapper: ioctl: 4.45.0-ioctl (2021-03-22) initialised: dm-devel@redhat.com&#xD;&#xA;[    5.257096] input: VirtualPS/2 VMware VMMouse as /devices/platform/i8042/serio1/input/input3&#xD;&#xA;[    5.284345] intel_pstate: CPU model not supported&#xD;&#xA;[    5.294099] hid: raw HID events driver (C) Jiri Kosina&#xD;&#xA;[    5.302283] usbcore: registered new interface driver usbhid&#xD;&#xA;[    5.310892] usbhid: USB HID core driver&#xD;&#xA;[    5.316601] drop_monitor: Initializing network drop monitor service&#xD;&#xA;[    5.325246] Initializing XFRM netlink socket&#xD;&#xA;[    5.332170] NET: Registered PF_INET6 protocol family&#xD;&#xA;[    5.344126] Segment Routing with IPv6&#xD;&#xA;[    5.349501] RPL Segment Routing with IPv6&#xD;&#xA;[    5.355247] mip6: Mobile IPv6&#xD;&#xA;[    5.359689] NET: Registered PF_PACKET protocol family&#xD;&#xA;[    5.367579] IPI shorthand broadcast: enabled&#xD;&#xA;[    5.373563] AVX2 version of gcm_enc/dec engaged.&#xD;&#xA;[    5.379962] AES CTR mode by8 optimization enabled&#xD;&#xA;[    5.416081] sched_clock: Marking stable (3834706100, 1580513876)-&gt;(7304198791, -1888978815)&#xD;&#xA;[    5.434768] ata1: SATA link down (SStatus 0 SControl 300)&#xD;&#xA;[    5.444753] registered taskstats version 1&#xD;&#xA;[    5.451467] Loading compiled-in X.509 certificates&#xD;&#xA;[    5.458853] Loaded X.509 cert &#39;Fedora kernel signing key: c942454291c91bc973770746141181a1953c2bb5&#39;&#xD;&#xA;[    5.471345] ata3: SATA link down (SStatus 0 SControl 300)&#xD;&#xA;[    5.479522] ata2: SATA link down (SStatus 0 SControl 300)&#xD;&#xA;[    5.487671] ata5: SATA link down (SStatus 0 SControl 300)&#xD;&#xA;[    5.496156] ata6: SATA link down (SStatus 0 SControl 300)&#xD;&#xA;[    5.504450] ata4: SATA link down (SStatus 0 SControl 300)&#xD;&#xA;[    5.512136] zswap: loaded using pool lzo/zbud&#xD;&#xA;[    5.518295] page_owner is disabled&#xD;&#xA;[    5.523273] Key type ._fscrypt registered&#xD;&#xA;[    5.529390] Key type .fscrypt registered&#xD;&#xA;[    5.535303] Key type fscrypt-provisioning registered&#xD;&#xA;[    5.542477] Btrfs loaded, crc32c=crc32c-generic, zoned=yes&#xD;&#xA;[    5.549958] Key type big_key registered&#xD;&#xA;[    5.559502] Key type encrypted registered&#xD;&#xA;[    5.565261] ima: No TPM chip found, activating TPM-bypass!&#xD;&#xA;[    5.572544] Loading compiled-in module X.509 certificates&#xD;&#xA;[    5.580445] Loaded X.509 cert &#39;Fedora kernel signing key: c942454291c91bc973770746141181a1953c2bb5&#39;&#xD;&#xA;[    5.592215] ima: Allocated hash algorithm: sha256&#xD;&#xA;[    5.598545] ima: No architecture policies found&#xD;&#xA;[    5.604797] evm: Initialising EVM extended attributes:&#xD;&#xA;[    5.611698] evm: security.selinux&#xD;&#xA;[    5.616534] evm: security.SMACK64 (disabled)&#xD;&#xA;[    5.622466] evm: security.SMACK64EXEC (disabled)&#xD;&#xA;[    5.628859] evm: security.SMACK64TRANSMUTE (disabled)&#xD;&#xA;[    5.635693] evm: security.SMACK64MMAP (disabled)&#xD;&#xA;[    5.642062] evm: security.apparmor (disabled)&#xD;&#xA;[    5.650548] evm: security.ima&#xD;&#xA;[    5.663940] evm: security.capability&#xD;&#xA;[    5.674307] evm: HMAC attrs: 0x1&#xD;&#xA;[    5.681850] PM:   Magic number: 5:661:22&#xD;&#xA;[    5.688529] RAS: Correctable Errors collector initialized.&#xD;&#xA;[    5.704825] Freeing unused decrypted memory: 2036K&#xD;&#xA;[    5.711967] Freeing unused kernel image (initmem) memory: 2872K&#xD;&#xA;[    5.720137] Write protecting the kernel read-only data: 30720k&#xD;&#xA;[    5.728793] Freeing unused kernel image (text/rodata gap) memory: 2036K&#xD;&#xA;[    5.737807] Freeing unused kernel image (rodata/data gap) memory: 1900K&#xD;&#xA;[    5.754397] x86/mm: Checked W+X mappings: passed, no W+X pages found.&#xD;&#xA;[    5.762903] rodata_test: all tests were successful&#xD;&#xA;[    5.769546] Run /init as init process&#xD;&#xA;[    5.775081]   with arguments:&#xD;&#xA;[    5.775084]     /init&#xD;&#xA;[    5.775085]   with environment:&#xD;&#xA;[    5.775086]     HOME=/&#xD;&#xA;[    5.775087]     TERM=linux&#xD;&#xA;[    5.775087]     BOOT_IMAGE=(hd0,gpt2)/vmlinuz-5.14.10-300.fc35.x86_64&#xD;&#xA;[    5.783565] systemd[1]: systemd v249.4-2.fc35 running in system mode (+PAM +AUDIT +SELINUX -APPARMOR +IMA +SMACK +SECCOMP +GCRYPT +GNUTLS +OPENSSL +ACL +BLKID +CURL +ELFUTILS +FIDO2 +IDN2 -IDN +IPTC +KMOD +LIBCRYPTSETUP +LIBFDISK +PCRE2 +PWQUALITY +P11KIT +QRENCODE +BZIP2 +LZ4 +XZ +ZLIB +ZSTD +XKBCOMMON +UTMP +SYSVINIT default-hierarchy=unified)&#xD;&#xA;[    5.836977] systemd[1]: Detected virtualization kvm.&#xD;&#xA;[    5.843948] systemd[1]: Detected architecture x86-64.&#xD;&#xA;[    5.850861] systemd[1]: Running in initial RAM disk.&#xD;&#xA;[    5.864681] systemd[1]: No hostname configured, using default hostname.&#xD;&#xA;[    5.873496] systemd[1]: Hostname set to &lt;fedora&gt;.&#xD;&#xA;[    5.880107] systemd[1]: Initializing machine ID from VM UUID.&#xD;&#xA;[    5.973543] systemd[1]: Queued start job for default target Initrd Default Target.&#xD;&#xA;[    5.983959] systemd[1]: Started Dispatch Password Requests to Console Directory Watch.&#xD;&#xA;[    5.999724] systemd[1]: Reached target Local Encrypted Volumes.&#xD;&#xA;[    6.012315] systemd[1]: Reached target Initrd /usr File System.&#xD;&#xA;[    6.024762] systemd[1]: Reached target Local File Systems.&#xD;&#xA;[    6.036401] systemd[1]: Reached target Path Units.&#xD;&#xA;[    6.046750] systemd[1]: Reached target Slice Units.&#xD;&#xA;[    6.057325] systemd[1]: Reached target Swaps.&#xD;&#xA;[    6.066971] systemd[1]: Reached target Timer Units.&#xD;&#xA;[    6.077642] systemd[1]: Listening on Journal Audit Socket.&#xD;&#xA;[    6.089522] systemd[1]: Listening on Journal Socket (/dev/log).&#xD;&#xA;[    6.101963] systemd[1]: Listening on Journal Socket.&#xD;&#xA;[    6.112832] systemd[1]: Listening on udev Control Socket.&#xD;&#xA;[    6.124492] systemd[1]: Listening on udev Kernel Socket.&#xD;&#xA;[    6.135877] systemd[1]: Reached target Socket Units.&#xD;&#xA;[    6.147447] systemd[1]: Starting Create List of Static Device Nodes...&#xD;&#xA;[    6.163080] systemd[1]: Condition check resulted in Memstrack Anylazing Service being skipped.&#xD;&#xA;[    6.175338] systemd[1]: Starting Journal Service...&#xD;&#xA;[    6.189755] systemd[1]: Condition check resulted in Load Kernel Modules being skipped.&#xD;&#xA;[    6.211735] systemd[1]: Starting Apply Kernel Variables...&#xD;&#xA;[    6.233414] systemd[1]: Starting Setup Virtual Console...&#xD;&#xA;[    6.250245] systemd[1]: Started Journal Service.&#xD;&#xA;[    6.842524] audit: type=1130 audit(1745316024.134:2): pid=1 uid=0 auid=4294967295 ses=4294967295 subj=kernel msg=&#39;unit=systemd-journald comm=&#34;systemd&#34; exe=&#34;/usr/lib/systemd/systemd&#34; hostname=? addr=? terminal=? res=success&#39;&#xD;&#xA;[    6.906472] audit: type=1130 audit(1745316024.164:3): pid=1 uid=0 auid=4294967295 ses=4294967295 subj=kernel msg=&#39;unit=kmod-static-nodes comm=&#34;systemd&#34; exe=&#34;/usr/lib/systemd/systemd&#34; hostname=? addr=? terminal=? res=success&#39;&#xD;&#xA;[    6.932686] audit: type=1130 audit(1745316024.168:4): pid=1 uid=0 auid=4294967295 ses=4294967295 subj=kernel msg=&#39;unit=systemd-sysctl comm=&#34;systemd&#34; exe=&#34;/usr/lib/systemd/systemd&#34; hostname=? addr=? terminal=? res=success&#39;&#xD;&#xA;[    6.958077] audit: type=1130 audit(1745316024.196:5): pid=1 uid=0 auid=4294967295 ses=4294967295 subj=kernel msg=&#39;unit=systemd-tmpfiles-setup-dev comm=&#34;systemd&#34; exe=&#34;/usr/lib/systemd/systemd&#34; hostname=? addr=? terminal=? res=success&#39;&#xD;&#xA;[    6.983831] audit: type=1130 audit(1745316024.203:6): pid=1 uid=0 auid=4294967295 ses=4294967295 subj=kernel msg=&#39;unit=systemd-tmpfiles-setup comm=&#34;systemd&#34; exe=&#34;/usr/lib/systemd/systemd&#34; hostname=? addr=? terminal=? res=success&#39;&#xD;&#xA;[    7.686938] audit: type=1130 audit(1745316024.979:7): pid=1 uid=0 auid=4294967295 ses=4294967295 subj=kernel msg=&#39;unit=systemd-vconsole-setup comm=&#34;systemd&#34; exe=&#34;/usr/lib/systemd/systemd&#34; hostname=? addr=? terminal=? res=success&#39;&#xD;&#xA;[    7.739499] audit: type=1130 audit(1745316025.032:8): pid=1 uid=0 auid=4294967295 ses=4294967295 subj=kernel msg=&#39;unit=dracut-cmdline-ask comm=&#34;systemd&#34; exe=&#34;/usr/lib/systemd/systemd&#34; hostname=? addr=? terminal=? res=success&#39;&#xD;&#xA;[    7.834244] audit: type=1130 audit(1745316025.130:9): pid=1 uid=0 auid=4294967295 ses=4294967295 subj=kernel msg=&#39;unit=dracut-cmdline comm=&#34;systemd&#34; exe=&#34;/usr/lib/systemd/systemd&#34; hostname=? addr=? terminal=? res=success&#39;&#xD;&#xA;[    7.894247] audit: type=1130 audit(1745316025.190:10): pid=1 uid=0 auid=4294967295 ses=4294967295 subj=kernel msg=&#39;unit=dracut-pre-udev comm=&#34;systemd&#34; exe=&#34;/usr/lib/systemd/systemd&#34; hostname=? addr=? terminal=? res=success&#39;&#xD;&#xA;[    7.987295] audit: type=1334 audit(1745316025.190:11): prog-id=6 op=LOAD&#xD;&#xA;[    8.240467] virtio_blk virtio3: [vda] 10485760 512-byte logical blocks (5.37 GB/5.00 GiB)&#xD;&#xA;[    8.302798] scsi host6: Virtio SCSI HBA&#xD;&#xA;[    8.381158]  vda: vda1 vda2 vda3 vda4 vda5&#xD;&#xA;[    8.416429] virtio_blk virtio4: [vdb] 2048 512-byte logical blocks (1.05 MB/1.00 MiB)&#xD;&#xA;[    8.487243] BTRFS: device label fedora devid 1 transid 41 /dev/vda5 scanned by systemd-udevd (363)&#xD;&#xA;[    9.779707] BTRFS info (device vda5): flagging fs with big metadata feature&#xD;&#xA;[    9.788955] BTRFS info (device vda5): disk space caching is enabled&#xD;&#xA;[    9.797338] BTRFS info (device vda5): has skinny extents&#xD;&#xA;[   10.321919] systemd-journald[241]: Received SIGTERM from PID 1 (systemd).&#xD;&#xA;[   10.751979] SELinux:  policy capability network_peer_controls=1&#xD;&#xA;[   10.759694] SELinux:  policy capability open_perms=1&#xD;&#xA;[   10.766302] SELinux:  policy capability extended_socket_class=1&#xD;&#xA;[   10.773796] SELinux:  policy capability always_check_network=0&#xD;&#xA;[   10.781213] SELinux:  policy capability cgroup_seclabel=1&#xD;&#xA;[   10.788108] SELinux:  policy capability nnp_nosuid_transition=1&#xD;&#xA;[   10.797125] SELinux:  policy capability genfs_seclabel_symlinks=0&#xD;&#xA;[   10.821979] systemd[1]: Successfully loaded SELinux policy in 127.010ms.&#xD;&#xA;[   10.902572] systemd[1]: Relabelled /dev, /dev/shm, /run, /sys/fs/cgroup in 22.257ms.&#xD;&#xA;[   10.919440] systemd[1]: systemd v249.4-2.fc35 running in system mode (+PAM +AUDIT +SELINUX -APPARMOR +IMA +SMACK +SECCOMP +GCRYPT +GNUTLS +OPENSSL +ACL +BLKID +CURL +ELFUTILS +FIDO2 +IDN2 -IDN +IPTC +KMOD +LIBCRYPTSETUP +LIBFDISK +PCRE2 +PWQUALITY +P11KIT +QRENCODE +BZIP2 +LZ4 +XZ +ZLIB +ZSTD +XKBCOMMON +UTMP +SYSVINIT default-hierarchy=unified)&#xD;&#xA;[   10.961011] systemd[1]: Detected virtualization kvm.&#xD;&#xA;[   10.967783] systemd[1]: Detected architecture x86-64.&#xD;&#xA;[   10.981665] systemd[1]: Initializing machine ID from VM UUID.&#xD;&#xA;[   10.989342] systemd[1]: Installed transient /etc/machine-id file.&#xD;&#xA;[   11.141733] zram: Added device: zram0&#xD;&#xA;[   11.420796] systemd[1]: Configuration file /etc/systemd/system/wait-for-cloud-init.service is marked executable. Please remove executable permission bits. Proceeding anyway.&#xD;&#xA;[   11.485778] systemd[1]: initrd-switch-root.service: Deactivated successfully.&#xD;&#xA;[   11.496514] systemd[1]: Stopped Switch Root.&#xD;&#xA;[   11.521874] systemd[1]: systemd-journald.service: Scheduled restart job, restart counter is at 1.&#xD;&#xA;[   11.538295] systemd[1]: Created slice Slice /system/getty.&#xD;&#xA;[   11.550524] systemd[1]: Created slice Slice /system/modprobe.&#xD;&#xA;[   11.562620] systemd[1]: Created slice Slice /system/serial-getty.&#xD;&#xA;[   11.575424] systemd[1]: Created slice Slice /system/sshd-keygen.&#xD;&#xA;[   11.588054] systemd[1]: Created slice Slice /system/systemd-fsck.&#xD;&#xA;[   11.600805] systemd[1]: Created slice Slice /system/systemd-zram-setup.&#xD;&#xA;[   11.614389] systemd[1]: Created slice User and Session Slice.&#xD;&#xA;[   11.626639] systemd[1]: Started Dispatch Password Requests to Console Directory Watch.&#xD;&#xA;[   11.643163] systemd[1]: Started Forward Password Requests to Wall Directory Watch.&#xD;&#xA;[   11.659960] systemd[1]: Set up automount Arbitrary Executable File Formats File System Automount Point.&#xD;&#xA;[   11.677909] systemd[1]: Reached target Local Encrypted Volumes.&#xD;&#xA;[   11.690305] systemd[1]: Stopped target Switch Root.&#xD;&#xA;[   11.700687] systemd[1]: Stopped target Initrd File Systems.&#xD;&#xA;[   11.712496] systemd[1]: Stopped target Initrd Root File System.&#xD;&#xA;[   11.725638] systemd[1]: Reached target Path Units.&#xD;&#xA;[   11.736015] systemd[1]: Reached target Remote File Systems.&#xD;&#xA;[   11.747848] systemd[1]: Reached target Slice Units.&#xD;&#xA;[   11.758439] systemd[1]: Reached target Local Verity Integrity Protected Volumes.&#xD;&#xA;[   11.774762] systemd[1]: Listening on Process Core Dump Socket.&#xD;&#xA;[   11.787119] systemd[1]: Listening on initctl Compatibility Named Pipe.&#xD;&#xA;[   11.802515] systemd[1]: Listening on udev Control Socket.&#xD;&#xA;[   11.814598] systemd[1]: Listening on udev Kernel Socket.&#xD;&#xA;[   11.827690] systemd[1]: Listening on User Database Manager Socket.&#xD;&#xA;[   11.841568] systemd[1]: Mounting Huge Pages File System...&#xD;&#xA;[   11.871340] systemd[1]: Mounting POSIX Message Queue File System...&#xD;&#xA;[   11.892594] systemd[1]: Mounting Kernel Debug File System...&#xD;&#xA;[   11.907939] systemd[1]: Mounting Kernel Trace File System...&#xD;&#xA;[   11.922722] systemd[1]: Starting Create List of Static Device Nodes...&#xD;&#xA;[   11.938651] systemd[1]: Starting Load Kernel Module configfs...&#xD;&#xA;[   11.953172] systemd[1]: Starting Load Kernel Module drm...&#xD;&#xA;[   11.967330] systemd[1]: Starting Load Kernel Module fuse...&#xD;&#xA;[   11.985791] systemd[1]: Condition check resulted in Set Up Additional Binary Formats being skipped.&#xD;&#xA;[   12.038626] fuse: init (API version 7.34)&#xD;&#xA;[   12.056970] systemd[1]: systemd-fsck-root.service: Deactivated successfully.&#xD;&#xA;[   12.065919] systemd[1]: Stopped File System Check on Root Device.&#xD;&#xA;[   12.077725] kauditd_printk_skb: 55 callbacks suppressed&#xD;&#xA;[   12.077727] audit: type=1131 audit(1745316029.374:67): pid=1 uid=0 auid=4294967295 ses=4294967295 subj=system_u:system_r:init_t:s0 msg=&#39;unit=systemd-fsck-root comm=&#34;systemd&#34; exe=&#34;/usr/lib/systemd/systemd&#34; hostname=? addr=? terminal=? res=success&#39;&#xD;&#xA;[   12.110526] systemd[1]: Stopped Journal Service.&#xD;&#xA;[   12.121278] systemd[1]: Starting Journal Service...&#xD;&#xA;[   12.136865] systemd[1]: Starting Load Kernel Modules...&#xD;&#xA;[   12.159320] systemd[1]: Starting Remount Root and Kernel File Systems...&#xD;&#xA;[   12.168810] audit: type=1130 audit(1745316029.416:68): pid=1 uid=0 auid=4294967295 ses=4294967295 subj=system_u:system_r:init_t:s0 msg=&#39;unit=systemd-journald comm=&#34;systemd&#34; exe=&#34;/usr/lib/systemd/systemd&#34; hostname=? addr=? terminal=? res=success&#39;&#xD;&#xA;[   12.215372] systemd[1]: Condition check resulted in Repartition Root Disk being skipped.&#xD;&#xA;[   12.242935] BTRFS info (device vda5): use zstd compression, level 1&#xD;&#xA;[   12.251383] BTRFS info (device vda5): disk space caching is enabled&#xD;&#xA;[   12.274873] systemd[1]: Starting Coldplug All udev Devices...&#xD;&#xA;[   12.285629] i40e: Intel(R) Ethernet Connection XL710 Network Driver&#xD;&#xA;[   12.294060] i40e: Copyright (c) 2013 - 2019 Intel Corporation.&#xD;&#xA;[   12.302733] audit: type=1131 audit(1745316029.416:69): pid=1 uid=0 auid=4294967295 ses=4294967295 subj=system_u:system_r:init_t:s0 msg=&#39;unit=systemd-journald comm=&#34;systemd&#34; exe=&#34;/usr/lib/systemd/systemd&#34; hostname=? addr=? terminal=? res=success&#39;&#xD;&#xA;[   12.338295] systemd[1]: Started Journal Service.&#xD;&#xA;[   12.434540] dca service started, version 1.12.1&#xD;&#xA;[   12.471889] audit: type=1334 audit(1745316029.417:70): prog-id=20 op=LOAD&#xD;&#xA;[   12.552411] systemd-journald[528]: Received client request to flush runtime journal.&#xD;&#xA;[   12.575232] audit: type=1334 audit(1745316029.417:71): prog-id=21 op=LOAD&#xD;&#xA;[   12.606402] igb: Intel(R) Gigabit Ethernet Network Driver&#xD;&#xA;[   12.613823] igb: Copyright (c) 2007-2014 Intel Corporation.&#xD;&#xA;[   12.626267] audit: type=1334 audit(1745316029.417:72): prog-id=22 op=LOAD&#xD;&#xA;[   12.654254] audit: type=1334 audit(1745316029.417:73): prog-id=18 op=UNLOAD&#xD;&#xA;[   12.677067] audit: type=1334 audit(1745316029.417:74): prog-id=19 op=UNLOAD&#xD;&#xA;[   12.691745] audit: type=1305 audit(1745316029.444:75): op=set audit_enabled=1 old=1 auid=4294967295 ses=4294967295 subj=system_u:system_r:syslogd_t:s0 res=1&#xD;&#xA;[   12.711398] audit: type=1300 audit(1745316029.444:75): arch=c000003e syscall=46 success=yes exit=60 a0=4 a1=7ffe28133d90 a2=4000 a3=7ffe28133e1c items=0 ppid=1 pid=528 auid=4294967295 uid=0 gid=0 euid=0 suid=0 fsuid=0 egid=0 sgid=0 fsgid=0 tty=(none) ses=4294967295 comm=&#34;systemd-journal&#34; exe=&#34;/usr/lib/systemd/systemd-journald&#34; subj=system_u:system_r:syslogd_t:s0 key=(null)&#xD;&#xA;[   13.042288] EXT4-fs (vda2): mounted filesystem with ordered data mode. Opts: (null). Quota mode: none.&#xD;&#xA;[   13.073868] ext4 filesystem being mounted at /boot supports timestamps until 2038 (0x7fffffff)&#xD;&#xA;[   13.450509] Free page reporting enabled&#xD;&#xA;[   13.458917] lpc_ich 0000:00:1f.0: I/O space for GPIO uninitialized&#xD;&#xA;[   13.523230] i801_smbus 0000:00:1f.3: SMBus using PCI interrupt&#xD;&#xA;[   13.637843] zram0: detected capacity change from 0 to 389120&#xD;&#xA;[   13.653802] RAPL PMU: API unit is 2^-32 Joules, 1 fixed counters, 10737418240 ms ovfl timer&#xD;&#xA;[   13.664917] RAPL PMU: hw unit of domain psys 2^-0 Joules&#xD;&#xA;[   13.702058] Adding 194556k swap on /dev/zram0.  Priority:100 extents:1 across:194556k SSFS&#xD;&#xA;[   13.825479] i2c i2c-0: 1/1 memory slots populated (from DMI)&#xD;&#xA;[   13.833229] i2c i2c-0: Memory type 0x07 not supported yet, not instantiating SPD&#xD;&#xA;[   14.236642] iTCO_vendor_support: vendor-support=0&#xD;&#xA;[   14.496332] input: PC Speaker as /devices/platform/pcspkr/input/input5&#xD;&#xA;[   14.766914] bochs-drm 0000:00:01.0: vgaarb: deactivate vga console&#xD;&#xA;[   14.835685] iTCO_wdt iTCO_wdt.1.auto: Found a ICH9 TCO device (Version=2, TCOBASE=0x0660)&#xD;&#xA;[   14.940586] iTCO_wdt iTCO_wdt.1.auto: initialized. heartbeat=30 sec (nowayout=0)&#xD;&#xA;[   15.016397] Console: switching to colour dummy device 80x25&#xD;&#xA;[   15.066522] [drm] Found bochs VGA, ID 0xb0c5.&#xD;&#xA;[   15.070609] [drm] Framebuffer size 16384 kB @ 0xfa000000, mmio @ 0xfea10000.&#xD;&#xA;[   15.131877] [drm] Found EDID data blob.&#xD;&#xA;[   15.189860] [drm] Initialized bochs-drm 1.0.0 20130925 for 0000:00:01.0 on minor 0&#xD;&#xA;[   15.253388] fbcon: bochs-drm (fb0) is primary device&#xD;&#xA;[   15.368525] Console: switching to colour frame buffer device 160x50&#xD;&#xA;[   15.391458] bochs-drm 0000:00:01.0: [drm] fb0: bochs-drm frame buffer device&#xD;&#xA;[   16.870206] ISO 9660 Extensions: Microsoft Joliet Level 3&#xD;&#xA;[   16.879508] ISO 9660 Extensions: RRIP_1991A&#xD;&#xA;[root@testvmi-97w8k fedora]# &#xA;�[34mSent:�[39m &#34;echo $?\n&#34;&#xA;�[32mMatch for RE:�[39m &#34;echo \\$\\?((?s).*)\n0\r\n.*(\\$ |\\# )&#34; found: [&#34;echo $?\r\n0\r\n[root@testvmi-97w8k fedora]# &#34; &#34;\r&#34; &#34;# &#34;] Buffer: echo $?&#xD;&#xA;0&#xD;&#xA;[root@testvmi-97w8k fedora]# &#xA;�[34mSent:�[39m &#34;ip neigh show\n&#34;&#xA;�[32mMatch for RE:�[39m &#34;ip neigh show((?s).*)(\\$ |\\# )&#34; found: [&#34;ip neigh show\r\n10.0.2.1 dev eth0 lladdr 02:00:00:00:00:00 STALE\r\n[root@testvmi-97w8k fedora]# &#34; &#34;\r\n10.0.2.1 dev eth0 lladdr 02:00:00:00:00:00 STALE\r\n[root@testvmi-97w8k fedora]&#34; &#34;# &#34;] Buffer: ip neigh show&#xD;&#xA;10.0.2.1 dev eth0 lladdr 02:00:00:00:00:00 STALE&#xD;&#xA;[root@testvmi-97w8k fedora]# &#xA;�[34mSent:�[39m &#34;echo $?\n&#34;&#xA;�[32mMatch for RE:�[39m &#34;echo \\$\\?((?s).*)\n0\r\n.*(\\$ |\\# )&#34; found: [&#34;echo $?\r\n0\r\n[root@testvmi-97w8k fedora]# &#34; &#34;\r&#34; &#34;# &#34;] Buffer: echo $?&#xD;&#xA;0&#xD;&#xA;[root@testvmi-97w8k fedora]# &#xA;�[34mSent:�[39m &#34;bridge -j vlan show\n&#34;&#xA;�[32mMatch for RE:�[39m &#34;bridge -j vlan show((?s).*)(\\$ |\\# )&#34; found: [&#34;bridge -j vlan show\r\n[]\r\n[root@testvmi-97w8k fedora]# &#34; &#34;\r\n[]\r\n[root@testvmi-97w8k fedora]&#34; &#34;# &#34;] Buffer: bridge -j vlan show&#xD;&#xA;[]&#xD;&#xA;[root@testvmi-97w8k fedora]# &#xA;�[34mSent:�[39m &#34;echo $?\n&#34;&#xA;�[32mMatch for RE:�[39m &#34;echo \\$\\?((?s).*)\n0\r\n.*(\\$ |\\# )&#34; found: [&#34;echo $?\r\n0\r\n[root@testvmi-97w8k fedora]# &#34; &#34;\r&#34; &#34;# &#34;] Buffer: echo $?&#xD;&#xA;0&#xD;&#xA;[root@testvmi-97w8k fedora]# &#xA;�[34mSent:�[39m &#34;bridge fdb\n&#34;&#xA;�[32mMatch for RE:�[39m &#34;bridge fdb((?s).*)(\\$ |\\# )&#34; found: [&#34;bridge fdb\r\n01:00:5e:00:00:01 dev eth0 self permanent\r\n33:33:00:00:00:01 dev eth0 self permanent\r\n33:33:ff:00:00:02 dev eth0 self permanent\r\n33:33:ff:3b:4d:d4 dev eth0 self permanent\r\n01:00:5e:00:00:fc dev eth0 self permanent\r\n33:33:00:01:00:03 dev eth0 self permanent\r\n[root@testvmi-97w8k fedora]# &#34; &#34;\r\n01:00:5e:00:00:01 dev eth0 self permanent\r\n33:33:00:00:00:01 dev eth0 self permanent\r\n33:33:ff:00:00:02 dev eth0 self permanent\r\n33:33:ff:3b:4d:d4 dev eth0 self permanent\r\n01:00:5e:00:00:fc dev eth0 self permanent\r\n33:33:00:01:00:03 dev eth0 self permanent\r\n[root@testvmi-97w8k fedora]&#34; &#34;# &#34;] Buffer: bridge fdb&#xD;&#xA;01:00:5e:00:00:01 dev eth0 self permanent&#xD;&#xA;33:33:00:00:00:01 dev eth0 self permanent&#xD;&#xA;33:33:ff:00:00:02 dev eth0 self permanent&#xD;&#xA;33:33:ff:3b:4d:d4 dev eth0 self permanent&#xD;&#xA;01:00:5e:00:00:fc dev eth0 self permanent&#xD;&#xA;33:33:00:01:00:03 dev eth0 self permanent&#xD;&#xA;[root@testvmi-97w8k fedora]# &#xA;�[34mSent:�[39m &#34;echo $?\n&#34;&#xA;�[32mMatch for RE:�[39m &#34;echo \\$\\?((?s).*)\n0\r\n.*(\\$ |\\# )&#34; found: [&#34;echo $?\r\n0\r\n[root@testvmi-97w8k fedora]# &#34; &#34;\r&#34; &#34;# &#34;] Buffer: echo $?&#xD;&#xA;0&#xD;&#xA;[root@testvmi-97w8k fedora]# &#xA;�[34mSent:�[39m &#34;nmcli connection\n&#34;&#xA;�[32mMatch for RE:�[39m &#34;nmcli connection((?s).*)(\\$ |\\# )&#34; found: [&#34;nmcli connection\r\n\rNAME         UUID                                  TYPE      DEVICE \x1b[m\r\n\x1b[32mSystem eth0\x1b[0m  \x1b[32m5fb06bd0-0bb0-7ffb-45f1-d6edd65f3e03\x1b[0m  \x1b[32methernet\x1b[0m  \x1b[32meth0\x1b[0m   \x1b[m\r\n\r\x1b[K[root@testvmi-97w8k fedora]# &#34; &#34;\r\n\rNAME         UUID                                  TYPE      DEVICE \x1b[m\r\n\x1b[32mSystem eth0\x1b[0m  \x1b[32m5fb06bd0-0bb0-7ffb-45f1-d6edd65f3e03\x1b[0m  \x1b[32methernet\x1b[0m  \x1b[32meth0\x1b[0m   \x1b[m\r\n\r\x1b[K[root@testvmi-97w8k fedora]&#34; &#34;# &#34;] Buffer: nmcli connection&#xD;&#xA;&#xD;NAME         UUID                                  TYPE      DEVICE �[m&#xD;&#xA;�[32mSystem eth0�[0m  �[32m5fb06bd0-0bb0-7ffb-45f1-d6edd65f3e03�[0m  �[32methernet�[0m  �[32meth0�[0m   �[m&#xD;&#xA;&#xD;�[K[root@testvmi-97w8k fedora]# &#xA;�[34mSent:�[39m &#34;echo $?\n&#34;&#xA;�[32mMatch for RE:�[39m &#34;echo \\$\\?((?s).*)\n0\r\n.*(\\$ |\\# )&#34; found: [&#34;echo $?\r\n0\r\n[root@testvmi-97w8k fedora]# &#34; &#34;\r&#34; &#34;# &#34;] Buffer: echo $?&#xD;&#xA;0&#xD;&#xA;[root@testvmi-97w8k fedora]# &#xA;�[34mSent:�[39m &#34;nmcli device\n&#34;&#xA;�[32mMatch for RE:�[39m &#34;nmcli device((?s).*)(\\$ |\\# )&#34; found: [&#34;nmcli device\r\nDEVICE  TYPE      STATE      CONNECTION  \r\n\x1b[32meth0\x1b[0m    \x1b[32methernet\x1b[0m  \x1b[32mconnected\x1b[0m  \x1b[32mSystem eth0\x1b[0m \r\n\x1b[2mlo\x1b[0m      \x1b[2mloopback\x1b[0m  \x1b[2munmanaged\x1b[0m  \x1b[2m--\x1b[0m          \r\n[root@testvmi-97w8k fedora]# &#34; &#34;\r\nDEVICE  TYPE      STATE      CONNECTION  \r\n\x1b[32meth0\x1b[0m    \x1b[32methernet\x1b[0m  \x1b[32mconnected\x1b[0m  \x1b[32mSystem eth0\x1b[0m \r\n\x1b[2mlo\x1b[0m      \x1b[2mloopback\x1b[0m  \x1b[2munmanaged\x1b[0m  \x1b[2m--\x1b[0m          \r\n[root@testvmi-97w8k fedora]&#34; &#34;# &#34;] Buffer: nmcli device&#xD;&#xA;DEVICE  TYPE      STATE      CONNECTION  &#xD;&#xA;�[32meth0�[0m    �[32methernet�[0m  �[32mconnected�[0m  �[32mSystem eth0�[0m &#xD;&#xA;�[2mlo�[0m      �[2mloopback�[0m  �[2munmanaged�[0m  �[2m--�[0m          &#xD;&#xA;[root@testvmi-97w8k fedora]# &#xA;�[34mSent:�[39m &#34;echo $?\n&#34;&#xA;�[32mMatch for RE:�[39m &#34;echo \\$\\?((?s).*)\n0\r\n.*(\\$ |\\# )&#34; found: [&#34;echo $?\r\n0\r\n[root@testvmi-97w8k fedora]# &#34; &#34;\r&#34; &#34;# &#34;] Buffer: echo $?&#xD;&#xA;0&#xD;&#xA;[root@testvmi-97w8k fedora]# &#xA;�[34mSent:�[39m &#34;\n&#34;&#xA;�[34mSent:�[39m &#34;\n&#34;&#xA;�[32mMatch for RE:�[39m &#34;(\\[fedora@(localhost|fedora|testvmi-97w8k|testvmi-97w8k) ~\\]\\$ |\\[root@(localhost|fedora|testvmi-97w8k|testvmi-97w8k) fedora\\]\\# )&#34; found: [&#34;[root@testvmi-97w8k fedora]# &#34; &#34;[root@testvmi-97w8k fedora]# &#34; &#34;&#34; &#34;testvmi-97w8k&#34;] Buffer: &#xD;&#xA;[root@testvmi-97w8k fedora]# &#xA;�[34mSent:�[39m &#34;cat /var/log/cloud-init.log\n&#34;&#xA;�[32mMatch for RE:�[39m &#34;cat /var/log/cloud-init\\.log((?s).*)(\\$ |\\# )&#34; found: [&#34;cat /var/log/cloud-init.log\r\n2025-04-22 10:00:33,766 - util.py[DEBUG]: Cloud-init v. 20.4 running &#39;init-local&#39; at Tue, 22 Apr 2025 10:00:33 +0000. Up 14.86 seconds.\r\n2025-04-22 10:00:33,771 - main.py[DEBUG]: No kernel command line url found.\r\n2025-04-22 10:00:33,771 - main.py[DEBUG]: Closing stdin.\r\n2025-04-22 10:00:33,772 - util.py[DEBUG]: Restoring selinux mode for /var/lib/cloud (recursive=False)\r\n2025-04-22 10:00:33,772 - util.py[DEBUG]: Restoring selinux mode for /var/lib/cloud/scripts (recursive=False)\r\n2025-04-22 10:00:33,773 - util.py[DEBUG]: Restoring selinux mode for /var/lib/cloud/scripts/per-instance (recursive=False)\r\n2025-04-22 10:00:33,774 - util.py[DEBUG]: Restoring selinux mode for /var/lib/cloud/scripts/per-once (recursive=False)\r\n2025-04-22 10:00:33,775 - util.py[DEBUG]: Restoring selinux mode for /var/lib/cloud/scripts/per-boot (recursive=False)\r\n2025-04-22 10:00:33,776 - util.py[DEBUG]: Restoring selinux mode for /var/lib/cloud/scripts/vendor (recursive=False)\r\n2025-04-22 10:00:33,777 - util.py[DEBUG]: Restoring selinux mode for /var/lib/cloud/seed (recursive=False)\r\n2025-04-22 10:00:33,778 - util.py[DEBUG]: Restoring selinux mode for /var/lib/cloud/instances (recursive=False)\r\n2025-04-22 10:00:33,778 - util.py[DEBUG]: Restoring selinux mode for /var/lib/cloud/handlers (recursive=False)\r\n2025-04-22 10:00:33,783 - util.py[DEBUG]: Restoring selinux mode for /var/lib/cloud/sem (recursive=False)\r\n2025-04-22 10:00:33,783 - util.py[DEBUG]: Restoring selinux mode for /var/lib/cloud/data (recursive=False)\r\n2025-04-22 10:00:33,784 - util.py[DEBUG]: Writing to /var/log/cloud-init.log - ab: [644] 0 bytes\r\n2025-04-22 10:00:33,786 - util.py[DEBUG]: Restoring selinux mode for /var/log/cloud-init.log (recursive=False)\r\n2025-04-22 10:00:33,787 - util.py[DEBUG]: Restoring selinux mode for /var/log/cloud-init.log (recursive=False)\r\n2025-04-22 10:00:33,841 - util.py[DEBUG]: Changing the ownership of /var/log/cloud-init.log to 0:4\r\n2025-04-22 10:00:33,842 - util.py[DEBUG]: Attempting to remove /var/lib/cloud/instance/boot-finished\r\n2025-04-22 10:00:33,842 - util.py[DEBUG]: Attempting to remove /var/lib/cloud/data/no-net\r\n2025-04-22 10:00:33,843 - handlers.py[DEBUG]: start: init-local/check-cache: attempting to read from cache [check]\r\n2025-04-22 10:00:33,843 - util.py[DEBUG]: Reading from /var/lib/cloud/instance/obj.pkl (quiet=False)\r\n2025-04-22 10:00:33,844 - util.py[DEBUG]: Read 10716 bytes from /var/lib/cloud/instance/obj.pkl\r\n2025-04-22 10:00:33,855 - util.py[DEBUG]: Reading from /var/lib/cloud/seed/nocloud/meta-data (quiet=False)\r\n2025-04-22 10:00:33,855 - util.py[DEBUG]: Reading from /var/lib/cloud/seed/nocloud-net/meta-data (quiet=False)\r\n2025-04-22 10:00:33,855 - stages.py[DEBUG]: cache invalid in datasource: DataSourceNoCloud [seed=/dev/sr0][dsmode=net]\r\n2025-04-22 10:00:33,855 - handlers.py[DEBUG]: finish: init-local/check-cache: SUCCESS: cache invalid in datasource: DataSourceNoCloud [seed=/dev/sr0][dsmode=net]\r\n2025-04-22 10:00:33,856 - util.py[DEBUG]: Attempting to remove /var/lib/cloud/instance\r\n2025-04-22 10:00:33,856 - stages.py[DEBUG]: Using distro class &lt;class &#39;cloudinit.distros.fedora.Distro&#39;&gt;\r\n2025-04-22 10:00:33,856 - __init__.py[DEBUG]: Looking for data source in: [&#39;NoCloud&#39;, &#39;None&#39;], via packages [&#39;&#39;, &#39;cloudinit.sources&#39;] that matches dependencies [&#39;FILESYSTEM&#39;]\r\n2025-04-22 10:00:33,857 - __init__.py[DEBUG]: Searching for local data source in: [&#39;DataSourceNoCloud&#39;]\r\n2025-04-22 10:00:33,857 - handlers.py[DEBUG]: start: init-local/search-NoCloud: searching for local data from DataSourceNoCloud\r\n2025-04-22 10:00:33,857 - __init__.py[DEBUG]: Seeing if we can get any data from &lt;class &#39;cloudinit.sources.DataSourceNoCloud.DataSourceNoCloud&#39;&gt;\r\n2025-04-22 10:00:33,857 - __init__.py[DEBUG]: Update datasource metadata and network config due to events: New instance first boot\r\n2025-04-22 10:00:33,857 - dmi.py[DEBUG]: querying dmi data /sys/class/dmi/id/product_serial\r\n2025-04-22 10:00:33,858 - util.py[DEBUG]: Reading from /var/lib/cloud/seed/nocloud/user-data (quiet=False)\r\n2025-04-22 10:00:33,858 - util.py[DEBUG]: Reading from /var/lib/cloud/seed/nocloud/meta-data (quiet=False)\r\n2025-04-22 10:00:33,858 - util.py[DEBUG]: Reading from /var/lib/cloud/seed/nocloud/vendor-data (quiet=False)\r\n2025-04-22 10:00:33,858 - util.py[DEBUG]: Reading from /var/lib/cloud/seed/nocloud/network-config (quiet=False)\r\n2025-04-22 10:00:33,858 - util.py[DEBUG]: Reading from /var/lib/cloud/seed/nocloud-net/user-data (quiet=False)\r\n2025-04-22 10:00:33,858 - util.py[DEBUG]: Reading from /var/lib/cloud/seed/nocloud-net/meta-data (quiet=False)\r\n2025-04-22 10:00:33,858 - util.py[DEBUG]: Reading from /var/lib/cloud/seed/nocloud-net/vendor-data (quiet=False)\r\n2025-04-22 10:00:33,858 - util.py[DEBUG]: Reading from /var/lib/cloud/seed/nocloud-net/network-config (quiet=False)\r\n2025-04-22 10:00:33,858 - subp.py[DEBUG]: Running command [&#39;blkid&#39;, &#39;-tTYPE=vfat&#39;, &#39;-odevice&#39;] with allowed return codes [0, 2] (shell=False, capture=True)\r\n2025-04-22 10:00:33,954 - subp.py[DEBUG]: Running command [&#39;blkid&#39;, &#39;-tTYPE=iso9660&#39;, &#39;-odevice&#39;] with allowed return codes [0, 2] (shell=False, capture=True)\r\n2025-04-22 10:00:33,980 - subp.py[DEBUG]: Running command [&#39;blkid&#39;, &#39;-tLABEL=CIDATA&#39;, &#39;-odevice&#39;] with allowed return codes [0, 2] (shell=False, capture=True)\r\n2025-04-22 10:00:34,010 - subp.py[DEBUG]: Running command [&#39;blkid&#39;, &#39;-tLABEL=cidata&#39;, &#39;-odevice&#39;] with allowed return codes [0, 2] (shell=False, capture=True)\r\n2025-04-22 10:00:34,039 - subp.py[DEBUG]: Running command [&#39;blkid&#39;, &#39;-tLABEL_FATBOOT=cidata&#39;, &#39;-odevice&#39;] with allowed return codes [0, 2] (shell=False, capture=True)\r\n2025-04-22 10:00:34,068 - DataSourceNoCloud.py[DEBUG]: Attempting to use data from /dev/vdb\r\n2025-04-22 10:00:34,069 - util.py[DEBUG]: Reading from /proc/mounts (quiet=False)\r\n2025-04-22 10:00:34,069 - util.py[DEBUG]: Read 1885 bytes from /proc/mounts\r\n2025-04-22 10:00:34,069 - util.py[DEBUG]: Fetched {&#39;proc&#39;: {&#39;fstype&#39;: &#39;proc&#39;, &#39;mountpoint&#39;: &#39;/proc&#39;, &#39;opts&#39;: &#39;rw,nosuid,nodev,noexec,relatime&#39;}, &#39;sysfs&#39;: {&#39;fstype&#39;: &#39;sysfs&#39;, &#39;mountpoint&#39;: &#39;/sys&#39;, &#39;opts&#39;: &#39;rw,seclabel,nosuid,nodev,noexec,relatime&#39;}, &#39;devtmpfs&#39;: {&#39;fstype&#39;: &#39;devtmpfs&#39;, &#39;mountpoint&#39;: &#39;/dev&#39;, &#39;opts&#39;: &#39;rw,seclabel,nosuid,size=81392k,nr_inodes=20348,mode=755,inode64&#39;}, &#39;securityfs&#39;: {&#39;fstype&#39;: &#39;securityfs&#39;, &#39;mountpoint&#39;: &#39;/sys/kernel/security&#39;, &#39;opts&#39;: &#39;rw,nosuid,nodev,noexec,relatime&#39;}, &#39;tmpfs&#39;: {&#39;fstype&#39;: &#39;tmpfs&#39;, &#39;mountpoint&#39;: &#39;/tmp&#39;, &#39;opts&#39;: &#39;rw,seclabel,nosuid,nodev,nr_inodes=409600,inode64&#39;}, &#39;devpts&#39;: {&#39;fstype&#39;: &#39;devpts&#39;, &#39;mountpoint&#39;: &#39;/dev/pts&#39;, &#39;opts&#39;: &#39;rw,seclabel,nosuid,noexec,relatime,gid=5,mode=620,ptmxmode=000&#39;}, &#39;cgroup2&#39;: {&#39;fstype&#39;: &#39;cgroup2&#39;, &#39;mountpoint&#39;: &#39;/sys/fs/cgroup&#39;, &#39;opts&#39;: &#39;rw,seclabel,nosuid,nodev,noexec,relatime,nsdelegate,memory_recursiveprot&#39;}, &#39;pstore&#39;: {&#39;fstype&#39;: &#39;pstore&#39;, &#39;mountpoint&#39;: &#39;/sys/fs/pstore&#39;, &#39;opts&#39;: &#39;rw,seclabel,nosuid,nodev,noexec,relatime&#39;}, &#39;none&#39;: {&#39;fstype&#39;: &#39;bpf&#39;, &#39;mountpoint&#39;: &#39;/sys/fs/bpf&#39;, &#39;opts&#39;: &#39;rw,nosuid,nodev,noexec,relatime,mode=700&#39;}, &#39;/dev/vda5&#39;: {&#39;fstype&#39;: &#39;btrfs&#39;, &#39;mountpoint&#39;: &#39;/home&#39;, &#39;opts&#39;: &#39;rw,seclabel,relatime,compress=zstd:1,space_cache,subvolid=258,subvol=/home&#39;}, &#39;selinuxfs&#39;: {&#39;fstype&#39;: &#39;selinuxfs&#39;, &#39;mountpoint&#39;: &#39;/sys/fs/selinux&#39;, &#39;opts&#39;: &#39;rw,nosuid,noexec,relatime&#39;}, &#39;systemd-1&#39;: {&#39;fstype&#39;: &#39;autofs&#39;, &#39;mountpoint&#39;: &#39;/proc/sys/fs/binfmt_misc&#39;, &#39;opts&#39;: &#39;rw,relatime,fd=36,pgrp=1,timeout=0,minproto=5,maxproto=5,direct,pipe_ino=14852&#39;}, &#39;hugetlbfs&#39;: {&#39;fstype&#39;: &#39;hugetlbfs&#39;, &#39;mountpoint&#39;: &#39;/dev/hugepages&#39;, &#39;opts&#39;: &#39;rw,seclabel,relatime,pagesize=2M&#39;}, &#39;mqueue&#39;: {&#39;fstype&#39;: &#39;mqueue&#39;, &#39;mountpoint&#39;: &#39;/dev/mqueue&#39;, &#39;opts&#39;: &#39;rw,seclabel,nosuid,nodev,noexec,relatime&#39;}, &#39;debugfs&#39;: {&#39;fstype&#39;: &#39;debugfs&#39;, &#39;mountpoint&#39;: &#39;/sys/kernel/debug&#39;, &#39;opts&#39;: &#39;rw,seclabel,nosuid,nodev,noexec,relatime&#39;}, &#39;tracefs&#39;: {&#39;fstype&#39;: &#39;tracefs&#39;, &#39;mountpoint&#39;: &#39;/sys/kernel/tracing&#39;, &#39;opts&#39;: &#39;rw,seclabel,nosuid,nodev,noexec,relatime&#39;}, &#39;fusectl&#39;: {&#39;fstype&#39;: &#39;fusectl&#39;, &#39;mountpoint&#39;: &#39;/sys/fs/fuse/connections&#39;, &#39;opts&#39;: &#39;rw,nosuid,nodev,noexec,relatime&#39;}, &#39;configfs&#39;: {&#39;fstype&#39;: &#39;configfs&#39;, &#39;mountpoint&#39;: &#39;/sys/kernel/config&#39;, &#39;opts&#39;: &#39;rw,nosuid,nodev,noexec,relatime&#39;}, &#39;/dev/vda2&#39;: {&#39;fstype&#39;: &#39;ext4&#39;, &#39;mountpoint&#39;: &#39;/boot&#39;, &#39;opts&#39;: &#39;rw,seclabel,relatime&#39;}, &#39;/dev/vda3&#39;: {&#39;fstype&#39;: &#39;vfat&#39;, &#39;mountpoint&#39;: &#39;/boot/efi&#39;, &#39;opts&#39;: &#39;rw,relatime,fmask=0077,dmask=0077,codepage=437,iocharset=ascii,shortname=winnt,errors=remount-ro&#39;}} mounts from proc\r\n2025-04-22 10:00:34,077 - subp.py[DEBUG]: Running command [&#39;mount&#39;, &#39;-o&#39;, &#39;ro&#39;, &#39;-t&#39;, &#39;auto&#39;, &#39;/dev/vdb&#39;, &#39;/run/cloud-init/tmp/tmp_vxo4olu&#39;] with allowed return codes [0] (shell=False, capture=True)\r\n2025-04-22 10:00:34,187 - util.py[DEBUG]: Reading from /run/cloud-init/tmp/tmp_vxo4olu//user-data (quiet=False)\r\n2025-04-22 10:00:34,193 - util.py[DEBUG]: Read 0 bytes from /run/cloud-init/tmp/tmp_vxo4olu//user-data\r\n2025-04-22 10:00:34,193 - util.py[DEBUG]: Reading from /run/cloud-init/tmp/tmp_vxo4olu//meta-data (quiet=False)\r\n2025-04-22 10:00:34,199 - util.py[DEBUG]: Read 87 bytes from /run/cloud-init/tmp/tmp_vxo4olu//meta-data\r\n2025-04-22 10:00:34,199 - util.py[DEBUG]: Reading from /run/cloud-init/tmp/tmp_vxo4olu//vendor-data (quiet=False)\r\n2025-04-22 10:00:34,199 - util.py[DEBUG]: Reading from /run/cloud-init/tmp/tmp_vxo4olu//network-config (quiet=False)\r\n2025-04-22 10:00:34,200 - util.py[DEBUG]: Read 272 bytes from /run/cloud-init/tmp/tmp_vxo4olu//network-config\r\n2025-04-22 10:00:34,200 - subp.py[DEBUG]: Running command [&#39;umount&#39;, &#39;/run/cloud-init/tmp/tmp_vxo4olu&#39;] with allowed return codes [0] (shell=False, capture=True)\r\n2025-04-22 10:00:34,244 - util.py[DEBUG]: Attempting to load yaml from string of length 87 with allowed root types (&lt;class &#39;dict&#39;&gt;,)\r\n2025-04-22 10:00:34,245 - util.py[DEBUG]: Attempting to load yaml from string of length 272 with allowed root types (&lt;class &#39;dict&#39;&gt;,)\r\n2025-04-22 10:00:34,247 - DataSourceNoCloud.py[DEBUG]: Using data from /dev/vdb\r\n2025-04-22 10:00:34,250 - atomic_helper.py[DEBUG]: Atomically writing to file /run/cloud-init/instance-data-sensitive.json (via temporary file /run/cloud-init/tmpeopp6xr5) - w: [600] 6822 bytes/chars\r\n2025-04-22 10:00:34,250 - atomic_helper.py[DEBUG]: Atomically writing to file /run/cloud-init/instance-data.json (via temporary file /run/cloud-init/tmpl9a_mthl) - w: [644] 1540 bytes/chars\r\n2025-04-22 10:00:34,250 - handlers.py[DEBUG]: finish: init-local/search-NoCloud: SUCCESS: found local data from DataSourceNoCloud\r\n2025-04-22 10:00:34,250 - stages.py[INFO]: Loaded datasource DataSourceNoCloud - DataSourceNoCloud [seed=/dev/vdb][dsmode=net]\r\n2025-04-22 10:00:34,251 - util.py[DEBUG]: Reading from /etc/cloud/cloud.cfg (quiet=False)\r\n2025-04-22 10:00:34,251 - util.py[DEBUG]: Read 2276 bytes from /etc/cloud/cloud.cfg\r\n2025-04-22 10:00:34,251 - util.py[DEBUG]: Attempting to load yaml from string of length 2276 with allowed root types (&lt;class &#39;dict&#39;&gt;,)\r\n2025-04-22 10:00:34,256 - util.py[DEBUG]: Reading from /etc/cloud/cloud.cfg.d/05_logging.cfg (quiet=False)\r\n2025-04-22 10:00:34,256 - util.py[DEBUG]: Read 2070 bytes from /etc/cloud/cloud.cfg.d/05_logging.cfg\r\n2025-04-22 10:00:34,256 - util.py[DEBUG]: Attempting to load yaml from string of length 2070 with allowed root types (&lt;class &#39;dict&#39;&gt;,)\r\n2025-04-22 10:00:34,258 - util.py[DEBUG]: Reading from /run/cloud-init/cloud.cfg (quiet=False)\r\n2025-04-22 10:00:34,258 - util.py[DEBUG]: Read 35 bytes from /run/cloud-init/cloud.cfg\r\n2025-04-22 10:00:34,258 - util.py[DEBUG]: Attempting to load yaml from string of length 35 with allowed root types (&lt;class &#39;dict&#39;&gt;,)\r\n2025-04-22 10:00:34,259 - util.py[DEBUG]: Attempting to load yaml from string of length 0 with allowed root types (&lt;class &#39;dict&#39;&gt;,)\r\n2025-04-22 10:00:34,259 - util.py[DEBUG]: loaded blob returned None, returning default.\r\n2025-04-22 10:00:34,259 - util.py[DEBUG]: Attempting to remove /var/lib/cloud/instance\r\n2025-04-22 10:00:34,259 - util.py[DEBUG]: Creating symbolic link from &#39;/var/lib/cloud/instance&#39; =&gt; &#39;/var/lib/cloud/instances/f8b5fc61-77ed-4f57-b54a-b9439a683484&#39;\r\n2025-04-22 10:00:34,260 - util.py[DEBUG]: Restoring selinux mode for /var/lib/cloud/instances/f8b5fc61-77ed-4f57-b54a-b9439a683484 (recursive=True)\r\n2025-04-22 10:00:34,270 - util.py[DEBUG]: Restoring selinux mode for /var/lib/cloud/instances/f8b5fc61-77ed-4f57-b54a-b9439a683484/handlers (recursive=False)\r\n2025-04-22 10:00:34,271 - util.py[DEBUG]: Restoring selinux mode for /var/lib/cloud/instances/f8b5fc61-77ed-4f57-b54a-b9439a683484 (recursive=True)\r\n2025-04-22 10:00:34,273 - util.py[DEBUG]: Restoring selinux mode for /var/lib/cloud/instances/f8b5fc61-77ed-4f57-b54a-b9439a683484/scripts (recursive=False)\r\n2025-04-22 10:00:34,274 - util.py[DEBUG]: Restoring selinux mode for /var/lib/cloud/instances/f8b5fc61-77ed-4f57-b54a-b9439a683484 (recursive=True)\r\n2025-04-22 10:00:34,278 - util.py[DEBUG]: Restoring selinux mode for /var/lib/cloud/instances/f8b5fc61-77ed-4f57-b54a-b9439a683484/sem (recursive=False)\r\n2025-04-22 10:00:34,278 - util.py[DEBUG]: Reading from /var/lib/cloud/instances/f8b5fc61-77ed-4f57-b54a-b9439a683484/datasource (quiet=False)\r\n2025-04-22 10:00:34,278 - util.py[DEBUG]: Writing to /var/lib/cloud/instances/f8b5fc61-77ed-4f57-b54a-b9439a683484/datasource - wb: [644] 65 bytes\r\n2025-04-22 10:00:34,278 - util.py[DEBUG]: Restoring selinux mode for /var/lib/cloud/instances/f8b5fc61-77ed-4f57-b54a-b9439a683484/datasource (recursive=False)\r\n2025-04-22 10:00:34,279 - util.py[DEBUG]: Restoring selinux mode for /var/lib/cloud/instances/f8b5fc61-77ed-4f57-b54a-b9439a683484/datasource (recursive=False)\r\n2025-04-22 10:00:34,279 - util.py[DEBUG]: Writing to /var/lib/cloud/data/previous-datasource - wb: [644] 65 bytes\r\n2025-04-22 10:00:34,280 - util.py[DEBUG]: Restoring selinux mode for /var/lib/cloud/data/previous-datasource (recursive=False)\r\n2025-04-22 10:00:34,280 - util.py[DEBUG]: Restoring selinux mode for /var/lib/cloud/data/previous-datasource (recursive=False)\r\n2025-04-22 10:00:34,280 - util.py[DEBUG]: Reading from /var/lib/cloud/data/instance-id (quiet=False)\r\n2025-04-22 10:00:34,280 - util.py[DEBUG]: Read 12 bytes from /var/lib/cloud/data/instance-id\r\n2025-04-22 10:00:34,280 - stages.py[DEBUG]: previous iid found to be iid-local01\r\n2025-04-22 10:00:34,280 - util.py[DEBUG]: Writing to /var/lib/cloud/data/instance-id - wb: [644] 37 bytes\r\n2025-04-22 10:00:34,281 - util.py[DEBUG]: Restoring selinux mode for /var/lib/cloud/data/instance-id (recursive=False)\r\n2025-04-22 10:00:34,281 - util.py[DEBUG]: Restoring selinux mode for /var/lib/cloud/data/instance-id (recursive=False)\r\n2025-04-22 10:00:34,281 - util.py[DEBUG]: Writing to /run/cloud-init/.instance-id - wb: [644] 37 bytes\r\n2025-04-22 10:00:34,282 - util.py[DEBUG]: Restoring selinux mode for /run/cloud-init/.instance-id (recursive=False)\r\n2025-04-22 10:00:34,282 - util.py[DEBUG]: Restoring selinux mode for /run/cloud-init/.instance-id (recursive=False)\r\n2025-04-22 10:00:34,282 - util.py[DEBUG]: Writing to /var/lib/cloud/data/previous-instance-id - wb: [644] 12 bytes\r\n2025-04-22 10:00:34,282 - util.py[DEBUG]: Restoring selinux mode for /var/lib/cloud/data/previous-instance-id (recursive=False)\r\n2025-04-22 10:00:34,283 - util.py[DEBUG]: Restoring selinux mode for /var/lib/cloud/data/previous-instance-id (recursive=False)\r\n2025-04-22 10:00:34,284 - util.py[DEBUG]: Writing to /var/lib/cloud/instance/obj.pkl - wb: [400] 5998 bytes\r\n2025-04-22 10:00:34,284 - util.py[DEBUG]: Restoring selinux mode for /var/lib/cloud/instances/f8b5fc61-77ed-4f57-b54a-b9439a683484/obj.pkl (recursive=False)\r\n2025-04-22 10:00:34,284 - util.py[DEBUG]: Restoring selinux mode for /var/lib/cloud/instances/f8b5fc61-77ed-4f57-b54a-b9439a683484/obj.pkl (recursive=False)\r\n2025-04-22 10:00:34,285 - main.py[DEBUG]: [local] init will now be targeting instance id: f8b5fc61-77ed-4f57-b54a-b9439a683484. new=True\r\n2025-04-22 10:00:34,285 - util.py[DEBUG]: Reading from /etc/cloud/cloud.cfg (quiet=False)\r\n2025-04-22 10:00:34,285 - util.py[DEBUG]: Read 2276 bytes from /etc/cloud/cloud.cfg\r\n2025-04-22 10:00:34,285 - util.py[DEBUG]: Attempting to load yaml from string of length 2276 with allowed root types (&lt;class &#39;dict&#39;&gt;,)\r\n2025-04-22 10:00:34,290 - util.py[DEBUG]: Reading from /etc/cloud/cloud.cfg.d/05_logging.cfg (quiet=False)\r\n2025-04-22 10:00:34,290 - util.py[DEBUG]: Read 2070 bytes from /etc/cloud/cloud.cfg.d/05_logging.cfg\r\n2025-04-22 10:00:34,291 - util.py[DEBUG]: Attempting to load yaml from string of length 2070 with allowed root types (&lt;class &#39;dict&#39;&gt;,)\r\n2025-04-22 10:00:34,293 - util.py[DEBUG]: Reading from /run/cloud-init/cloud.cfg (quiet=False)\r\n2025-04-22 10:00:34,293 - util.py[DEBUG]: Read 35 bytes from /run/cloud-init/cloud.cfg\r\n2025-04-22 10:00:34,293 - util.py[DEBUG]: Attempting to load yaml from string of length 35 with allowed root types (&lt;class &#39;dict&#39;&gt;,)\r\n2025-04-22 10:00:34,293 - util.py[DEBUG]: Attempting to load yaml from string of length 0 with allowed root types (&lt;class &#39;dict&#39;&gt;,)\r\n2025-04-22 10:00:34,293 - util.py[DEBUG]: loaded blob returned None, returning default.\r\n2025-04-22 10:00:34,294 - stages.py[DEBUG]: Using distro class &lt;class &#39;cloudinit.distros.fedora.Distro&#39;&gt;\r\n2025-04-22 10:00:34,294 - util.py[DEBUG]: Reading from /var/lib/cloud/data/set-hostname (quiet=False)\r\n2025-04-22 10:00:34,294 - util.py[DEBUG]: Read 45 bytes from /var/lib/cloud/data/set-hostname\r\n2025-04-22 10:00:34,294 - cc_set_hostname.py[DEBUG]: Setting the hostname to testvmi-97w8k (testvmi-97w8k)\r\n2025-04-22 10:00:34,294 - subp.py[DEBUG]: Running command [&#39;hostnamectl&#39;, &#39;set-hostname&#39;, &#39;testvmi-97w8k&#39;] with allowed return codes [0] (shell=False, capture=True)\r\n2025-04-22 10:00:34,527 - __init__.py[DEBUG]: Non-persistently setting the system hostname to testvmi-97w8k\r\n2025-04-22 10:00:34,527 - subp.py[DEBUG]: Running command [&#39;hostname&#39;, &#39;testvmi-97w8k&#39;] with allowed return codes [0] (shell=False, capture=True)\r\n2025-04-22 10:00:34,556 - atomic_helper.py[DEBUG]: Atomically writing to file /var/lib/cloud/data/set-hostname (via temporary file /var/lib/cloud/data/tmp1qvvum6j) - w: [644] 59 bytes/chars\r\n2025-04-22 10:00:34,558 - util.py[DEBUG]: Reading from /sys/class/net/lo/address (quiet=False)\r\n2025-04-22 10:00:34,558 - util.py[DEBUG]: Read 18 bytes from /sys/class/net/lo/address\r\n2025-04-22 10:00:34,558 - util.py[DEBUG]: Reading from /sys/class/net/eth0/address (quiet=False)\r\n2025-04-22 10:00:34,558 - util.py[DEBUG]: Read 18 bytes from /sys/class/net/eth0/address\r\n2025-04-22 10:00:34,559 - util.py[DEBUG]: Reading from /sys/class/net/lo/addr_assign_type (quiet=False)\r\n2025-04-22 10:00:34,559 - util.py[DEBUG]: Read 2 bytes from /sys/class/net/lo/addr_assign_type\r\n2025-04-22 10:00:34,559 - util.py[DEBUG]: Reading from /sys/class/net/lo/uevent (quiet=False)\r\n2025-04-22 10:00:34,559 - util.py[DEBUG]: Read 23 bytes from /sys/class/net/lo/uevent\r\n2025-04-22 10:00:34,559 - util.py[DEBUG]: Reading from /sys/class/net/lo/address (quiet=False)\r\n2025-04-22 10:00:34,559 - util.py[DEBUG]: Read 18 bytes from /sys/class/net/lo/address\r\n2025-04-22 10:00:34,559 - util.py[DEBUG]: Reading from /sys/class/net/lo/device/device (quiet=False)\r\n2025-04-22 10:00:34,559 - util.py[DEBUG]: Reading from /sys/class/net/eth0/addr_assign_type (quiet=False)\r\n2025-04-22 10:00:34,559 - util.py[DEBUG]: Read 2 bytes from /sys/class/net/eth0/addr_assign_type\r\n2025-04-22 10:00:34,559 - util.py[DEBUG]: Reading from /sys/class/net/eth0/uevent (quiet=False)\r\n2025-04-22 10:00:34,559 - util.py[DEBUG]: Read 25 bytes from /sys/class/net/eth0/uevent\r\n2025-04-22 10:00:34,559 - util.py[DEBUG]: Reading from /sys/class/net/eth0/address (quiet=False)\r\n2025-04-22 10:00:34,559 - util.py[DEBUG]: Read 18 bytes from /sys/class/net/eth0/address\r\n2025-04-22 10:00:34,559 - util.py[DEBUG]: Reading from /sys/class/net/eth0/device/device (quiet=False)\r\n2025-04-22 10:00:34,559 - util.py[DEBUG]: Read 7 bytes from /sys/class/net/eth0/device/device\r\n2025-04-22 10:00:34,559 - util.py[DEBUG]: Reading from /sys/class/net/lo/type (quiet=False)\r\n2025-04-22 10:00:34,559 - util.py[DEBUG]: Read 4 bytes from /sys/class/net/lo/type\r\n2025-04-22 10:00:34,560 - util.py[DEBUG]: Reading from /sys/class/net/eth0/type (quiet=False)\r\n2025-04-22 10:00:34,560 - util.py[DEBUG]: Read 2 bytes from /sys/class/net/eth0/type\r\n2025-04-22 10:00:34,560 - networking.py[DEBUG]: net: all expected physical devices present\r\n2025-04-22 10:00:34,560 - stages.py[DEBUG]: applying net config names for {&#39;ethernets&#39;: {&#39;eth0&#39;: {&#39;addresses&#39;: [&#39;fd10:0:2::2/120&#39;], &#39;dhcp4&#39;: True, &#39;gateway6&#39;: &#39;fd10:0:2::1&#39;, &#39;match&#39;: {}, &#39;nameservers&#39;: {&#39;addresses&#39;: [&#39;10.96.0.10&#39;], &#39;search&#39;: [&#39;default.svc.cluster.local&#39;, &#39;svc.cluster.local&#39;, &#39;cluster.local&#39;]}}}, &#39;version&#39;: 2}\r\n2025-04-22 10:00:34,560 - __init__.py[DEBUG]: no interfaces to rename\r\n2025-04-22 10:00:34,560 - stages.py[INFO]: Applying network configuration from ds bringup=False: {&#39;ethernets&#39;: {&#39;eth0&#39;: {&#39;addresses&#39;: [&#39;fd10:0:2::2/120&#39;], &#39;dhcp4&#39;: True, &#39;gateway6&#39;: &#39;fd10:0:2::1&#39;, &#39;match&#39;: {}, &#39;nameservers&#39;: {&#39;addresses&#39;: [&#39;10.96.0.10&#39;], &#39;search&#39;: [&#39;default.svc.cluster.local&#39;, &#39;svc.cluster.local&#39;, &#39;cluster.local&#39;]}}}, &#39;version&#39;: 2}\r\n2025-04-22 10:00:34,565 - __init__.py[DEBUG]: Selected renderer &#39;sysconfig&#39; from priority list: None\r\n2025-04-22 10:00:34,565 - network_state.py[DEBUG]: NetworkState Version2: missing \&#34;macaddress\&#34; info in config entry: eth0: {&#39;addresses&#39;: [&#39;fd10:0:2::2/120&#39;], &#39;dhcp4&#39;: True, &#39;gateway6&#39;: &#39;fd10:0:2::1&#39;, &#39;match&#39;: {}, &#39;nameservers&#39;: {&#39;addresses&#39;: [&#39;10.96.0.10&#39;], &#39;search&#39;: [&#39;default.svc.cluster.local&#39;, &#39;svc.cluster.local&#39;, &#39;cluster.local&#39;]}}\r\n2025-04-22 10:00:34,566 - network_state.py[DEBUG]: v2(ethernets) -&gt; v1(physical):\r\n{&#39;type&#39;: &#39;physical&#39;, &#39;name&#39;: &#39;eth0&#39;, &#39;mac_address&#39;: None, &#39;match&#39;: {}, &#39;subnets&#39;: [{&#39;type&#39;: &#39;dhcp4&#39;}, {&#39;type&#39;: &#39;static&#39;, &#39;address&#39;: &#39;fd10:0:2::2/120&#39;, &#39;gateway&#39;: &#39;fd10:0:2::1&#39;, &#39;dns_nameservers&#39;: [&#39;10.96.0.10&#39;], &#39;dns_search&#39;: [&#39;default.svc.cluster.local&#39;, &#39;svc.cluster.local&#39;, &#39;cluster.local&#39;]}]}\r\n2025-04-22 10:00:34,568 - network_state.py[DEBUG]: v2_common: handling config:\r\n{&#39;eth0&#39;: {&#39;addresses&#39;: [&#39;fd10:0:2::2/120&#39;], &#39;dhcp4&#39;: True, &#39;gateway6&#39;: &#39;fd10:0:2::1&#39;, &#39;match&#39;: {}, &#39;nameservers&#39;: {&#39;addresses&#39;: [&#39;10.96.0.10&#39;], &#39;search&#39;: [&#39;default.svc.cluster.local&#39;, &#39;svc.cluster.local&#39;, &#39;cluster.local&#39;]}}}\r\n2025-04-22 10:00:34,568 - util.py[DEBUG]: Writing to /etc/sysconfig/network-scripts/ifcfg-eth0 - wb: [644] 336 bytes\r\n2025-04-22 10:00:34,569 - util.py[DEBUG]: Restoring selinux mode for /etc/sysconfig/network-scripts/ifcfg-eth0 (recursive=False)\r\n2025-04-22 10:00:34,570 - util.py[DEBUG]: Restoring selinux mode for /etc/sysconfig/network-scripts/ifcfg-eth0 (recursive=False)\r\n2025-04-22 10:00:34,570 - util.py[DEBUG]: Writing to /etc/udev/rules.d/70-persistent-net.rules - wb: [644] 0 bytes\r\n2025-04-22 10:00:34,571 - util.py[DEBUG]: Restoring selinux mode for /etc/udev/rules.d/70-persistent-net.rules (recursive=False)\r\n2025-04-22 10:00:34,571 - util.py[DEBUG]: Restoring selinux mode for /etc/udev/rules.d/70-persistent-net.rules (recursive=False)\r\n2025-04-22 10:00:34,571 - util.py[DEBUG]: Reading from /etc/sysconfig/network (quiet=True)\r\n2025-04-22 10:00:34,571 - util.py[DEBUG]: Read 109 bytes from /etc/sysconfig/network\r\n2025-04-22 10:00:34,571 - util.py[DEBUG]: Writing to /etc/sysconfig/network - wb: [644] 146 bytes\r\n2025-04-22 10:00:34,572 - util.py[DEBUG]: Restoring selinux mode for /etc/sysconfig/network (recursive=False)\r\n2025-04-22 10:00:34,573 - util.py[DEBUG]: Restoring selinux mode for /etc/sysconfig/network (recursive=False)\r\n2025-04-22 10:00:34,573 - main.py[DEBUG]: [local] Exiting. datasource DataSourceNoCloud [seed=/dev/vdb][dsmode=net] not in local mode.\r\n2025-04-22 10:00:34,573 - atomic_helper.py[DEBUG]: Atomically writing to file /var/lib/cloud/data/status.json (via temporary file /var/lib/cloud/data/tmpx8k5m9dx) - w: [644] 518 bytes/chars\r\n2025-04-22 10:00:34,574 - util.py[DEBUG]: Reading from /proc/uptime (quiet=False)\r\n2025-04-22 10:00:34,574 - util.py[DEBUG]: Read 11 bytes from /proc/uptime\r\n2025-04-22 10:00:34,574 - util.py[DEBUG]: cloud-init mode &#39;init&#39; took 1.083 seconds (1.08)\r\n2025-04-22 10:00:34,574 - handlers.py[DEBUG]: finish: init-local: SUCCESS: searching for local datasources\r\n2025-04-22 10:00:37,161 - util.py[DEBUG]: Cloud-init v. 20.4 running &#39;init&#39; at Tue, 22 Apr 2025 10:00:37 +0000. Up 18.23 seconds.\r\n2025-04-22 10:00:37,167 - main.py[DEBUG]: No kernel command line url found.\r\n2025-04-22 10:00:37,167 - main.py[DEBUG]: Closing stdin.\r\n2025-04-22 10:00:37,175 - util.py[DEBUG]: Restoring selinux mode for /var/lib/cloud (recursive=False)\r\n2025-04-22 10:00:37,177 - util.py[DEBUG]: Restoring selinux mode for /var/lib/cloud/scripts (recursive=False)\r\n2025-04-22 10:00:37,178 - util.py[DEBUG]: Restoring selinux mode for /var/lib/cloud/scripts/per-instance (recursive=False)\r\n2025-04-22 10:00:37,180 - util.py[DEBUG]: Restoring selinux mode for /var/lib/cloud/scripts/per-once (recursive=False)\r\n2025-04-22 10:00:37,181 - util.py[DEBUG]: Restoring selinux mode for /var/lib/cloud/scripts/per-boot (recursive=False)\r\n2025-04-22 10:00:37,182 - util.py[DEBUG]: Restoring selinux mode for /var/lib/cloud/scripts/vendor (recursive=False)\r\n2025-04-22 10:00:37,183 - util.py[DEBUG]: Restoring selinux mode for /var/lib/cloud/seed (recursive=False)\r\n2025-04-22 10:00:37,184 - util.py[DEBUG]: Restoring selinux mode for /var/lib/cloud/instances (recursive=False)\r\n2025-04-22 10:00:37,185 - util.py[DEBUG]: Restoring selinux mode for /var/lib/cloud/handlers (recursive=False)\r\n2025-04-22 10:00:37,205 - util.py[DEBUG]: Restoring selinux mode for /var/lib/cloud/sem (recursive=False)\r\n2025-04-22 10:00:37,209 - util.py[DEBUG]: Restoring selinux mode for /var/lib/cloud/data (recursive=False)\r\n2025-04-22 10:00:37,210 - util.py[DEBUG]: Writing to /var/log/cloud-init.log - ab: [644] 0 bytes\r\n2025-04-22 10:00:37,226 - util.py[DEBUG]: Restoring selinux mode for /var/log/cloud-init.log (recursive=False)\r\n2025-04-22 10:00:37,230 - util.py[DEBUG]: Restoring selinux mode for /var/log/cloud-init.log (recursive=False)\r\n2025-04-22 10:00:37,316 - util.py[DEBUG]: Changing the ownership of /var/log/cloud-init.log to 0:4\r\n2025-04-22 10:00:37,318 - subp.py[DEBUG]: Running command [&#39;ip&#39;, &#39;addr&#39;, &#39;show&#39;] with allowed return codes [0] (shell=False, capture=True)\r\n2025-04-22 10:00:37,354 - subp.py[DEBUG]: Running command [&#39;ip&#39;, &#39;-o&#39;, &#39;route&#39;, &#39;list&#39;] with allowed return codes [0] (shell=False, capture=True)\r\n2025-04-22 10:00:37,359 - subp.py[DEBUG]: Running command [&#39;ip&#39;, &#39;--oneline&#39;, &#39;-6&#39;, &#39;route&#39;, &#39;list&#39;, &#39;table&#39;, &#39;all&#39;] with allowed return codes [0, 1] (shell=False, capture=True)\r\n2025-04-22 10:00:37,363 - main.py[DEBUG]: Checking to see if files that we need already exist from a previous run that would allow us to stop early.\r\n2025-04-22 10:00:37,363 - main.py[DEBUG]: Execution continuing, no previous run detected that would allow us to stop early.\r\n2025-04-22 10:00:37,382 - handlers.py[DEBUG]: start: init-network/check-cache: attempting to read from cache [trust]\r\n2025-04-22 10:00:37,382 - util.py[DEBUG]: Reading from /var/lib/cloud/instance/obj.pkl (quiet=False)\r\n2025-04-22 10:00:37,449 - util.py[DEBUG]: Read 5998 bytes from /var/lib/cloud/instance/obj.pkl\r\n2025-04-22 10:00:37,542 - util.py[DEBUG]: Reading from /run/cloud-init/.instance-id (quiet=False)\r\n2025-04-22 10:00:37,543 - util.py[DEBUG]: Read 37 bytes from /run/cloud-init/.instance-id\r\n2025-04-22 10:00:37,543 - stages.py[DEBUG]: restored from cache with run check: DataSourceNoCloud [seed=/dev/vdb][dsmode=net]\r\n2025-04-22 10:00:37,543 - handlers.py[DEBUG]: finish: init-network/check-cache: SUCCESS: restored from cache with run check: DataSourceNoCloud [seed=/dev/vdb][dsmode=net]\r\n2025-04-22 10:00:37,566 - util.py[DEBUG]: Reading from /etc/cloud/cloud.cfg (quiet=False)\r\n2025-04-22 10:00:37,567 - util.py[DEBUG]: Read 2276 bytes from /etc/cloud/cloud.cfg\r\n2025-04-22 10:00:37,567 - util.py[DEBUG]: Attempting to load yaml from string of length 2276 with allowed root types (&lt;class &#39;dict&#39;&gt;,)\r\n2025-04-22 10:00:37,578 - util.py[DEBUG]: Reading from /etc/cloud/cloud.cfg.d/05_logging.cfg (quiet=False)\r\n2025-04-22 10:00:37,578 - util.py[DEBUG]: Read 2070 bytes from /etc/cloud/cloud.cfg.d/05_logging.cfg\r\n2025-04-22 10:00:37,579 - util.py[DEBUG]: Attempting to load yaml from string of length 2070 with allowed root types (&lt;class &#39;dict&#39;&gt;,)\r\n2025-04-22 10:00:37,581 - util.py[DEBUG]: Reading from /run/cloud-init/cloud.cfg (quiet=False)\r\n2025-04-22 10:00:37,581 - util.py[DEBUG]: Read 35 bytes from /run/cloud-init/cloud.cfg\r\n2025-04-22 10:00:37,581 - util.py[DEBUG]: Attempting to load yaml from string of length 35 with allowed root types (&lt;class &#39;dict&#39;&gt;,)\r\n2025-04-22 10:00:37,582 - util.py[DEBUG]: Attempting to load yaml from string of length 0 with allowed root types (&lt;class &#39;dict&#39;&gt;,)\r\n2025-04-22 10:00:37,582 - util.py[DEBUG]: loaded blob returned None, returning default.\r\n2025-04-22 10:00:37,582 - util.py[DEBUG]: Attempting to remove /var/lib/cloud/instance\r\n2025-04-22 10:00:37,582 - util.py[DEBUG]: Creating symbolic link from &#39;/var/lib/cloud/instance&#39; =&gt; &#39;/var/lib/cloud/instances/f8b5fc61-77ed-4f57-b54a-b9439a683484&#39;\r\n2025-04-22 10:00:37,583 - util.py[DEBUG]: Restoring selinux mode for /var/lib/cloud/instances/f8b5fc61-77ed-4f57-b54a-b9439a683484/handlers (recursive=False)\r\n2025-04-22 10:00:37,584 - util.py[DEBUG]: Restoring selinux mode for /var/lib/cloud/instances/f8b5fc61-77ed-4f57-b54a-b9439a683484/scripts (recursive=False)\r\n2025-04-22 10:00:37,585 - util.py[DEBUG]: Restoring selinux mode for /var/lib/cloud/instances/f8b5fc61-77ed-4f57-b54a-b9439a683484/sem (recursive=False)\r\n2025-04-22 10:00:37,585 - util.py[DEBUG]: Reading from /var/lib/cloud/instances/f8b5fc61-77ed-4f57-b54a-b9439a683484/datasource (quiet=False)\r\n2025-04-22 10:00:37,586 - util.py[DEBUG]: Read 65 bytes from /var/lib/cloud/instances/f8b5fc61-77ed-4f57-b54a-b9439a683484/datasource\r\n2025-04-22 10:00:37,586 - util.py[DEBUG]: Writing to /var/lib/cloud/instances/f8b5fc61-77ed-4f57-b54a-b9439a683484/datasource - wb: [644] 65 bytes\r\n2025-04-22 10:00:37,593 - util.py[DEBUG]: Restoring selinux mode for /var/lib/cloud/instances/f8b5fc61-77ed-4f57-b54a-b9439a683484/datasource (recursive=False)\r\n2025-04-22 10:00:37,594 - util.py[DEBUG]: Restoring selinux mode for /var/lib/cloud/instances/f8b5fc61-77ed-4f57-b54a-b9439a683484/datasource (recursive=False)\r\n2025-04-22 10:00:37,594 - util.py[DEBUG]: Writing to /var/lib/cloud/data/previous-datasource - wb: [644] 65 bytes\r\n2025-04-22 10:00:37,595 - util.py[DEBUG]: Restoring selinux mode for /var/lib/cloud/data/previous-datasource (recursive=False)\r\n2025-04-22 10:00:37,595 - util.py[DEBUG]: Restoring selinux mode for /var/lib/cloud/data/previous-datasource (recursive=False)\r\n2025-04-22 10:00:37,596 - util.py[DEBUG]: Reading from /var/lib/cloud/data/instance-id (quiet=False)\r\n2025-04-22 10:00:37,596 - util.py[DEBUG]: Read 37 bytes from /var/lib/cloud/data/instance-id\r\n2025-04-22 10:00:37,596 - stages.py[DEBUG]: previous iid found to be f8b5fc61-77ed-4f57-b54a-b9439a683484\r\n2025-04-22 10:00:37,596 - util.py[DEBUG]: Writing to /var/lib/cloud/data/instance-id - wb: [644] 37 bytes\r\n2025-04-22 10:00:37,596 - util.py[DEBUG]: Restoring selinux mode for /var/lib/cloud/data/instance-id (recursive=False)\r\n2025-04-22 10:00:37,597 - util.py[DEBUG]: Restoring selinux mode for /var/lib/cloud/data/instance-id (recursive=False)\r\n2025-04-22 10:00:37,597 - util.py[DEBUG]: Writing to /run/cloud-init/.instance-id - wb: [644] 37 bytes\r\n2025-04-22 10:00:37,597 - util.py[DEBUG]: Restoring selinux mode for /run/cloud-init/.instance-id (recursive=False)\r\n2025-04-22 10:00:37,597 - util.py[DEBUG]: Restoring selinux mode for /run/cloud-init/.instance-id (recursive=False)\r\n2025-04-22 10:00:37,598 - util.py[DEBUG]: Writing to /var/lib/cloud/data/previous-instance-id - wb: [644] 37 bytes\r\n2025-04-22 10:00:37,598 - util.py[DEBUG]: Restoring selinux mode for /var/lib/cloud/data/previous-instance-id (recursive=False)\r\n2025-04-22 10:00:37,598 - util.py[DEBUG]: Restoring selinux mode for /var/lib/cloud/data/previous-instance-id (recursive=False)\r\n2025-04-22 10:00:37,601 - util.py[DEBUG]: Writing to /var/lib/cloud/instance/obj.pkl - wb: [400] 6050 bytes\r\n2025-04-22 10:00:37,602 - util.py[DEBUG]: Restoring selinux mode for /var/lib/cloud/instances/f8b5fc61-77ed-4f57-b54a-b9439a683484/obj.pkl (recursive=False)\r\n2025-04-22 10:00:37,602 - util.py[DEBUG]: Restoring selinux mode for /var/lib/cloud/instances/f8b5fc61-77ed-4f57-b54a-b9439a683484/obj.pkl (recursive=False)\r\n2025-04-22 10:00:37,603 - main.py[DEBUG]: [net] init will now be targeting instance id: f8b5fc61-77ed-4f57-b54a-b9439a683484. new=False\r\n2025-04-22 10:00:37,603 - util.py[DEBUG]: Reading from /etc/cloud/cloud.cfg (quiet=False)\r\n2025-04-22 10:00:37,603 - util.py[DEBUG]: Read 2276 bytes from /etc/cloud/cloud.cfg\r\n2025-04-22 10:00:37,603 - util.py[DEBUG]: Attempting to load yaml from string of length 2276 with allowed root types (&lt;class &#39;dict&#39;&gt;,)\r\n2025-04-22 10:00:37,608 - util.py[DEBUG]: Reading from /etc/cloud/cloud.cfg.d/05_logging.cfg (quiet=False)\r\n2025-04-22 10:00:37,608 - util.py[DEBUG]: Read 2070 bytes from /etc/cloud/cloud.cfg.d/05_logging.cfg\r\n2025-04-22 10:00:37,608 - util.py[DEBUG]: Attempting to load yaml from string of length 2070 with allowed root types (&lt;class &#39;dict&#39;&gt;,)\r\n2025-04-22 10:00:37,610 - util.py[DEBUG]: Reading from /run/cloud-init/cloud.cfg (quiet=False)\r\n2025-04-22 10:00:37,610 - util.py[DEBUG]: Read 35 bytes from /run/cloud-init/cloud.cfg\r\n2025-04-22 10:00:37,610 - util.py[DEBUG]: Attempting to load yaml from string of length 35 with allowed root types (&lt;class &#39;dict&#39;&gt;,)\r\n2025-04-22 10:00:37,610 - util.py[DEBUG]: Attempting to load yaml from string of length 0 with allowed root types (&lt;class &#39;dict&#39;&gt;,)\r\n2025-04-22 10:00:37,610 - util.py[DEBUG]: loaded blob returned None, returning default.\r\n2025-04-22 10:00:37,611 - util.py[DEBUG]: Reading from /sys/class/net/lo/address (quiet=False)\r\n2025-04-22 10:00:37,611 - util.py[DEBUG]: Read 18 bytes from /sys/class/net/lo/address\r\n2025-04-22 10:00:37,611 - util.py[DEBUG]: Reading from /sys/class/net/eth0/address (quiet=False)\r\n2025-04-22 10:00:37,611 - util.py[DEBUG]: Read 18 bytes from /sys/class/net/eth0/address\r\n2025-04-22 10:00:37,612 - __init__.py[DEBUG]: Datasource DataSourceNoCloud [seed=/dev/vdb][dsmode=net] not updated for events: System boot\r\n2025-04-22 10:00:37,612 - stages.py[DEBUG]: No network config applied. Neither a new instance nor datasource network update on &#39;System boot&#39; event\r\n2025-04-22 10:00:37,612 - stages.py[DEBUG]: applying net config names for {&#39;ethernets&#39;: {&#39;eth0&#39;: {&#39;addresses&#39;: [&#39;fd10:0:2::2/120&#39;], &#39;dhcp4&#39;: True, &#39;gateway6&#39;: &#39;fd10:0:2::1&#39;, &#39;match&#39;: {}, &#39;nameservers&#39;: {&#39;addresses&#39;: [&#39;10.96.0.10&#39;], &#39;search&#39;: [&#39;default.svc.cluster.local&#39;, &#39;svc.cluster.local&#39;, &#39;cluster.local&#39;]}}}, &#39;version&#39;: 2}\r\n2025-04-22 10:00:37,612 - stages.py[DEBUG]: Using distro class &lt;class &#39;cloudinit.distros.fedora.Distro&#39;&gt;\r\n2025-04-22 10:00:37,612 - __init__.py[DEBUG]: no interfaces to rename\r\n2025-04-22 10:00:37,612 - handlers.py[DEBUG]: start: init-network/setup-datasource: setting up datasource\r\n2025-04-22 10:00:37,612 - handlers.py[DEBUG]: finish: init-network/setup-datasource: SUCCESS: setting up datasource\r\n2025-04-22 10:00:37,612 - util.py[DEBUG]: Writing to /var/lib/cloud/instances/f8b5fc61-77ed-4f57-b54a-b9439a683484/user-data.txt - wb: [600] 0 bytes\r\n2025-04-22 10:00:37,613 - util.py[DEBUG]: Restoring selinux mode for /var/lib/cloud/instances/f8b5fc61-77ed-4f57-b54a-b9439a683484/user-data.txt (recursive=False)\r\n2025-04-22 10:00:37,613 - util.py[DEBUG]: Restoring selinux mode for /var/lib/cloud/instances/f8b5fc61-77ed-4f57-b54a-b9439a683484/user-data.txt (recursive=False)\r\n2025-04-22 10:00:37,620 - util.py[DEBUG]: Writing to /var/lib/cloud/instances/f8b5fc61-77ed-4f57-b54a-b9439a683484/user-data.txt.i - wb: [600] 308 bytes\r\n2025-04-22 10:00:37,620 - util.py[DEBUG]: Restoring selinux mode for /var/lib/cloud/instances/f8b5fc61-77ed-4f57-b54a-b9439a683484/user-data.txt.i (recursive=False)\r\n2025-04-22 10:00:37,621 - util.py[DEBUG]: Restoring selinux mode for /var/lib/cloud/instances/f8b5fc61-77ed-4f57-b54a-b9439a683484/user-data.txt.i (recursive=False)\r\n2025-04-22 10:00:37,621 - util.py[DEBUG]: Writing to /var/lib/cloud/instances/f8b5fc61-77ed-4f57-b54a-b9439a683484/vendor-data.txt - wb: [600] 0 bytes\r\n2025-04-22 10:00:37,621 - util.py[DEBUG]: Restoring selinux mode for /var/lib/cloud/instances/f8b5fc61-77ed-4f57-b54a-b9439a683484/vendor-data.txt (recursive=False)\r\n2025-04-22 10:00:37,622 - util.py[DEBUG]: Restoring selinux mode for /var/lib/cloud/instances/f8b5fc61-77ed-4f57-b54a-b9439a683484/vendor-data.txt (recursive=False)\r\n2025-04-22 10:00:37,623 - util.py[DEBUG]: Writing to /var/lib/cloud/instances/f8b5fc61-77ed-4f57-b54a-b9439a683484/vendor-data.txt.i - wb: [600] 308 bytes\r\n2025-04-22 10:00:37,625 - util.py[DEBUG]: Restoring selinux mode for /var/lib/cloud/instances/f8b5fc61-77ed-4f57-b54a-b9439a683484/vendor-data.txt.i (recursive=False)\r\n2025-04-22 10:00:37,626 - util.py[DEBUG]: Restoring selinux mode for /var/lib/cloud/instances/f8b5fc61-77ed-4f57-b54a-b9439a683484/vendor-data.txt.i (recursive=False)\r\n2025-04-22 10:00:37,627 - util.py[DEBUG]: Reading from /var/lib/cloud/data/set-hostname (quiet=False)\r\n2025-04-22 10:00:37,627 - util.py[DEBUG]: Read 59 bytes from /var/lib/cloud/data/set-hostname\r\n2025-04-22 10:00:37,629 - cc_set_hostname.py[DEBUG]: No hostname changes. Skipping set-hostname\r\n2025-04-22 10:00:37,631 - util.py[DEBUG]: Writing to /var/lib/cloud/instances/f8b5fc61-77ed-4f57-b54a-b9439a683484/sem/consume_data - wb: [644] 24 bytes\r\n2025-04-22 10:00:37,633 - util.py[DEBUG]: Restoring selinux mode for /var/lib/cloud/instances/f8b5fc61-77ed-4f57-b54a-b9439a683484/sem/consume_data (recursive=False)\r\n2025-04-22 10:00:37,635 - util.py[DEBUG]: Restoring selinux mode for /var/lib/cloud/instances/f8b5fc61-77ed-4f57-b54a-b9439a683484/sem/consume_data (recursive=False)\r\n2025-04-22 10:00:37,637 - helpers.py[DEBUG]: Running consume_data using lock (&lt;FileLock using file &#39;/var/lib/cloud/instances/f8b5fc61-77ed-4f57-b54a-b9439a683484/sem/consume_data&#39;&gt;)\r\n2025-04-22 10:00:37,637 - handlers.py[DEBUG]: start: init-network/consume-user-data: reading and applying user-data\r\n2025-04-22 10:00:37,639 - stages.py[DEBUG]: Added default handler for {&#39;text/cloud-config-jsonp&#39;, &#39;text/cloud-config&#39;} from CloudConfigPartHandler: [[&#39;text/cloud-config&#39;, &#39;text/cloud-config-jsonp&#39;]]\r\n2025-04-22 10:00:37,639 - stages.py[DEBUG]: Added default handler for {&#39;text/x-shellscript&#39;} from ShellScriptPartHandler: [[&#39;text/x-shellscript&#39;]]\r\n2025-04-22 10:00:37,639 - stages.py[DEBUG]: Added default handler for {&#39;text/cloud-boothook&#39;} from BootHookPartHandler: [[&#39;text/cloud-boothook&#39;]]\r\n2025-04-22 10:00:37,639 - stages.py[DEBUG]: Added default handler for {&#39;text/upstart-job&#39;} from UpstartJobPartHandler: [[&#39;text/upstart-job&#39;]]\r\n2025-04-22 10:00:37,639 - stages.py[DEBUG]: Added default handler for {&#39;text/jinja2&#39;} from JinjaTemplatePartHandler: [[&#39;text/jinja2&#39;]]\r\n2025-04-22 10:00:37,640 - __init__.py[DEBUG]: Calling handler CloudConfigPartHandler: [[&#39;text/cloud-config&#39;, &#39;text/cloud-config-jsonp&#39;]] (__begin__, None, 3) with frequency once-per-instance\r\n2025-04-22 10:00:37,640 - __init__.py[DEBUG]: Calling handler ShellScriptPartHandler: [[&#39;text/x-shellscript&#39;]] (__begin__, None, 2) with frequency once-per-instance\r\n2025-04-22 10:00:37,640 - __init__.py[DEBUG]: Calling handler BootHookPartHandler: [[&#39;text/cloud-boothook&#39;]] (__begin__, None, 2) with frequency once-per-instance\r\n2025-04-22 10:00:37,640 - __init__.py[DEBUG]: Calling handler UpstartJobPartHandler: [[&#39;text/upstart-job&#39;]] (__begin__, None, 2) with frequency once-per-instance\r\n2025-04-22 10:00:37,640 - __init__.py[DEBUG]: Calling handler JinjaTemplatePartHandler: [[&#39;text/jinja2&#39;]] (__begin__, None, 3) with frequency once-per-instance\r\n2025-04-22 10:00:37,641 - __init__.py[DEBUG]: {&#39;MIME-Version&#39;: &#39;1.0&#39;, &#39;Content-Type&#39;: &#39;text/x-not-multipart&#39;, &#39;Content-Disposition&#39;: &#39;attachment; filename=\&#34;part-001\&#34;&#39;}\r\n2025-04-22 10:00:37,641 - __init__.py[DEBUG]: Empty payload of type text/x-not-multipart\r\n2025-04-22 10:00:37,641 - __init__.py[DEBUG]: Calling handler CloudConfigPartHandler: [[&#39;text/cloud-config&#39;, &#39;text/cloud-config-jsonp&#39;]] (__end__, None, 3) with frequency once-per-instance\r\n2025-04-22 10:00:37,641 - util.py[DEBUG]: Writing to /var/lib/cloud/instances/f8b5fc61-77ed-4f57-b54a-b9439a683484/cloud-config.txt - wb: [600] 0 bytes\r\n2025-04-22 10:00:37,643 - util.py[DEBUG]: Restoring selinux mode for /var/lib/cloud/instances/f8b5fc61-77ed-4f57-b54a-b9439a683484/cloud-config.txt (recursive=False)\r\n2025-04-22 10:00:37,645 - util.py[DEBUG]: Restoring selinux mode for /var/lib/cloud/instances/f8b5fc61-77ed-4f57-b54a-b9439a683484/cloud-config.txt (recursive=False)\r\n2025-04-22 10:00:37,647 - __init__.py[DEBUG]: Calling handler ShellScriptPartHandler: [[&#39;text/x-shellscript&#39;]] (__end__, None, 2) with frequency once-per-instance\r\n2025-04-22 10:00:37,647 - __init__.py[DEBUG]: Calling handler BootHookPartHandler: [[&#39;text/cloud-boothook&#39;]] (__end__, None, 2) with frequency once-per-instance\r\n2025-04-22 10:00:37,647 - __init__.py[DEBUG]: Calling handler UpstartJobPartHandler: [[&#39;text/upstart-job&#39;]] (__end__, None, 2) with frequency once-per-instance\r\n2025-04-22 10:00:37,647 - __init__.py[DEBUG]: Calling handler JinjaTemplatePartHandler: [[&#39;text/jinja2&#39;]] (__end__, None, 3) with frequency once-per-instance\r\n2025-04-22 10:00:37,647 - handlers.py[DEBUG]: finish: init-network/consume-user-data: SUCCESS: reading and applying user-data\r\n2025-04-22 10:00:37,647 - handlers.py[DEBUG]: start: init-network/consume-vendor-data: reading and applying vendor-data\r\n2025-04-22 10:00:37,647 - stages.py[DEBUG]: no vendordata from datasource\r\n2025-04-22 10:00:37,648 - handlers.py[DEBUG]: finish: init-network/consume-vendor-data: SUCCESS: reading and applying vendor-data\r\n2025-04-22 10:00:37,648 - util.py[DEBUG]: Reading from /etc/cloud/cloud.cfg (quiet=False)\r\n2025-04-22 10:00:37,648 - util.py[DEBUG]: Read 2276 bytes from /etc/cloud/cloud.cfg\r\n2025-04-22 10:00:37,648 - util.py[DEBUG]: Attempting to load yaml from string of length 2276 with allowed root types (&lt;class &#39;dict&#39;&gt;,)\r\n2025-04-22 10:00:37,659 - util.py[DEBUG]: Reading from /etc/cloud/cloud.cfg.d/05_logging.cfg (quiet=False)\r\n2025-04-22 10:00:37,659 - util.py[DEBUG]: Read 2070 bytes from /etc/cloud/cloud.cfg.d/05_logging.cfg\r\n2025-04-22 10:00:37,659 - util.py[DEBUG]: Attempting to load yaml from string of length 2070 with allowed root types (&lt;class &#39;dict&#39;&gt;,)\r\n2025-04-22 10:00:37,663 - util.py[DEBUG]: Reading from /run/cloud-init/cloud.cfg (quiet=False)\r\n2025-04-22 10:00:37,663 - util.py[DEBUG]: Read 35 bytes from /run/cloud-init/cloud.cfg\r\n2025-04-22 10:00:37,663 - util.py[DEBUG]: Attempting to load yaml from string of length 35 with allowed root types (&lt;class &#39;dict&#39;&gt;,)\r\n2025-04-22 10:00:37,663 - util.py[DEBUG]: Attempting to load yaml from string of length 0 with allowed root types (&lt;class &#39;dict&#39;&gt;,)\r\n2025-04-22 10:00:37,664 - util.py[DEBUG]: loaded blob returned None, returning default.\r\n2025-04-22 10:00:37,664 - util.py[DEBUG]: Reading from /var/lib/cloud/instance/cloud-config.txt (quiet=False)\r\n2025-04-22 10:00:37,664 - util.py[DEBUG]: Read 0 bytes from /var/lib/cloud/instance/cloud-config.txt\r\n2025-04-22 10:00:37,664 - util.py[DEBUG]: Attempting to load yaml from string of length 0 with allowed root types (&lt;class &#39;dict&#39;&gt;,)\r\n2025-04-22 10:00:37,664 - util.py[DEBUG]: loaded blob returned None, returning default.\r\n2025-04-22 10:00:37,664 - util.py[DEBUG]: Reading from /var/lib/cloud/instance/cloud-config.txt (quiet=False)\r\n2025-04-22 10:00:37,665 - util.py[DEBUG]: Read 0 bytes from /var/lib/cloud/instance/cloud-config.txt\r\n2025-04-22 10:00:37,665 - util.py[DEBUG]: Attempting to load yaml from string of length 0 with allowed root types (&lt;class &#39;dict&#39;&gt;,)\r\n2025-04-22 10:00:37,665 - util.py[DEBUG]: loaded blob returned None, returning default.\r\n2025-04-22 10:00:37,667 - handlers.py[DEBUG]: start: init-network/activate-datasource: activating datasource\r\n2025-04-22 10:00:37,667 - util.py[DEBUG]: Writing to /var/lib/cloud/instance/obj.pkl - wb: [400] 5657 bytes\r\n2025-04-22 10:00:37,668 - util.py[DEBUG]: Restoring selinux mode for /var/lib/cloud/instances/f8b5fc61-77ed-4f57-b54a-b9439a683484/obj.pkl (recursive=False)\r\n2025-04-22 10:00:37,669 - util.py[DEBUG]: Restoring selinux mode for /var/lib/cloud/instances/f8b5fc61-77ed-4f57-b54a-b9439a683484/obj.pkl (recursive=False)\r\n2025-04-22 10:00:37,669 - handlers.py[DEBUG]: finish: init-network/activate-datasource: SUCCESS: activating datasource\r\n2025-04-22 10:00:37,669 - main.py[DEBUG]: no di_report found in config.\r\n2025-04-22 10:00:37,727 - stages.py[DEBUG]: Using distro class &lt;class &#39;cloudinit.distros.fedora.Distro&#39;&gt;\r\n2025-04-22 10:00:37,727 - stages.py[INFO]: Skipping modules &#39;ca-certs&#39; because they are not verified on distro &#39;fedora&#39;.  To run anyway, add them to &#39;unverified_modules&#39; in config.\r\n2025-04-22 10:00:37,728 - stages.py[DEBUG]: Running module migrator (&lt;module &#39;cloudinit.config.cc_migrator&#39; from &#39;/usr/lib/python3.10/site-packages/cloudinit/config/cc_migrator.py&#39;&gt;) with frequency always\r\n2025-04-22 10:00:37,728 - handlers.py[DEBUG]: start: init-network/config-migrator: running config-migrator with frequency always\r\n2025-04-22 10:00:37,728 - helpers.py[DEBUG]: Running config-migrator using lock (&lt;cloudinit.helpers.DummyLock object at 0x7f3900e28280&gt;)\r\n2025-04-22 10:00:37,729 - cc_migrator.py[DEBUG]: Migrated 0 semaphore files to there canonicalized names\r\n2025-04-22 10:00:37,730 - handlers.py[DEBUG]: finish: init-network/config-migrator: SUCCESS: config-migrator ran successfully\r\n2025-04-22 10:00:37,730 - stages.py[DEBUG]: Running module seed_random (&lt;module &#39;cloudinit.config.cc_seed_random&#39; from &#39;/usr/lib/python3.10/site-packages/cloudinit/config/cc_seed_random.py&#39;&gt;) with frequency once-per-instance\r\n2025-04-22 10:00:37,730 - handlers.py[DEBUG]: start: init-network/config-seed_random: running config-seed_random with frequency once-per-instance\r\n2025-04-22 10:00:37,731 - util.py[DEBUG]: Writing to /var/lib/cloud/instances/f8b5fc61-77ed-4f57-b54a-b9439a683484/sem/config_seed_random - wb: [644] 23 bytes\r\n2025-04-22 10:00:37,732 - util.py[DEBUG]: Restoring selinux mode for /var/lib/cloud/instances/f8b5fc61-77ed-4f57-b54a-b9439a683484/sem/config_seed_random (recursive=False)\r\n2025-04-22 10:00:37,734 - util.py[DEBUG]: Restoring selinux mode for /var/lib/cloud/instances/f8b5fc61-77ed-4f57-b54a-b9439a683484/sem/config_seed_random (recursive=False)\r\n2025-04-22 10:00:37,735 - helpers.py[DEBUG]: Running config-seed_random using lock (&lt;FileLock using file &#39;/var/lib/cloud/instances/f8b5fc61-77ed-4f57-b54a-b9439a683484/sem/config_seed_random&#39;&gt;)\r\n2025-04-22 10:00:37,736 - cc_seed_random.py[DEBUG]: no command provided\r\n2025-04-22 10:00:37,736 - handlers.py[DEBUG]: finish: init-network/config-seed_random: SUCCESS: config-seed_random ran successfully\r\n2025-04-22 10:00:37,736 - stages.py[DEBUG]: Running module bootcmd (&lt;module &#39;cloudinit.config.cc_bootcmd&#39; from &#39;/usr/lib/python3.10/site-packages/cloudinit/config/cc_bootcmd.py&#39;&gt;) with frequency always\r\n2025-04-22 10:00:37,736 - handlers.py[DEBUG]: start: init-network/config-bootcmd: running config-bootcmd with frequency always\r\n2025-04-22 10:00:37,736 - helpers.py[DEBUG]: Running config-bootcmd using lock (&lt;cloudinit.helpers.DummyLock object at 0x7f3900e283a0&gt;)\r\n2025-04-22 10:00:37,737 - cc_bootcmd.py[DEBUG]: Skipping module named bootcmd, no &#39;bootcmd&#39; key in configuration\r\n2025-04-22 10:00:37,737 - handlers.py[DEBUG]: finish: init-network/config-bootcmd: SUCCESS: config-bootcmd ran successfully\r\n2025-04-22 10:00:37,737 - stages.py[DEBUG]: Running module write-files (&lt;module &#39;cloudinit.config.cc_write_files&#39; from &#39;/usr/lib/python3.10/site-packages/cloudinit/config/cc_write_files.py&#39;&gt;) with frequency once-per-instance\r\n2025-04-22 10:00:37,737 - handlers.py[DEBUG]: start: init-network/config-write-files: running config-write-files with frequency once-per-instance\r\n2025-04-22 10:00:37,737 - util.py[DEBUG]: Writing to /var/lib/cloud/instances/f8b5fc61-77ed-4f57-b54a-b9439a683484/sem/config_write_files - wb: [644] 23 bytes\r\n2025-04-22 10:00:37,739 - util.py[DEBUG]: Restoring selinux mode for /var/lib/cloud/instances/f8b5fc61-77ed-4f57-b54a-b9439a683484/sem/config_write_files (recursive=False)\r\n2025-04-22 10:00:37,740 - util.py[DEBUG]: Restoring selinux mode for /var/lib/cloud/instances/f8b5fc61-77ed-4f57-b54a-b9439a683484/sem/config_write_files (recursive=False)\r\n2025-04-22 10:00:37,741 - helpers.py[DEBUG]: Running config-write-files using lock (&lt;FileLock using file &#39;/var/lib/cloud/instances/f8b5fc61-77ed-4f57-b54a-b9439a683484/sem/config_write_files&#39;&gt;)\r\n2025-04-22 10:00:37,741 - cc_write_files.py[DEBUG]: Skipping module named write-files, no/empty &#39;write_files&#39; key in configuration\r\n2025-04-22 10:00:37,741 - handlers.py[DEBUG]: finish: init-network/config-write-files: SUCCESS: config-write-files ran successfully\r\n2025-04-22 10:00:37,741 - stages.py[DEBUG]: Running module growpart (&lt;module &#39;cloudinit.config.cc_growpart&#39; from &#39;/usr/lib/python3.10/site-packages/cloudinit/config/cc_growpart.py&#39;&gt;) with frequency always\r\n2025-04-22 10:00:37,741 - handlers.py[DEBUG]: start: init-network/config-growpart: running config-growpart with frequency always\r\n2025-04-22 10:00:37,741 - helpers.py[DEBUG]: Running config-growpart using lock (&lt;cloudinit.helpers.DummyLock object at 0x7f3900e2a260&gt;)\r\n2025-04-22 10:00:37,741 - cc_growpart.py[DEBUG]: No &#39;growpart&#39; entry in cfg.  Using default: {&#39;mode&#39;: &#39;auto&#39;, &#39;devices&#39;: [&#39;/&#39;], &#39;ignore_growroot_disabled&#39;: False}\r\n2025-04-22 10:00:37,742 - subp.py[DEBUG]: Running command [&#39;growpart&#39;, &#39;--help&#39;] with allowed return codes [0] (shell=False, capture=True)\r\n2025-04-22 10:00:37,771 - util.py[DEBUG]: Reading from /proc/663/mountinfo (quiet=False)\r\n2025-04-22 10:00:37,772 - util.py[DEBUG]: Read 2434 bytes from /proc/663/mountinfo\r\n2025-04-22 10:00:37,773 - util.py[DEBUG]: Reading from /sys/class/block/vda5/partition (quiet=False)\r\n2025-04-22 10:00:37,773 - util.py[DEBUG]: Read 2 bytes from /sys/class/block/vda5/partition\r\n2025-04-22 10:00:37,774 - util.py[DEBUG]: Reading from /sys/devices/pci0000:00/0000:00:02.6/0000:07:00.0/virtio3/block/vda/dev (quiet=False)\r\n2025-04-22 10:00:37,774 - util.py[DEBUG]: Read 6 bytes from /sys/devices/pci0000:00/0000:00:02.6/0000:07:00.0/virtio3/block/vda/dev\r\n2025-04-22 10:00:37,774 - subp.py[DEBUG]: Running command [&#39;growpart&#39;, &#39;--dry-run&#39;, &#39;/dev/vda&#39;, &#39;5&#39;] with allowed return codes [0] (shell=False, capture=True)\r\n2025-04-22 10:00:38,034 - util.py[DEBUG]: resize_devices took 0.263 seconds\r\n2025-04-22 10:00:38,034 - cc_growpart.py[DEBUG]: &#39;/&#39; NOCHANGE: no change necessary (/dev/vda, 5)\r\n2025-04-22 10:00:38,035 - handlers.py[DEBUG]: finish: init-network/config-growpart: SUCCESS: config-growpart ran successfully\r\n2025-04-22 10:00:38,035 - stages.py[DEBUG]: Running module resizefs (&lt;module &#39;cloudinit.config.cc_resizefs&#39; from &#39;/usr/lib/python3.10/site-packages/cloudinit/config/cc_resizefs.py&#39;&gt;) with frequency always\r\n2025-04-22 10:00:38,035 - handlers.py[DEBUG]: start: init-network/config-resizefs: running config-resizefs with frequency always\r\n2025-04-22 10:00:38,036 - helpers.py[DEBUG]: Running config-resizefs using lock (&lt;cloudinit.helpers.DummyLock object at 0x7f3900e28430&gt;)\r\n2025-04-22 10:00:38,248 - util.py[DEBUG]: Reading from /proc/663/mountinfo (quiet=False)\r\n2025-04-22 10:00:38,249 - util.py[DEBUG]: Read 2434 bytes from /proc/663/mountinfo\r\n2025-04-22 10:00:38,249 - cc_resizefs.py[DEBUG]: resize_info: dev=/dev/vda5 mnt_point=/ path=/\r\n2025-04-22 10:00:38,249 - util.py[DEBUG]: Reading from /proc/663/mountinfo (quiet=False)\r\n2025-04-22 10:00:38,250 - util.py[DEBUG]: Read 2434 bytes from /proc/663/mountinfo\r\n2025-04-22 10:00:38,250 - cc_resizefs.py[DEBUG]: Resizing / (btrfs) using btrfs filesystem resize max /\r\n2025-04-22 10:00:38,250 - subp.py[DEBUG]: Running command (&#39;btrfs&#39;, &#39;filesystem&#39;, &#39;resize&#39;, &#39;max&#39;, &#39;/&#39;) with allowed return codes [0] (shell=False, capture=True)\r\n2025-04-22 10:00:38,298 - util.py[DEBUG]: Resizing took 0.047 seconds\r\n2025-04-22 10:00:38,298 - cc_resizefs.py[DEBUG]: Resized root filesystem (type=btrfs, val=True)\r\n2025-04-22 10:00:38,298 - handlers.py[DEBUG]: finish: init-network/config-resizefs: SUCCESS: config-resizefs ran successfully\r\n2025-04-22 10:00:38,299 - stages.py[DEBUG]: Running module disk_setup (&lt;module &#39;cloudinit.config.cc_disk_setup&#39; from &#39;/usr/lib/python3.10/site-packages/cloudinit/config/cc_disk_setup.py&#39;&gt;) with frequency once-per-instance\r\n2025-04-22 10:00:38,299 - handlers.py[DEBUG]: start: init-network/config-disk_setup: running config-disk_setup with frequency once-per-instance\r\n2025-04-22 10:00:38,299 - util.py[DEBUG]: Writing to /var/lib/cloud/instances/f8b5fc61-77ed-4f57-b54a-b9439a683484/sem/config_disk_setup - wb: [644] 24 bytes\r\n2025-04-22 10:00:38,301 - util.py[DEBUG]: Restoring selinux mode for /var/lib/cloud/instances/f8b5fc61-77ed-4f57-b54a-b9439a683484/sem/config_disk_setup (recursive=False)\r\n2025-04-22 10:00:38,304 - util.py[DEBUG]: Restoring selinux mode for /var/lib/cloud/instances/f8b5fc61-77ed-4f57-b54a-b9439a683484/sem/config_disk_setup (recursive=False)\r\n2025-04-22 10:00:38,305 - helpers.py[DEBUG]: Running config-disk_setup using lock (&lt;FileLock using file &#39;/var/lib/cloud/instances/f8b5fc61-77ed-4f57-b54a-b9439a683484/sem/config_disk_setup&#39;&gt;)\r\n2025-04-22 10:00:38,305 - handlers.py[DEBUG]: finish: init-network/config-disk_setup: SUCCESS: config-disk_setup ran successfully\r\n2025-04-22 10:00:38,305 - stages.py[DEBUG]: Running module mounts (&lt;module &#39;cloudinit.config.cc_mounts&#39; from &#39;/usr/lib/python3.10/site-packages/cloudinit/config/cc_mounts.py&#39;&gt;) with frequency once-per-instance\r\n2025-04-22 10:00:38,306 - handlers.py[DEBUG]: start: init-network/config-mounts: running config-mounts with frequency once-per-instance\r\n2025-04-22 10:00:38,306 - util.py[DEBUG]: Writing to /var/lib/cloud/instances/f8b5fc61-77ed-4f57-b54a-b9439a683484/sem/config_mounts - wb: [644] 24 bytes\r\n2025-04-22 10:00:38,307 - util.py[DEBUG]: Restoring selinux mode for /var/lib/cloud/instances/f8b5fc61-77ed-4f57-b54a-b9439a683484/sem/config_mounts (recursive=False)\r\n2025-04-22 10:00:38,308 - util.py[DEBUG]: Restoring selinux mode for /var/lib/cloud/instances/f8b5fc61-77ed-4f57-b54a-b9439a683484/sem/config_mounts (recursive=False)\r\n2025-04-22 10:00:38,308 - helpers.py[DEBUG]: Running config-mounts using lock (&lt;FileLock using file &#39;/var/lib/cloud/instances/f8b5fc61-77ed-4f57-b54a-b9439a683484/sem/config_mounts&#39;&gt;)\r\n2025-04-22 10:00:38,309 - cc_mounts.py[DEBUG]: mounts configuration is []\r\n2025-04-22 10:00:38,309 - util.py[DEBUG]: Reading from /etc/fstab (quiet=False)\r\n2025-04-22 10:00:38,310 - util.py[DEBUG]: Read 746 bytes from /etc/fstab\r\n2025-04-22 10:00:38,310 - cc_mounts.py[DEBUG]: Attempting to determine the real name of ephemeral0\r\n2025-04-22 10:00:38,310 - cc_mounts.py[DEBUG]: changed default device ephemeral0 =&gt; None\r\n2025-04-22 10:00:38,310 - cc_mounts.py[DEBUG]: Ignoring nonexistent default named mount ephemeral0\r\n2025-04-22 10:00:38,310 - cc_mounts.py[DEBUG]: Attempting to determine the real name of swap\r\n2025-04-22 10:00:38,310 - cc_mounts.py[DEBUG]: changed default device swap =&gt; None\r\n2025-04-22 10:00:38,310 - cc_mounts.py[DEBUG]: Ignoring nonexistent default named mount swap\r\n2025-04-22 10:00:38,310 - cc_mounts.py[DEBUG]: no need to setup swap\r\n2025-04-22 10:00:38,310 - cc_mounts.py[DEBUG]: No modifications to fstab needed\r\n2025-04-22 10:00:38,311 - handlers.py[DEBUG]: finish: init-network/config-mounts: SUCCESS: config-mounts ran successfully\r\n2025-04-22 10:00:38,311 - stages.py[DEBUG]: Running module set_hostname (&lt;module &#39;cloudinit.config.cc_set_hostname&#39; from &#39;/usr/lib/python3.10/site-packages/cloudinit/config/cc_set_hostname.py&#39;&gt;) with frequency once-per-instance\r\n2025-04-22 10:00:38,311 - handlers.py[DEBUG]: start: init-network/config-set_hostname: running config-set_hostname with frequency once-per-instance\r\n2025-04-22 10:00:38,312 - util.py[DEBUG]: Writing to /var/lib/cloud/instances/f8b5fc61-77ed-4f57-b54a-b9439a683484/sem/config_set_hostname - wb: [644] 24 bytes\r\n2025-04-22 10:00:38,312 - util.py[DEBUG]: Restoring selinux mode for /var/lib/cloud/instances/f8b5fc61-77ed-4f57-b54a-b9439a683484/sem/config_set_hostname (recursive=False)\r\n2025-04-22 10:00:38,314 - util.py[DEBUG]: Restoring selinux mode for /var/lib/cloud/instances/f8b5fc61-77ed-4f57-b54a-b9439a683484/sem/config_set_hostname (recursive=False)\r\n2025-04-22 10:00:38,314 - helpers.py[DEBUG]: Running config-set_hostname using lock (&lt;FileLock using file &#39;/var/lib/cloud/instances/f8b5fc61-77ed-4f57-b54a-b9439a683484/sem/config_set_hostname&#39;&gt;)\r\n2025-04-22 10:00:38,314 - util.py[DEBUG]: Reading from /var/lib/cloud/data/set-hostname (quiet=False)\r\n2025-04-22 10:00:38,315 - util.py[DEBUG]: Read 59 bytes from /var/lib/cloud/data/set-hostname\r\n2025-04-22 10:00:38,315 - cc_set_hostname.py[DEBUG]: No hostname changes. Skipping set-hostname\r\n2025-04-22 10:00:38,315 - handlers.py[DEBUG]: finish: init-network/config-set_hostname: SUCCESS: config-set_hostname ran successfully\r\n2025-04-22 10:00:38,315 - stages.py[DEBUG]: Running module update_hostname (&lt;module &#39;cloudinit.config.cc_update_hostname&#39; from &#39;/usr/lib/python3.10/site-packages/cloudinit/config/cc_update_hostname.py&#39;&gt;) with frequency always\r\n2025-04-22 10:00:38,315 - handlers.py[DEBUG]: start: init-network/config-update_hostname: running config-update_hostname with frequency always\r\n2025-04-22 10:00:38,315 - helpers.py[DEBUG]: Running config-update_hostname using lock (&lt;cloudinit.helpers.DummyLock object at 0x7f390136e2f0&gt;)\r\n2025-04-22 10:00:38,315 - cc_update_hostname.py[DEBUG]: Updating hostname to testvmi-97w8k (testvmi-97w8k)\r\n2025-04-22 10:00:38,315 - util.py[DEBUG]: Reading from /var/lib/cloud/data/previous-hostname (quiet=False)\r\n2025-04-22 10:00:38,316 - util.py[DEBUG]: Read 6 bytes from /var/lib/cloud/data/previous-hostname\r\n2025-04-22 10:00:38,316 - subp.py[DEBUG]: Running command [&#39;hostname&#39;] with allowed return codes [0] (shell=False, capture=True)\r\n2025-04-22 10:00:38,320 - __init__.py[INFO]: /var/lib/cloud/data/previous-hostname differs from /etc/hostname, assuming user maintained hostname.\r\n2025-04-22 10:00:38,320 - handlers.py[DEBUG]: finish: init-network/config-update_hostname: SUCCESS: config-update_hostname ran successfully\r\n2025-04-22 10:00:38,320 - stages.py[DEBUG]: Running module update_etc_hosts (&lt;module &#39;cloudinit.config.cc_update_etc_hosts&#39; from &#39;/usr/lib/python3.10/site-packages/cloudinit/config/cc_update_etc_hosts.py&#39;&gt;) with frequency always\r\n2025-04-22 10:00:38,320 - handlers.py[DEBUG]: start: init-network/config-update_etc_hosts: running config-update_etc_hosts with frequency always\r\n2025-04-22 10:00:38,320 - helpers.py[DEBUG]: Running config-update_etc_hosts using lock (&lt;cloudinit.helpers.DummyLock object at 0x7f390136dbd0&gt;)\r\n2025-04-22 10:00:38,320 - cc_update_etc_hosts.py[DEBUG]: Configuration option &#39;manage_etc_hosts&#39; is not set, not managing /etc/hosts in module update_etc_hosts\r\n2025-04-22 10:00:38,320 - handlers.py[DEBUG]: finish: init-network/config-update_etc_hosts: SUCCESS: config-update_etc_hosts ran successfully\r\n2025-04-22 10:00:38,320 - stages.py[DEBUG]: Running module rsyslog (&lt;module &#39;cloudinit.config.cc_rsyslog&#39; from &#39;/usr/lib/python3.10/site-packages/cloudinit/config/cc_rsyslog.py&#39;&gt;) with frequency once-per-instance\r\n2025-04-22 10:00:38,320 - handlers.py[DEBUG]: start: init-network/config-rsyslog: running config-rsyslog with frequency once-per-instance\r\n2025-04-22 10:00:38,321 - util.py[DEBUG]: Writing to /var/lib/cloud/instances/f8b5fc61-77ed-4f57-b54a-b9439a683484/sem/config_rsyslog - wb: [644] 24 bytes\r\n2025-04-22 10:00:38,321 - util.py[DEBUG]: Restoring selinux mode for /var/lib/cloud/instances/f8b5fc61-77ed-4f57-b54a-b9439a683484/sem/config_rsyslog (recursive=False)\r\n2025-04-22 10:00:38,322 - util.py[DEBUG]: Restoring selinux mode for /var/lib/cloud/instances/f8b5fc61-77ed-4f57-b54a-b9439a683484/sem/config_rsyslog (recursive=False)\r\n2025-04-22 10:00:38,322 - helpers.py[DEBUG]: Running config-rsyslog using lock (&lt;FileLock using file &#39;/var/lib/cloud/instances/f8b5fc61-77ed-4f57-b54a-b9439a683484/sem/config_rsyslog&#39;&gt;)\r\n2025-04-22 10:00:38,322 - cc_rsyslog.py[DEBUG]: Skipping module named rsyslog, no &#39;rsyslog&#39; key in configuration\r\n2025-04-22 10:00:38,322 - handlers.py[DEBUG]: finish: init-network/config-rsyslog: SUCCESS: config-rsyslog ran successfully\r\n2025-04-22 10:00:38,323 - stages.py[DEBUG]: Running module ssh (&lt;module &#39;cloudinit.config.cc_ssh&#39; from &#39;/usr/lib/python3.10/site-packages/cloudinit/config/cc_ssh.py&#39;&gt;) with frequency once-per-instance\r\n2025-04-22 10:00:38,323 - handlers.py[DEBUG]: start: init-network/config-ssh: running config-ssh with frequency once-per-instance\r\n2025-04-22 10:00:38,323 - util.py[DEBUG]: Writing to /var/lib/cloud/instances/f8b5fc61-77ed-4f57-b54a-b9439a683484/sem/config_ssh - wb: [644] 23 bytes\r\n2025-04-22 10:00:38,323 - util.py[DEBUG]: Restoring selinux mode for /var/lib/cloud/instances/f8b5fc61-77ed-4f57-b54a-b9439a683484/sem/config_ssh (recursive=False)\r\n2025-04-22 10:00:38,324 - util.py[DEBUG]: Restoring selinux mode for /var/lib/cloud/instances/f8b5fc61-77ed-4f57-b54a-b9439a683484/sem/config_ssh (recursive=False)\r\n2025-04-22 10:00:38,324 - helpers.py[DEBUG]: Running config-ssh using lock (&lt;FileLock using file &#39;/var/lib/cloud/instances/f8b5fc61-77ed-4f57-b54a-b9439a683484/sem/config_ssh&#39;&gt;)\r\n2025-04-22 10:00:38,325 - util.py[DEBUG]: Attempting to remove /etc/ssh/ssh_host_rsa_key\r\n2025-04-22 10:00:38,327 - util.py[DEBUG]: Attempting to remove /etc/ssh/ssh_host_rsa_key.pub\r\n2025-04-22 10:00:38,327 - util.py[DEBUG]: Attempting to remove /etc/ssh/ssh_host_dsa_key\r\n2025-04-22 10:00:38,327 - util.py[DEBUG]: Attempting to remove /etc/ssh/ssh_host_dsa_key.pub\r\n2025-04-22 10:00:38,327 - util.py[DEBUG]: Attempting to remove /etc/ssh/ssh_host_ecdsa_key\r\n2025-04-22 10:00:38,327 - util.py[DEBUG]: Attempting to remove /etc/ssh/ssh_host_ecdsa_key.pub\r\n2025-04-22 10:00:38,327 - util.py[DEBUG]: Attempting to remove /etc/ssh/ssh_host_ed25519_key\r\n2025-04-22 10:00:38,327 - util.py[DEBUG]: Attempting to remove /etc/ssh/ssh_host_ed25519_key.pub\r\n2025-04-22 10:00:38,327 - subp.py[DEBUG]: Running command [&#39;ssh-keygen&#39;, &#39;-t&#39;, &#39;rsa&#39;, &#39;-N&#39;, &#39;&#39;, &#39;-f&#39;, &#39;/etc/ssh/ssh_host_rsa_key&#39;] with allowed return codes [0] (shell=False, capture=True)\r\n2025-04-22 10:00:38,583 - util.py[DEBUG]: Restoring selinux mode for /etc/ssh (recursive=True)\r\n2025-04-22 10:00:38,598 - subp.py[DEBUG]: Running command [&#39;ssh-keygen&#39;, &#39;-t&#39;, &#39;dsa&#39;, &#39;-N&#39;, &#39;&#39;, &#39;-f&#39;, &#39;/etc/ssh/ssh_host_dsa_key&#39;] with allowed return codes [0] (shell=False, capture=True)\r\n2025-04-22 10:00:38,681 - util.py[DEBUG]: Restoring selinux mode for /etc/ssh (recursive=True)\r\n2025-04-22 10:00:38,684 - subp.py[DEBUG]: Running command [&#39;ssh-keygen&#39;, &#39;-t&#39;, &#39;ecdsa&#39;, &#39;-N&#39;, &#39;&#39;, &#39;-f&#39;, &#39;/etc/ssh/ssh_host_ecdsa_key&#39;] with allowed return codes [0] (shell=False, capture=True)\r\n2025-04-22 10:00:38,688 - util.py[DEBUG]: Restoring selinux mode for /etc/ssh (recursive=True)\r\n2025-04-22 10:00:38,691 - subp.py[DEBUG]: Running command [&#39;ssh-keygen&#39;, &#39;-t&#39;, &#39;ed25519&#39;, &#39;-N&#39;, &#39;&#39;, &#39;-f&#39;, &#39;/etc/ssh/ssh_host_ed25519_key&#39;] with allowed return codes [0] (shell=False, capture=True)\r\n2025-04-22 10:00:38,696 - util.py[DEBUG]: Restoring selinux mode for /etc/ssh (recursive=True)\r\n2025-04-22 10:00:38,699 - util.py[DEBUG]: Reading from /etc/ssh/ssh_host_rsa_key.pub (quiet=False)\r\n2025-04-22 10:00:38,699 - util.py[DEBUG]: Read 572 bytes from /etc/ssh/ssh_host_rsa_key.pub\r\n2025-04-22 10:00:38,699 - util.py[DEBUG]: Reading from /etc/ssh/ssh_host_ecdsa_key.pub (quiet=False)\r\n2025-04-22 10:00:38,699 - util.py[DEBUG]: Read 180 bytes from /etc/ssh/ssh_host_ecdsa_key.pub\r\n2025-04-22 10:00:38,699 - util.py[DEBUG]: Reading from /etc/ssh/ssh_host_ed25519_key.pub (quiet=False)\r\n2025-04-22 10:00:38,699 - util.py[DEBUG]: Read 100 bytes from /etc/ssh/ssh_host_ed25519_key.pub\r\n2025-04-22 10:00:38,700 - util.py[DEBUG]: Reading from /etc/ssh/sshd_config (quiet=False)\r\n2025-04-22 10:00:38,700 - util.py[DEBUG]: Read 3696 bytes from /etc/ssh/sshd_config\r\n2025-04-22 10:00:38,701 - util.py[DEBUG]: Restoring selinux mode for /home/fedora/.ssh (recursive=True)\r\n2025-04-22 10:00:38,701 - util.py[DEBUG]: Reading from /home/fedora/.ssh/authorized_keys (quiet=False)\r\n2025-04-22 10:00:38,702 - util.py[DEBUG]: Read 0 bytes from /home/fedora/.ssh/authorized_keys\r\n2025-04-22 10:00:38,702 - util.py[DEBUG]: Restoring selinux mode for /home/fedora/.ssh (recursive=False)\r\n2025-04-22 10:00:38,702 - util.py[DEBUG]: Writing to /home/fedora/.ssh/authorized_keys - wb: [600] 0 bytes\r\n2025-04-22 10:00:38,702 - util.py[DEBUG]: Restoring selinux mode for /home/fedora/.ssh/authorized_keys (recursive=False)\r\n2025-04-22 10:00:38,702 - util.py[DEBUG]: Restoring selinux mode for /home/fedora/.ssh/authorized_keys (recursive=False)\r\n2025-04-22 10:00:38,702 - util.py[DEBUG]: Changing the ownership of /home/fedora/.ssh/authorized_keys to 1000:1000\r\n2025-04-22 10:00:38,702 - util.py[DEBUG]: Restoring selinux mode for /home/fedora/.ssh (recursive=True)\r\n2025-04-22 10:00:38,703 - util.py[DEBUG]: Reading from /etc/ssh/sshd_config (quiet=False)\r\n2025-04-22 10:00:38,703 - util.py[DEBUG]: Read 3696 bytes from /etc/ssh/sshd_config\r\n2025-04-22 10:00:38,703 - util.py[DEBUG]: Restoring selinux mode for /root/.ssh (recursive=True)\r\n2025-04-22 10:00:38,704 - util.py[DEBUG]: Reading from /root/.ssh/authorized_keys (quiet=False)\r\n2025-04-22 10:00:38,704 - util.py[DEBUG]: Read 0 bytes from /root/.ssh/authorized_keys\r\n2025-04-22 10:00:38,704 - util.py[DEBUG]: Restoring selinux mode for /root/.ssh (recursive=False)\r\n2025-04-22 10:00:38,704 - util.py[DEBUG]: Writing to /root/.ssh/authorized_keys - wb: [600] 0 bytes\r\n2025-04-22 10:00:38,704 - util.py[DEBUG]: Restoring selinux mode for /root/.ssh/authorized_keys (recursive=False)\r\n2025-04-22 10:00:38,705 - util.py[DEBUG]: Restoring selinux mode for /root/.ssh/authorized_keys (recursive=False)\r\n2025-04-22 10:00:38,705 - util.py[DEBUG]: Changing the ownership of /root/.ssh/authorized_keys to 0:0\r\n2025-04-22 10:00:38,705 - util.py[DEBUG]: Restoring selinux mode for /root/.ssh (recursive=True)\r\n2025-04-22 10:00:38,706 - handlers.py[DEBUG]: finish: init-network/config-ssh: SUCCESS: config-ssh ran successfully\r\n2025-04-22 10:00:38,706 - main.py[DEBUG]: Ran 13 modules with 0 failures\r\n2025-04-22 10:00:38,709 - atomic_helper.py[DEBUG]: Atomically writing to file /var/lib/cloud/data/status.json (via temporary file /var/lib/cloud/data/tmpqygjjf2e) - w: [644] 546 bytes/chars\r\n2025-04-22 10:00:38,724 - util.py[DEBUG]: Reading from /proc/uptime (quiet=False)\r\n2025-04-22 10:00:38,725 - util.py[DEBUG]: Read 11 bytes from /proc/uptime\r\n2025-04-22 10:00:38,725 - util.py[DEBUG]: cloud-init mode &#39;init&#39; took 2.048 seconds (2.05)\r\n2025-04-22 10:00:38,725 - handlers.py[DEBUG]: finish: init-network: SUCCESS: searching for network datasources\r\n2025-04-22 10:00:40,982 - util.py[DEBUG]: Cloud-init v. 20.4 running &#39;modules:config&#39; at Tue, 22 Apr 2025 10:00:40 +0000. Up 21.72 seconds.\r\n2025-04-22 10:00:41,053 - stages.py[DEBUG]: Using distro class &lt;class &#39;cloudinit.distros.fedora.Distro&#39;&gt;\r\n2025-04-22 10:00:41,054 - stages.py[INFO]: Skipping modules &#39;ssh-import-id&#39; because they are not verified on distro &#39;fedora&#39;.  To run anyway, add them to &#39;unverified_modules&#39; in config.\r\n2025-04-22 10:00:41,054 - stages.py[DEBUG]: Running module locale (&lt;module &#39;cloudinit.config.cc_locale&#39; from &#39;/usr/lib/python3.10/site-packages/cloudinit/config/cc_locale.py&#39;&gt;) with frequency once-per-instance\r\n2025-04-22 10:00:41,054 - handlers.py[DEBUG]: start: modules-config/config-locale: running config-locale with frequency once-per-instance\r\n2025-04-22 10:00:41,054 - util.py[DEBUG]: Writing to /var/lib/cloud/instances/f8b5fc61-77ed-4f57-b54a-b9439a683484/sem/config_locale - wb: [644] 24 bytes\r\n2025-04-22 10:00:41,063 - util.py[DEBUG]: Restoring selinux mode for /var/lib/cloud/instances/f8b5fc61-77ed-4f57-b54a-b9439a683484/sem/config_locale (recursive=False)\r\n2025-04-22 10:00:41,068 - util.py[DEBUG]: Restoring selinux mode for /var/lib/cloud/instances/f8b5fc61-77ed-4f57-b54a-b9439a683484/sem/config_locale (recursive=False)\r\n2025-04-22 10:00:41,069 - helpers.py[DEBUG]: Running config-locale using lock (&lt;FileLock using file &#39;/var/lib/cloud/instances/f8b5fc61-77ed-4f57-b54a-b9439a683484/sem/config_locale&#39;&gt;)\r\n2025-04-22 10:00:41,260 - cc_locale.py[DEBUG]: Setting locale to en_US.UTF-8\r\n2025-04-22 10:00:41,261 - util.py[DEBUG]: Reading from /etc/locale.conf (quiet=False)\r\n2025-04-22 10:00:41,261 - util.py[DEBUG]: Read 17 bytes from /etc/locale.conf\r\n2025-04-22 10:00:41,261 - util.py[DEBUG]: Writing to /etc/locale.conf - wb: [644] 17 bytes\r\n2025-04-22 10:00:41,264 - util.py[DEBUG]: Restoring selinux mode for /etc/locale.conf (recursive=False)\r\n2025-04-22 10:00:41,266 - util.py[DEBUG]: Restoring selinux mode for /etc/locale.conf (recursive=False)\r\n2025-04-22 10:00:41,267 - handlers.py[DEBUG]: finish: modules-config/config-locale: SUCCESS: config-locale ran successfully\r\n2025-04-22 10:00:41,267 - stages.py[DEBUG]: Running module set-passwords (&lt;module &#39;cloudinit.config.cc_set_passwords&#39; from &#39;/usr/lib/python3.10/site-packages/cloudinit/config/cc_set_passwords.py&#39;&gt;) with frequency once-per-instance\r\n2025-04-22 10:00:41,267 - handlers.py[DEBUG]: start: modules-config/config-set-passwords: running config-set-passwords with frequency once-per-instance\r\n2025-04-22 10:00:41,267 - util.py[DEBUG]: Writing to /var/lib/cloud/instances/f8b5fc61-77ed-4f57-b54a-b9439a683484/sem/config_set_passwords - wb: [644] 24 bytes\r\n2025-04-22 10:00:41,268 - util.py[DEBUG]: Restoring selinux mode for /var/lib/cloud/instances/f8b5fc61-77ed-4f57-b54a-b9439a683484/sem/config_set_passwords (recursive=False)\r\n2025-04-22 10:00:41,269 - util.py[DEBUG]: Restoring selinux mode for /var/lib/cloud/instances/f8b5fc61-77ed-4f57-b54a-b9439a683484/sem/config_set_passwords (recursive=False)\r\n2025-04-22 10:00:41,269 - helpers.py[DEBUG]: Running config-set-passwords using lock (&lt;FileLock using file &#39;/var/lib/cloud/instances/f8b5fc61-77ed-4f57-b54a-b9439a683484/sem/config_set_passwords&#39;&gt;)\r\n2025-04-22 10:00:41,269 - util.py[DEBUG]: Reading from /etc/ssh/sshd_config (quiet=False)\r\n2025-04-22 10:00:41,270 - util.py[DEBUG]: Read 3696 bytes from /etc/ssh/sshd_config\r\n2025-04-22 10:00:41,271 - ssh_util.py[DEBUG]: line 131: option PasswordAuthentication updated yes -&gt; no\r\n2025-04-22 10:00:41,271 - util.py[DEBUG]: Writing to /etc/ssh/sshd_config - wb: [600] 3695 bytes\r\n2025-04-22 10:00:41,271 - util.py[DEBUG]: Restoring selinux mode for /etc/ssh/sshd_config (recursive=False)\r\n2025-04-22 10:00:41,272 - util.py[DEBUG]: Restoring selinux mode for /etc/ssh/sshd_config (recursive=False)\r\n2025-04-22 10:00:41,272 - subp.py[DEBUG]: Running command [&#39;service&#39;, &#39;sshd&#39;, &#39;restart&#39;] with allowed return codes [0] (shell=False, capture=True)\r\n2025-04-22 10:00:41,625 - cc_set_passwords.py[DEBUG]: Restarted the SSH daemon.\r\n2025-04-22 10:00:41,626 - handlers.py[DEBUG]: finish: modules-config/config-set-passwords: SUCCESS: config-set-passwords ran successfully\r\n2025-04-22 10:00:41,626 - stages.py[DEBUG]: Running module spacewalk (&lt;module &#39;cloudinit.config.cc_spacewalk&#39; from &#39;/usr/lib/python3.10/site-packages/cloudinit/config/cc_spacewalk.py&#39;&gt;) with frequency once-per-instance\r\n2025-04-22 10:00:41,627 - handlers.py[DEBUG]: start: modules-config/config-spacewalk: running config-spacewalk with frequency once-per-instance\r\n2025-04-22 10:00:41,627 - util.py[DEBUG]: Writing to /var/lib/cloud/instances/f8b5fc61-77ed-4f57-b54a-b9439a683484/sem/config_spacewalk - wb: [644] 24 bytes\r\n2025-04-22 10:00:41,628 - util.py[DEBUG]: Restoring selinux mode for /var/lib/cloud/instances/f8b5fc61-77ed-4f57-b54a-b9439a683484/sem/config_spacewalk (recursive=False)\r\n2025-04-22 10:00:41,629 - util.py[DEBUG]: Restoring selinux mode for /var/lib/cloud/instances/f8b5fc61-77ed-4f57-b54a-b9439a683484/sem/config_spacewalk (recursive=False)\r\n2025-04-22 10:00:41,630 - helpers.py[DEBUG]: Running config-spacewalk using lock (&lt;FileLock using file &#39;/var/lib/cloud/instances/f8b5fc61-77ed-4f57-b54a-b9439a683484/sem/config_spacewalk&#39;&gt;)\r\n2025-04-22 10:00:41,630 - cc_spacewalk.py[DEBUG]: Skipping module named spacewalk, no &#39;spacewalk&#39; key in configuration\r\n2025-04-22 10:00:41,630 - handlers.py[DEBUG]: finish: modules-config/config-spacewalk: SUCCESS: config-spacewalk ran successfully\r\n2025-04-22 10:00:41,630 - stages.py[DEBUG]: Running module yum-add-repo (&lt;module &#39;cloudinit.config.cc_yum_add_repo&#39; from &#39;/usr/lib/python3.10/site-packages/cloudinit/config/cc_yum_add_repo.py&#39;&gt;) with frequency once-per-instance\r\n2025-04-22 10:00:41,630 - handlers.py[DEBUG]: start: modules-config/config-yum-add-repo: running config-yum-add-repo with frequency once-per-instance\r\n2025-04-22 10:00:41,630 - util.py[DEBUG]: Writing to /var/lib/cloud/instances/f8b5fc61-77ed-4f57-b54a-b9439a683484/sem/config_yum_add_repo - wb: [644] 24 bytes\r\n2025-04-22 10:00:41,631 - util.py[DEBUG]: Restoring selinux mode for /var/lib/cloud/instances/f8b5fc61-77ed-4f57-b54a-b9439a683484/sem/config_yum_add_repo (recursive=False)\r\n2025-04-22 10:00:41,632 - util.py[DEBUG]: Restoring selinux mode for /var/lib/cloud/instances/f8b5fc61-77ed-4f57-b54a-b9439a683484/sem/config_yum_add_repo (recursive=False)\r\n2025-04-22 10:00:41,632 - helpers.py[DEBUG]: Running config-yum-add-repo using lock (&lt;FileLock using file &#39;/var/lib/cloud/instances/f8b5fc61-77ed-4f57-b54a-b9439a683484/sem/config_yum_add_repo&#39;&gt;)\r\n2025-04-22 10:00:41,632 - cc_yum_add_repo.py[DEBUG]: Skipping module named yum-add-repo, no &#39;yum_repos&#39; configuration found\r\n2025-04-22 10:00:41,632 - handlers.py[DEBUG]: finish: modules-config/config-yum-add-repo: SUCCESS: config-yum-add-repo ran successfully\r\n2025-04-22 10:00:41,632 - stages.py[DEBUG]: Running module ntp (&lt;module &#39;cloudinit.config.cc_ntp&#39; from &#39;/usr/lib/python3.10/site-packages/cloudinit/config/cc_ntp.py&#39;&gt;) with frequency once-per-instance\r\n2025-04-22 10:00:41,632 - handlers.py[DEBUG]: start: modules-config/config-ntp: running config-ntp with frequency once-per-instance\r\n2025-04-22 10:00:41,632 - util.py[DEBUG]: Writing to /var/lib/cloud/instances/f8b5fc61-77ed-4f57-b54a-b9439a683484/sem/config_ntp - wb: [644] 23 bytes\r\n2025-04-22 10:00:41,633 - util.py[DEBUG]: Restoring selinux mode for /var/lib/cloud/instances/f8b5fc61-77ed-4f57-b54a-b9439a683484/sem/config_ntp (recursive=False)\r\n2025-04-22 10:00:41,634 - util.py[DEBUG]: Restoring selinux mode for /var/lib/cloud/instances/f8b5fc61-77ed-4f57-b54a-b9439a683484/sem/config_ntp (recursive=False)\r\n2025-04-22 10:00:41,634 - helpers.py[DEBUG]: Running config-ntp using lock (&lt;FileLock using file &#39;/var/lib/cloud/instances/f8b5fc61-77ed-4f57-b54a-b9439a683484/sem/config_ntp&#39;&gt;)\r\n2025-04-22 10:00:41,634 - cc_ntp.py[DEBUG]: Skipping module named ntp, not present or disabled by cfg\r\n2025-04-22 10:00:41,634 - handlers.py[DEBUG]: finish: modules-config/config-ntp: SUCCESS: config-ntp ran successfully\r\n2025-04-22 10:00:41,634 - stages.py[DEBUG]: Running module timezone (&lt;module &#39;cloudinit.config.cc_timezone&#39; from &#39;/usr/lib/python3.10/site-packages/cloudinit/config/cc_timezone.py&#39;&gt;) with frequency once-per-instance\r\n2025-04-22 10:00:41,634 - handlers.py[DEBUG]: start: modules-config/config-timezone: running config-timezone with frequency once-per-instance\r\n2025-04-22 10:00:41,634 - util.py[DEBUG]: Writing to /var/lib/cloud/instances/f8b5fc61-77ed-4f57-b54a-b9439a683484/sem/config_timezone - wb: [644] 24 bytes\r\n2025-04-22 10:00:41,635 - util.py[DEBUG]: Restoring selinux mode for /var/lib/cloud/instances/f8b5fc61-77ed-4f57-b54a-b9439a683484/sem/config_timezone (recursive=False)\r\n2025-04-22 10:00:41,636 - util.py[DEBUG]: Restoring selinux mode for /var/lib/cloud/instances/f8b5fc61-77ed-4f57-b54a-b9439a683484/sem/config_timezone (recursive=False)\r\n2025-04-22 10:00:41,636 - helpers.py[DEBUG]: Running config-timezone using lock (&lt;FileLock using file &#39;/var/lib/cloud/instances/f8b5fc61-77ed-4f57-b54a-b9439a683484/sem/config_timezone&#39;&gt;)\r\n2025-04-22 10:00:41,636 - cc_timezone.py[DEBUG]: Skipping module named timezone, no &#39;timezone&#39; specified\r\n2025-04-22 10:00:41,636 - handlers.py[DEBUG]: finish: modules-config/config-timezone: SUCCESS: config-timezone ran successfully\r\n2025-04-22 10:00:41,636 - stages.py[DEBUG]: Running module disable-ec2-metadata (&lt;module &#39;cloudinit.config.cc_disable_ec2_metadata&#39; from &#39;/usr/lib/python3.10/site-packages/cloudinit/config/cc_disable_ec2_metadata.py&#39;&gt;) with frequency always\r\n2025-04-22 10:00:41,636 - handlers.py[DEBUG]: start: modules-config/config-disable-ec2-metadata: running config-disable-ec2-metadata with frequency always\r\n2025-04-22 10:00:41,636 - helpers.py[DEBUG]: Running config-disable-ec2-metadata using lock (&lt;cloudinit.helpers.DummyLock object at 0x7f37e2557460&gt;)\r\n2025-04-22 10:00:41,636 - cc_disable_ec2_metadata.py[DEBUG]: Skipping module named disable-ec2-metadata, disabling the ec2 route not enabled\r\n2025-04-22 10:00:41,636 - handlers.py[DEBUG]: finish: modules-config/config-disable-ec2-metadata: SUCCESS: config-disable-ec2-metadata ran successfully\r\n2025-04-22 10:00:41,636 - stages.py[DEBUG]: Running module runcmd (&lt;module &#39;cloudinit.config.cc_runcmd&#39; from &#39;/usr/lib/python3.10/site-packages/cloudinit/config/cc_runcmd.py&#39;&gt;) with frequency once-per-instance\r\n2025-04-22 10:00:41,636 - handlers.py[DEBUG]: start: modules-config/config-runcmd: running config-runcmd with frequency once-per-instance\r\n2025-04-22 10:00:41,637 - util.py[DEBUG]: Writing to /var/lib/cloud/instances/f8b5fc61-77ed-4f57-b54a-b9439a683484/sem/config_runcmd - wb: [644] 24 bytes\r\n2025-04-22 10:00:41,637 - util.py[DEBUG]: Restoring selinux mode for /var/lib/cloud/instances/f8b5fc61-77ed-4f57-b54a-b9439a683484/sem/config_runcmd (recursive=False)\r\n2025-04-22 10:00:41,638 - util.py[DEBUG]: Restoring selinux mode for /var/lib/cloud/instances/f8b5fc61-77ed-4f57-b54a-b9439a683484/sem/config_runcmd (recursive=False)\r\n2025-04-22 10:00:41,638 - helpers.py[DEBUG]: Running config-runcmd using lock (&lt;FileLock using file &#39;/var/lib/cloud/instances/f8b5fc61-77ed-4f57-b54a-b9439a683484/sem/config_runcmd&#39;&gt;)\r\n2025-04-22 10:00:41,638 - cc_runcmd.py[DEBUG]: Skipping module named runcmd, no &#39;runcmd&#39; key in configuration\r\n2025-04-22 10:00:41,638 - handlers.py[DEBUG]: finish: modules-config/config-runcmd: SUCCESS: config-runcmd ran successfully\r\n2025-04-22 10:00:41,638 - main.py[DEBUG]: Ran 8 modules with 0 failures\r\n2025-04-22 10:00:41,640 - atomic_helper.py[DEBUG]: Atomically writing to file /var/lib/cloud/data/status.json (via temporary file /var/lib/cloud/data/tmpl7m4fsse) - w: [644] 574 bytes/chars\r\n2025-04-22 10:00:41,641 - util.py[DEBUG]: Reading from /proc/uptime (quiet=False)\r\n2025-04-22 10:00:41,641 - util.py[DEBUG]: Read 11 bytes from /proc/uptime\r\n2025-04-22 10:00:41,641 - util.py[DEBUG]: cloud-init mode &#39;modules&#39; took 1.086 seconds (1.09)\r\n2025-04-22 10:00:41,641 - handlers.py[DEBUG]: finish: modules-config: SUCCESS: running modules for config\r\n2025-04-22 10:00:43,275 - util.py[DEBUG]: Cloud-init v. 20.4 running &#39;modules:final&#39; at Tue, 22 Apr 2025 10:00:43 +0000. Up 24.23 seconds.\r\n2025-04-22 10:00:43,333 - stages.py[DEBUG]: Using distro class &lt;class &#39;cloudinit.distros.fedora.Distro&#39;&gt;\r\n2025-04-22 10:00:43,334 - stages.py[DEBUG]: Running module package-update-upgrade-install (&lt;module &#39;cloudinit.config.cc_package_update_upgrade_install&#39; from &#39;/usr/lib/python3.10/site-packages/cloudinit/config/cc_package_update_upgrade_install.py&#39;&gt;) with frequency once-per-instance\r\n2025-04-22 10:00:43,335 - handlers.py[DEBUG]: start: modules-final/config-package-update-upgrade-install: running config-package-update-upgrade-install with frequency once-per-instance\r\n2025-04-22 10:00:43,335 - util.py[DEBUG]: Writing to /var/lib/cloud/instances/f8b5fc61-77ed-4f57-b54a-b9439a683484/sem/config_package_update_upgrade_install - wb: [644] 24 bytes\r\n2025-04-22 10:00:43,337 - util.py[DEBUG]: Restoring selinux mode for /var/lib/cloud/instances/f8b5fc61-77ed-4f57-b54a-b9439a683484/sem/config_package_update_upgrade_install (recursive=False)\r\n2025-04-22 10:00:43,339 - util.py[DEBUG]: Restoring selinux mode for /var/lib/cloud/instances/f8b5fc61-77ed-4f57-b54a-b9439a683484/sem/config_package_update_upgrade_install (recursive=False)\r\n2025-04-22 10:00:43,340 - helpers.py[DEBUG]: Running config-package-update-upgrade-install using lock (&lt;FileLock using file &#39;/var/lib/cloud/instances/f8b5fc61-77ed-4f57-b54a-b9439a683484/sem/config_package_update_upgrade_install&#39;&gt;)\r\n2025-04-22 10:00:43,340 - handlers.py[DEBUG]: finish: modules-final/config-package-update-upgrade-install: SUCCESS: config-package-update-upgrade-install ran successfully\r\n2025-04-22 10:00:43,340 - stages.py[DEBUG]: Running module puppet (&lt;module &#39;cloudinit.config.cc_puppet&#39; from &#39;/usr/lib/python3.10/site-packages/cloudinit/config/cc_puppet.py&#39;&gt;) with frequency once-per-instance\r\n2025-04-22 10:00:43,341 - handlers.py[DEBUG]: start: modules-final/config-puppet: running config-puppet with frequency once-per-instance\r\n2025-04-22 10:00:43,341 - util.py[DEBUG]: Writing to /var/lib/cloud/instances/f8b5fc61-77ed-4f57-b54a-b9439a683484/sem/config_puppet - wb: [644] 24 bytes\r\n2025-04-22 10:00:43,341 - util.py[DEBUG]: Restoring selinux mode for /var/lib/cloud/instances/f8b5fc61-77ed-4f57-b54a-b9439a683484/sem/config_puppet (recursive=False)\r\n2025-04-22 10:00:43,342 - util.py[DEBUG]: Restoring selinux mode for /var/lib/cloud/instances/f8b5fc61-77ed-4f57-b54a-b9439a683484/sem/config_puppet (recursive=False)\r\n2025-04-22 10:00:43,343 - helpers.py[DEBUG]: Running config-puppet using lock (&lt;FileLock using file &#39;/var/lib/cloud/instances/f8b5fc61-77ed-4f57-b54a-b9439a683484/sem/config_puppet&#39;&gt;)\r\n2025-04-22 10:00:43,343 - cc_puppet.py[DEBUG]: Skipping module named puppet, no &#39;puppet&#39; configuration found\r\n2025-04-22 10:00:43,343 - handlers.py[DEBUG]: finish: modules-final/config-puppet: SUCCESS: config-puppet ran successfully\r\n2025-04-22 10:00:43,343 - stages.py[DEBUG]: Running module chef (&lt;module &#39;cloudinit.config.cc_chef&#39; from &#39;/usr/lib/python3.10/site-packages/cloudinit/config/cc_chef.py&#39;&gt;) with frequency always\r\n2025-04-22 10:00:43,344 - handlers.py[DEBUG]: start: modules-final/config-chef: running config-chef with frequency always\r\n2025-04-22 10:00:43,344 - helpers.py[DEBUG]: Running config-chef using lock (&lt;cloudinit.helpers.DummyLock object at 0x7f85b85f0670&gt;)\r\n2025-04-22 10:00:43,344 - cc_chef.py[DEBUG]: Skipping module named chef, no &#39;chef&#39; key in configuration\r\n2025-04-22 10:00:43,344 - handlers.py[DEBUG]: finish: modules-final/config-chef: SUCCESS: config-chef ran successfully\r\n2025-04-22 10:00:43,344 - stages.py[DEBUG]: Running module mcollective (&lt;module &#39;cloudinit.config.cc_mcollective&#39; from &#39;/usr/lib/python3.10/site-packages/cloudinit/config/cc_mcollective.py&#39;&gt;) with frequency once-per-instance\r\n2025-04-22 10:00:43,344 - handlers.py[DEBUG]: start: modules-final/config-mcollective: running config-mcollective with frequency once-per-instance\r\n2025-04-22 10:00:43,344 - util.py[DEBUG]: Writing to /var/lib/cloud/instances/f8b5fc61-77ed-4f57-b54a-b9439a683484/sem/config_mcollective - wb: [644] 24 bytes\r\n2025-04-22 10:00:43,345 - util.py[DEBUG]: Restoring selinux mode for /var/lib/cloud/instances/f8b5fc61-77ed-4f57-b54a-b9439a683484/sem/config_mcollective (recursive=False)\r\n2025-04-22 10:00:43,346 - util.py[DEBUG]: Restoring selinux mode for /var/lib/cloud/instances/f8b5fc61-77ed-4f57-b54a-b9439a683484/sem/config_mcollective (recursive=False)\r\n2025-04-22 10:00:43,346 - helpers.py[DEBUG]: Running config-mcollective using lock (&lt;FileLock using file &#39;/var/lib/cloud/instances/f8b5fc61-77ed-4f57-b54a-b9439a683484/sem/config_mcollective&#39;&gt;)\r\n2025-04-22 10:00:43,347 - cc_mcollective.py[DEBUG]: Skipping module named mcollective, no &#39;mcollective&#39; key in configuration\r\n2025-04-22 10:00:43,347 - handlers.py[DEBUG]: finish: modules-final/config-mcollective: SUCCESS: config-mcollective ran successfully\r\n2025-04-22 10:00:43,347 - stages.py[DEBUG]: Running module salt-minion (&lt;module &#39;cloudinit.config.cc_salt_minion&#39; from &#39;/usr/lib/python3.10/site-packages/cloudinit/config/cc_salt_minion.py&#39;&gt;) with frequency once-per-instance\r\n2025-04-22 10:00:43,347 - handlers.py[DEBUG]: start: modules-final/config-salt-minion: running config-salt-minion with frequency once-per-instance\r\n2025-04-22 10:00:43,347 - util.py[DEBUG]: Writing to /var/lib/cloud/instances/f8b5fc61-77ed-4f57-b54a-b9439a683484/sem/config_salt_minion - wb: [644] 24 bytes\r\n2025-04-22 10:00:43,348 - util.py[DEBUG]: Restoring selinux mode for /var/lib/cloud/instances/f8b5fc61-77ed-4f57-b54a-b9439a683484/sem/config_salt_minion (recursive=False)\r\n2025-04-22 10:00:43,349 - util.py[DEBUG]: Restoring selinux mode for /var/lib/cloud/instances/f8b5fc61-77ed-4f57-b54a-b9439a683484/sem/config_salt_minion (recursive=False)\r\n2025-04-22 10:00:43,349 - helpers.py[DEBUG]: Running config-salt-minion using lock (&lt;FileLock using file &#39;/var/lib/cloud/instances/f8b5fc61-77ed-4f57-b54a-b9439a683484/sem/config_salt_minion&#39;&gt;)\r\n2025-04-22 10:00:43,350 - cc_salt_minion.py[DEBUG]: Skipping module named salt-minion, no &#39;salt_minion&#39; key in configuration\r\n2025-04-22 10:00:43,350 - handlers.py[DEBUG]: finish: modules-final/config-salt-minion: SUCCESS: config-salt-minion ran successfully\r\n2025-04-22 10:00:43,350 - stages.py[DEBUG]: Running module reset_rmc (&lt;module &#39;cloudinit.config.cc_reset_rmc&#39; from &#39;/usr/lib/python3.10/site-packages/cloudinit/config/cc_reset_rmc.py&#39;&gt;) with frequency once-per-instance\r\n2025-04-22 10:00:43,350 - handlers.py[DEBUG]: start: modules-final/config-reset_rmc: running config-reset_rmc with frequency once-per-instance\r\n2025-04-22 10:00:43,350 - util.py[DEBUG]: Writing to /var/lib/cloud/instances/f8b5fc61-77ed-4f57-b54a-b9439a683484/sem/config_reset_rmc - wb: [644] 24 bytes\r\n2025-04-22 10:00:43,351 - util.py[DEBUG]: Restoring selinux mode for /var/lib/cloud/instances/f8b5fc61-77ed-4f57-b54a-b9439a683484/sem/config_reset_rmc (recursive=False)\r\n2025-04-22 10:00:43,351 - util.py[DEBUG]: Restoring selinux mode for /var/lib/cloud/instances/f8b5fc61-77ed-4f57-b54a-b9439a683484/sem/config_reset_rmc (recursive=False)\r\n2025-04-22 10:00:43,352 - helpers.py[DEBUG]: Running config-reset_rmc using lock (&lt;FileLock using file &#39;/var/lib/cloud/instances/f8b5fc61-77ed-4f57-b54a-b9439a683484/sem/config_reset_rmc&#39;&gt;)\r\n2025-04-22 10:00:43,352 - cc_reset_rmc.py[DEBUG]: module disabled, RSCT_PATH not present\r\n2025-04-22 10:00:43,352 - handlers.py[DEBUG]: finish: modules-final/config-reset_rmc: SUCCESS: config-reset_rmc ran successfully\r\n2025-04-22 10:00:43,352 - stages.py[DEBUG]: Running module refresh_rmc_and_interface (&lt;module &#39;cloudinit.config.cc_refresh_rmc_and_interface&#39; from &#39;/usr/lib/python3.10/site-packages/cloudinit/config/cc_refresh_rmc_and_interface.py&#39;&gt;) with frequency always\r\n2025-04-22 10:00:43,352 - handlers.py[DEBUG]: start: modules-final/config-refresh_rmc_and_interface: running config-refresh_rmc_and_interface with frequency always\r\n2025-04-22 10:00:43,352 - helpers.py[DEBUG]: Running config-refresh_rmc_and_interface using lock (&lt;cloudinit.helpers.DummyLock object at 0x7f85b85f0670&gt;)\r\n2025-04-22 10:00:43,354 - cc_refresh_rmc_and_interface.py[DEBUG]: No &#39;rmcctrl&#39; in path, disabled\r\n2025-04-22 10:00:43,354 - handlers.py[DEBUG]: finish: modules-final/config-refresh_rmc_and_interface: SUCCESS: config-refresh_rmc_and_interface ran successfully\r\n2025-04-22 10:00:43,354 - stages.py[DEBUG]: Running module rightscale_userdata (&lt;module &#39;cloudinit.config.cc_rightscale_userdata&#39; from &#39;/usr/lib/python3.10/site-packages/cloudinit/config/cc_rightscale_userdata.py&#39;&gt;) with frequency once-per-instance\r\n2025-04-22 10:00:43,354 - handlers.py[DEBUG]: start: modules-final/config-rightscale_userdata: running config-rightscale_userdata with frequency once-per-instance\r\n2025-04-22 10:00:43,354 - util.py[DEBUG]: Writing to /var/lib/cloud/instances/f8b5fc61-77ed-4f57-b54a-b9439a683484/sem/config_rightscale_userdata - wb: [644] 24 bytes\r\n2025-04-22 10:00:43,354 - util.py[DEBUG]: Restoring selinux mode for /var/lib/cloud/instances/f8b5fc61-77ed-4f57-b54a-b9439a683484/sem/config_rightscale_userdata (recursive=False)\r\n2025-04-22 10:00:43,355 - util.py[DEBUG]: Restoring selinux mode for /var/lib/cloud/instances/f8b5fc61-77ed-4f57-b54a-b9439a683484/sem/config_rightscale_userdata (recursive=False)\r\n2025-04-22 10:00:43,356 - helpers.py[DEBUG]: Running config-rightscale_userdata using lock (&lt;FileLock using file &#39;/var/lib/cloud/instances/f8b5fc61-77ed-4f57-b54a-b9439a683484/sem/config_rightscale_userdata&#39;&gt;)\r\n2025-04-22 10:00:43,356 - cc_rightscale_userdata.py[DEBUG]: Failed to get raw userdata in module rightscale_userdata\r\n2025-04-22 10:00:43,356 - handlers.py[DEBUG]: finish: modules-final/config-rightscale_userdata: SUCCESS: config-rightscale_userdata ran successfully\r\n2025-04-22 10:00:43,356 - stages.py[DEBUG]: Running module scripts-vendor (&lt;module &#39;cloudinit.config.cc_scripts_vendor&#39; from &#39;/usr/lib/python3.10/site-packages/cloudinit/config/cc_scripts_vendor.py&#39;&gt;) with frequency once-per-instance\r\n2025-04-22 10:00:43,356 - handlers.py[DEBUG]: start: modules-final/config-scripts-vendor: running config-scripts-vendor with frequency once-per-instance\r\n2025-04-22 10:00:43,356 - util.py[DEBUG]: Writing to /var/lib/cloud/instances/f8b5fc61-77ed-4f57-b54a-b9439a683484/sem/config_scripts_vendor - wb: [644] 23 bytes\r\n2025-04-22 10:00:43,357 - util.py[DEBUG]: Restoring selinux mode for /var/lib/cloud/instances/f8b5fc61-77ed-4f57-b54a-b9439a683484/sem/config_scripts_vendor (recursive=False)\r\n2025-04-22 10:00:43,357 - util.py[DEBUG]: Restoring selinux mode for /var/lib/cloud/instances/f8b5fc61-77ed-4f57-b54a-b9439a683484/sem/config_scripts_vendor (recursive=False)\r\n2025-04-22 10:00:43,357 - helpers.py[DEBUG]: Running config-scripts-vendor using lock (&lt;FileLock using file &#39;/var/lib/cloud/instances/f8b5fc61-77ed-4f57-b54a-b9439a683484/sem/config_scripts_vendor&#39;&gt;)\r\n2025-04-22 10:00:43,358 - handlers.py[DEBUG]: finish: modules-final/config-scripts-vendor: SUCCESS: config-scripts-vendor ran successfully\r\n2025-04-22 10:00:43,358 - stages.py[DEBUG]: Running module scripts-per-once (&lt;module &#39;cloudinit.config.cc_scripts_per_once&#39; from &#39;/usr/lib/python3.10/site-packages/cloudinit/config/cc_scripts_per_once.py&#39;&gt;) with frequency once\r\n2025-04-22 10:00:43,358 - handlers.py[DEBUG]: start: modules-final/config-scripts-per-once: running config-scripts-per-once with frequency once\r\n2025-04-22 10:00:43,358 - helpers.py[DEBUG]: config-scripts-per-once already ran (freq=once)\r\n2025-04-22 10:00:43,358 - handlers.py[DEBUG]: finish: modules-final/config-scripts-per-once: SUCCESS: config-scripts-per-once previously ran\r\n2025-04-22 10:00:43,358 - stages.py[DEBUG]: Running module scripts-per-boot (&lt;module &#39;cloudinit.config.cc_scripts_per_boot&#39; from &#39;/usr/lib/python3.10/site-packages/cloudinit/config/cc_scripts_per_boot.py&#39;&gt;) with frequency always\r\n2025-04-22 10:00:43,358 - handlers.py[DEBUG]: start: modules-final/config-scripts-per-boot: running config-scripts-per-boot with frequency always\r\n2025-04-22 10:00:43,358 - helpers.py[DEBUG]: Running config-scripts-per-boot using lock (&lt;cloudinit.helpers.DummyLock object at 0x7f85b85f3490&gt;)\r\n2025-04-22 10:00:43,358 - handlers.py[DEBUG]: finish: modules-final/config-scripts-per-boot: SUCCESS: config-scripts-per-boot ran successfully\r\n2025-04-22 10:00:43,358 - stages.py[DEBUG]: Running module scripts-per-instance (&lt;module &#39;cloudinit.config.cc_scripts_per_instance&#39; from &#39;/usr/lib/python3.10/site-packages/cloudinit/config/cc_scripts_per_instance.py&#39;&gt;) with frequency once-per-instance\r\n2025-04-22 10:00:43,358 - handlers.py[DEBUG]: start: modules-final/config-scripts-per-instance: running config-scripts-per-instance with frequency once-per-instance\r\n2025-04-22 10:00:43,358 - util.py[DEBUG]: Writing to /var/lib/cloud/instances/f8b5fc61-77ed-4f57-b54a-b9439a683484/sem/config_scripts_per_instance - wb: [644] 24 bytes\r\n2025-04-22 10:00:43,359 - util.py[DEBUG]: Restoring selinux mode for /var/lib/cloud/instances/f8b5fc61-77ed-4f57-b54a-b9439a683484/sem/config_scripts_per_instance (recursive=False)\r\n2025-04-22 10:00:43,360 - util.py[DEBUG]: Restoring selinux mode for /var/lib/cloud/instances/f8b5fc61-77ed-4f57-b54a-b9439a683484/sem/config_scripts_per_instance (recursive=False)\r\n2025-04-22 10:00:43,360 - helpers.py[DEBUG]: Running config-scripts-per-instance using lock (&lt;FileLock using file &#39;/var/lib/cloud/instances/f8b5fc61-77ed-4f57-b54a-b9439a683484/sem/config_scripts_per_instance&#39;&gt;)\r\n2025-04-22 10:00:43,360 - handlers.py[DEBUG]: finish: modules-final/config-scripts-per-instance: SUCCESS: config-scripts-per-instance ran successfully\r\n2025-04-22 10:00:43,360 - stages.py[DEBUG]: Running module scripts-user (&lt;module &#39;cloudinit.config.cc_scripts_user&#39; from &#39;/usr/lib/python3.10/site-packages/cloudinit/config/cc_scripts_user.py&#39;&gt;) with frequency once-per-instance\r\n2025-04-22 10:00:43,360 - handlers.py[DEBUG]: start: modules-final/config-scripts-user: running config-scripts-user with frequency once-per-instance\r\n2025-04-22 10:00:43,361 - util.py[DEBUG]: Writing to /var/lib/cloud/instances/f8b5fc61-77ed-4f57-b54a-b9439a683484/sem/config_scripts_user - wb: [644] 23 bytes\r\n2025-04-22 10:00:43,361 - util.py[DEBUG]: Restoring selinux mode for /var/lib/cloud/instances/f8b5fc61-77ed-4f57-b54a-b9439a683484/sem/config_scripts_user (recursive=False)\r\n2025-04-22 10:00:43,362 - util.py[DEBUG]: Restoring selinux mode for /var/lib/cloud/instances/f8b5fc61-77ed-4f57-b54a-b9439a683484/sem/config_scripts_user (recursive=False)\r\n2025-04-22 10:00:43,362 - helpers.py[DEBUG]: Running config-scripts-user using lock (&lt;FileLock using file &#39;/var/lib/cloud/instances/f8b5fc61-77ed-4f57-b54a-b9439a683484/sem/config_scripts_user&#39;&gt;)\r\n2025-04-22 10:00:43,362 - handlers.py[DEBUG]: finish: modules-final/config-scripts-user: SUCCESS: config-scripts-user ran successfully\r\n2025-04-22 10:00:43,362 - stages.py[DEBUG]: Running module ssh-authkey-fingerprints (&lt;module &#39;cloudinit.config.cc_ssh_authkey_fingerprints&#39; from &#39;/usr/lib/python3.10/site-packages/cloudinit/config/cc_ssh_authkey_fingerprints.py&#39;&gt;) with frequency once-per-instance\r\n2025-04-22 10:00:43,362 - handlers.py[DEBUG]: start: modules-final/config-ssh-authkey-fingerprints: running config-ssh-authkey-fingerprints with frequency once-per-instance\r\n2025-04-22 10:00:43,363 - util.py[DEBUG]: Writing to /var/lib/cloud/instances/f8b5fc61-77ed-4f57-b54a-b9439a683484/sem/config_ssh_authkey_fingerprints - wb: [644] 24 bytes\r\n2025-04-22 10:00:43,363 - util.py[DEBUG]: Restoring selinux mode for /var/lib/cloud/instances/f8b5fc61-77ed-4f57-b54a-b9439a683484/sem/config_ssh_authkey_fingerprints (recursive=False)\r\n2025-04-22 10:00:43,364 - util.py[DEBUG]: Restoring selinux mode for /var/lib/cloud/instances/f8b5fc61-77ed-4f57-b54a-b9439a683484/sem/config_ssh_authkey_fingerprints (recursive=False)\r\n2025-04-22 10:00:43,364 - helpers.py[DEBUG]: Running config-ssh-authkey-fingerprints using lock (&lt;FileLock using file &#39;/var/lib/cloud/instances/f8b5fc61-77ed-4f57-b54a-b9439a683484/sem/config_ssh_authkey_fingerprints&#39;&gt;)\r\n2025-04-22 10:00:43,364 - util.py[DEBUG]: Reading from /etc/ssh/sshd_config (quiet=False)\r\n2025-04-22 10:00:43,364 - util.py[DEBUG]: Read 3695 bytes from /etc/ssh/sshd_config\r\n2025-04-22 10:00:43,365 - util.py[DEBUG]: Restoring selinux mode for /home/fedora/.ssh (recursive=True)\r\n2025-04-22 10:00:43,383 - util.py[DEBUG]: Reading from /home/fedora/.ssh/authorized_keys (quiet=False)\r\n2025-04-22 10:00:43,385 - util.py[DEBUG]: Read 0 bytes from /home/fedora/.ssh/authorized_keys\r\n2025-04-22 10:00:43,397 - handlers.py[DEBUG]: finish: modules-final/config-ssh-authkey-fingerprints: SUCCESS: config-ssh-authkey-fingerprints ran successfully\r\n2025-04-22 10:00:43,397 - stages.py[DEBUG]: Running module keys-to-console (&lt;module &#39;cloudinit.config.cc_keys_to_console&#39; from &#39;/usr/lib/python3.10/site-packages/cloudinit/config/cc_keys_to_console.py&#39;&gt;) with frequency once-per-instance\r\n2025-04-22 10:00:43,397 - handlers.py[DEBUG]: start: modules-final/config-keys-to-console: running config-keys-to-console with frequency once-per-instance\r\n2025-04-22 10:00:43,397 - util.py[DEBUG]: Writing to /var/lib/cloud/instances/f8b5fc61-77ed-4f57-b54a-b9439a683484/sem/config_keys_to_console - wb: [644] 24 bytes\r\n2025-04-22 10:00:43,398 - util.py[DEBUG]: Restoring selinux mode for /var/lib/cloud/instances/f8b5fc61-77ed-4f57-b54a-b9439a683484/sem/config_keys_to_console (recursive=False)\r\n2025-04-22 10:00:43,399 - util.py[DEBUG]: Restoring selinux mode for /var/lib/cloud/instances/f8b5fc61-77ed-4f57-b54a-b9439a683484/sem/config_keys_to_console (recursive=False)\r\n2025-04-22 10:00:43,399 - helpers.py[DEBUG]: Running config-keys-to-console using lock (&lt;FileLock using file &#39;/var/lib/cloud/instances/f8b5fc61-77ed-4f57-b54a-b9439a683484/sem/config_keys_to_console&#39;&gt;)\r\n2025-04-22 10:00:43,401 - subp.py[DEBUG]: Running command [&#39;/usr/libexec/cloud-init/write-ssh-key-fingerprints&#39;, &#39;&#39;, &#39;ssh-dss&#39;] with allowed return codes [0] (shell=False, capture=True)\r\n2025-04-22 10:00:43,615 - handlers.py[DEBUG]: finish: modules-final/config-keys-to-console: SUCCESS: config-keys-to-console ran successfully\r\n2025-04-22 10:00:43,615 - stages.py[DEBUG]: Running module phone-home (&lt;module &#39;cloudinit.config.cc_phone_home&#39; from &#39;/usr/lib/python3.10/site-packages/cloudinit/config/cc_phone_home.py&#39;&gt;) with frequency once-per-instance\r\n2025-04-22 10:00:43,615 - handlers.py[DEBUG]: start: modules-final/config-phone-home: running config-phone-home with frequency once-per-instance\r\n2025-04-22 10:00:43,616 - util.py[DEBUG]: Writing to /var/lib/cloud/instances/f8b5fc61-77ed-4f57-b54a-b9439a683484/sem/config_phone_home - wb: [644] 24 bytes\r\n2025-04-22 10:00:43,616 - util.py[DEBUG]: Restoring selinux mode for /var/lib/cloud/instances/f8b5fc61-77ed-4f57-b54a-b9439a683484/sem/config_phone_home (recursive=False)\r\n2025-04-22 10:00:43,617 - util.py[DEBUG]: Restoring selinux mode for /var/lib/cloud/instances/f8b5fc61-77ed-4f57-b54a-b9439a683484/sem/config_phone_home (recursive=False)\r\n2025-04-22 10:00:43,617 - helpers.py[DEBUG]: Running config-phone-home using lock (&lt;FileLock using file &#39;/var/lib/cloud/instances/f8b5fc61-77ed-4f57-b54a-b9439a683484/sem/config_phone_home&#39;&gt;)\r\n2025-04-22 10:00:43,617 - cc_phone_home.py[DEBUG]: Skipping module named phone-home, no &#39;phone_home&#39; configuration found\r\n2025-04-22 10:00:43,617 - handlers.py[DEBUG]: finish: modules-final/config-phone-home: SUCCESS: config-phone-home ran successfully\r\n2025-04-22 10:00:43,618 - stages.py[DEBUG]: Running module final-message (&lt;module &#39;cloudinit.config.cc_final_message&#39; from &#39;/usr/lib/python3.10/site-packages/cloudinit/config/cc_final_message.py&#39;&gt;) with frequency always\r\n2025-04-22 10:00:43,618 - handlers.py[DEBUG]: start: modules-final/config-final-message: running config-final-message with frequency always\r\n2025-04-22 10:00:43,618 - helpers.py[DEBUG]: Running config-final-message using lock (&lt;cloudinit.helpers.DummyLock object at 0x7f85b85f3370&gt;)\r\n2025-04-22 10:00:43,618 - util.py[DEBUG]: Reading from /proc/uptime (quiet=False)\r\n2025-04-22 10:00:43,618 - util.py[DEBUG]: Read 11 bytes from /proc/uptime\r\n2025-04-22 10:00:43,631 - util.py[DEBUG]: Cloud-init v. 20.4 finished at Tue, 22 Apr 2025 10:00:43 +0000. Datasource DataSourceNoCloud [seed=/dev/vdb][dsmode=net].  Up 24.74 seconds\r\n2025-04-22 10:00:43,631 - util.py[DEBUG]: Writing to /var/lib/cloud/instance/boot-finished - wb: [644] 50 bytes\r\n2025-04-22 10:00:43,632 - util.py[DEBUG]: Restoring selinux mode for /var/lib/cloud/instances/f8b5fc61-77ed-4f57-b54a-b9439a683484/boot-finished (recursive=False)\r\n2025-04-22 10:00:43,632 - util.py[DEBUG]: Restoring selinux mode for /var/lib/cloud/instances/f8b5fc61-77ed-4f57-b54a-b9439a683484/boot-finished (recursive=False)\r\n2025-04-22 10:00:43,633 - handlers.py[DEBUG]: finish: modules-final/config-final-message: SUCCESS: config-final-message ran successfully\r\n2025-04-22 10:00:43,633 - stages.py[DEBUG]: Running module power-state-change (&lt;module &#39;cloudinit.config.cc_power_state_change&#39; from &#39;/usr/lib/python3.10/site-packages/cloudinit/config/cc_power_state_change.py&#39;&gt;) with frequency once-per-instance\r\n2025-04-22 10:00:43,633 - handlers.py[DEBUG]: start: modules-final/config-power-state-change: running config-power-state-change with frequency once-per-instance\r\n2025-04-22 10:00:43,633 - util.py[DEBUG]: Writing to /var/lib/cloud/instances/f8b5fc61-77ed-4f57-b54a-b9439a683484/sem/config_power_state_change - wb: [644] 23 bytes\r\n2025-04-22 10:00:43,634 - util.py[DEBUG]: Restoring selinux mode for /var/lib/cloud/instances/f8b5fc61-77ed-4f57-b54a-b9439a683484/sem/config_power_state_change (recursive=False)\r\n2025-04-22 10:00:43,634 - util.py[DEBUG]: Restoring selinux mode for /var/lib/cloud/instances/f8b5fc61-77ed-4f57-b54a-b9439a683484/sem/config_power_state_change (recursive=False)\r\n2025-04-22 10:00:43,635 - helpers.py[DEBUG]: Running config-power-state-change using lock (&lt;FileLock using file &#39;/var/lib/cloud/instances/f8b5fc61-77ed-4f57-b54a-b9439a683484/sem/config_power_state_change&#39;&gt;)\r\n2025-04-22 10:00:43,635 - cc_power_state_change.py[DEBUG]: no power_state provided. doing nothing\r\n2025-04-22 10:00:43,635 - handlers.py[DEBUG]: finish: modules-final/config-power-state-change: SUCCESS: config-power-state-change ran successfully\r\n2025-04-22 10:00:43,635 - main.py[DEBUG]: Ran 18 modules with 0 failures\r\n2025-04-22 10:00:43,635 - atomic_helper.py[DEBUG]: Atomically writing to file /var/lib/cloud/data/status.json (via temporary file /var/lib/cloud/data/tmpejtm0q52) - w: [644] 602 bytes/chars\r\n2025-04-22 10:00:43,635 - atomic_helper.py[DEBUG]: Atomically writing to file /var/lib/cloud/data/result.json (via temporary file /var/lib/cloud/data/tmpl6kb40q9) - w: [644] 96 bytes/chars\r\n2025-04-22 10:00:43,635 - util.py[DEBUG]: Creating symbolic link from &#39;/run/cloud-init/result.json&#39; =&gt; &#39;../../var/lib/cloud/data/result.json&#39;\r\n2025-04-22 10:00:43,635 - util.py[DEBUG]: Reading from /proc/uptime (quiet=False)\r\n2025-04-22 10:00:43,636 - util.py[DEBUG]: Read 11 bytes from /proc/uptime\r\n2025-04-22 10:00:43,636 - util.py[DEBUG]: cloud-init mode &#39;modules&#39; took 0.620 seconds (0.62)\r\n2025-04-22 10:00:43,636 - handlers.py[DEBUG]: finish: modules-final: SUCCESS: running modules for final\r\n[root@testvmi-97w8k fedora]# &#34; &#34;\r\n2025-04-22 10:00:33,766 - util.py[DEBUG]: Cloud-init v. 20.4 running &#39;init-local&#39; at Tue, 22 Apr 2025 10:00:33 +0000. Up 14.86 seconds.\r\n2025-04-22 10:00:33,771 - main.py[DEBUG]: No kernel command line url found.\r\n2025-04-22 10:00:33,771 - main.py[DEBUG]: Closing stdin.\r\n2025-04-22 10:00:33,772 - util.py[DEBUG]: Restoring selinux mode for /var/lib/cloud (recursive=False)\r\n2025-04-22 10:00:33,772 - util.py[DEBUG]: Restoring selinux mode for /var/lib/cloud/scripts (recursive=False)\r\n2025-04-22 10:00:33,773 - util.py[DEBUG]: Restoring selinux mode for /var/lib/cloud/scripts/per-instance (recursive=False)\r\n2025-04-22 10:00:33,774 - util.py[DEBUG]: Restoring selinux mode for /var/lib/cloud/scripts/per-once (recursive=False)\r\n2025-04-22 10:00:33,775 - util.py[DEBUG]: Restoring selinux mode for /var/lib/cloud/scripts/per-boot (recursive=False)\r\n2025-04-22 10:00:33,776 - util.py[DEBUG]: Restoring selinux mode for /var/lib/cloud/scripts/vendor (recursive=False)\r\n2025-04-22 10:00:33,777 - util.py[DEBUG]: Restoring selinux mode for /var/lib/cloud/seed (recursive=False)\r\n2025-04-22 10:00:33,778 - util.py[DEBUG]: Restoring selinux mode for /var/lib/cloud/instances (recursive=False)\r\n2025-04-22 10:00:33,778 - util.py[DEBUG]: Restoring selinux mode for /var/lib/cloud/handlers (recursive=False)\r\n2025-04-22 10:00:33,783 - util.py[DEBUG]: Restoring selinux mode for /var/lib/cloud/sem (recursive=False)\r\n2025-04-22 10:00:33,783 - util.py[DEBUG]: Restoring selinux mode for /var/lib/cloud/data (recursive=False)\r\n2025-04-22 10:00:33,784 - util.py[DEBUG]: Writing to /var/log/cloud-init.log - ab: [644] 0 bytes\r\n2025-04-22 10:00:33,786 - util.py[DEBUG]: Restoring selinux mode for /var/log/cloud-init.log (recursive=False)\r\n2025-04-22 10:00:33,787 - util.py[DEBUG]: Restoring selinux mode for /var/log/cloud-init.log (recursive=False)\r\n2025-04-22 10:00:33,841 - util.py[DEBUG]: Changing the ownership of /var/log/cloud-init.log to 0:4\r\n2025-04-22 10:00:33,842 - util.py[DEBUG]: Attempting to remove /var/lib/cloud/instance/boot-finished\r\n2025-04-22 10:00:33,842 - util.py[DEBUG]: Attempting to remove /var/lib/cloud/data/no-net\r\n2025-04-22 10:00:33,843 - handlers.py[DEBUG]: start: init-local/check-cache: attempting to read from cache [check]\r\n2025-04-22 10:00:33,843 - util.py[DEBUG]: Reading from /var/lib/cloud/instance/obj.pkl (quiet=False)\r\n2025-04-22 10:00:33,844 - util.py[DEBUG]: Read 10716 bytes from /var/lib/cloud/instance/obj.pkl\r\n2025-04-22 10:00:33,855 - util.py[DEBUG]: Reading from /var/lib/cloud/seed/nocloud/meta-data (quiet=False)\r\n2025-04-22 10:00:33,855 - util.py[DEBUG]: Reading from /var/lib/cloud/seed/nocloud-net/meta-data (quiet=False)\r\n2025-04-22 10:00:33,855 - stages.py[DEBUG]: cache invalid in datasource: DataSourceNoCloud [seed=/dev/sr0][dsmode=net]\r\n2025-04-22 10:00:33,855 - handlers.py[DEBUG]: finish: init-local/check-cache: SUCCESS: cache invalid in datasource: DataSourceNoCloud [seed=/dev/sr0][dsmode=net]\r\n2025-04-22 10:00:33,856 - util.py[DEBUG]: Attempting to remove /var/lib/cloud/instance\r\n2025-04-22 10:00:33,856 - stages.py[DEBUG]: Using distro class &lt;class &#39;cloudinit.distros.fedora.Distro&#39;&gt;\r\n2025-04-22 10:00:33,856 - __init__.py[DEBUG]: Looking for data source in: [&#39;NoCloud&#39;, &#39;None&#39;], via packages [&#39;&#39;, &#39;cloudinit.sources&#39;] that matches dependencies [&#39;FILESYSTEM&#39;]\r\n2025-04-22 10:00:33,857 - __init__.py[DEBUG]: Searching for local data source in: [&#39;DataSourceNoCloud&#39;]\r\n2025-04-22 10:00:33,857 - handlers.py[DEBUG]: start: init-local/search-NoCloud: searching for local data from DataSourceNoCloud\r\n2025-04-22 10:00:33,857 - __init__.py[DEBUG]: Seeing if we can get any data from &lt;class &#39;cloudinit.sources.DataSourceNoCloud.DataSourceNoCloud&#39;&gt;\r\n2025-04-22 10:00:33,857 - __init__.py[DEBUG]: Update datasource metadata and network config due to events: New instance first boot\r\n2025-04-22 10:00:33,857 - dmi.py[DEBUG]: querying dmi data /sys/class/dmi/id/product_serial\r\n2025-04-22 10:00:33,858 - util.py[DEBUG]: Reading from /var/lib/cloud/seed/nocloud/user-data (quiet=False)\r\n2025-04-22 10:00:33,858 - util.py[DEBUG]: Reading from /var/lib/cloud/seed/nocloud/meta-data (quiet=False)\r\n2025-04-22 10:00:33,858 - util.py[DEBUG]: Reading from /var/lib/cloud/seed/nocloud/vendor-data (quiet=False)\r\n2025-04-22 10:00:33,858 - util.py[DEBUG]: Reading from /var/lib/cloud/seed/nocloud/network-config (quiet=False)\r\n2025-04-22 10:00:33,858 - util.py[DEBUG]: Reading from /var/lib/cloud/seed/nocloud-net/user-data (quiet=False)\r\n2025-04-22 10:00:33,858 - util.py[DEBUG]: Reading from /var/lib/cloud/seed/nocloud-net/meta-data (quiet=False)\r\n2025-04-22 10:00:33,858 - util.py[DEBUG]: Reading from /var/lib/cloud/seed/nocloud-net/vendor-data (quiet=False)\r\n2025-04-22 10:00:33,858 - util.py[DEBUG]: Reading from /var/lib/cloud/seed/nocloud-net/network-config (quiet=False)\r\n2025-04-22 10:00:33,858 - subp.py[DEBUG]: Running command [&#39;blkid&#39;, &#39;-tTYPE=vfat&#39;, &#39;-odevice&#39;] with allowed return codes [0, 2] (shell=False, capture=True)\r\n2025-04-22 10:00:33,954 - subp.py[DEBUG]: Running command [&#39;blkid&#39;, &#39;-tTYPE=iso9660&#39;, &#39;-odevice&#39;] with allowed return codes [0, 2] (shell=False, capture=True)\r\n2025-04-22 10:00:33,980 - subp.py[DEBUG]: Running command [&#39;blkid&#39;, &#39;-tLABEL=CIDATA&#39;, &#39;-odevice&#39;] with allowed return codes [0, 2] (shell=False, capture=True)\r\n2025-04-22 10:00:34,010 - subp.py[DEBUG]: Running command [&#39;blkid&#39;, &#39;-tLABEL=cidata&#39;, &#39;-odevice&#39;] with allowed return codes [0, 2] (shell=False, capture=True)\r\n2025-04-22 10:00:34,039 - subp.py[DEBUG]: Running command [&#39;blkid&#39;, &#39;-tLABEL_FATBOOT=cidata&#39;, &#39;-odevice&#39;] with allowed return codes [0, 2] (shell=False, capture=True)\r\n2025-04-22 10:00:34,068 - DataSourceNoCloud.py[DEBUG]: Attempting to use data from /dev/vdb\r\n2025-04-22 10:00:34,069 - util.py[DEBUG]: Reading from /proc/mounts (quiet=False)\r\n2025-04-22 10:00:34,069 - util.py[DEBUG]: Read 1885 bytes from /proc/mounts\r\n2025-04-22 10:00:34,069 - util.py[DEBUG]: Fetched {&#39;proc&#39;: {&#39;fstype&#39;: &#39;proc&#39;, &#39;mountpoint&#39;: &#39;/proc&#39;, &#39;opts&#39;: &#39;rw,nosuid,nodev,noexec,relatime&#39;}, &#39;sysfs&#39;: {&#39;fstype&#39;: &#39;sysfs&#39;, &#39;mountpoint&#39;: &#39;/sys&#39;, &#39;opts&#39;: &#39;rw,seclabel,nosuid,nodev,noexec,relatime&#39;}, &#39;devtmpfs&#39;: {&#39;fstype&#39;: &#39;devtmpfs&#39;, &#39;mountpoint&#39;: &#39;/dev&#39;, &#39;opts&#39;: &#39;rw,seclabel,nosuid,size=81392k,nr_inodes=20348,mode=755,inode64&#39;}, &#39;securityfs&#39;: {&#39;fstype&#39;: &#39;securityfs&#39;, &#39;mountpoint&#39;: &#39;/sys/kernel/security&#39;, &#39;opts&#39;: &#39;rw,nosuid,nodev,noexec,relatime&#39;}, &#39;tmpfs&#39;: {&#39;fstype&#39;: &#39;tmpfs&#39;, &#39;mountpoint&#39;: &#39;/tmp&#39;, &#39;opts&#39;: &#39;rw,seclabel,nosuid,nodev,nr_inodes=409600,inode64&#39;}, &#39;devpts&#39;: {&#39;fstype&#39;: &#39;devpts&#39;, &#39;mountpoint&#39;: &#39;/dev/pts&#39;, &#39;opts&#39;: &#39;rw,seclabel,nosuid,noexec,relatime,gid=5,mode=620,ptmxmode=000&#39;}, &#39;cgroup2&#39;: {&#39;fstype&#39;: &#39;cgroup2&#39;, &#39;mountpoint&#39;: &#39;/sys/fs/cgroup&#39;, &#39;opts&#39;: &#39;rw,seclabel,nosuid,nodev,noexec,relatime,nsdelegate,memory_recursiveprot&#39;}, &#39;pstore&#39;: {&#39;fstype&#39;: &#39;pstore&#39;, &#39;mountpoint&#39;: &#39;/sys/fs/pstore&#39;, &#39;opts&#39;: &#39;rw,seclabel,nosuid,nodev,noexec,relatime&#39;}, &#39;none&#39;: {&#39;fstype&#39;: &#39;bpf&#39;, &#39;mountpoint&#39;: &#39;/sys/fs/bpf&#39;, &#39;opts&#39;: &#39;rw,nosuid,nodev,noexec,relatime,mode=700&#39;}, &#39;/dev/vda5&#39;: {&#39;fstype&#39;: &#39;btrfs&#39;, &#39;mountpoint&#39;: &#39;/home&#39;, &#39;opts&#39;: &#39;rw,seclabel,relatime,compress=zstd:1,space_cache,subvolid=258,subvol=/home&#39;}, &#39;selinuxfs&#39;: {&#39;fstype&#39;: &#39;selinuxfs&#39;, &#39;mountpoint&#39;: &#39;/sys/fs/selinux&#39;, &#39;opts&#39;: &#39;rw,nosuid,noexec,relatime&#39;}, &#39;systemd-1&#39;: {&#39;fstype&#39;: &#39;autofs&#39;, &#39;mountpoint&#39;: &#39;/proc/sys/fs/binfmt_misc&#39;, &#39;opts&#39;: &#39;rw,relatime,fd=36,pgrp=1,timeout=0,minproto=5,maxproto=5,direct,pipe_ino=14852&#39;}, &#39;hugetlbfs&#39;: {&#39;fstype&#39;: &#39;hugetlbfs&#39;, &#39;mountpoint&#39;: &#39;/dev/hugepages&#39;, &#39;opts&#39;: &#39;rw,seclabel,relatime,pagesize=2M&#39;}, &#39;mqueue&#39;: {&#39;fstype&#39;: &#39;mqueue&#39;, &#39;mountpoint&#39;: &#39;/dev/mqueue&#39;, &#39;opts&#39;: &#39;rw,seclabel,nosuid,nodev,noexec,relatime&#39;}, &#39;debugfs&#39;: {&#39;fstype&#39;: &#39;debugfs&#39;, &#39;mountpoint&#39;: &#39;/sys/kernel/debug&#39;, &#39;opts&#39;: &#39;rw,seclabel,nosuid,nodev,noexec,relatime&#39;}, &#39;tracefs&#39;: {&#39;fstype&#39;: &#39;tracefs&#39;, &#39;mountpoint&#39;: &#39;/sys/kernel/tracing&#39;, &#39;opts&#39;: &#39;rw,seclabel,nosuid,nodev,noexec,relatime&#39;}, &#39;fusectl&#39;: {&#39;fstype&#39;: &#39;fusectl&#39;, &#39;mountpoint&#39;: &#39;/sys/fs/fuse/connections&#39;, &#39;opts&#39;: &#39;rw,nosuid,nodev,noexec,relatime&#39;}, &#39;configfs&#39;: {&#39;fstype&#39;: &#39;configfs&#39;, &#39;mountpoint&#39;: &#39;/sys/kernel/config&#39;, &#39;opts&#39;: &#39;rw,nosuid,nodev,noexec,relatime&#39;}, &#39;/dev/vda2&#39;: {&#39;fstype&#39;: &#39;ext4&#39;, &#39;mountpoint&#39;: &#39;/boot&#39;, &#39;opts&#39;: &#39;rw,seclabel,relatime&#39;}, &#39;/dev/vda3&#39;: {&#39;fstype&#39;: &#39;vfat&#39;, &#39;mountpoint&#39;: &#39;/boot/efi&#39;, &#39;opts&#39;: &#39;rw,relatime,fmask=0077,dmask=0077,codepage=437,iocharset=ascii,shortname=winnt,errors=remount-ro&#39;}} mounts from proc\r\n2025-04-22 10:00:34,077 - subp.py[DEBUG]: Running command [&#39;mount&#39;, &#39;-o&#39;, &#39;ro&#39;, &#39;-t&#39;, &#39;auto&#39;, &#39;/dev/vdb&#39;, &#39;/run/cloud-init/tmp/tmp_vxo4olu&#39;] with allowed return codes [0] (shell=False, capture=True)\r\n2025-04-22 10:00:34,187 - util.py[DEBUG]: Reading from /run/cloud-init/tmp/tmp_vxo4olu//user-data (quiet=False)\r\n2025-04-22 10:00:34,193 - util.py[DEBUG]: Read 0 bytes from /run/cloud-init/tmp/tmp_vxo4olu//user-data\r\n2025-04-22 10:00:34,193 - util.py[DEBUG]: Reading from /run/cloud-init/tmp/tmp_vxo4olu//meta-data (quiet=False)\r\n2025-04-22 10:00:34,199 - util.py[DEBUG]: Read 87 bytes from /run/cloud-init/tmp/tmp_vxo4olu//meta-data\r\n2025-04-22 10:00:34,199 - util.py[DEBUG]: Reading from /run/cloud-init/tmp/tmp_vxo4olu//vendor-data (quiet=False)\r\n2025-04-22 10:00:34,199 - util.py[DEBUG]: Reading from /run/cloud-init/tmp/tmp_vxo4olu//network-config (quiet=False)\r\n2025-04-22 10:00:34,200 - util.py[DEBUG]: Read 272 bytes from /run/cloud-init/tmp/tmp_vxo4olu//network-config\r\n2025-04-22 10:00:34,200 - subp.py[DEBUG]: Running command [&#39;umount&#39;, &#39;/run/cloud-init/tmp/tmp_vxo4olu&#39;] with allowed return codes [0] (shell=False, capture=True)\r\n2025-04-22 10:00:34,244 - util.py[DEBUG]: Attempting to load yaml from string of length 87 with allowed root types (&lt;class &#39;dict&#39;&gt;,)\r\n2025-04-22 10:00:34,245 - util.py[DEBUG]: Attempting to load yaml from string of length 272 with allowed root types (&lt;class &#39;dict&#39;&gt;,)\r\n2025-04-22 10:00:34,247 - DataSourceNoCloud.py[DEBUG]: Using data from /dev/vdb\r\n2025-04-22 10:00:34,250 - atomic_helper.py[DEBUG]: Atomically writing to file /run/cloud-init/instance-data-sensitive.json (via temporary file /run/cloud-init/tmpeopp6xr5) - w: [600] 6822 bytes/chars\r\n2025-04-22 10:00:34,250 - atomic_helper.py[DEBUG]: Atomically writing to file /run/cloud-init/instance-data.json (via temporary file /run/cloud-init/tmpl9a_mthl) - w: [644] 1540 bytes/chars\r\n2025-04-22 10:00:34,250 - handlers.py[DEBUG]: finish: init-local/search-NoCloud: SUCCESS: found local data from DataSourceNoCloud\r\n2025-04-22 10:00:34,250 - stages.py[INFO]: Loaded datasource DataSourceNoCloud - DataSourceNoCloud [seed=/dev/vdb][dsmode=net]\r\n2025-04-22 10:00:34,251 - util.py[DEBUG]: Reading from /etc/cloud/cloud.cfg (quiet=False)\r\n2025-04-22 10:00:34,251 - util.py[DEBUG]: Read 2276 bytes from /etc/cloud/cloud.cfg\r\n2025-04-22 10:00:34,251 - util.py[DEBUG]: Attempting to load yaml from string of length 2276 with allowed root types (&lt;class &#39;dict&#39;&gt;,)\r\n2025-04-22 10:00:34,256 - util.py[DEBUG]: Reading from /etc/cloud/cloud.cfg.d/05_logging.cfg (quiet=False)\r\n2025-04-22 10:00:34,256 - util.py[DEBUG]: Read 2070 bytes from /etc/cloud/cloud.cfg.d/05_logging.cfg\r\n2025-04-22 10:00:34,256 - util.py[DEBUG]: Attempting to load yaml from string of length 2070 with allowed root types (&lt;class &#39;dict&#39;&gt;,)\r\n2025-04-22 10:00:34,258 - util.py[DEBUG]: Reading from /run/cloud-init/cloud.cfg (quiet=False)\r\n2025-04-22 10:00:34,258 - util.py[DEBUG]: Read 35 bytes from /run/cloud-init/cloud.cfg\r\n2025-04-22 10:00:34,258 - util.py[DEBUG]: Attempting to load yaml from string of length 35 with allowed root types (&lt;class &#39;dict&#39;&gt;,)\r\n2025-04-22 10:00:34,259 - util.py[DEBUG]: Attempting to load yaml from string of length 0 with allowed root types (&lt;class &#39;dict&#39;&gt;,)\r\n2025-04-22 10:00:34,259 - util.py[DEBUG]: loaded blob returned None, returning default.\r\n2025-04-22 10:00:34,259 - util.py[DEBUG]: Attempting to remove /var/lib/cloud/instance\r\n2025-04-22 10:00:34,259 - util.py[DEBUG]: Creating symbolic link from &#39;/var/lib/cloud/instance&#39; =&gt; &#39;/var/lib/cloud/instances/f8b5fc61-77ed-4f57-b54a-b9439a683484&#39;\r\n2025-04-22 10:00:34,260 - util.py[DEBUG]: Restoring selinux mode for /var/lib/cloud/instances/f8b5fc61-77ed-4f57-b54a-b9439a683484 (recursive=True)\r\n2025-04-22 10:00:34,270 - util.py[DEBUG]: Restoring selinux mode for /var/lib/cloud/instances/f8b5fc61-77ed-4f57-b54a-b9439a683484/handlers (recursive=False)\r\n2025-04-22 10:00:34,271 - util.py[DEBUG]: Restoring selinux mode for /var/lib/cloud/instances/f8b5fc61-77ed-4f57-b54a-b9439a683484 (recursive=True)\r\n2025-04-22 10:00:34,273 - util.py[DEBUG]: Restoring selinux mode for /var/lib/cloud/instances/f8b5fc61-77ed-4f57-b54a-b9439a683484/scripts (recursive=False)\r\n2025-04-22 10:00:34,274 - util.py[DEBUG]: Restoring selinux mode for /var/lib/cloud/instances/f8b5fc61-77ed-4f57-b54a-b9439a683484 (recursive=True)\r\n2025-04-22 10:00:34,278 - util.py[DEBUG]: Restoring selinux mode for /var/lib/cloud/instances/f8b5fc61-77ed-4f57-b54a-b9439a683484/sem (recursive=False)\r\n2025-04-22 10:00:34,278 - util.py[DEBUG]: Reading from /var/lib/cloud/instances/f8b5fc61-77ed-4f57-b54a-b9439a683484/datasource (quiet=False)\r\n2025-04-22 10:00:34,278 - util.py[DEBUG]: Writing to /var/lib/cloud/instances/f8b5fc61-77ed-4f57-b54a-b9439a683484/datasource - wb: [644] 65 bytes\r\n2025-04-22 10:00:34,278 - util.py[DEBUG]: Restoring selinux mode for /var/lib/cloud/instances/f8b5fc61-77ed-4f57-b54a-b9439a683484/datasource (recursive=False)\r\n2025-04-22 10:00:34,279 - util.py[DEBUG]: Restoring selinux mode for /var/lib/cloud/instances/f8b5fc61-77ed-4f57-b54a-b9439a683484/datasource (recursive=False)\r\n2025-04-22 10:00:34,279 - util.py[DEBUG]: Writing to /var/lib/cloud/data/previous-datasource - wb: [644] 65 bytes\r\n2025-04-22 10:00:34,280 - util.py[DEBUG]: Restoring selinux mode for /var/lib/cloud/data/previous-datasource (recursive=False)\r\n2025-04-22 10:00:34,280 - util.py[DEBUG]: Restoring selinux mode for /var/lib/cloud/data/previous-datasource (recursive=False)\r\n2025-04-22 10:00:34,280 - util.py[DEBUG]: Reading from /var/lib/cloud/data/instance-id (quiet=False)\r\n2025-04-22 10:00:34,280 - util.py[DEBUG]: Read 12 bytes from /var/lib/cloud/data/instance-id\r\n2025-04-22 10:00:34,280 - stages.py[DEBUG]: previous iid found to be iid-local01\r\n2025-04-22 10:00:34,280 - util.py[DEBUG]: Writing to /var/lib/cloud/data/instance-id - wb: [644] 37 bytes\r\n2025-04-22 10:00:34,281 - util.py[DEBUG]: Restoring selinux mode for /var/lib/cloud/data/instance-id (recursive=False)\r\n2025-04-22 10:00:34,281 - util.py[DEBUG]: Restoring selinux mode for /var/lib/cloud/data/instance-id (recursive=False)\r\n2025-04-22 10:00:34,281 - util.py[DEBUG]: Writing to /run/cloud-init/.instance-id - wb: [644] 37 bytes\r\n2025-04-22 10:00:34,282 - util.py[DEBUG]: Restoring selinux mode for /run/cloud-init/.instance-id (recursive=False)\r\n2025-04-22 10:00:34,282 - util.py[DEBUG]: Restoring selinux mode for /run/cloud-init/.instance-id (recursive=False)\r\n2025-04-22 10:00:34,282 - util.py[DEBUG]: Writing to /var/lib/cloud/data/previous-instance-id - wb: [644] 12 bytes\r\n2025-04-22 10:00:34,282 - util.py[DEBUG]: Restoring selinux mode for /var/lib/cloud/data/previous-instance-id (recursive=False)\r\n2025-04-22 10:00:34,283 - util.py[DEBUG]: Restoring selinux mode for /var/lib/cloud/data/previous-instance-id (recursive=False)\r\n2025-04-22 10:00:34,284 - util.py[DEBUG]: Writing to /var/lib/cloud/instance/obj.pkl - wb: [400] 5998 bytes\r\n2025-04-22 10:00:34,284 - util.py[DEBUG]: Restoring selinux mode for /var/lib/cloud/instances/f8b5fc61-77ed-4f57-b54a-b9439a683484/obj.pkl (recursive=False)\r\n2025-04-22 10:00:34,284 - util.py[DEBUG]: Restoring selinux mode for /var/lib/cloud/instances/f8b5fc61-77ed-4f57-b54a-b9439a683484/obj.pkl (recursive=False)\r\n2025-04-22 10:00:34,285 - main.py[DEBUG]: [local] init will now be targeting instance id: f8b5fc61-77ed-4f57-b54a-b9439a683484. new=True\r\n2025-04-22 10:00:34,285 - util.py[DEBUG]: Reading from /etc/cloud/cloud.cfg (quiet=False)\r\n2025-04-22 10:00:34,285 - util.py[DEBUG]: Read 2276 bytes from /etc/cloud/cloud.cfg\r\n2025-04-22 10:00:34,285 - util.py[DEBUG]: Attempting to load yaml from string of length 2276 with allowed root types (&lt;class &#39;dict&#39;&gt;,)\r\n2025-04-22 10:00:34,290 - util.py[DEBUG]: Reading from /etc/cloud/cloud.cfg.d/05_logging.cfg (quiet=False)\r\n2025-04-22 10:00:34,290 - util.py[DEBUG]: Read 2070 bytes from /etc/cloud/cloud.cfg.d/05_logging.cfg\r\n2025-04-22 10:00:34,291 - util.py[DEBUG]: Attempting to load yaml from string of length 2070 with allowed root types (&lt;class &#39;dict&#39;&gt;,)\r\n2025-04-22 10:00:34,293 - util.py[DEBUG]: Reading from /run/cloud-init/cloud.cfg (quiet=False)\r\n2025-04-22 10:00:34,293 - util.py[DEBUG]: Read 35 bytes from /run/cloud-init/cloud.cfg\r\n2025-04-22 10:00:34,293 - util.py[DEBUG]: Attempting to load yaml from string of length 35 with allowed root types (&lt;class &#39;dict&#39;&gt;,)\r\n2025-04-22 10:00:34,293 - util.py[DEBUG]: Attempting to load yaml from string of length 0 with allowed root types (&lt;class &#39;dict&#39;&gt;,)\r\n2025-04-22 10:00:34,293 - util.py[DEBUG]: loaded blob returned None, returning default.\r\n2025-04-22 10:00:34,294 - stages.py[DEBUG]: Using distro class &lt;class &#39;cloudinit.distros.fedora.Distro&#39;&gt;\r\n2025-04-22 10:00:34,294 - util.py[DEBUG]: Reading from /var/lib/cloud/data/set-hostname (quiet=False)\r\n2025-04-22 10:00:34,294 - util.py[DEBUG]: Read 45 bytes from /var/lib/cloud/data/set-hostname\r\n2025-04-22 10:00:34,294 - cc_set_hostname.py[DEBUG]: Setting the hostname to testvmi-97w8k (testvmi-97w8k)\r\n2025-04-22 10:00:34,294 - subp.py[DEBUG]: Running command [&#39;hostnamectl&#39;, &#39;set-hostname&#39;, &#39;testvmi-97w8k&#39;] with allowed return codes [0] (shell=False, capture=True)\r\n2025-04-22 10:00:34,527 - __init__.py[DEBUG]: Non-persistently setting the system hostname to testvmi-97w8k\r\n2025-04-22 10:00:34,527 - subp.py[DEBUG]: Running command [&#39;hostname&#39;, &#39;testvmi-97w8k&#39;] with allowed return codes [0] (shell=False, capture=True)\r\n2025-04-22 10:00:34,556 - atomic_helper.py[DEBUG]: Atomically writing to file /var/lib/cloud/data/set-hostname (via temporary file /var/lib/cloud/data/tmp1qvvum6j) - w: [644] 59 bytes/chars\r\n2025-04-22 10:00:34,558 - util.py[DEBUG]: Reading from /sys/class/net/lo/address (quiet=False)\r\n2025-04-22 10:00:34,558 - util.py[DEBUG]: Read 18 bytes from /sys/class/net/lo/address\r\n2025-04-22 10:00:34,558 - util.py[DEBUG]: Reading from /sys/class/net/eth0/address (quiet=False)\r\n2025-04-22 10:00:34,558 - util.py[DEBUG]: Read 18 bytes from /sys/class/net/eth0/address\r\n2025-04-22 10:00:34,559 - util.py[DEBUG]: Reading from /sys/class/net/lo/addr_assign_type (quiet=False)\r\n2025-04-22 10:00:34,559 - util.py[DEBUG]: Read 2 bytes from /sys/class/net/lo/addr_assign_type\r\n2025-04-22 10:00:34,559 - util.py[DEBUG]: Reading from /sys/class/net/lo/uevent (quiet=False)\r\n2025-04-22 10:00:34,559 - util.py[DEBUG]: Read 23 bytes from /sys/class/net/lo/uevent\r\n2025-04-22 10:00:34,559 - util.py[DEBUG]: Reading from /sys/class/net/lo/address (quiet=False)\r\n2025-04-22 10:00:34,559 - util.py[DEBUG]: Read 18 bytes from /sys/class/net/lo/address\r\n2025-04-22 10:00:34,559 - util.py[DEBUG]: Reading from /sys/class/net/lo/device/device (quiet=False)\r\n2025-04-22 10:00:34,559 - util.py[DEBUG]: Reading from /sys/class/net/eth0/addr_assign_type (quiet=False)\r\n2025-04-22 10:00:34,559 - util.py[DEBUG]: Read 2 bytes from /sys/class/net/eth0/addr_assign_type\r\n2025-04-22 10:00:34,559 - util.py[DEBUG]: Reading from /sys/class/net/eth0/uevent (quiet=False)\r\n2025-04-22 10:00:34,559 - util.py[DEBUG]: Read 25 bytes from /sys/class/net/eth0/uevent\r\n2025-04-22 10:00:34,559 - util.py[DEBUG]: Reading from /sys/class/net/eth0/address (quiet=False)\r\n2025-04-22 10:00:34,559 - util.py[DEBUG]: Read 18 bytes from /sys/class/net/eth0/address\r\n2025-04-22 10:00:34,559 - util.py[DEBUG]: Reading from /sys/class/net/eth0/device/device (quiet=False)\r\n2025-04-22 10:00:34,559 - util.py[DEBUG]: Read 7 bytes from /sys/class/net/eth0/device/device\r\n2025-04-22 10:00:34,559 - util.py[DEBUG]: Reading from /sys/class/net/lo/type (quiet=False)\r\n2025-04-22 10:00:34,559 - util.py[DEBUG]: Read 4 bytes from /sys/class/net/lo/type\r\n2025-04-22 10:00:34,560 - util.py[DEBUG]: Reading from /sys/class/net/eth0/type (quiet=False)\r\n2025-04-22 10:00:34,560 - util.py[DEBUG]: Read 2 bytes from /sys/class/net/eth0/type\r\n2025-04-22 10:00:34,560 - networking.py[DEBUG]: net: all expected physical devices present\r\n2025-04-22 10:00:34,560 - stages.py[DEBUG]: applying net config names for {&#39;ethernets&#39;: {&#39;eth0&#39;: {&#39;addresses&#39;: [&#39;fd10:0:2::2/120&#39;], &#39;dhcp4&#39;: True, &#39;gateway6&#39;: &#39;fd10:0:2::1&#39;, &#39;match&#39;: {}, &#39;nameservers&#39;: {&#39;addresses&#39;: [&#39;10.96.0.10&#39;], &#39;search&#39;: [&#39;default.svc.cluster.local&#39;, &#39;svc.cluster.local&#39;, &#39;cluster.local&#39;]}}}, &#39;version&#39;: 2}\r\n2025-04-22 10:00:34,560 - __init__.py[DEBUG]: no interfaces to rename\r\n2025-04-22 10:00:34,560 - stages.py[INFO]: Applying network configuration from ds bringup=False: {&#39;ethernets&#39;: {&#39;eth0&#39;: {&#39;addresses&#39;: [&#39;fd10:0:2::2/120&#39;], &#39;dhcp4&#39;: True, &#39;gateway6&#39;: &#39;fd10:0:2::1&#39;, &#39;match&#39;: {}, &#39;nameservers&#39;: {&#39;addresses&#39;: [&#39;10.96.0.10&#39;], &#39;search&#39;: [&#39;default.svc.cluster.local&#39;, &#39;svc.cluster.local&#39;, &#39;cluster.local&#39;]}}}, &#39;version&#39;: 2}\r\n2025-04-22 10:00:34,565 - __init__.py[DEBUG]: Selected renderer &#39;sysconfig&#39; from priority list: None\r\n2025-04-22 10:00:34,565 - network_state.py[DEBUG]: NetworkState Version2: missing \&#34;macaddress\&#34; info in config entry: eth0: {&#39;addresses&#39;: [&#39;fd10:0:2::2/120&#39;], &#39;dhcp4&#39;: True, &#39;gateway6&#39;: &#39;fd10:0:2::1&#39;, &#39;match&#39;: {}, &#39;nameservers&#39;: {&#39;addresses&#39;: [&#39;10.96.0.10&#39;], &#39;search&#39;: [&#39;default.svc.cluster.local&#39;, &#39;svc.cluster.local&#39;, &#39;cluster.local&#39;]}}\r\n2025-04-22 10:00:34,566 - network_state.py[DEBUG]: v2(ethernets) -&gt; v1(physical):\r\n{&#39;type&#39;: &#39;physical&#39;, &#39;name&#39;: &#39;eth0&#39;, &#39;mac_address&#39;: None, &#39;match&#39;: {}, &#39;subnets&#39;: [{&#39;type&#39;: &#39;dhcp4&#39;}, {&#39;type&#39;: &#39;static&#39;, &#39;address&#39;: &#39;fd10:0:2::2/120&#39;, &#39;gateway&#39;: &#39;fd10:0:2::1&#39;, &#39;dns_nameservers&#39;: [&#39;10.96.0.10&#39;], &#39;dns_search&#39;: [&#39;default.svc.cluster.local&#39;, &#39;svc.cluster.local&#39;, &#39;cluster.local&#39;]}]}\r\n2025-04-22 10:00:34,568 - network_state.py[DEBUG]: v2_common: handling config:\r\n{&#39;eth0&#39;: {&#39;addresses&#39;: [&#39;fd10:0:2::2/120&#39;], &#39;dhcp4&#39;: True, &#39;gateway6&#39;: &#39;fd10:0:2::1&#39;, &#39;match&#39;: {}, &#39;nameservers&#39;: {&#39;addresses&#39;: [&#39;10.96.0.10&#39;], &#39;search&#39;: [&#39;default.svc.cluster.local&#39;, &#39;svc.cluster.local&#39;, &#39;cluster.local&#39;]}}}\r\n2025-04-22 10:00:34,568 - util.py[DEBUG]: Writing to /etc/sysconfig/network-scripts/ifcfg-eth0 - wb: [644] 336 bytes\r\n2025-04-22 10:00:34,569 - util.py[DEBUG]: Restoring selinux mode for /etc/sysconfig/network-scripts/ifcfg-eth0 (recursive=False)\r\n2025-04-22 10:00:34,570 - util.py[DEBUG]: Restoring selinux mode for /etc/sysconfig/network-scripts/ifcfg-eth0 (recursive=False)\r\n2025-04-22 10:00:34,570 - util.py[DEBUG]: Writing to /etc/udev/rules.d/70-persistent-net.rules - wb: [644] 0 bytes\r\n2025-04-22 10:00:34,571 - util.py[DEBUG]: Restoring selinux mode for /etc/udev/rules.d/70-persistent-net.rules (recursive=False)\r\n2025-04-22 10:00:34,571 - util.py[DEBUG]: Restoring selinux mode for /etc/udev/rules.d/70-persistent-net.rules (recursive=False)\r\n2025-04-22 10:00:34,571 - util.py[DEBUG]: Reading from /etc/sysconfig/network (quiet=True)\r\n2025-04-22 10:00:34,571 - util.py[DEBUG]: Read 109 bytes from /etc/sysconfig/network\r\n2025-04-22 10:00:34,571 - util.py[DEBUG]: Writing to /etc/sysconfig/network - wb: [644] 146 bytes\r\n2025-04-22 10:00:34,572 - util.py[DEBUG]: Restoring selinux mode for /etc/sysconfig/network (recursive=False)\r\n2025-04-22 10:00:34,573 - util.py[DEBUG]: Restoring selinux mode for /etc/sysconfig/network (recursive=False)\r\n2025-04-22 10:00:34,573 - main.py[DEBUG]: [local] Exiting. datasource DataSourceNoCloud [seed=/dev/vdb][dsmode=net] not in local mode.\r\n2025-04-22 10:00:34,573 - atomic_helper.py[DEBUG]: Atomically writing to file /var/lib/cloud/data/status.json (via temporary file /var/lib/cloud/data/tmpx8k5m9dx) - w: [644] 518 bytes/chars\r\n2025-04-22 10:00:34,574 - util.py[DEBUG]: Reading from /proc/uptime (quiet=False)\r\n2025-04-22 10:00:34,574 - util.py[DEBUG]: Read 11 bytes from /proc/uptime\r\n2025-04-22 10:00:34,574 - util.py[DEBUG]: cloud-init mode &#39;init&#39; took 1.083 seconds (1.08)\r\n2025-04-22 10:00:34,574 - handlers.py[DEBUG]: finish: init-local: SUCCESS: searching for local datasources\r\n2025-04-22 10:00:37,161 - util.py[DEBUG]: Cloud-init v. 20.4 running &#39;init&#39; at Tue, 22 Apr 2025 10:00:37 +0000. Up 18.23 seconds.\r\n2025-04-22 10:00:37,167 - main.py[DEBUG]: No kernel command line url found.\r\n2025-04-22 10:00:37,167 - main.py[DEBUG]: Closing stdin.\r\n2025-04-22 10:00:37,175 - util.py[DEBUG]: Restoring selinux mode for /var/lib/cloud (recursive=False)\r\n2025-04-22 10:00:37,177 - util.py[DEBUG]: Restoring selinux mode for /var/lib/cloud/scripts (recursive=False)\r\n2025-04-22 10:00:37,178 - util.py[DEBUG]: Restoring selinux mode for /var/lib/cloud/scripts/per-instance (recursive=False)\r\n2025-04-22 10:00:37,180 - util.py[DEBUG]: Restoring selinux mode for /var/lib/cloud/scripts/per-once (recursive=False)\r\n2025-04-22 10:00:37,181 - util.py[DEBUG]: Restoring selinux mode for /var/lib/cloud/scripts/per-boot (recursive=False)\r\n2025-04-22 10:00:37,182 - util.py[DEBUG]: Restoring selinux mode for /var/lib/cloud/scripts/vendor (recursive=False)\r\n2025-04-22 10:00:37,183 - util.py[DEBUG]: Restoring selinux mode for /var/lib/cloud/seed (recursive=False)\r\n2025-04-22 10:00:37,184 - util.py[DEBUG]: Restoring selinux mode for /var/lib/cloud/instances (recursive=False)\r\n2025-04-22 10:00:37,185 - util.py[DEBUG]: Restoring selinux mode for /var/lib/cloud/handlers (recursive=False)\r\n2025-04-22 10:00:37,205 - util.py[DEBUG]: Restoring selinux mode for /var/lib/cloud/sem (recursive=False)\r\n2025-04-22 10:00:37,209 - util.py[DEBUG]: Restoring selinux mode for /var/lib/cloud/data (recursive=False)\r\n2025-04-22 10:00:37,210 - util.py[DEBUG]: Writing to /var/log/cloud-init.log - ab: [644] 0 bytes\r\n2025-04-22 10:00:37,226 - util.py[DEBUG]: Restoring selinux mode for /var/log/cloud-init.log (recursive=False)\r\n2025-04-22 10:00:37,230 - util.py[DEBUG]: Restoring selinux mode for /var/log/cloud-init.log (recursive=False)\r\n2025-04-22 10:00:37,316 - util.py[DEBUG]: Changing the ownership of /var/log/cloud-init.log to 0:4\r\n2025-04-22 10:00:37,318 - subp.py[DEBUG]: Running command [&#39;ip&#39;, &#39;addr&#39;, &#39;show&#39;] with allowed return codes [0] (shell=False, capture=True)\r\n2025-04-22 10:00:37,354 - subp.py[DEBUG]: Running command [&#39;ip&#39;, &#39;-o&#39;, &#39;route&#39;, &#39;list&#39;] with allowed return codes [0] (shell=False, capture=True)\r\n2025-04-22 10:00:37,359 - subp.py[DEBUG]: Running command [&#39;ip&#39;, &#39;--oneline&#39;, &#39;-6&#39;, &#39;route&#39;, &#39;list&#39;, &#39;table&#39;, &#39;all&#39;] with allowed return codes [0, 1] (shell=False, capture=True)\r\n2025-04-22 10:00:37,363 - main.py[DEBUG]: Checking to see if files that we need already exist from a previous run that would allow us to stop early.\r\n2025-04-22 10:00:37,363 - main.py[DEBUG]: Execution continuing, no previous run detected that would allow us to stop early.\r\n2025-04-22 10:00:37,382 - handlers.py[DEBUG]: start: init-network/check-cache: attempting to read from cache [trust]\r\n2025-04-22 10:00:37,382 - util.py[DEBUG]: Reading from /var/lib/cloud/instance/obj.pkl (quiet=False)\r\n2025-04-22 10:00:37,449 - util.py[DEBUG]: Read 5998 bytes from /var/lib/cloud/instance/obj.pkl\r\n2025-04-22 10:00:37,542 - util.py[DEBUG]: Reading from /run/cloud-init/.instance-id (quiet=False)\r\n2025-04-22 10:00:37,543 - util.py[DEBUG]: Read 37 bytes from /run/cloud-init/.instance-id\r\n2025-04-22 10:00:37,543 - stages.py[DEBUG]: restored from cache with run check: DataSourceNoCloud [seed=/dev/vdb][dsmode=net]\r\n2025-04-22 10:00:37,543 - handlers.py[DEBUG]: finish: init-network/check-cache: SUCCESS: restored from cache with run check: DataSourceNoCloud [seed=/dev/vdb][dsmode=net]\r\n2025-04-22 10:00:37,566 - util.py[DEBUG]: Reading from /etc/cloud/cloud.cfg (quiet=False)\r\n2025-04-22 10:00:37,567 - util.py[DEBUG]: Read 2276 bytes from /etc/cloud/cloud.cfg\r\n2025-04-22 10:00:37,567 - util.py[DEBUG]: Attempting to load yaml from string of length 2276 with allowed root types (&lt;class &#39;dict&#39;&gt;,)\r\n2025-04-22 10:00:37,578 - util.py[DEBUG]: Reading from /etc/cloud/cloud.cfg.d/05_logging.cfg (quiet=False)\r\n2025-04-22 10:00:37,578 - util.py[DEBUG]: Read 2070 bytes from /etc/cloud/cloud.cfg.d/05_logging.cfg\r\n2025-04-22 10:00:37,579 - util.py[DEBUG]: Attempting to load yaml from string of length 2070 with allowed root types (&lt;class &#39;dict&#39;&gt;,)\r\n2025-04-22 10:00:37,581 - util.py[DEBUG]: Reading from /run/cloud-init/cloud.cfg (quiet=False)\r\n2025-04-22 10:00:37,581 - util.py[DEBUG]: Read 35 bytes from /run/cloud-init/cloud.cfg\r\n2025-04-22 10:00:37,581 - util.py[DEBUG]: Attempting to load yaml from string of length 35 with allowed root types (&lt;class &#39;dict&#39;&gt;,)\r\n2025-04-22 10:00:37,582 - util.py[DEBUG]: Attempting to load yaml from string of length 0 with allowed root types (&lt;class &#39;dict&#39;&gt;,)\r\n2025-04-22 10:00:37,582 - util.py[DEBUG]: loaded blob returned None, returning default.\r\n2025-04-22 10:00:37,582 - util.py[DEBUG]: Attempting to remove /var/lib/cloud/instance\r\n2025-04-22 10:00:37,582 - util.py[DEBUG]: Creating symbolic link from &#39;/var/lib/cloud/instance&#39; =&gt; &#39;/var/lib/cloud/instances/f8b5fc61-77ed-4f57-b54a-b9439a683484&#39;\r\n2025-04-22 10:00:37,583 - util.py[DEBUG]: Restoring selinux mode for /var/lib/cloud/instances/f8b5fc61-77ed-4f57-b54a-b9439a683484/handlers (recursive=False)\r\n2025-04-22 10:00:37,584 - util.py[DEBUG]: Restoring selinux mode for /var/lib/cloud/instances/f8b5fc61-77ed-4f57-b54a-b9439a683484/scripts (recursive=False)\r\n2025-04-22 10:00:37,585 - util.py[DEBUG]: Restoring selinux mode for /var/lib/cloud/instances/f8b5fc61-77ed-4f57-b54a-b9439a683484/sem (recursive=False)\r\n2025-04-22 10:00:37,585 - util.py[DEBUG]: Reading from /var/lib/cloud/instances/f8b5fc61-77ed-4f57-b54a-b9439a683484/datasource (quiet=False)\r\n2025-04-22 10:00:37,586 - util.py[DEBUG]: Read 65 bytes from /var/lib/cloud/instances/f8b5fc61-77ed-4f57-b54a-b9439a683484/datasource\r\n2025-04-22 10:00:37,586 - util.py[DEBUG]: Writing to /var/lib/cloud/instances/f8b5fc61-77ed-4f57-b54a-b9439a683484/datasource - wb: [644] 65 bytes\r\n2025-04-22 10:00:37,593 - util.py[DEBUG]: Restoring selinux mode for /var/lib/cloud/instances/f8b5fc61-77ed-4f57-b54a-b9439a683484/datasource (recursive=False)\r\n2025-04-22 10:00:37,594 - util.py[DEBUG]: Restoring selinux mode for /var/lib/cloud/instances/f8b5fc61-77ed-4f57-b54a-b9439a683484/datasource (recursive=False)\r\n2025-04-22 10:00:37,594 - util.py[DEBUG]: Writing to /var/lib/cloud/data/previous-datasource - wb: [644] 65 bytes\r\n2025-04-22 10:00:37,595 - util.py[DEBUG]: Restoring selinux mode for /var/lib/cloud/data/previous-datasource (recursive=False)\r\n2025-04-22 10:00:37,595 - util.py[DEBUG]: Restoring selinux mode for /var/lib/cloud/data/previous-datasource (recursive=False)\r\n2025-04-22 10:00:37,596 - util.py[DEBUG]: Reading from /var/lib/cloud/data/instance-id (quiet=False)\r\n2025-04-22 10:00:37,596 - util.py[DEBUG]: Read 37 bytes from /var/lib/cloud/data/instance-id\r\n2025-04-22 10:00:37,596 - stages.py[DEBUG]: previous iid found to be f8b5fc61-77ed-4f57-b54a-b9439a683484\r\n2025-04-22 10:00:37,596 - util.py[DEBUG]: Writing to /var/lib/cloud/data/instance-id - wb: [644] 37 bytes\r\n2025-04-22 10:00:37,596 - util.py[DEBUG]: Restoring selinux mode for /var/lib/cloud/data/instance-id (recursive=False)\r\n2025-04-22 10:00:37,597 - util.py[DEBUG]: Restoring selinux mode for /var/lib/cloud/data/instance-id (recursive=False)\r\n2025-04-22 10:00:37,597 - util.py[DEBUG]: Writing to /run/cloud-init/.instance-id - wb: [644] 37 bytes\r\n2025-04-22 10:00:37,597 - util.py[DEBUG]: Restoring selinux mode for /run/cloud-init/.instance-id (recursive=False)\r\n2025-04-22 10:00:37,597 - util.py[DEBUG]: Restoring selinux mode for /run/cloud-init/.instance-id (recursive=False)\r\n2025-04-22 10:00:37,598 - util.py[DEBUG]: Writing to /var/lib/cloud/data/previous-instance-id - wb: [644] 37 bytes\r\n2025-04-22 10:00:37,598 - util.py[DEBUG]: Restoring selinux mode for /var/lib/cloud/data/previous-instance-id (recursive=False)\r\n2025-04-22 10:00:37,598 - util.py[DEBUG]: Restoring selinux mode for /var/lib/cloud/data/previous-instance-id (recursive=False)\r\n2025-04-22 10:00:37,601 - util.py[DEBUG]: Writing to /var/lib/cloud/instance/obj.pkl - wb: [400] 6050 bytes\r\n2025-04-22 10:00:37,602 - util.py[DEBUG]: Restoring selinux mode for /var/lib/cloud/instances/f8b5fc61-77ed-4f57-b54a-b9439a683484/obj.pkl (recursive=False)\r\n2025-04-22 10:00:37,602 - util.py[DEBUG]: Restoring selinux mode for /var/lib/cloud/instances/f8b5fc61-77ed-4f57-b54a-b9439a683484/obj.pkl (recursive=False)\r\n2025-04-22 10:00:37,603 - main.py[DEBUG]: [net] init will now be targeting instance id: f8b5fc61-77ed-4f57-b54a-b9439a683484. new=False\r\n2025-04-22 10:00:37,603 - util.py[DEBUG]: Reading from /etc/cloud/cloud.cfg (quiet=False)\r\n2025-04-22 10:00:37,603 - util.py[DEBUG]: Read 2276 bytes from /etc/cloud/cloud.cfg\r\n2025-04-22 10:00:37,603 - util.py[DEBUG]: Attempting to load yaml from string of length 2276 with allowed root types (&lt;class &#39;dict&#39;&gt;,)\r\n2025-04-22 10:00:37,608 - util.py[DEBUG]: Reading from /etc/cloud/cloud.cfg.d/05_logging.cfg (quiet=False)\r\n2025-04-22 10:00:37,608 - util.py[DEBUG]: Read 2070 bytes from /etc/cloud/cloud.cfg.d/05_logging.cfg\r\n2025-04-22 10:00:37,608 - util.py[DEBUG]: Attempting to load yaml from string of length 2070 with allowed root types (&lt;class &#39;dict&#39;&gt;,)\r\n2025-04-22 10:00:37,610 - util.py[DEBUG]: Reading from /run/cloud-init/cloud.cfg (quiet=False)\r\n2025-04-22 10:00:37,610 - util.py[DEBUG]: Read 35 bytes from /run/cloud-init/cloud.cfg\r\n2025-04-22 10:00:37,610 - util.py[DEBUG]: Attempting to load yaml from string of length 35 with allowed root types (&lt;class &#39;dict&#39;&gt;,)\r\n2025-04-22 10:00:37,610 - util.py[DEBUG]: Attempting to load yaml from string of length 0 with allowed root types (&lt;class &#39;dict&#39;&gt;,)\r\n2025-04-22 10:00:37,610 - util.py[DEBUG]: loaded blob returned None, returning default.\r\n2025-04-22 10:00:37,611 - util.py[DEBUG]: Reading from /sys/class/net/lo/address (quiet=False)\r\n2025-04-22 10:00:37,611 - util.py[DEBUG]: Read 18 bytes from /sys/class/net/lo/address\r\n2025-04-22 10:00:37,611 - util.py[DEBUG]: Reading from /sys/class/net/eth0/address (quiet=False)\r\n2025-04-22 10:00:37,611 - util.py[DEBUG]: Read 18 bytes from /sys/class/net/eth0/address\r\n2025-04-22 10:00:37,612 - __init__.py[DEBUG]: Datasource DataSourceNoCloud [seed=/dev/vdb][dsmode=net] not updated for events: System boot\r\n2025-04-22 10:00:37,612 - stages.py[DEBUG]: No network config applied. Neither a new instance nor datasource network update on &#39;System boot&#39; event\r\n2025-04-22 10:00:37,612 - stages.py[DEBUG]: applying net config names for {&#39;ethernets&#39;: {&#39;eth0&#39;: {&#39;addresses&#39;: [&#39;fd10:0:2::2/120&#39;], &#39;dhcp4&#39;: True, &#39;gateway6&#39;: &#39;fd10:0:2::1&#39;, &#39;match&#39;: {}, &#39;nameservers&#39;: {&#39;addresses&#39;: [&#39;10.96.0.10&#39;], &#39;search&#39;: [&#39;default.svc.cluster.local&#39;, &#39;svc.cluster.local&#39;, &#39;cluster.local&#39;]}}}, &#39;version&#39;: 2}\r\n2025-04-22 10:00:37,612 - stages.py[DEBUG]: Using distro class &lt;class &#39;cloudinit.distros.fedora.Distro&#39;&gt;\r\n2025-04-22 10:00:37,612 - __init__.py[DEBUG]: no interfaces to rename\r\n2025-04-22 10:00:37,612 - handlers.py[DEBUG]: start: init-network/setup-datasource: setting up datasource\r\n2025-04-22 10:00:37,612 - handlers.py[DEBUG]: finish: init-network/setup-datasource: SUCCESS: setting up datasource\r\n2025-04-22 10:00:37,612 - util.py[DEBUG]: Writing to /var/lib/cloud/instances/f8b5fc61-77ed-4f57-b54a-b9439a683484/user-data.txt - wb: [600] 0 bytes\r\n2025-04-22 10:00:37,613 - util.py[DEBUG]: Restoring selinux mode for /var/lib/cloud/instances/f8b5fc61-77ed-4f57-b54a-b9439a683484/user-data.txt (recursive=False)\r\n2025-04-22 10:00:37,613 - util.py[DEBUG]: Restoring selinux mode for /var/lib/cloud/instances/f8b5fc61-77ed-4f57-b54a-b9439a683484/user-data.txt (recursive=False)\r\n2025-04-22 10:00:37,620 - util.py[DEBUG]: Writing to /var/lib/cloud/instances/f8b5fc61-77ed-4f57-b54a-b9439a683484/user-data.txt.i - wb: [600] 308 bytes\r\n2025-04-22 10:00:37,620 - util.py[DEBUG]: Restoring selinux mode for /var/lib/cloud/instances/f8b5fc61-77ed-4f57-b54a-b9439a683484/user-data.txt.i (recursive=False)\r\n2025-04-22 10:00:37,621 - util.py[DEBUG]: Restoring selinux mode for /var/lib/cloud/instances/f8b5fc61-77ed-4f57-b54a-b9439a683484/user-data.txt.i (recursive=False)\r\n2025-04-22 10:00:37,621 - util.py[DEBUG]: Writing to /var/lib/cloud/instances/f8b5fc61-77ed-4f57-b54a-b9439a683484/vendor-data.txt - wb: [600] 0 bytes\r\n2025-04-22 10:00:37,621 - util.py[DEBUG]: Restoring selinux mode for /var/lib/cloud/instances/f8b5fc61-77ed-4f57-b54a-b9439a683484/vendor-data.txt (recursive=False)\r\n2025-04-22 10:00:37,622 - util.py[DEBUG]: Restoring selinux mode for /var/lib/cloud/instances/f8b5fc61-77ed-4f57-b54a-b9439a683484/vendor-data.txt (recursive=False)\r\n2025-04-22 10:00:37,623 - util.py[DEBUG]: Writing to /var/lib/cloud/instances/f8b5fc61-77ed-4f57-b54a-b9439a683484/vendor-data.txt.i - wb: [600] 308 bytes\r\n2025-04-22 10:00:37,625 - util.py[DEBUG]: Restoring selinux mode for /var/lib/cloud/instances/f8b5fc61-77ed-4f57-b54a-b9439a683484/vendor-data.txt.i (recursive=False)\r\n2025-04-22 10:00:37,626 - util.py[DEBUG]: Restoring selinux mode for /var/lib/cloud/instances/f8b5fc61-77ed-4f57-b54a-b9439a683484/vendor-data.txt.i (recursive=False)\r\n2025-04-22 10:00:37,627 - util.py[DEBUG]: Reading from /var/lib/cloud/data/set-hostname (quiet=False)\r\n2025-04-22 10:00:37,627 - util.py[DEBUG]: Read 59 bytes from /var/lib/cloud/data/set-hostname\r\n2025-04-22 10:00:37,629 - cc_set_hostname.py[DEBUG]: No hostname changes. Skipping set-hostname\r\n2025-04-22 10:00:37,631 - util.py[DEBUG]: Writing to /var/lib/cloud/instances/f8b5fc61-77ed-4f57-b54a-b9439a683484/sem/consume_data - wb: [644] 24 bytes\r\n2025-04-22 10:00:37,633 - util.py[DEBUG]: Restoring selinux mode for /var/lib/cloud/instances/f8b5fc61-77ed-4f57-b54a-b9439a683484/sem/consume_data (recursive=False)\r\n2025-04-22 10:00:37,635 - util.py[DEBUG]: Restoring selinux mode for /var/lib/cloud/instances/f8b5fc61-77ed-4f57-b54a-b9439a683484/sem/consume_data (recursive=False)\r\n2025-04-22 10:00:37,637 - helpers.py[DEBUG]: Running consume_data using lock (&lt;FileLock using file &#39;/var/lib/cloud/instances/f8b5fc61-77ed-4f57-b54a-b9439a683484/sem/consume_data&#39;&gt;)\r\n2025-04-22 10:00:37,637 - handlers.py[DEBUG]: start: init-network/consume-user-data: reading and applying user-data\r\n2025-04-22 10:00:37,639 - stages.py[DEBUG]: Added default handler for {&#39;text/cloud-config-jsonp&#39;, &#39;text/cloud-config&#39;} from CloudConfigPartHandler: [[&#39;text/cloud-config&#39;, &#39;text/cloud-config-jsonp&#39;]]\r\n2025-04-22 10:00:37,639 - stages.py[DEBUG]: Added default handler for {&#39;text/x-shellscript&#39;} from ShellScriptPartHandler: [[&#39;text/x-shellscript&#39;]]\r\n2025-04-22 10:00:37,639 - stages.py[DEBUG]: Added default handler for {&#39;text/cloud-boothook&#39;} from BootHookPartHandler: [[&#39;text/cloud-boothook&#39;]]\r\n2025-04-22 10:00:37,639 - stages.py[DEBUG]: Added default handler for {&#39;text/upstart-job&#39;} from UpstartJobPartHandler: [[&#39;text/upstart-job&#39;]]\r\n2025-04-22 10:00:37,639 - stages.py[DEBUG]: Added default handler for {&#39;text/jinja2&#39;} from JinjaTemplatePartHandler: [[&#39;text/jinja2&#39;]]\r\n2025-04-22 10:00:37,640 - __init__.py[DEBUG]: Calling handler CloudConfigPartHandler: [[&#39;text/cloud-config&#39;, &#39;text/cloud-config-jsonp&#39;]] (__begin__, None, 3) with frequency once-per-instance\r\n2025-04-22 10:00:37,640 - __init__.py[DEBUG]: Calling handler ShellScriptPartHandler: [[&#39;text/x-shellscript&#39;]] (__begin__, None, 2) with frequency once-per-instance\r\n2025-04-22 10:00:37,640 - __init__.py[DEBUG]: Calling handler BootHookPartHandler: [[&#39;text/cloud-boothook&#39;]] (__begin__, None, 2) with frequency once-per-instance\r\n2025-04-22 10:00:37,640 - __init__.py[DEBUG]: Calling handler UpstartJobPartHandler: [[&#39;text/upstart-job&#39;]] (__begin__, None, 2) with frequency once-per-instance\r\n2025-04-22 10:00:37,640 - __init__.py[DEBUG]: Calling handler JinjaTemplatePartHandler: [[&#39;text/jinja2&#39;]] (__begin__, None, 3) with frequency once-per-instance\r\n2025-04-22 10:00:37,641 - __init__.py[DEBUG]: {&#39;MIME-Version&#39;: &#39;1.0&#39;, &#39;Content-Type&#39;: &#39;text/x-not-multipart&#39;, &#39;Content-Disposition&#39;: &#39;attachment; filename=\&#34;part-001\&#34;&#39;}\r\n2025-04-22 10:00:37,641 - __init__.py[DEBUG]: Empty payload of type text/x-not-multipart\r\n2025-04-22 10:00:37,641 - __init__.py[DEBUG]: Calling handler CloudConfigPartHandler: [[&#39;text/cloud-config&#39;, &#39;text/cloud-config-jsonp&#39;]] (__end__, None, 3) with frequency once-per-instance\r\n2025-04-22 10:00:37,641 - util.py[DEBUG]: Writing to /var/lib/cloud/instances/f8b5fc61-77ed-4f57-b54a-b9439a683484/cloud-config.txt - wb: [600] 0 bytes\r\n2025-04-22 10:00:37,643 - util.py[DEBUG]: Restoring selinux mode for /var/lib/cloud/instances/f8b5fc61-77ed-4f57-b54a-b9439a683484/cloud-config.txt (recursive=False)\r\n2025-04-22 10:00:37,645 - util.py[DEBUG]: Restoring selinux mode for /var/lib/cloud/instances/f8b5fc61-77ed-4f57-b54a-b9439a683484/cloud-config.txt (recursive=False)\r\n2025-04-22 10:00:37,647 - __init__.py[DEBUG]: Calling handler ShellScriptPartHandler: [[&#39;text/x-shellscript&#39;]] (__end__, None, 2) with frequency once-per-instance\r\n2025-04-22 10:00:37,647 - __init__.py[DEBUG]: Calling handler BootHookPartHandler: [[&#39;text/cloud-boothook&#39;]] (__end__, None, 2) with frequency once-per-instance\r\n2025-04-22 10:00:37,647 - __init__.py[DEBUG]: Calling handler UpstartJobPartHandler: [[&#39;text/upstart-job&#39;]] (__end__, None, 2) with frequency once-per-instance\r\n2025-04-22 10:00:37,647 - __init__.py[DEBUG]: Calling handler JinjaTemplatePartHandler: [[&#39;text/jinja2&#39;]] (__end__, None, 3) with frequency once-per-instance\r\n2025-04-22 10:00:37,647 - handlers.py[DEBUG]: finish: init-network/consume-user-data: SUCCESS: reading and applying user-data\r\n2025-04-22 10:00:37,647 - handlers.py[DEBUG]: start: init-network/consume-vendor-data: reading and applying vendor-data\r\n2025-04-22 10:00:37,647 - stages.py[DEBUG]: no vendordata from datasource\r\n2025-04-22 10:00:37,648 - handlers.py[DEBUG]: finish: init-network/consume-vendor-data: SUCCESS: reading and applying vendor-data\r\n2025-04-22 10:00:37,648 - util.py[DEBUG]: Reading from /etc/cloud/cloud.cfg (quiet=False)\r\n2025-04-22 10:00:37,648 - util.py[DEBUG]: Read 2276 bytes from /etc/cloud/cloud.cfg\r\n2025-04-22 10:00:37,648 - util.py[DEBUG]: Attempting to load yaml from string of length 2276 with allowed root types (&lt;class &#39;dict&#39;&gt;,)\r\n2025-04-22 10:00:37,659 - util.py[DEBUG]: Reading from /etc/cloud/cloud.cfg.d/05_logging.cfg (quiet=False)\r\n2025-04-22 10:00:37,659 - util.py[DEBUG]: Read 2070 bytes from /etc/cloud/cloud.cfg.d/05_logging.cfg\r\n2025-04-22 10:00:37,659 - util.py[DEBUG]: Attempting to load yaml from string of length 2070 with allowed root types (&lt;class &#39;dict&#39;&gt;,)\r\n2025-04-22 10:00:37,663 - util.py[DEBUG]: Reading from /run/cloud-init/cloud.cfg (quiet=False)\r\n2025-04-22 10:00:37,663 - util.py[DEBUG]: Read 35 bytes from /run/cloud-init/cloud.cfg\r\n2025-04-22 10:00:37,663 - util.py[DEBUG]: Attempting to load yaml from string of length 35 with allowed root types (&lt;class &#39;dict&#39;&gt;,)\r\n2025-04-22 10:00:37,663 - util.py[DEBUG]: Attempting to load yaml from string of length 0 with allowed root types (&lt;class &#39;dict&#39;&gt;,)\r\n2025-04-22 10:00:37,664 - util.py[DEBUG]: loaded blob returned None, returning default.\r\n2025-04-22 10:00:37,664 - util.py[DEBUG]: Reading from /var/lib/cloud/instance/cloud-config.txt (quiet=False)\r\n2025-04-22 10:00:37,664 - util.py[DEBUG]: Read 0 bytes from /var/lib/cloud/instance/cloud-config.txt\r\n2025-04-22 10:00:37,664 - util.py[DEBUG]: Attempting to load yaml from string of length 0 with allowed root types (&lt;class &#39;dict&#39;&gt;,)\r\n2025-04-22 10:00:37,664 - util.py[DEBUG]: loaded blob returned None, returning default.\r\n2025-04-22 10:00:37,664 - util.py[DEBUG]: Reading from /var/lib/cloud/instance/cloud-config.txt (quiet=False)\r\n2025-04-22 10:00:37,665 - util.py[DEBUG]: Read 0 bytes from /var/lib/cloud/instance/cloud-config.txt\r\n2025-04-22 10:00:37,665 - util.py[DEBUG]: Attempting to load yaml from string of length 0 with allowed root types (&lt;class &#39;dict&#39;&gt;,)\r\n2025-04-22 10:00:37,665 - util.py[DEBUG]: loaded blob returned None, returning default.\r\n2025-04-22 10:00:37,667 - handlers.py[DEBUG]: start: init-network/activate-datasource: activating datasource\r\n2025-04-22 10:00:37,667 - util.py[DEBUG]: Writing to /var/lib/cloud/instance/obj.pkl - wb: [400] 5657 bytes\r\n2025-04-22 10:00:37,668 - util.py[DEBUG]: Restoring selinux mode for /var/lib/cloud/instances/f8b5fc61-77ed-4f57-b54a-b9439a683484/obj.pkl (recursive=False)\r\n2025-04-22 10:00:37,669 - util.py[DEBUG]: Restoring selinux mode for /var/lib/cloud/instances/f8b5fc61-77ed-4f57-b54a-b9439a683484/obj.pkl (recursive=False)\r\n2025-04-22 10:00:37,669 - handlers.py[DEBUG]: finish: init-network/activate-datasource: SUCCESS: activating datasource\r\n2025-04-22 10:00:37,669 - main.py[DEBUG]: no di_report found in config.\r\n2025-04-22 10:00:37,727 - stages.py[DEBUG]: Using distro class &lt;class &#39;cloudinit.distros.fedora.Distro&#39;&gt;\r\n2025-04-22 10:00:37,727 - stages.py[INFO]: Skipping modules &#39;ca-certs&#39; because they are not verified on distro &#39;fedora&#39;.  To run anyway, add them to &#39;unverified_modules&#39; in config.\r\n2025-04-22 10:00:37,728 - stages.py[DEBUG]: Running module migrator (&lt;module &#39;cloudinit.config.cc_migrator&#39; from &#39;/usr/lib/python3.10/site-packages/cloudinit/config/cc_migrator.py&#39;&gt;) with frequency always\r\n2025-04-22 10:00:37,728 - handlers.py[DEBUG]: start: init-network/config-migrator: running config-migrator with frequency always\r\n2025-04-22 10:00:37,728 - helpers.py[DEBUG]: Running config-migrator using lock (&lt;cloudinit.helpers.DummyLock object at 0x7f3900e28280&gt;)\r\n2025-04-22 10:00:37,729 - cc_migrator.py[DEBUG]: Migrated 0 semaphore files to there canonicalized names\r\n2025-04-22 10:00:37,730 - handlers.py[DEBUG]: finish: init-network/config-migrator: SUCCESS: config-migrator ran successfully\r\n2025-04-22 10:00:37,730 - stages.py[DEBUG]: Running module seed_random (&lt;module &#39;cloudinit.config.cc_seed_random&#39; from &#39;/usr/lib/python3.10/site-packages/cloudinit/config/cc_seed_random.py&#39;&gt;) with frequency once-per-instance\r\n2025-04-22 10:00:37,730 - handlers.py[DEBUG]: start: init-network/config-seed_random: running config-seed_random with frequency once-per-instance\r\n2025-04-22 10:00:37,731 - util.py[DEBUG]: Writing to /var/lib/cloud/instances/f8b5fc61-77ed-4f57-b54a-b9439a683484/sem/config_seed_random - wb: [644] 23 bytes\r\n2025-04-22 10:00:37,732 - util.py[DEBUG]: Restoring selinux mode for /var/lib/cloud/instances/f8b5fc61-77ed-4f57-b54a-b9439a683484/sem/config_seed_random (recursive=False)\r\n2025-04-22 10:00:37,734 - util.py[DEBUG]: Restoring selinux mode for /var/lib/cloud/instances/f8b5fc61-77ed-4f57-b54a-b9439a683484/sem/config_seed_random (recursive=False)\r\n2025-04-22 10:00:37,735 - helpers.py[DEBUG]: Running config-seed_random using lock (&lt;FileLock using file &#39;/var/lib/cloud/instances/f8b5fc61-77ed-4f57-b54a-b9439a683484/sem/config_seed_random&#39;&gt;)\r\n2025-04-22 10:00:37,736 - cc_seed_random.py[DEBUG]: no command provided\r\n2025-04-22 10:00:37,736 - handlers.py[DEBUG]: finish: init-network/config-seed_random: SUCCESS: config-seed_random ran successfully\r\n2025-04-22 10:00:37,736 - stages.py[DEBUG]: Running module bootcmd (&lt;module &#39;cloudinit.config.cc_bootcmd&#39; from &#39;/usr/lib/python3.10/site-packages/cloudinit/config/cc_bootcmd.py&#39;&gt;) with frequency always\r\n2025-04-22 10:00:37,736 - handlers.py[DEBUG]: start: init-network/config-bootcmd: running config-bootcmd with frequency always\r\n2025-04-22 10:00:37,736 - helpers.py[DEBUG]: Running config-bootcmd using lock (&lt;cloudinit.helpers.DummyLock object at 0x7f3900e283a0&gt;)\r\n2025-04-22 10:00:37,737 - cc_bootcmd.py[DEBUG]: Skipping module named bootcmd, no &#39;bootcmd&#39; key in configuration\r\n2025-04-22 10:00:37,737 - handlers.py[DEBUG]: finish: init-network/config-bootcmd: SUCCESS: config-bootcmd ran successfully\r\n2025-04-22 10:00:37,737 - stages.py[DEBUG]: Running module write-files (&lt;module &#39;cloudinit.config.cc_write_files&#39; from &#39;/usr/lib/python3.10/site-packages/cloudinit/config/cc_write_files.py&#39;&gt;) with frequency once-per-instance\r\n2025-04-22 10:00:37,737 - handlers.py[DEBUG]: start: init-network/config-write-files: running config-write-files with frequency once-per-instance\r\n2025-04-22 10:00:37,737 - util.py[DEBUG]: Writing to /var/lib/cloud/instances/f8b5fc61-77ed-4f57-b54a-b9439a683484/sem/config_write_files - wb: [644] 23 bytes\r\n2025-04-22 10:00:37,739 - util.py[DEBUG]: Restoring selinux mode for /var/lib/cloud/instances/f8b5fc61-77ed-4f57-b54a-b9439a683484/sem/config_write_files (recursive=False)\r\n2025-04-22 10:00:37,740 - util.py[DEBUG]: Restoring selinux mode for /var/lib/cloud/instances/f8b5fc61-77ed-4f57-b54a-b9439a683484/sem/config_write_files (recursive=False)\r\n2025-04-22 10:00:37,741 - helpers.py[DEBUG]: Running config-write-files using lock (&lt;FileLock using file &#39;/var/lib/cloud/instances/f8b5fc61-77ed-4f57-b54a-b9439a683484/sem/config_write_files&#39;&gt;)\r\n2025-04-22 10:00:37,741 - cc_write_files.py[DEBUG]: Skipping module named write-files, no/empty &#39;write_files&#39; key in configuration\r\n2025-04-22 10:00:37,741 - handlers.py[DEBUG]: finish: init-network/config-write-files: SUCCESS: config-write-files ran successfully\r\n2025-04-22 10:00:37,741 - stages.py[DEBUG]: Running module growpart (&lt;module &#39;cloudinit.config.cc_growpart&#39; from &#39;/usr/lib/python3.10/site-packages/cloudinit/config/cc_growpart.py&#39;&gt;) with frequency always\r\n2025-04-22 10:00:37,741 - handlers.py[DEBUG]: start: init-network/config-growpart: running config-growpart with frequency always\r\n2025-04-22 10:00:37,741 - helpers.py[DEBUG]: Running config-growpart using lock (&lt;cloudinit.helpers.DummyLock object at 0x7f3900e2a260&gt;)\r\n2025-04-22 10:00:37,741 - cc_growpart.py[DEBUG]: No &#39;growpart&#39; entry in cfg.  Using default: {&#39;mode&#39;: &#39;auto&#39;, &#39;devices&#39;: [&#39;/&#39;], &#39;ignore_growroot_disabled&#39;: False}\r\n2025-04-22 10:00:37,742 - subp.py[DEBUG]: Running command [&#39;growpart&#39;, &#39;--help&#39;] with allowed return codes [0] (shell=False, capture=True)\r\n2025-04-22 10:00:37,771 - util.py[DEBUG]: Reading from /proc/663/mountinfo (quiet=False)\r\n2025-04-22 10:00:37,772 - util.py[DEBUG]: Read 2434 bytes from /proc/663/mountinfo\r\n2025-04-22 10:00:37,773 - util.py[DEBUG]: Reading from /sys/class/block/vda5/partition (quiet=False)\r\n2025-04-22 10:00:37,773 - util.py[DEBUG]: Read 2 bytes from /sys/class/block/vda5/partition\r\n2025-04-22 10:00:37,774 - util.py[DEBUG]: Reading from /sys/devices/pci0000:00/0000:00:02.6/0000:07:00.0/virtio3/block/vda/dev (quiet=False)\r\n2025-04-22 10:00:37,774 - util.py[DEBUG]: Read 6 bytes from /sys/devices/pci0000:00/0000:00:02.6/0000:07:00.0/virtio3/block/vda/dev\r\n2025-04-22 10:00:37,774 - subp.py[DEBUG]: Running command [&#39;growpart&#39;, &#39;--dry-run&#39;, &#39;/dev/vda&#39;, &#39;5&#39;] with allowed return codes [0] (shell=False, capture=True)\r\n2025-04-22 10:00:38,034 - util.py[DEBUG]: resize_devices took 0.263 seconds\r\n2025-04-22 10:00:38,034 - cc_growpart.py[DEBUG]: &#39;/&#39; NOCHANGE: no change necessary (/dev/vda, 5)\r\n2025-04-22 10:00:38,035 - handlers.py[DEBUG]: finish: init-network/config-growpart: SUCCESS: config-growpart ran successfully\r\n2025-04-22 10:00:38,035 - stages.py[DEBUG]: Running module resizefs (&lt;module &#39;cloudinit.config.cc_resizefs&#39; from &#39;/usr/lib/python3.10/site-packages/cloudinit/config/cc_resizefs.py&#39;&gt;) with frequency always\r\n2025-04-22 10:00:38,035 - handlers.py[DEBUG]: start: init-network/config-resizefs: running config-resizefs with frequency always\r\n2025-04-22 10:00:38,036 - helpers.py[DEBUG]: Running config-resizefs using lock (&lt;cloudinit.helpers.DummyLock object at 0x7f3900e28430&gt;)\r\n2025-04-22 10:00:38,248 - util.py[DEBUG]: Reading from /proc/663/mountinfo (quiet=False)\r\n2025-04-22 10:00:38,249 - util.py[DEBUG]: Read 2434 bytes from /proc/663/mountinfo\r\n2025-04-22 10:00:38,249 - cc_resizefs.py[DEBUG]: resize_info: dev=/dev/vda5 mnt_point=/ path=/\r\n2025-04-22 10:00:38,249 - util.py[DEBUG]: Reading from /proc/663/mountinfo (quiet=False)\r\n2025-04-22 10:00:38,250 - util.py[DEBUG]: Read 2434 bytes from /proc/663/mountinfo\r\n2025-04-22 10:00:38,250 - cc_resizefs.py[DEBUG]: Resizing / (btrfs) using btrfs filesystem resize max /\r\n2025-04-22 10:00:38,250 - subp.py[DEBUG]: Running command (&#39;btrfs&#39;, &#39;filesystem&#39;, &#39;resize&#39;, &#39;max&#39;, &#39;/&#39;) with allowed return codes [0] (shell=False, capture=True)\r\n2025-04-22 10:00:38,298 - util.py[DEBUG]: Resizing took 0.047 seconds\r\n2025-04-22 10:00:38,298 - cc_resizefs.py[DEBUG]: Resized root filesystem (type=btrfs, val=True)\r\n2025-04-22 10:00:38,298 - handlers.py[DEBUG]: finish: init-network/config-resizefs: SUCCESS: config-resizefs ran successfully\r\n2025-04-22 10:00:38,299 - stages.py[DEBUG]: Running module disk_setup (&lt;module &#39;cloudinit.config.cc_disk_setup&#39; from &#39;/usr/lib/python3.10/site-packages/cloudinit/config/cc_disk_setup.py&#39;&gt;) with frequency once-per-instance\r\n2025-04-22 10:00:38,299 - handlers.py[DEBUG]: start: init-network/config-disk_setup: running config-disk_setup with frequency once-per-instance\r\n2025-04-22 10:00:38,299 - util.py[DEBUG]: Writing to /var/lib/cloud/instances/f8b5fc61-77ed-4f57-b54a-b9439a683484/sem/config_disk_setup - wb: [644] 24 bytes\r\n2025-04-22 10:00:38,301 - util.py[DEBUG]: Restoring selinux mode for /var/lib/cloud/instances/f8b5fc61-77ed-4f57-b54a-b9439a683484/sem/config_disk_setup (recursive=False)\r\n2025-04-22 10:00:38,304 - util.py[DEBUG]: Restoring selinux mode for /var/lib/cloud/instances/f8b5fc61-77ed-4f57-b54a-b9439a683484/sem/config_disk_setup (recursive=False)\r\n2025-04-22 10:00:38,305 - helpers.py[DEBUG]: Running config-disk_setup using lock (&lt;FileLock using file &#39;/var/lib/cloud/instances/f8b5fc61-77ed-4f57-b54a-b9439a683484/sem/config_disk_setup&#39;&gt;)\r\n2025-04-22 10:00:38,305 - handlers.py[DEBUG]: finish: init-network/config-disk_setup: SUCCESS: config-disk_setup ran successfully\r\n2025-04-22 10:00:38,305 - stages.py[DEBUG]: Running module mounts (&lt;module &#39;cloudinit.config.cc_mounts&#39; from &#39;/usr/lib/python3.10/site-packages/cloudinit/config/cc_mounts.py&#39;&gt;) with frequency once-per-instance\r\n2025-04-22 10:00:38,306 - handlers.py[DEBUG]: start: init-network/config-mounts: running config-mounts with frequency once-per-instance\r\n2025-04-22 10:00:38,306 - util.py[DEBUG]: Writing to /var/lib/cloud/instances/f8b5fc61-77ed-4f57-b54a-b9439a683484/sem/config_mounts - wb: [644] 24 bytes\r\n2025-04-22 10:00:38,307 - util.py[DEBUG]: Restoring selinux mode for /var/lib/cloud/instances/f8b5fc61-77ed-4f57-b54a-b9439a683484/sem/config_mounts (recursive=False)\r\n2025-04-22 10:00:38,308 - util.py[DEBUG]: Restoring selinux mode for /var/lib/cloud/instances/f8b5fc61-77ed-4f57-b54a-b9439a683484/sem/config_mounts (recursive=False)\r\n2025-04-22 10:00:38,308 - helpers.py[DEBUG]: Running config-mounts using lock (&lt;FileLock using file &#39;/var/lib/cloud/instances/f8b5fc61-77ed-4f57-b54a-b9439a683484/sem/config_mounts&#39;&gt;)\r\n2025-04-22 10:00:38,309 - cc_mounts.py[DEBUG]: mounts configuration is []\r\n2025-04-22 10:00:38,309 - util.py[DEBUG]: Reading from /etc/fstab (quiet=False)\r\n2025-04-22 10:00:38,310 - util.py[DEBUG]: Read 746 bytes from /etc/fstab\r\n2025-04-22 10:00:38,310 - cc_mounts.py[DEBUG]: Attempting to determine the real name of ephemeral0\r\n2025-04-22 10:00:38,310 - cc_mounts.py[DEBUG]: changed default device ephemeral0 =&gt; None\r\n2025-04-22 10:00:38,310 - cc_mounts.py[DEBUG]: Ignoring nonexistent default named mount ephemeral0\r\n2025-04-22 10:00:38,310 - cc_mounts.py[DEBUG]: Attempting to determine the real name of swap\r\n2025-04-22 10:00:38,310 - cc_mounts.py[DEBUG]: changed default device swap =&gt; None\r\n2025-04-22 10:00:38,310 - cc_mounts.py[DEBUG]: Ignoring nonexistent default named mount swap\r\n2025-04-22 10:00:38,310 - cc_mounts.py[DEBUG]: no need to setup swap\r\n2025-04-22 10:00:38,310 - cc_mounts.py[DEBUG]: No modifications to fstab needed\r\n2025-04-22 10:00:38,311 - handlers.py[DEBUG]: finish: init-network/config-mounts: SUCCESS: config-mounts ran successfully\r\n2025-04-22 10:00:38,311 - stages.py[DEBUG]: Running module set_hostname (&lt;module &#39;cloudinit.config.cc_set_hostname&#39; from &#39;/usr/lib/python3.10/site-packages/cloudinit/config/cc_set_hostname.py&#39;&gt;) with frequency once-per-instance\r\n2025-04-22 10:00:38,311 - handlers.py[DEBUG]: start: init-network/config-set_hostname: running config-set_hostname with frequency once-per-instance\r\n2025-04-22 10:00:38,312 - util.py[DEBUG]: Writing to /var/lib/cloud/instances/f8b5fc61-77ed-4f57-b54a-b9439a683484/sem/config_set_hostname - wb: [644] 24 bytes\r\n2025-04-22 10:00:38,312 - util.py[DEBUG]: Restoring selinux mode for /var/lib/cloud/instances/f8b5fc61-77ed-4f57-b54a-b9439a683484/sem/config_set_hostname (recursive=False)\r\n2025-04-22 10:00:38,314 - util.py[DEBUG]: Restoring selinux mode for /var/lib/cloud/instances/f8b5fc61-77ed-4f57-b54a-b9439a683484/sem/config_set_hostname (recursive=False)\r\n2025-04-22 10:00:38,314 - helpers.py[DEBUG]: Running config-set_hostname using lock (&lt;FileLock using file &#39;/var/lib/cloud/instances/f8b5fc61-77ed-4f57-b54a-b9439a683484/sem/config_set_hostname&#39;&gt;)\r\n2025-04-22 10:00:38,314 - util.py[DEBUG]: Reading from /var/lib/cloud/data/set-hostname (quiet=False)\r\n2025-04-22 10:00:38,315 - util.py[DEBUG]: Read 59 bytes from /var/lib/cloud/data/set-hostname\r\n2025-04-22 10:00:38,315 - cc_set_hostname.py[DEBUG]: No hostname changes. Skipping set-hostname\r\n2025-04-22 10:00:38,315 - handlers.py[DEBUG]: finish: init-network/config-set_hostname: SUCCESS: config-set_hostname ran successfully\r\n2025-04-22 10:00:38,315 - stages.py[DEBUG]: Running module update_hostname (&lt;module &#39;cloudinit.config.cc_update_hostname&#39; from &#39;/usr/lib/python3.10/site-packages/cloudinit/config/cc_update_hostname.py&#39;&gt;) with frequency always\r\n2025-04-22 10:00:38,315 - handlers.py[DEBUG]: start: init-network/config-update_hostname: running config-update_hostname with frequency always\r\n2025-04-22 10:00:38,315 - helpers.py[DEBUG]: Running config-update_hostname using lock (&lt;cloudinit.helpers.DummyLock object at 0x7f390136e2f0&gt;)\r\n2025-04-22 10:00:38,315 - cc_update_hostname.py[DEBUG]: Updating hostname to testvmi-97w8k (testvmi-97w8k)\r\n2025-04-22 10:00:38,315 - util.py[DEBUG]: Reading from /var/lib/cloud/data/previous-hostname (quiet=False)\r\n2025-04-22 10:00:38,316 - util.py[DEBUG]: Read 6 bytes from /var/lib/cloud/data/previous-hostname\r\n2025-04-22 10:00:38,316 - subp.py[DEBUG]: Running command [&#39;hostname&#39;] with allowed return codes [0] (shell=False, capture=True)\r\n2025-04-22 10:00:38,320 - __init__.py[INFO]: /var/lib/cloud/data/previous-hostname differs from /etc/hostname, assuming user maintained hostname.\r\n2025-04-22 10:00:38,320 - handlers.py[DEBUG]: finish: init-network/config-update_hostname: SUCCESS: config-update_hostname ran successfully\r\n2025-04-22 10:00:38,320 - stages.py[DEBUG]: Running module update_etc_hosts (&lt;module &#39;cloudinit.config.cc_update_etc_hosts&#39; from &#39;/usr/lib/python3.10/site-packages/cloudinit/config/cc_update_etc_hosts.py&#39;&gt;) with frequency always\r\n2025-04-22 10:00:38,320 - handlers.py[DEBUG]: start: init-network/config-update_etc_hosts: running config-update_etc_hosts with frequency always\r\n2025-04-22 10:00:38,320 - helpers.py[DEBUG]: Running config-update_etc_hosts using lock (&lt;cloudinit.helpers.DummyLock object at 0x7f390136dbd0&gt;)\r\n2025-04-22 10:00:38,320 - cc_update_etc_hosts.py[DEBUG]: Configuration option &#39;manage_etc_hosts&#39; is not set, not managing /etc/hosts in module update_etc_hosts\r\n2025-04-22 10:00:38,320 - handlers.py[DEBUG]: finish: init-network/config-update_etc_hosts: SUCCESS: config-update_etc_hosts ran successfully\r\n2025-04-22 10:00:38,320 - stages.py[DEBUG]: Running module rsyslog (&lt;module &#39;cloudinit.config.cc_rsyslog&#39; from &#39;/usr/lib/python3.10/site-packages/cloudinit/config/cc_rsyslog.py&#39;&gt;) with frequency once-per-instance\r\n2025-04-22 10:00:38,320 - handlers.py[DEBUG]: start: init-network/config-rsyslog: running config-rsyslog with frequency once-per-instance\r\n2025-04-22 10:00:38,321 - util.py[DEBUG]: Writing to /var/lib/cloud/instances/f8b5fc61-77ed-4f57-b54a-b9439a683484/sem/config_rsyslog - wb: [644] 24 bytes\r\n2025-04-22 10:00:38,321 - util.py[DEBUG]: Restoring selinux mode for /var/lib/cloud/instances/f8b5fc61-77ed-4f57-b54a-b9439a683484/sem/config_rsyslog (recursive=False)\r\n2025-04-22 10:00:38,322 - util.py[DEBUG]: Restoring selinux mode for /var/lib/cloud/instances/f8b5fc61-77ed-4f57-b54a-b9439a683484/sem/config_rsyslog (recursive=False)\r\n2025-04-22 10:00:38,322 - helpers.py[DEBUG]: Running config-rsyslog using lock (&lt;FileLock using file &#39;/var/lib/cloud/instances/f8b5fc61-77ed-4f57-b54a-b9439a683484/sem/config_rsyslog&#39;&gt;)\r\n2025-04-22 10:00:38,322 - cc_rsyslog.py[DEBUG]: Skipping module named rsyslog, no &#39;rsyslog&#39; key in configuration\r\n2025-04-22 10:00:38,322 - handlers.py[DEBUG]: finish: init-network/config-rsyslog: SUCCESS: config-rsyslog ran successfully\r\n2025-04-22 10:00:38,323 - stages.py[DEBUG]: Running module ssh (&lt;module &#39;cloudinit.config.cc_ssh&#39; from &#39;/usr/lib/python3.10/site-packages/cloudinit/config/cc_ssh.py&#39;&gt;) with frequency once-per-instance\r\n2025-04-22 10:00:38,323 - handlers.py[DEBUG]: start: init-network/config-ssh: running config-ssh with frequency once-per-instance\r\n2025-04-22 10:00:38,323 - util.py[DEBUG]: Writing to /var/lib/cloud/instances/f8b5fc61-77ed-4f57-b54a-b9439a683484/sem/config_ssh - wb: [644] 23 bytes\r\n2025-04-22 10:00:38,323 - util.py[DEBUG]: Restoring selinux mode for /var/lib/cloud/instances/f8b5fc61-77ed-4f57-b54a-b9439a683484/sem/config_ssh (recursive=False)\r\n2025-04-22 10:00:38,324 - util.py[DEBUG]: Restoring selinux mode for /var/lib/cloud/instances/f8b5fc61-77ed-4f57-b54a-b9439a683484/sem/config_ssh (recursive=False)\r\n2025-04-22 10:00:38,324 - helpers.py[DEBUG]: Running config-ssh using lock (&lt;FileLock using file &#39;/var/lib/cloud/instances/f8b5fc61-77ed-4f57-b54a-b9439a683484/sem/config_ssh&#39;&gt;)\r\n2025-04-22 10:00:38,325 - util.py[DEBUG]: Attempting to remove /etc/ssh/ssh_host_rsa_key\r\n2025-04-22 10:00:38,327 - util.py[DEBUG]: Attempting to remove /etc/ssh/ssh_host_rsa_key.pub\r\n2025-04-22 10:00:38,327 - util.py[DEBUG]: Attempting to remove /etc/ssh/ssh_host_dsa_key\r\n2025-04-22 10:00:38,327 - util.py[DEBUG]: Attempting to remove /etc/ssh/ssh_host_dsa_key.pub\r\n2025-04-22 10:00:38,327 - util.py[DEBUG]: Attempting to remove /etc/ssh/ssh_host_ecdsa_key\r\n2025-04-22 10:00:38,327 - util.py[DEBUG]: Attempting to remove /etc/ssh/ssh_host_ecdsa_key.pub\r\n2025-04-22 10:00:38,327 - util.py[DEBUG]: Attempting to remove /etc/ssh/ssh_host_ed25519_key\r\n2025-04-22 10:00:38,327 - util.py[DEBUG]: Attempting to remove /etc/ssh/ssh_host_ed25519_key.pub\r\n2025-04-22 10:00:38,327 - subp.py[DEBUG]: Running command [&#39;ssh-keygen&#39;, &#39;-t&#39;, &#39;rsa&#39;, &#39;-N&#39;, &#39;&#39;, &#39;-f&#39;, &#39;/etc/ssh/ssh_host_rsa_key&#39;] with allowed return codes [0] (shell=False, capture=True)\r\n2025-04-22 10:00:38,583 - util.py[DEBUG]: Restoring selinux mode for /etc/ssh (recursive=True)\r\n2025-04-22 10:00:38,598 - subp.py[DEBUG]: Running command [&#39;ssh-keygen&#39;, &#39;-t&#39;, &#39;dsa&#39;, &#39;-N&#39;, &#39;&#39;, &#39;-f&#39;, &#39;/etc/ssh/ssh_host_dsa_key&#39;] with allowed return codes [0] (shell=False, capture=True)\r\n2025-04-22 10:00:38,681 - util.py[DEBUG]: Restoring selinux mode for /etc/ssh (recursive=True)\r\n2025-04-22 10:00:38,684 - subp.py[DEBUG]: Running command [&#39;ssh-keygen&#39;, &#39;-t&#39;, &#39;ecdsa&#39;, &#39;-N&#39;, &#39;&#39;, &#39;-f&#39;, &#39;/etc/ssh/ssh_host_ecdsa_key&#39;] with allowed return codes [0] (shell=False, capture=True)\r\n2025-04-22 10:00:38,688 - util.py[DEBUG]: Restoring selinux mode for /etc/ssh (recursive=True)\r\n2025-04-22 10:00:38,691 - subp.py[DEBUG]: Running command [&#39;ssh-keygen&#39;, &#39;-t&#39;, &#39;ed25519&#39;, &#39;-N&#39;, &#39;&#39;, &#39;-f&#39;, &#39;/etc/ssh/ssh_host_ed25519_key&#39;] with allowed return codes [0] (shell=False, capture=True)\r\n2025-04-22 10:00:38,696 - util.py[DEBUG]: Restoring selinux mode for /etc/ssh (recursive=True)\r\n2025-04-22 10:00:38,699 - util.py[DEBUG]: Reading from /etc/ssh/ssh_host_rsa_key.pub (quiet=False)\r\n2025-04-22 10:00:38,699 - util.py[DEBUG]: Read 572 bytes from /etc/ssh/ssh_host_rsa_key.pub\r\n2025-04-22 10:00:38,699 - util.py[DEBUG]: Reading from /etc/ssh/ssh_host_ecdsa_key.pub (quiet=False)\r\n2025-04-22 10:00:38,699 - util.py[DEBUG]: Read 180 bytes from /etc/ssh/ssh_host_ecdsa_key.pub\r\n2025-04-22 10:00:38,699 - util.py[DEBUG]: Reading from /etc/ssh/ssh_host_ed25519_key.pub (quiet=False)\r\n2025-04-22 10:00:38,699 - util.py[DEBUG]: Read 100 bytes from /etc/ssh/ssh_host_ed25519_key.pub\r\n2025-04-22 10:00:38,700 - util.py[DEBUG]: Reading from /etc/ssh/sshd_config (quiet=False)\r\n2025-04-22 10:00:38,700 - util.py[DEBUG]: Read 3696 bytes from /etc/ssh/sshd_config\r\n2025-04-22 10:00:38,701 - util.py[DEBUG]: Restoring selinux mode for /home/fedora/.ssh (recursive=True)\r\n2025-04-22 10:00:38,701 - util.py[DEBUG]: Reading from /home/fedora/.ssh/authorized_keys (quiet=False)\r\n2025-04-22 10:00:38,702 - util.py[DEBUG]: Read 0 bytes from /home/fedora/.ssh/authorized_keys\r\n2025-04-22 10:00:38,702 - util.py[DEBUG]: Restoring selinux mode for /home/fedora/.ssh (recursive=False)\r\n2025-04-22 10:00:38,702 - util.py[DEBUG]: Writing to /home/fedora/.ssh/authorized_keys - wb: [600] 0 bytes\r\n2025-04-22 10:00:38,702 - util.py[DEBUG]: Restoring selinux mode for /home/fedora/.ssh/authorized_keys (recursive=False)\r\n2025-04-22 10:00:38,702 - util.py[DEBUG]: Restoring selinux mode for /home/fedora/.ssh/authorized_keys (recursive=False)\r\n2025-04-22 10:00:38,702 - util.py[DEBUG]: Changing the ownership of /home/fedora/.ssh/authorized_keys to 1000:1000\r\n2025-04-22 10:00:38,702 - util.py[DEBUG]: Restoring selinux mode for /home/fedora/.ssh (recursive=True)\r\n2025-04-22 10:00:38,703 - util.py[DEBUG]: Reading from /etc/ssh/sshd_config (quiet=False)\r\n2025-04-22 10:00:38,703 - util.py[DEBUG]: Read 3696 bytes from /etc/ssh/sshd_config\r\n2025-04-22 10:00:38,703 - util.py[DEBUG]: Restoring selinux mode for /root/.ssh (recursive=True)\r\n2025-04-22 10:00:38,704 - util.py[DEBUG]: Reading from /root/.ssh/authorized_keys (quiet=False)\r\n2025-04-22 10:00:38,704 - util.py[DEBUG]: Read 0 bytes from /root/.ssh/authorized_keys\r\n2025-04-22 10:00:38,704 - util.py[DEBUG]: Restoring selinux mode for /root/.ssh (recursive=False)\r\n2025-04-22 10:00:38,704 - util.py[DEBUG]: Writing to /root/.ssh/authorized_keys - wb: [600] 0 bytes\r\n2025-04-22 10:00:38,704 - util.py[DEBUG]: Restoring selinux mode for /root/.ssh/authorized_keys (recursive=False)\r\n2025-04-22 10:00:38,705 - util.py[DEBUG]: Restoring selinux mode for /root/.ssh/authorized_keys (recursive=False)\r\n2025-04-22 10:00:38,705 - util.py[DEBUG]: Changing the ownership of /root/.ssh/authorized_keys to 0:0\r\n2025-04-22 10:00:38,705 - util.py[DEBUG]: Restoring selinux mode for /root/.ssh (recursive=True)\r\n2025-04-22 10:00:38,706 - handlers.py[DEBUG]: finish: init-network/config-ssh: SUCCESS: config-ssh ran successfully\r\n2025-04-22 10:00:38,706 - main.py[DEBUG]: Ran 13 modules with 0 failures\r\n2025-04-22 10:00:38,709 - atomic_helper.py[DEBUG]: Atomically writing to file /var/lib/cloud/data/status.json (via temporary file /var/lib/cloud/data/tmpqygjjf2e) - w: [644] 546 bytes/chars\r\n2025-04-22 10:00:38,724 - util.py[DEBUG]: Reading from /proc/uptime (quiet=False)\r\n2025-04-22 10:00:38,725 - util.py[DEBUG]: Read 11 bytes from /proc/uptime\r\n2025-04-22 10:00:38,725 - util.py[DEBUG]: cloud-init mode &#39;init&#39; took 2.048 seconds (2.05)\r\n2025-04-22 10:00:38,725 - handlers.py[DEBUG]: finish: init-network: SUCCESS: searching for network datasources\r\n2025-04-22 10:00:40,982 - util.py[DEBUG]: Cloud-init v. 20.4 running &#39;modules:config&#39; at Tue, 22 Apr 2025 10:00:40 +0000. Up 21.72 seconds.\r\n2025-04-22 10:00:41,053 - stages.py[DEBUG]: Using distro class &lt;class &#39;cloudinit.distros.fedora.Distro&#39;&gt;\r\n2025-04-22 10:00:41,054 - stages.py[INFO]: Skipping modules &#39;ssh-import-id&#39; because they are not verified on distro &#39;fedora&#39;.  To run anyway, add them to &#39;unverified_modules&#39; in config.\r\n2025-04-22 10:00:41,054 - stages.py[DEBUG]: Running module locale (&lt;module &#39;cloudinit.config.cc_locale&#39; from &#39;/usr/lib/python3.10/site-packages/cloudinit/config/cc_locale.py&#39;&gt;) with frequency once-per-instance\r\n2025-04-22 10:00:41,054 - handlers.py[DEBUG]: start: modules-config/config-locale: running config-locale with frequency once-per-instance\r\n2025-04-22 10:00:41,054 - util.py[DEBUG]: Writing to /var/lib/cloud/instances/f8b5fc61-77ed-4f57-b54a-b9439a683484/sem/config_locale - wb: [644] 24 bytes\r\n2025-04-22 10:00:41,063 - util.py[DEBUG]: Restoring selinux mode for /var/lib/cloud/instances/f8b5fc61-77ed-4f57-b54a-b9439a683484/sem/config_locale (recursive=False)\r\n2025-04-22 10:00:41,068 - util.py[DEBUG]: Restoring selinux mode for /var/lib/cloud/instances/f8b5fc61-77ed-4f57-b54a-b9439a683484/sem/config_locale (recursive=False)\r\n2025-04-22 10:00:41,069 - helpers.py[DEBUG]: Running config-locale using lock (&lt;FileLock using file &#39;/var/lib/cloud/instances/f8b5fc61-77ed-4f57-b54a-b9439a683484/sem/config_locale&#39;&gt;)\r\n2025-04-22 10:00:41,260 - cc_locale.py[DEBUG]: Setting locale to en_US.UTF-8\r\n2025-04-22 10:00:41,261 - util.py[DEBUG]: Reading from /etc/locale.conf (quiet=False)\r\n2025-04-22 10:00:41,261 - util.py[DEBUG]: Read 17 bytes from /etc/locale.conf\r\n2025-04-22 10:00:41,261 - util.py[DEBUG]: Writing to /etc/locale.conf - wb: [644] 17 bytes\r\n2025-04-22 10:00:41,264 - util.py[DEBUG]: Restoring selinux mode for /etc/locale.conf (recursive=False)\r\n2025-04-22 10:00:41,266 - util.py[DEBUG]: Restoring selinux mode for /etc/locale.conf (recursive=False)\r\n2025-04-22 10:00:41,267 - handlers.py[DEBUG]: finish: modules-config/config-locale: SUCCESS: config-locale ran successfully\r\n2025-04-22 10:00:41,267 - stages.py[DEBUG]: Running module set-passwords (&lt;module &#39;cloudinit.config.cc_set_passwords&#39; from &#39;/usr/lib/python3.10/site-packages/cloudinit/config/cc_set_passwords.py&#39;&gt;) with frequency once-per-instance\r\n2025-04-22 10:00:41,267 - handlers.py[DEBUG]: start: modules-config/config-set-passwords: running config-set-passwords with frequency once-per-instance\r\n2025-04-22 10:00:41,267 - util.py[DEBUG]: Writing to /var/lib/cloud/instances/f8b5fc61-77ed-4f57-b54a-b9439a683484/sem/config_set_passwords - wb: [644] 24 bytes\r\n2025-04-22 10:00:41,268 - util.py[DEBUG]: Restoring selinux mode for /var/lib/cloud/instances/f8b5fc61-77ed-4f57-b54a-b9439a683484/sem/config_set_passwords (recursive=False)\r\n2025-04-22 10:00:41,269 - util.py[DEBUG]: Restoring selinux mode for /var/lib/cloud/instances/f8b5fc61-77ed-4f57-b54a-b9439a683484/sem/config_set_passwords (recursive=False)\r\n2025-04-22 10:00:41,269 - helpers.py[DEBUG]: Running config-set-passwords using lock (&lt;FileLock using file &#39;/var/lib/cloud/instances/f8b5fc61-77ed-4f57-b54a-b9439a683484/sem/config_set_passwords&#39;&gt;)\r\n2025-04-22 10:00:41,269 - util.py[DEBUG]: Reading from /etc/ssh/sshd_config (quiet=False)\r\n2025-04-22 10:00:41,270 - util.py[DEBUG]: Read 3696 bytes from /etc/ssh/sshd_config\r\n2025-04-22 10:00:41,271 - ssh_util.py[DEBUG]: line 131: option PasswordAuthentication updated yes -&gt; no\r\n2025-04-22 10:00:41,271 - util.py[DEBUG]: Writing to /etc/ssh/sshd_config - wb: [600] 3695 bytes\r\n2025-04-22 10:00:41,271 - util.py[DEBUG]: Restoring selinux mode for /etc/ssh/sshd_config (recursive=False)\r\n2025-04-22 10:00:41,272 - util.py[DEBUG]: Restoring selinux mode for /etc/ssh/sshd_config (recursive=False)\r\n2025-04-22 10:00:41,272 - subp.py[DEBUG]: Running command [&#39;service&#39;, &#39;sshd&#39;, &#39;restart&#39;] with allowed return codes [0] (shell=False, capture=True)\r\n2025-04-22 10:00:41,625 - cc_set_passwords.py[DEBUG]: Restarted the SSH daemon.\r\n2025-04-22 10:00:41,626 - handlers.py[DEBUG]: finish: modules-config/config-set-passwords: SUCCESS: config-set-passwords ran successfully\r\n2025-04-22 10:00:41,626 - stages.py[DEBUG]: Running module spacewalk (&lt;module &#39;cloudinit.config.cc_spacewalk&#39; from &#39;/usr/lib/python3.10/site-packages/cloudinit/config/cc_spacewalk.py&#39;&gt;) with frequency once-per-instance\r\n2025-04-22 10:00:41,627 - handlers.py[DEBUG]: start: modules-config/config-spacewalk: running config-spacewalk with frequency once-per-instance\r\n2025-04-22 10:00:41,627 - util.py[DEBUG]: Writing to /var/lib/cloud/instances/f8b5fc61-77ed-4f57-b54a-b9439a683484/sem/config_spacewalk - wb: [644] 24 bytes\r\n2025-04-22 10:00:41,628 - util.py[DEBUG]: Restoring selinux mode for /var/lib/cloud/instances/f8b5fc61-77ed-4f57-b54a-b9439a683484/sem/config_spacewalk (recursive=False)\r\n2025-04-22 10:00:41,629 - util.py[DEBUG]: Restoring selinux mode for /var/lib/cloud/instances/f8b5fc61-77ed-4f57-b54a-b9439a683484/sem/config_spacewalk (recursive=False)\r\n2025-04-22 10:00:41,630 - helpers.py[DEBUG]: Running config-spacewalk using lock (&lt;FileLock using file &#39;/var/lib/cloud/instances/f8b5fc61-77ed-4f57-b54a-b9439a683484/sem/config_spacewalk&#39;&gt;)\r\n2025-04-22 10:00:41,630 - cc_spacewalk.py[DEBUG]: Skipping module named spacewalk, no &#39;spacewalk&#39; key in configuration\r\n2025-04-22 10:00:41,630 - handlers.py[DEBUG]: finish: modules-config/config-spacewalk: SUCCESS: config-spacewalk ran successfully\r\n2025-04-22 10:00:41,630 - stages.py[DEBUG]: Running module yum-add-repo (&lt;module &#39;cloudinit.config.cc_yum_add_repo&#39; from &#39;/usr/lib/python3.10/site-packages/cloudinit/config/cc_yum_add_repo.py&#39;&gt;) with frequency once-per-instance\r\n2025-04-22 10:00:41,630 - handlers.py[DEBUG]: start: modules-config/config-yum-add-repo: running config-yum-add-repo with frequency once-per-instance\r\n2025-04-22 10:00:41,630 - util.py[DEBUG]: Writing to /var/lib/cloud/instances/f8b5fc61-77ed-4f57-b54a-b9439a683484/sem/config_yum_add_repo - wb: [644] 24 bytes\r\n2025-04-22 10:00:41,631 - util.py[DEBUG]: Restoring selinux mode for /var/lib/cloud/instances/f8b5fc61-77ed-4f57-b54a-b9439a683484/sem/config_yum_add_repo (recursive=False)\r\n2025-04-22 10:00:41,632 - util.py[DEBUG]: Restoring selinux mode for /var/lib/cloud/instances/f8b5fc61-77ed-4f57-b54a-b9439a683484/sem/config_yum_add_repo (recursive=False)\r\n2025-04-22 10:00:41,632 - helpers.py[DEBUG]: Running config-yum-add-repo using lock (&lt;FileLock using file &#39;/var/lib/cloud/instances/f8b5fc61-77ed-4f57-b54a-b9439a683484/sem/config_yum_add_repo&#39;&gt;)\r\n2025-04-22 10:00:41,632 - cc_yum_add_repo.py[DEBUG]: Skipping module named yum-add-repo, no &#39;yum_repos&#39; configuration found\r\n2025-04-22 10:00:41,632 - handlers.py[DEBUG]: finish: modules-config/config-yum-add-repo: SUCCESS: config-yum-add-repo ran successfully\r\n2025-04-22 10:00:41,632 - stages.py[DEBUG]: Running module ntp (&lt;module &#39;cloudinit.config.cc_ntp&#39; from &#39;/usr/lib/python3.10/site-packages/cloudinit/config/cc_ntp.py&#39;&gt;) with frequency once-per-instance\r\n2025-04-22 10:00:41,632 - handlers.py[DEBUG]: start: modules-config/config-ntp: running config-ntp with frequency once-per-instance\r\n2025-04-22 10:00:41,632 - util.py[DEBUG]: Writing to /var/lib/cloud/instances/f8b5fc61-77ed-4f57-b54a-b9439a683484/sem/config_ntp - wb: [644] 23 bytes\r\n2025-04-22 10:00:41,633 - util.py[DEBUG]: Restoring selinux mode for /var/lib/cloud/instances/f8b5fc61-77ed-4f57-b54a-b9439a683484/sem/config_ntp (recursive=False)\r\n2025-04-22 10:00:41,634 - util.py[DEBUG]: Restoring selinux mode for /var/lib/cloud/instances/f8b5fc61-77ed-4f57-b54a-b9439a683484/sem/config_ntp (recursive=False)\r\n2025-04-22 10:00:41,634 - helpers.py[DEBUG]: Running config-ntp using lock (&lt;FileLock using file &#39;/var/lib/cloud/instances/f8b5fc61-77ed-4f57-b54a-b9439a683484/sem/config_ntp&#39;&gt;)\r\n2025-04-22 10:00:41,634 - cc_ntp.py[DEBUG]: Skipping module named ntp, not present or disabled by cfg\r\n2025-04-22 10:00:41,634 - handlers.py[DEBUG]: finish: modules-config/config-ntp: SUCCESS: config-ntp ran successfully\r\n2025-04-22 10:00:41,634 - stages.py[DEBUG]: Running module timezone (&lt;module &#39;cloudinit.config.cc_timezone&#39; from &#39;/usr/lib/python3.10/site-packages/cloudinit/config/cc_timezone.py&#39;&gt;) with frequency once-per-instance\r\n2025-04-22 10:00:41,634 - handlers.py[DEBUG]: start: modules-config/config-timezone: running config-timezone with frequency once-per-instance\r\n2025-04-22 10:00:41,634 - util.py[DEBUG]: Writing to /var/lib/cloud/instances/f8b5fc61-77ed-4f57-b54a-b9439a683484/sem/config_timezone - wb: [644] 24 bytes\r\n2025-04-22 10:00:41,635 - util.py[DEBUG]: Restoring selinux mode for /var/lib/cloud/instances/f8b5fc61-77ed-4f57-b54a-b9439a683484/sem/config_timezone (recursive=False)\r\n2025-04-22 10:00:41,636 - util.py[DEBUG]: Restoring selinux mode for /var/lib/cloud/instances/f8b5fc61-77ed-4f57-b54a-b9439a683484/sem/config_timezone (recursive=False)\r\n2025-04-22 10:00:41,636 - helpers.py[DEBUG]: Running config-timezone using lock (&lt;FileLock using file &#39;/var/lib/cloud/instances/f8b5fc61-77ed-4f57-b54a-b9439a683484/sem/config_timezone&#39;&gt;)\r\n2025-04-22 10:00:41,636 - cc_timezone.py[DEBUG]: Skipping module named timezone, no &#39;timezone&#39; specified\r\n2025-04-22 10:00:41,636 - handlers.py[DEBUG]: finish: modules-config/config-timezone: SUCCESS: config-timezone ran successfully\r\n2025-04-22 10:00:41,636 - stages.py[DEBUG]: Running module disable-ec2-metadata (&lt;module &#39;cloudinit.config.cc_disable_ec2_metadata&#39; from &#39;/usr/lib/python3.10/site-packages/cloudinit/config/cc_disable_ec2_metadata.py&#39;&gt;) with frequency always\r\n2025-04-22 10:00:41,636 - handlers.py[DEBUG]: start: modules-config/config-disable-ec2-metadata: running config-disable-ec2-metadata with frequency always\r\n2025-04-22 10:00:41,636 - helpers.py[DEBUG]: Running config-disable-ec2-metadata using lock (&lt;cloudinit.helpers.DummyLock object at 0x7f37e2557460&gt;)\r\n2025-04-22 10:00:41,636 - cc_disable_ec2_metadata.py[DEBUG]: Skipping module named disable-ec2-metadata, disabling the ec2 route not enabled\r\n2025-04-22 10:00:41,636 - handlers.py[DEBUG]: finish: modules-config/config-disable-ec2-metadata: SUCCESS: config-disable-ec2-metadata ran successfully\r\n2025-04-22 10:00:41,636 - stages.py[DEBUG]: Running module runcmd (&lt;module &#39;cloudinit.config.cc_runcmd&#39; from &#39;/usr/lib/python3.10/site-packages/cloudinit/config/cc_runcmd.py&#39;&gt;) with frequency once-per-instance\r\n2025-04-22 10:00:41,636 - handlers.py[DEBUG]: start: modules-config/config-runcmd: running config-runcmd with frequency once-per-instance\r\n2025-04-22 10:00:41,637 - util.py[DEBUG]: Writing to /var/lib/cloud/instances/f8b5fc61-77ed-4f57-b54a-b9439a683484/sem/config_runcmd - wb: [644] 24 bytes\r\n2025-04-22 10:00:41,637 - util.py[DEBUG]: Restoring selinux mode for /var/lib/cloud/instances/f8b5fc61-77ed-4f57-b54a-b9439a683484/sem/config_runcmd (recursive=False)\r\n2025-04-22 10:00:41,638 - util.py[DEBUG]: Restoring selinux mode for /var/lib/cloud/instances/f8b5fc61-77ed-4f57-b54a-b9439a683484/sem/config_runcmd (recursive=False)\r\n2025-04-22 10:00:41,638 - helpers.py[DEBUG]: Running config-runcmd using lock (&lt;FileLock using file &#39;/var/lib/cloud/instances/f8b5fc61-77ed-4f57-b54a-b9439a683484/sem/config_runcmd&#39;&gt;)\r\n2025-04-22 10:00:41,638 - cc_runcmd.py[DEBUG]: Skipping module named runcmd, no &#39;runcmd&#39; key in configuration\r\n2025-04-22 10:00:41,638 - handlers.py[DEBUG]: finish: modules-config/config-runcmd: SUCCESS: config-runcmd ran successfully\r\n2025-04-22 10:00:41,638 - main.py[DEBUG]: Ran 8 modules with 0 failures\r\n2025-04-22 10:00:41,640 - atomic_helper.py[DEBUG]: Atomically writing to file /var/lib/cloud/data/status.json (via temporary file /var/lib/cloud/data/tmpl7m4fsse) - w: [644] 574 bytes/chars\r\n2025-04-22 10:00:41,641 - util.py[DEBUG]: Reading from /proc/uptime (quiet=False)\r\n2025-04-22 10:00:41,641 - util.py[DEBUG]: Read 11 bytes from /proc/uptime\r\n2025-04-22 10:00:41,641 - util.py[DEBUG]: cloud-init mode &#39;modules&#39; took 1.086 seconds (1.09)\r\n2025-04-22 10:00:41,641 - handlers.py[DEBUG]: finish: modules-config: SUCCESS: running modules for config\r\n2025-04-22 10:00:43,275 - util.py[DEBUG]: Cloud-init v. 20.4 running &#39;modules:final&#39; at Tue, 22 Apr 2025 10:00:43 +0000. Up 24.23 seconds.\r\n2025-04-22 10:00:43,333 - stages.py[DEBUG]: Using distro class &lt;class &#39;cloudinit.distros.fedora.Distro&#39;&gt;\r\n2025-04-22 10:00:43,334 - stages.py[DEBUG]: Running module package-update-upgrade-install (&lt;module &#39;cloudinit.config.cc_package_update_upgrade_install&#39; from &#39;/usr/lib/python3.10/site-packages/cloudinit/config/cc_package_update_upgrade_install.py&#39;&gt;) with frequency once-per-instance\r\n2025-04-22 10:00:43,335 - handlers.py[DEBUG]: start: modules-final/config-package-update-upgrade-install: running config-package-update-upgrade-install with frequency once-per-instance\r\n2025-04-22 10:00:43,335 - util.py[DEBUG]: Writing to /var/lib/cloud/instances/f8b5fc61-77ed-4f57-b54a-b9439a683484/sem/config_package_update_upgrade_install - wb: [644] 24 bytes\r\n2025-04-22 10:00:43,337 - util.py[DEBUG]: Restoring selinux mode for /var/lib/cloud/instances/f8b5fc61-77ed-4f57-b54a-b9439a683484/sem/config_package_update_upgrade_install (recursive=False)\r\n2025-04-22 10:00:43,339 - util.py[DEBUG]: Restoring selinux mode for /var/lib/cloud/instances/f8b5fc61-77ed-4f57-b54a-b9439a683484/sem/config_package_update_upgrade_install (recursive=False)\r\n2025-04-22 10:00:43,340 - helpers.py[DEBUG]: Running config-package-update-upgrade-install using lock (&lt;FileLock using file &#39;/var/lib/cloud/instances/f8b5fc61-77ed-4f57-b54a-b9439a683484/sem/config_package_update_upgrade_install&#39;&gt;)\r\n2025-04-22 10:00:43,340 - handlers.py[DEBUG]: finish: modules-final/config-package-update-upgrade-install: SUCCESS: config-package-update-upgrade-install ran successfully\r\n2025-04-22 10:00:43,340 - stages.py[DEBUG]: Running module puppet (&lt;module &#39;cloudinit.config.cc_puppet&#39; from &#39;/usr/lib/python3.10/site-packages/cloudinit/config/cc_puppet.py&#39;&gt;) with frequency once-per-instance\r\n2025-04-22 10:00:43,341 - handlers.py[DEBUG]: start: modules-final/config-puppet: running config-puppet with frequency once-per-instance\r\n2025-04-22 10:00:43,341 - util.py[DEBUG]: Writing to /var/lib/cloud/instances/f8b5fc61-77ed-4f57-b54a-b9439a683484/sem/config_puppet - wb: [644] 24 bytes\r\n2025-04-22 10:00:43,341 - util.py[DEBUG]: Restoring selinux mode for /var/lib/cloud/instances/f8b5fc61-77ed-4f57-b54a-b9439a683484/sem/config_puppet (recursive=False)\r\n2025-04-22 10:00:43,342 - util.py[DEBUG]: Restoring selinux mode for /var/lib/cloud/instances/f8b5fc61-77ed-4f57-b54a-b9439a683484/sem/config_puppet (recursive=False)\r\n2025-04-22 10:00:43,343 - helpers.py[DEBUG]: Running config-puppet using lock (&lt;FileLock using file &#39;/var/lib/cloud/instances/f8b5fc61-77ed-4f57-b54a-b9439a683484/sem/config_puppet&#39;&gt;)\r\n2025-04-22 10:00:43,343 - cc_puppet.py[DEBUG]: Skipping module named puppet, no &#39;puppet&#39; configuration found\r\n2025-04-22 10:00:43,343 - handlers.py[DEBUG]: finish: modules-final/config-puppet: SUCCESS: config-puppet ran successfully\r\n2025-04-22 10:00:43,343 - stages.py[DEBUG]: Running module chef (&lt;module &#39;cloudinit.config.cc_chef&#39; from &#39;/usr/lib/python3.10/site-packages/cloudinit/config/cc_chef.py&#39;&gt;) with frequency always\r\n2025-04-22 10:00:43,344 - handlers.py[DEBUG]: start: modules-final/config-chef: running config-chef with frequency always\r\n2025-04-22 10:00:43,344 - helpers.py[DEBUG]: Running config-chef using lock (&lt;cloudinit.helpers.DummyLock object at 0x7f85b85f0670&gt;)\r\n2025-04-22 10:00:43,344 - cc_chef.py[DEBUG]: Skipping module named chef, no &#39;chef&#39; key in configuration\r\n2025-04-22 10:00:43,344 - handlers.py[DEBUG]: finish: modules-final/config-chef: SUCCESS: config-chef ran successfully\r\n2025-04-22 10:00:43,344 - stages.py[DEBUG]: Running module mcollective (&lt;module &#39;cloudinit.config.cc_mcollective&#39; from &#39;/usr/lib/python3.10/site-packages/cloudinit/config/cc_mcollective.py&#39;&gt;) with frequency once-per-instance\r\n2025-04-22 10:00:43,344 - handlers.py[DEBUG]: start: modules-final/config-mcollective: running config-mcollective with frequency once-per-instance\r\n2025-04-22 10:00:43,344 - util.py[DEBUG]: Writing to /var/lib/cloud/instances/f8b5fc61-77ed-4f57-b54a-b9439a683484/sem/config_mcollective - wb: [644] 24 bytes\r\n2025-04-22 10:00:43,345 - util.py[DEBUG]: Restoring selinux mode for /var/lib/cloud/instances/f8b5fc61-77ed-4f57-b54a-b9439a683484/sem/config_mcollective (recursive=False)\r\n2025-04-22 10:00:43,346 - util.py[DEBUG]: Restoring selinux mode for /var/lib/cloud/instances/f8b5fc61-77ed-4f57-b54a-b9439a683484/sem/config_mcollective (recursive=False)\r\n2025-04-22 10:00:43,346 - helpers.py[DEBUG]: Running config-mcollective using lock (&lt;FileLock using file &#39;/var/lib/cloud/instances/f8b5fc61-77ed-4f57-b54a-b9439a683484/sem/config_mcollective&#39;&gt;)\r\n2025-04-22 10:00:43,347 - cc_mcollective.py[DEBUG]: Skipping module named mcollective, no &#39;mcollective&#39; key in configuration\r\n2025-04-22 10:00:43,347 - handlers.py[DEBUG]: finish: modules-final/config-mcollective: SUCCESS: config-mcollective ran successfully\r\n2025-04-22 10:00:43,347 - stages.py[DEBUG]: Running module salt-minion (&lt;module &#39;cloudinit.config.cc_salt_minion&#39; from &#39;/usr/lib/python3.10/site-packages/cloudinit/config/cc_salt_minion.py&#39;&gt;) with frequency once-per-instance\r\n2025-04-22 10:00:43,347 - handlers.py[DEBUG]: start: modules-final/config-salt-minion: running config-salt-minion with frequency once-per-instance\r\n2025-04-22 10:00:43,347 - util.py[DEBUG]: Writing to /var/lib/cloud/instances/f8b5fc61-77ed-4f57-b54a-b9439a683484/sem/config_salt_minion - wb: [644] 24 bytes\r\n2025-04-22 10:00:43,348 - util.py[DEBUG]: Restoring selinux mode for /var/lib/cloud/instances/f8b5fc61-77ed-4f57-b54a-b9439a683484/sem/config_salt_minion (recursive=False)\r\n2025-04-22 10:00:43,349 - util.py[DEBUG]: Restoring selinux mode for /var/lib/cloud/instances/f8b5fc61-77ed-4f57-b54a-b9439a683484/sem/config_salt_minion (recursive=False)\r\n2025-04-22 10:00:43,349 - helpers.py[DEBUG]: Running config-salt-minion using lock (&lt;FileLock using file &#39;/var/lib/cloud/instances/f8b5fc61-77ed-4f57-b54a-b9439a683484/sem/config_salt_minion&#39;&gt;)\r\n2025-04-22 10:00:43,350 - cc_salt_minion.py[DEBUG]: Skipping module named salt-minion, no &#39;salt_minion&#39; key in configuration\r\n2025-04-22 10:00:43,350 - handlers.py[DEBUG]: finish: modules-final/config-salt-minion: SUCCESS: config-salt-minion ran successfully\r\n2025-04-22 10:00:43,350 - stages.py[DEBUG]: Running module reset_rmc (&lt;module &#39;cloudinit.config.cc_reset_rmc&#39; from &#39;/usr/lib/python3.10/site-packages/cloudinit/config/cc_reset_rmc.py&#39;&gt;) with frequency once-per-instance\r\n2025-04-22 10:00:43,350 - handlers.py[DEBUG]: start: modules-final/config-reset_rmc: running config-reset_rmc with frequency once-per-instance\r\n2025-04-22 10:00:43,350 - util.py[DEBUG]: Writing to /var/lib/cloud/instances/f8b5fc61-77ed-4f57-b54a-b9439a683484/sem/config_reset_rmc - wb: [644] 24 bytes\r\n2025-04-22 10:00:43,351 - util.py[DEBUG]: Restoring selinux mode for /var/lib/cloud/instances/f8b5fc61-77ed-4f57-b54a-b9439a683484/sem/config_reset_rmc (recursive=False)\r\n2025-04-22 10:00:43,351 - util.py[DEBUG]: Restoring selinux mode for /var/lib/cloud/instances/f8b5fc61-77ed-4f57-b54a-b9439a683484/sem/config_reset_rmc (recursive=False)\r\n2025-04-22 10:00:43,352 - helpers.py[DEBUG]: Running config-reset_rmc using lock (&lt;FileLock using file &#39;/var/lib/cloud/instances/f8b5fc61-77ed-4f57-b54a-b9439a683484/sem/config_reset_rmc&#39;&gt;)\r\n2025-04-22 10:00:43,352 - cc_reset_rmc.py[DEBUG]: module disabled, RSCT_PATH not present\r\n2025-04-22 10:00:43,352 - handlers.py[DEBUG]: finish: modules-final/config-reset_rmc: SUCCESS: config-reset_rmc ran successfully\r\n2025-04-22 10:00:43,352 - stages.py[DEBUG]: Running module refresh_rmc_and_interface (&lt;module &#39;cloudinit.config.cc_refresh_rmc_and_interface&#39; from &#39;/usr/lib/python3.10/site-packages/cloudinit/config/cc_refresh_rmc_and_interface.py&#39;&gt;) with frequency always\r\n2025-04-22 10:00:43,352 - handlers.py[DEBUG]: start: modules-final/config-refresh_rmc_and_interface: running config-refresh_rmc_and_interface with frequency always\r\n2025-04-22 10:00:43,352 - helpers.py[DEBUG]: Running config-refresh_rmc_and_interface using lock (&lt;cloudinit.helpers.DummyLock object at 0x7f85b85f0670&gt;)\r\n2025-04-22 10:00:43,354 - cc_refresh_rmc_and_interface.py[DEBUG]: No &#39;rmcctrl&#39; in path, disabled\r\n2025-04-22 10:00:43,354 - handlers.py[DEBUG]: finish: modules-final/config-refresh_rmc_and_interface: SUCCESS: config-refresh_rmc_and_interface ran successfully\r\n2025-04-22 10:00:43,354 - stages.py[DEBUG]: Running module rightscale_userdata (&lt;module &#39;cloudinit.config.cc_rightscale_userdata&#39; from &#39;/usr/lib/python3.10/site-packages/cloudinit/config/cc_rightscale_userdata.py&#39;&gt;) with frequency once-per-instance\r\n2025-04-22 10:00:43,354 - handlers.py[DEBUG]: start: modules-final/config-rightscale_userdata: running config-rightscale_userdata with frequency once-per-instance\r\n2025-04-22 10:00:43,354 - util.py[DEBUG]: Writing to /var/lib/cloud/instances/f8b5fc61-77ed-4f57-b54a-b9439a683484/sem/config_rightscale_userdata - wb: [644] 24 bytes\r\n2025-04-22 10:00:43,354 - util.py[DEBUG]: Restoring selinux mode for /var/lib/cloud/instances/f8b5fc61-77ed-4f57-b54a-b9439a683484/sem/config_rightscale_userdata (recursive=False)\r\n2025-04-22 10:00:43,355 - util.py[DEBUG]: Restoring selinux mode for /var/lib/cloud/instances/f8b5fc61-77ed-4f57-b54a-b9439a683484/sem/config_rightscale_userdata (recursive=False)\r\n2025-04-22 10:00:43,356 - helpers.py[DEBUG]: Running config-rightscale_userdata using lock (&lt;FileLock using file &#39;/var/lib/cloud/instances/f8b5fc61-77ed-4f57-b54a-b9439a683484/sem/config_rightscale_userdata&#39;&gt;)\r\n2025-04-22 10:00:43,356 - cc_rightscale_userdata.py[DEBUG]: Failed to get raw userdata in module rightscale_userdata\r\n2025-04-22 10:00:43,356 - handlers.py[DEBUG]: finish: modules-final/config-rightscale_userdata: SUCCESS: config-rightscale_userdata ran successfully\r\n2025-04-22 10:00:43,356 - stages.py[DEBUG]: Running module scripts-vendor (&lt;module &#39;cloudinit.config.cc_scripts_vendor&#39; from &#39;/usr/lib/python3.10/site-packages/cloudinit/config/cc_scripts_vendor.py&#39;&gt;) with frequency once-per-instance\r\n2025-04-22 10:00:43,356 - handlers.py[DEBUG]: start: modules-final/config-scripts-vendor: running config-scripts-vendor with frequency once-per-instance\r\n2025-04-22 10:00:43,356 - util.py[DEBUG]: Writing to /var/lib/cloud/instances/f8b5fc61-77ed-4f57-b54a-b9439a683484/sem/config_scripts_vendor - wb: [644] 23 bytes\r\n2025-04-22 10:00:43,357 - util.py[DEBUG]: Restoring selinux mode for /var/lib/cloud/instances/f8b5fc61-77ed-4f57-b54a-b9439a683484/sem/config_scripts_vendor (recursive=False)\r\n2025-04-22 10:00:43,357 - util.py[DEBUG]: Restoring selinux mode for /var/lib/cloud/instances/f8b5fc61-77ed-4f57-b54a-b9439a683484/sem/config_scripts_vendor (recursive=False)\r\n2025-04-22 10:00:43,357 - helpers.py[DEBUG]: Running config-scripts-vendor using lock (&lt;FileLock using file &#39;/var/lib/cloud/instances/f8b5fc61-77ed-4f57-b54a-b9439a683484/sem/config_scripts_vendor&#39;&gt;)\r\n2025-04-22 10:00:43,358 - handlers.py[DEBUG]: finish: modules-final/config-scripts-vendor: SUCCESS: config-scripts-vendor ran successfully\r\n2025-04-22 10:00:43,358 - stages.py[DEBUG]: Running module scripts-per-once (&lt;module &#39;cloudinit.config.cc_scripts_per_once&#39; from &#39;/usr/lib/python3.10/site-packages/cloudinit/config/cc_scripts_per_once.py&#39;&gt;) with frequency once\r\n2025-04-22 10:00:43,358 - handlers.py[DEBUG]: start: modules-final/config-scripts-per-once: running config-scripts-per-once with frequency once\r\n2025-04-22 10:00:43,358 - helpers.py[DEBUG]: config-scripts-per-once already ran (freq=once)\r\n2025-04-22 10:00:43,358 - handlers.py[DEBUG]: finish: modules-final/config-scripts-per-once: SUCCESS: config-scripts-per-once previously ran\r\n2025-04-22 10:00:43,358 - stages.py[DEBUG]: Running module scripts-per-boot (&lt;module &#39;cloudinit.config.cc_scripts_per_boot&#39; from &#39;/usr/lib/python3.10/site-packages/cloudinit/config/cc_scripts_per_boot.py&#39;&gt;) with frequency always\r\n2025-04-22 10:00:43,358 - handlers.py[DEBUG]: start: modules-final/config-scripts-per-boot: running config-scripts-per-boot with frequency always\r\n2025-04-22 10:00:43,358 - helpers.py[DEBUG]: Running config-scripts-per-boot using lock (&lt;cloudinit.helpers.DummyLock object at 0x7f85b85f3490&gt;)\r\n2025-04-22 10:00:43,358 - handlers.py[DEBUG]: finish: modules-final/config-scripts-per-boot: SUCCESS: config-scripts-per-boot ran successfully\r\n2025-04-22 10:00:43,358 - stages.py[DEBUG]: Running module scripts-per-instance (&lt;module &#39;cloudinit.config.cc_scripts_per_instance&#39; from &#39;/usr/lib/python3.10/site-packages/cloudinit/config/cc_scripts_per_instance.py&#39;&gt;) with frequency once-per-instance\r\n2025-04-22 10:00:43,358 - handlers.py[DEBUG]: start: modules-final/config-scripts-per-instance: running config-scripts-per-instance with frequency once-per-instance\r\n2025-04-22 10:00:43,358 - util.py[DEBUG]: Writing to /var/lib/cloud/instances/f8b5fc61-77ed-4f57-b54a-b9439a683484/sem/config_scripts_per_instance - wb: [644] 24 bytes\r\n2025-04-22 10:00:43,359 - util.py[DEBUG]: Restoring selinux mode for /var/lib/cloud/instances/f8b5fc61-77ed-4f57-b54a-b9439a683484/sem/config_scripts_per_instance (recursive=False)\r\n2025-04-22 10:00:43,360 - util.py[DEBUG]: Restoring selinux mode for /var/lib/cloud/instances/f8b5fc61-77ed-4f57-b54a-b9439a683484/sem/config_scripts_per_instance (recursive=False)\r\n2025-04-22 10:00:43,360 - helpers.py[DEBUG]: Running config-scripts-per-instance using lock (&lt;FileLock using file &#39;/var/lib/cloud/instances/f8b5fc61-77ed-4f57-b54a-b9439a683484/sem/config_scripts_per_instance&#39;&gt;)\r\n2025-04-22 10:00:43,360 - handlers.py[DEBUG]: finish: modules-final/config-scripts-per-instance: SUCCESS: config-scripts-per-instance ran successfully\r\n2025-04-22 10:00:43,360 - stages.py[DEBUG]: Running module scripts-user (&lt;module &#39;cloudinit.config.cc_scripts_user&#39; from &#39;/usr/lib/python3.10/site-packages/cloudinit/config/cc_scripts_user.py&#39;&gt;) with frequency once-per-instance\r\n2025-04-22 10:00:43,360 - handlers.py[DEBUG]: start: modules-final/config-scripts-user: running config-scripts-user with frequency once-per-instance\r\n2025-04-22 10:00:43,361 - util.py[DEBUG]: Writing to /var/lib/cloud/instances/f8b5fc61-77ed-4f57-b54a-b9439a683484/sem/config_scripts_user - wb: [644] 23 bytes\r\n2025-04-22 10:00:43,361 - util.py[DEBUG]: Restoring selinux mode for /var/lib/cloud/instances/f8b5fc61-77ed-4f57-b54a-b9439a683484/sem/config_scripts_user (recursive=False)\r\n2025-04-22 10:00:43,362 - util.py[DEBUG]: Restoring selinux mode for /var/lib/cloud/instances/f8b5fc61-77ed-4f57-b54a-b9439a683484/sem/config_scripts_user (recursive=False)\r\n2025-04-22 10:00:43,362 - helpers.py[DEBUG]: Running config-scripts-user using lock (&lt;FileLock using file &#39;/var/lib/cloud/instances/f8b5fc61-77ed-4f57-b54a-b9439a683484/sem/config_scripts_user&#39;&gt;)\r\n2025-04-22 10:00:43,362 - handlers.py[DEBUG]: finish: modules-final/config-scripts-user: SUCCESS: config-scripts-user ran successfully\r\n2025-04-22 10:00:43,362 - stages.py[DEBUG]: Running module ssh-authkey-fingerprints (&lt;module &#39;cloudinit.config.cc_ssh_authkey_fingerprints&#39; from &#39;/usr/lib/python3.10/site-packages/cloudinit/config/cc_ssh_authkey_fingerprints.py&#39;&gt;) with frequency once-per-instance\r\n2025-04-22 10:00:43,362 - handlers.py[DEBUG]: start: modules-final/config-ssh-authkey-fingerprints: running config-ssh-authkey-fingerprints with frequency once-per-instance\r\n2025-04-22 10:00:43,363 - util.py[DEBUG]: Writing to /var/lib/cloud/instances/f8b5fc61-77ed-4f57-b54a-b9439a683484/sem/config_ssh_authkey_fingerprints - wb: [644] 24 bytes\r\n2025-04-22 10:00:43,363 - util.py[DEBUG]: Restoring selinux mode for /var/lib/cloud/instances/f8b5fc61-77ed-4f57-b54a-b9439a683484/sem/config_ssh_authkey_fingerprints (recursive=False)\r\n2025-04-22 10:00:43,364 - util.py[DEBUG]: Restoring selinux mode for /var/lib/cloud/instances/f8b5fc61-77ed-4f57-b54a-b9439a683484/sem/config_ssh_authkey_fingerprints (recursive=False)\r\n2025-04-22 10:00:43,364 - helpers.py[DEBUG]: Running config-ssh-authkey-fingerprints using lock (&lt;FileLock using file &#39;/var/lib/cloud/instances/f8b5fc61-77ed-4f57-b54a-b9439a683484/sem/config_ssh_authkey_fingerprints&#39;&gt;)\r\n2025-04-22 10:00:43,364 - util.py[DEBUG]: Reading from /etc/ssh/sshd_config (quiet=False)\r\n2025-04-22 10:00:43,364 - util.py[DEBUG]: Read 3695 bytes from /etc/ssh/sshd_config\r\n2025-04-22 10:00:43,365 - util.py[DEBUG]: Restoring selinux mode for /home/fedora/.ssh (recursive=True)\r\n2025-04-22 10:00:43,383 - util.py[DEBUG]: Reading from /home/fedora/.ssh/authorized_keys (quiet=False)\r\n2025-04-22 10:00:43,385 - util.py[DEBUG]: Read 0 bytes from /home/fedora/.ssh/authorized_keys\r\n2025-04-22 10:00:43,397 - handlers.py[DEBUG]: finish: modules-final/config-ssh-authkey-fingerprints: SUCCESS: config-ssh-authkey-fingerprints ran successfully\r\n2025-04-22 10:00:43,397 - stages.py[DEBUG]: Running module keys-to-console (&lt;module &#39;cloudinit.config.cc_keys_to_console&#39; from &#39;/usr/lib/python3.10/site-packages/cloudinit/config/cc_keys_to_console.py&#39;&gt;) with frequency once-per-instance\r\n2025-04-22 10:00:43,397 - handlers.py[DEBUG]: start: modules-final/config-keys-to-console: running config-keys-to-console with frequency once-per-instance\r\n2025-04-22 10:00:43,397 - util.py[DEBUG]: Writing to /var/lib/cloud/instances/f8b5fc61-77ed-4f57-b54a-b9439a683484/sem/config_keys_to_console - wb: [644] 24 bytes\r\n2025-04-22 10:00:43,398 - util.py[DEBUG]: Restoring selinux mode for /var/lib/cloud/instances/f8b5fc61-77ed-4f57-b54a-b9439a683484/sem/config_keys_to_console (recursive=False)\r\n2025-04-22 10:00:43,399 - util.py[DEBUG]: Restoring selinux mode for /var/lib/cloud/instances/f8b5fc61-77ed-4f57-b54a-b9439a683484/sem/config_keys_to_console (recursive=False)\r\n2025-04-22 10:00:43,399 - helpers.py[DEBUG]: Running config-keys-to-console using lock (&lt;FileLock using file &#39;/var/lib/cloud/instances/f8b5fc61-77ed-4f57-b54a-b9439a683484/sem/config_keys_to_console&#39;&gt;)\r\n2025-04-22 10:00:43,401 - subp.py[DEBUG]: Running command [&#39;/usr/libexec/cloud-init/write-ssh-key-fingerprints&#39;, &#39;&#39;, &#39;ssh-dss&#39;] with allowed return codes [0] (shell=False, capture=True)\r\n2025-04-22 10:00:43,615 - handlers.py[DEBUG]: finish: modules-final/config-keys-to-console: SUCCESS: config-keys-to-console ran successfully\r\n2025-04-22 10:00:43,615 - stages.py[DEBUG]: Running module phone-home (&lt;module &#39;cloudinit.config.cc_phone_home&#39; from &#39;/usr/lib/python3.10/site-packages/cloudinit/config/cc_phone_home.py&#39;&gt;) with frequency once-per-instance\r\n2025-04-22 10:00:43,615 - handlers.py[DEBUG]: start: modules-final/config-phone-home: running config-phone-home with frequency once-per-instance\r\n2025-04-22 10:00:43,616 - util.py[DEBUG]: Writing to /var/lib/cloud/instances/f8b5fc61-77ed-4f57-b54a-b9439a683484/sem/config_phone_home - wb: [644] 24 bytes\r\n2025-04-22 10:00:43,616 - util.py[DEBUG]: Restoring selinux mode for /var/lib/cloud/instances/f8b5fc61-77ed-4f57-b54a-b9439a683484/sem/config_phone_home (recursive=False)\r\n2025-04-22 10:00:43,617 - util.py[DEBUG]: Restoring selinux mode for /var/lib/cloud/instances/f8b5fc61-77ed-4f57-b54a-b9439a683484/sem/config_phone_home (recursive=False)\r\n2025-04-22 10:00:43,617 - helpers.py[DEBUG]: Running config-phone-home using lock (&lt;FileLock using file &#39;/var/lib/cloud/instances/f8b5fc61-77ed-4f57-b54a-b9439a683484/sem/config_phone_home&#39;&gt;)\r\n2025-04-22 10:00:43,617 - cc_phone_home.py[DEBUG]: Skipping module named phone-home, no &#39;phone_home&#39; configuration found\r\n2025-04-22 10:00:43,617 - handlers.py[DEBUG]: finish: modules-final/config-phone-home: SUCCESS: config-phone-home ran successfully\r\n2025-04-22 10:00:43,618 - stages.py[DEBUG]: Running module final-message (&lt;module &#39;cloudinit.config.cc_final_message&#39; from &#39;/usr/lib/python3.10/site-packages/cloudinit/config/cc_final_message.py&#39;&gt;) with frequency always\r\n2025-04-22 10:00:43,618 - handlers.py[DEBUG]: start: modules-final/config-final-message: running config-final-message with frequency always\r\n2025-04-22 10:00:43,618 - helpers.py[DEBUG]: Running config-final-message using lock (&lt;cloudinit.helpers.DummyLock object at 0x7f85b85f3370&gt;)\r\n2025-04-22 10:00:43,618 - util.py[DEBUG]: Reading from /proc/uptime (quiet=False)\r\n2025-04-22 10:00:43,618 - util.py[DEBUG]: Read 11 bytes from /proc/uptime\r\n2025-04-22 10:00:43,631 - util.py[DEBUG]: Cloud-init v. 20.4 finished at Tue, 22 Apr 2025 10:00:43 +0000. Datasource DataSourceNoCloud [seed=/dev/vdb][dsmode=net].  Up 24.74 seconds\r\n2025-04-22 10:00:43,631 - util.py[DEBUG]: Writing to /var/lib/cloud/instance/boot-finished - wb: [644] 50 bytes\r\n2025-04-22 10:00:43,632 - util.py[DEBUG]: Restoring selinux mode for /var/lib/cloud/instances/f8b5fc61-77ed-4f57-b54a-b9439a683484/boot-finished (recursive=False)\r\n2025-04-22 10:00:43,632 - util.py[DEBUG]: Restoring selinux mode for /var/lib/cloud/instances/f8b5fc61-77ed-4f57-b54a-b9439a683484/boot-finished (recursive=False)\r\n2025-04-22 10:00:43,633 - handlers.py[DEBUG]: finish: modules-final/config-final-message: SUCCESS: config-final-message ran successfully\r\n2025-04-22 10:00:43,633 - stages.py[DEBUG]: Running module power-state-change (&lt;module &#39;cloudinit.config.cc_power_state_change&#39; from &#39;/usr/lib/python3.10/site-packages/cloudinit/config/cc_power_state_change.py&#39;&gt;) with frequency once-per-instance\r\n2025-04-22 10:00:43,633 - handlers.py[DEBUG]: start: modules-final/config-power-state-change: running config-power-state-change with frequency once-per-instance\r\n2025-04-22 10:00:43,633 - util.py[DEBUG]: Writing to /var/lib/cloud/instances/f8b5fc61-77ed-4f57-b54a-b9439a683484/sem/config_power_state_change - wb: [644] 23 bytes\r\n2025-04-22 10:00:43,634 - util.py[DEBUG]: Restoring selinux mode for /var/lib/cloud/instances/f8b5fc61-77ed-4f57-b54a-b9439a683484/sem/config_power_state_change (recursive=False)\r\n2025-04-22 10:00:43,634 - util.py[DEBUG]: Restoring selinux mode for /var/lib/cloud/instances/f8b5fc61-77ed-4f57-b54a-b9439a683484/sem/config_power_state_change (recursive=False)\r\n2025-04-22 10:00:43,635 - helpers.py[DEBUG]: Running config-power-state-change using lock (&lt;FileLock using file &#39;/var/lib/cloud/instances/f8b5fc61-77ed-4f57-b54a-b9439a683484/sem/config_power_state_change&#39;&gt;)\r\n2025-04-22 10:00:43,635 - cc_power_state_change.py[DEBUG]: no power_state provided. doing nothing\r\n2025-04-22 10:00:43,635 - handlers.py[DEBUG]: finish: modules-final/config-power-state-change: SUCCESS: config-power-state-change ran successfully\r\n2025-04-22 10:00:43,635 - main.py[DEBUG]: Ran 18 modules with 0 failures\r\n2025-04-22 10:00:43,635 - atomic_helper.py[DEBUG]: Atomically writing to file /var/lib/cloud/data/status.json (via temporary file /var/lib/cloud/data/tmpejtm0q52) - w: [644] 602 bytes/chars\r\n2025-04-22 10:00:43,635 - atomic_helper.py[DEBUG]: Atomically writing to file /var/lib/cloud/data/result.json (via temporary file /var/lib/cloud/data/tmpl6kb40q9) - w: [644] 96 bytes/chars\r\n2025-04-22 10:00:43,635 - util.py[DEBUG]: Creating symbolic link from &#39;/run/cloud-init/result.json&#39; =&gt; &#39;../../var/lib/cloud/data/result.json&#39;\r\n2025-04-22 10:00:43,635 - util.py[DEBUG]: Reading from /proc/uptime (quiet=False)\r\n2025-04-22 10:00:43,636 - util.py[DEBUG]: Read 11 bytes from /proc/uptime\r\n2025-04-22 10:00:43,636 - util.py[DEBUG]: cloud-init mode &#39;modules&#39; took 0.620 seconds (0.62)\r\n2025-04-22 10:00:43,636 - handlers.py[DEBUG]: finish: modules-final: SUCCESS: running modules for final\r\n[root@testvmi-97w8k fedora]&#34; &#34;# &#34;] Buffer: cat /var/log/cloud-init.log&#xD;&#xA;2025-04-22 10:00:33,766 - util.py[DEBUG]: Cloud-init v. 20.4 running &#39;init-local&#39; at Tue, 22 Apr 2025 10:00:33 +0000. Up 14.86 seconds.&#xD;&#xA;2025-04-22 10:00:33,771 - main.py[DEBUG]: No kernel command line url found.&#xD;&#xA;2025-04-22 10:00:33,771 - main.py[DEBUG]: Closing stdin.&#xD;&#xA;2025-04-22 10:00:33,772 - util.py[DEBUG]: Restoring selinux mode for /var/lib/cloud (recursive=False)&#xD;&#xA;2025-04-22 10:00:33,772 - util.py[DEBUG]: Restoring selinux mode for /var/lib/cloud/scripts (recursive=False)&#xD;&#xA;2025-04-22 10:00:33,773 - util.py[DEBUG]: Restoring selinux mode for /var/lib/cloud/scripts/per-instance (recursive=False)&#xD;&#xA;2025-04-22 10:00:33,774 - util.py[DEBUG]: Restoring selinux mode for /var/lib/cloud/scripts/per-once (recursive=False)&#xD;&#xA;2025-04-22 10:00:33,775 - util.py[DEBUG]: Restoring selinux mode for /var/lib/cloud/scripts/per-boot (recursive=False)&#xD;&#xA;2025-04-22 10:00:33,776 - util.py[DEBUG]: Restoring selinux mode for /var/lib/cloud/scripts/vendor (recursive=False)&#xD;&#xA;2025-04-22 10:00:33,777 - util.py[DEBUG]: Restoring selinux mode for /var/lib/cloud/seed (recursive=False)&#xD;&#xA;2025-04-22 10:00:33,778 - util.py[DEBUG]: Restoring selinux mode for /var/lib/cloud/instances (recursive=False)&#xD;&#xA;2025-04-22 10:00:33,778 - util.py[DEBUG]: Restoring selinux mode for /var/lib/cloud/handlers (recursive=False)&#xD;&#xA;2025-04-22 10:00:33,783 - util.py[DEBUG]: Restoring selinux mode for /var/lib/cloud/sem (recursive=False)&#xD;&#xA;2025-04-22 10:00:33,783 - util.py[DEBUG]: Restoring selinux mode for /var/lib/cloud/data (recursive=False)&#xD;&#xA;2025-04-22 10:00:33,784 - util.py[DEBUG]: Writing to /var/log/cloud-init.log - ab: [644] 0 bytes&#xD;&#xA;2025-04-22 10:00:33,786 - util.py[DEBUG]: Restoring selinux mode for /var/log/cloud-init.log (recursive=False)&#xD;&#xA;2025-04-22 10:00:33,787 - util.py[DEBUG]: Restoring selinux mode for /var/log/cloud-init.log (recursive=False)&#xD;&#xA;2025-04-22 10:00:33,841 - util.py[DEBUG]: Changing the ownership of /var/log/cloud-init.log to 0:4&#xD;&#xA;2025-04-22 10:00:33,842 - util.py[DEBUG]: Attempting to remove /var/lib/cloud/instance/boot-finished&#xD;&#xA;2025-04-22 10:00:33,842 - util.py[DEBUG]: Attempting to remove /var/lib/cloud/data/no-net&#xD;&#xA;2025-04-22 10:00:33,843 - handlers.py[DEBUG]: start: init-local/check-cache: attempting to read from cache [check]&#xD;&#xA;2025-04-22 10:00:33,843 - util.py[DEBUG]: Reading from /var/lib/cloud/instance/obj.pkl (quiet=False)&#xD;&#xA;2025-04-22 10:00:33,844 - util.py[DEBUG]: Read 10716 bytes from /var/lib/cloud/instance/obj.pkl&#xD;&#xA;2025-04-22 10:00:33,855 - util.py[DEBUG]: Reading from /var/lib/cloud/seed/nocloud/meta-data (quiet=False)&#xD;&#xA;2025-04-22 10:00:33,855 - util.py[DEBUG]: Reading from /var/lib/cloud/seed/nocloud-net/meta-data (quiet=False)&#xD;&#xA;2025-04-22 10:00:33,855 - stages.py[DEBUG]: cache invalid in datasource: DataSourceNoCloud [seed=/dev/sr0][dsmode=net]&#xD;&#xA;2025-04-22 10:00:33,855 - handlers.py[DEBUG]: finish: init-local/check-cache: SUCCESS: cache invalid in datasource: DataSourceNoCloud [seed=/dev/sr0][dsmode=net]&#xD;&#xA;2025-04-22 10:00:33,856 - util.py[DEBUG]: Attempting to remove /var/lib/cloud/instance&#xD;&#xA;2025-04-22 10:00:33,856 - stages.py[DEBUG]: Using distro class &lt;class &#39;cloudinit.distros.fedora.Distro&#39;&gt;&#xD;&#xA;2025-04-22 10:00:33,856 - __init__.py[DEBUG]: Looking for data source in: [&#39;NoCloud&#39;, &#39;None&#39;], via packages [&#39;&#39;, &#39;cloudinit.sources&#39;] that matches dependencies [&#39;FILESYSTEM&#39;]&#xD;&#xA;2025-04-22 10:00:33,857 - __init__.py[DEBUG]: Searching for local data source in: [&#39;DataSourceNoCloud&#39;]&#xD;&#xA;2025-04-22 10:00:33,857 - handlers.py[DEBUG]: start: init-local/search-NoCloud: searching for local data from DataSourceNoCloud&#xD;&#xA;2025-04-22 10:00:33,857 - __init__.py[DEBUG]: Seeing if we can get any data from &lt;class &#39;cloudinit.sources.DataSourceNoCloud.DataSourceNoCloud&#39;&gt;&#xD;&#xA;2025-04-22 10:00:33,857 - __init__.py[DEBUG]: Update datasource metadata and network config due to events: New instance first boot&#xD;&#xA;2025-04-22 10:00:33,857 - dmi.py[DEBUG]: querying dmi data /sys/class/dmi/id/product_serial&#xD;&#xA;2025-04-22 10:00:33,858 - util.py[DEBUG]: Reading from /var/lib/cloud/seed/nocloud/user-data (quiet=False)&#xD;&#xA;2025-04-22 10:00:33,858 - util.py[DEBUG]: Reading from /var/lib/cloud/seed/nocloud/meta-data (quiet=False)&#xD;&#xA;2025-04-22 10:00:33,858 - util.py[DEBUG]: Reading from /var/lib/cloud/seed/nocloud/vendor-data (quiet=False)&#xD;&#xA;2025-04-22 10:00:33,858 - util.py[DEBUG]: Reading from /var/lib/cloud/seed/nocloud/network-config (quiet=False)&#xD;&#xA;2025-04-22 10:00:33,858 - util.py[DEBUG]: Reading from /var/lib/cloud/seed/nocloud-net/user-data (quiet=False)&#xD;&#xA;2025-04-22 10:00:33,858 - util.py[DEBUG]: Reading from /var/lib/cloud/seed/nocloud-net/meta-data (quiet=False)&#xD;&#xA;2025-04-22 10:00:33,858 - util.py[DEBUG]: Reading from /var/lib/cloud/seed/nocloud-net/vendor-data (quiet=False)&#xD;&#xA;2025-04-22 10:00:33,858 - util.py[DEBUG]: Reading from /var/lib/cloud/seed/nocloud-net/network-config (quiet=False)&#xD;&#xA;2025-04-22 10:00:33,858 - subp.py[DEBUG]: Running command [&#39;blkid&#39;, &#39;-tTYPE=vfat&#39;, &#39;-odevice&#39;] with allowed return codes [0, 2] (shell=False, capture=True)&#xD;&#xA;2025-04-22 10:00:33,954 - subp.py[DEBUG]: Running command [&#39;blkid&#39;, &#39;-tTYPE=iso9660&#39;, &#39;-odevice&#39;] with allowed return codes [0, 2] (shell=False, capture=True)&#xD;&#xA;2025-04-22 10:00:33,980 - subp.py[DEBUG]: Running command [&#39;blkid&#39;, &#39;-tLABEL=CIDATA&#39;, &#39;-odevice&#39;] with allowed return codes [0, 2] (shell=False, capture=True)&#xD;&#xA;2025-04-22 10:00:34,010 - subp.py[DEBUG]: Running command [&#39;blkid&#39;, &#39;-tLABEL=cidata&#39;, &#39;-odevice&#39;] with allowed return codes [0, 2] (shell=False, capture=True)&#xD;&#xA;2025-04-22 10:00:34,039 - subp.py[DEBUG]: Running command [&#39;blkid&#39;, &#39;-tLABEL_FATBOOT=cidata&#39;, &#39;-odevice&#39;] with allowed return codes [0, 2] (shell=False, capture=True)&#xD;&#xA;2025-04-22 10:00:34,068 - DataSourceNoCloud.py[DEBUG]: Attempting to use data from /dev/vdb&#xD;&#xA;2025-04-22 10:00:34,069 - util.py[DEBUG]: Reading from /proc/mounts (quiet=False)&#xD;&#xA;2025-04-22 10:00:34,069 - util.py[DEBUG]: Read 1885 bytes from /proc/mounts&#xD;&#xA;2025-04-22 10:00:34,069 - util.py[DEBUG]: Fetched {&#39;proc&#39;: {&#39;fstype&#39;: &#39;proc&#39;, &#39;mountpoint&#39;: &#39;/proc&#39;, &#39;opts&#39;: &#39;rw,nosuid,nodev,noexec,relatime&#39;}, &#39;sysfs&#39;: {&#39;fstype&#39;: &#39;sysfs&#39;, &#39;mountpoint&#39;: &#39;/sys&#39;, &#39;opts&#39;: &#39;rw,seclabel,nosuid,nodev,noexec,relatime&#39;}, &#39;devtmpfs&#39;: {&#39;fstype&#39;: &#39;devtmpfs&#39;, &#39;mountpoint&#39;: &#39;/dev&#39;, &#39;opts&#39;: &#39;rw,seclabel,nosuid,size=81392k,nr_inodes=20348,mode=755,inode64&#39;}, &#39;securityfs&#39;: {&#39;fstype&#39;: &#39;securityfs&#39;, &#39;mountpoint&#39;: &#39;/sys/kernel/security&#39;, &#39;opts&#39;: &#39;rw,nosuid,nodev,noexec,relatime&#39;}, &#39;tmpfs&#39;: {&#39;fstype&#39;: &#39;tmpfs&#39;, &#39;mountpoint&#39;: &#39;/tmp&#39;, &#39;opts&#39;: &#39;rw,seclabel,nosuid,nodev,nr_inodes=409600,inode64&#39;}, &#39;devpts&#39;: {&#39;fstype&#39;: &#39;devpts&#39;, &#39;mountpoint&#39;: &#39;/dev/pts&#39;, &#39;opts&#39;: &#39;rw,seclabel,nosuid,noexec,relatime,gid=5,mode=620,ptmxmode=000&#39;}, &#39;cgroup2&#39;: {&#39;fstype&#39;: &#39;cgroup2&#39;, &#39;mountpoint&#39;: &#39;/sys/fs/cgroup&#39;, &#39;opts&#39;: &#39;rw,seclabel,nosuid,nodev,noexec,relatime,nsdelegate,memory_recursiveprot&#39;}, &#39;pstore&#39;: {&#39;fstype&#39;: &#39;pstore&#39;, &#39;mountpoint&#39;: &#39;/sys/fs/pstore&#39;, &#39;opts&#39;: &#39;rw,seclabel,nosuid,nodev,noexec,relatime&#39;}, &#39;none&#39;: {&#39;fstype&#39;: &#39;bpf&#39;, &#39;mountpoint&#39;: &#39;/sys/fs/bpf&#39;, &#39;opts&#39;: &#39;rw,nosuid,nodev,noexec,relatime,mode=700&#39;}, &#39;/dev/vda5&#39;: {&#39;fstype&#39;: &#39;btrfs&#39;, &#39;mountpoint&#39;: &#39;/home&#39;, &#39;opts&#39;: &#39;rw,seclabel,relatime,compress=zstd:1,space_cache,subvolid=258,subvol=/home&#39;}, &#39;selinuxfs&#39;: {&#39;fstype&#39;: &#39;selinuxfs&#39;, &#39;mountpoint&#39;: &#39;/sys/fs/selinux&#39;, &#39;opts&#39;: &#39;rw,nosuid,noexec,relatime&#39;}, &#39;systemd-1&#39;: {&#39;fstype&#39;: &#39;autofs&#39;, &#39;mountpoint&#39;: &#39;/proc/sys/fs/binfmt_misc&#39;, &#39;opts&#39;: &#39;rw,relatime,fd=36,pgrp=1,timeout=0,minproto=5,maxproto=5,direct,pipe_ino=14852&#39;}, &#39;hugetlbfs&#39;: {&#39;fstype&#39;: &#39;hugetlbfs&#39;, &#39;mountpoint&#39;: &#39;/dev/hugepages&#39;, &#39;opts&#39;: &#39;rw,seclabel,relatime,pagesize=2M&#39;}, &#39;mqueue&#39;: {&#39;fstype&#39;: &#39;mqueue&#39;, &#39;mountpoint&#39;: &#39;/dev/mqueue&#39;, &#39;opts&#39;: &#39;rw,seclabel,nosuid,nodev,noexec,relatime&#39;}, &#39;debugfs&#39;: {&#39;fstype&#39;: &#39;debugfs&#39;, &#39;mountpoint&#39;: &#39;/sys/kernel/debug&#39;, &#39;opts&#39;: &#39;rw,seclabel,nosuid,nodev,noexec,relatime&#39;}, &#39;tracefs&#39;: {&#39;fstype&#39;: &#39;tracefs&#39;, &#39;mountpoint&#39;: &#39;/sys/kernel/tracing&#39;, &#39;opts&#39;: &#39;rw,seclabel,nosuid,nodev,noexec,relatime&#39;}, &#39;fusectl&#39;: {&#39;fstype&#39;: &#39;fusectl&#39;, &#39;mountpoint&#39;: &#39;/sys/fs/fuse/connections&#39;, &#39;opts&#39;: &#39;rw,nosuid,nodev,noexec,relatime&#39;}, &#39;configfs&#39;: {&#39;fstype&#39;: &#39;configfs&#39;, &#39;mountpoint&#39;: &#39;/sys/kernel/config&#39;, &#39;opts&#39;: &#39;rw,nosuid,nodev,noexec,relatime&#39;}, &#39;/dev/vda2&#39;: {&#39;fstype&#39;: &#39;ext4&#39;, &#39;mountpoint&#39;: &#39;/boot&#39;, &#39;opts&#39;: &#39;rw,seclabel,relatime&#39;}, &#39;/dev/vda3&#39;: {&#39;fstype&#39;: &#39;vfat&#39;, &#39;mountpoint&#39;: &#39;/boot/efi&#39;, &#39;opts&#39;: &#39;rw,relatime,fmask=0077,dmask=0077,codepage=437,iocharset=ascii,shortname=winnt,errors=remount-ro&#39;}} mounts from proc&#xD;&#xA;2025-04-22 10:00:34,077 - subp.py[DEBUG]: Running command [&#39;mount&#39;, &#39;-o&#39;, &#39;ro&#39;, &#39;-t&#39;, &#39;auto&#39;, &#39;/dev/vdb&#39;, &#39;/run/cloud-init/tmp/tmp_vxo4olu&#39;] with allowed return codes [0] (shell=False, capture=True)&#xD;&#xA;2025-04-22 10:00:34,187 - util.py[DEBUG]: Reading from /run/cloud-init/tmp/tmp_vxo4olu//user-data (quiet=False)&#xD;&#xA;2025-04-22 10:00:34,193 - util.py[DEBUG]: Read 0 bytes from /run/cloud-init/tmp/tmp_vxo4olu//user-data&#xD;&#xA;2025-04-22 10:00:34,193 - util.py[DEBUG]: Reading from /run/cloud-init/tmp/tmp_vxo4olu//meta-data (quiet=False)&#xD;&#xA;2025-04-22 10:00:34,199 - util.py[DEBUG]: Read 87 bytes from /run/cloud-init/tmp/tmp_vxo4olu//meta-data&#xD;&#xA;2025-04-22 10:00:34,199 - util.py[DEBUG]: Reading from /run/cloud-init/tmp/tmp_vxo4olu//vendor-data (quiet=False)&#xD;&#xA;2025-04-22 10:00:34,199 - util.py[DEBUG]: Reading from /run/cloud-init/tmp/tmp_vxo4olu//network-config (quiet=False)&#xD;&#xA;2025-04-22 10:00:34,200 - util.py[DEBUG]: Read 272 bytes from /run/cloud-init/tmp/tmp_vxo4olu//network-config&#xD;&#xA;2025-04-22 10:00:34,200 - subp.py[DEBUG]: Running command [&#39;umount&#39;, &#39;/run/cloud-init/tmp/tmp_vxo4olu&#39;] with allowed return codes [0] (shell=False, capture=True)&#xD;&#xA;2025-04-22 10:00:34,244 - util.py[DEBUG]: Attempting to load yaml from string of length 87 with allowed root types (&lt;class &#39;dict&#39;&gt;,)&#xD;&#xA;2025-04-22 10:00:34,245 - util.py[DEBUG]: Attempting to load yaml from string of length 272 with allowed root types (&lt;class &#39;dict&#39;&gt;,)&#xD;&#xA;2025-04-22 10:00:34,247 - DataSourceNoCloud.py[DEBUG]: Using data from /dev/vdb&#xD;&#xA;2025-04-22 10:00:34,250 - atomic_helper.py[DEBUG]: Atomically writing to file /run/cloud-init/instance-data-sensitive.json (via temporary file /run/cloud-init/tmpeopp6xr5) - w: [600] 6822 bytes/chars&#xD;&#xA;2025-04-22 10:00:34,250 - atomic_helper.py[DEBUG]: Atomically writing to file /run/cloud-init/instance-data.json (via temporary file /run/cloud-init/tmpl9a_mthl) - w: [644] 1540 bytes/chars&#xD;&#xA;2025-04-22 10:00:34,250 - handlers.py[DEBUG]: finish: init-local/search-NoCloud: SUCCESS: found local data from DataSourceNoCloud&#xD;&#xA;2025-04-22 10:00:34,250 - stages.py[INFO]: Loaded datasource DataSourceNoCloud - DataSourceNoCloud [seed=/dev/vdb][dsmode=net]&#xD;&#xA;2025-04-22 10:00:34,251 - util.py[DEBUG]: Reading from /etc/cloud/cloud.cfg (quiet=False)&#xD;&#xA;2025-04-22 10:00:34,251 - util.py[DEBUG]: Read 2276 bytes from /etc/cloud/cloud.cfg&#xD;&#xA;2025-04-22 10:00:34,251 - util.py[DEBUG]: Attempting to load yaml from string of length 2276 with allowed root types (&lt;class &#39;dict&#39;&gt;,)&#xD;&#xA;2025-04-22 10:00:34,256 - util.py[DEBUG]: Reading from /etc/cloud/cloud.cfg.d/05_logging.cfg (quiet=False)&#xD;&#xA;2025-04-22 10:00:34,256 - util.py[DEBUG]: Read 2070 bytes from /etc/cloud/cloud.cfg.d/05_logging.cfg&#xD;&#xA;2025-04-22 10:00:34,256 - util.py[DEBUG]: Attempting to load yaml from string of length 2070 with allowed root types (&lt;class &#39;dict&#39;&gt;,)&#xD;&#xA;2025-04-22 10:00:34,258 - util.py[DEBUG]: Reading from /run/cloud-init/cloud.cfg (quiet=False)&#xD;&#xA;2025-04-22 10:00:34,258 - util.py[DEBUG]: Read 35 bytes from /run/cloud-init/cloud.cfg&#xD;&#xA;2025-04-22 10:00:34,258 - util.py[DEBUG]: Attempting to load yaml from string of length 35 with allowed root types (&lt;class &#39;dict&#39;&gt;,)&#xD;&#xA;2025-04-22 10:00:34,259 - util.py[DEBUG]: Attempting to load yaml from string of length 0 with allowed root types (&lt;class &#39;dict&#39;&gt;,)&#xD;&#xA;2025-04-22 10:00:34,259 - util.py[DEBUG]: loaded blob returned None, returning default.&#xD;&#xA;2025-04-22 10:00:34,259 - util.py[DEBUG]: Attempting to remove /var/lib/cloud/instance&#xD;&#xA;2025-04-22 10:00:34,259 - util.py[DEBUG]: Creating symbolic link from &#39;/var/lib/cloud/instance&#39; =&gt; &#39;/var/lib/cloud/instances/f8b5fc61-77ed-4f57-b54a-b9439a683484&#39;&#xD;&#xA;2025-04-22 10:00:34,260 - util.py[DEBUG]: Restoring selinux mode for /var/lib/cloud/instances/f8b5fc61-77ed-4f57-b54a-b9439a683484 (recursive=True)&#xD;&#xA;2025-04-22 10:00:34,270 - util.py[DEBUG]: Restoring selinux mode for /var/lib/cloud/instances/f8b5fc61-77ed-4f57-b54a-b9439a683484/handlers (recursive=False)&#xD;&#xA;2025-04-22 10:00:34,271 - util.py[DEBUG]: Restoring selinux mode for /var/lib/cloud/instances/f8b5fc61-77ed-4f57-b54a-b9439a683484 (recursive=True)&#xD;&#xA;2025-04-22 10:00:34,273 - util.py[DEBUG]: Restoring selinux mode for /var/lib/cloud/instances/f8b5fc61-77ed-4f57-b54a-b9439a683484/scripts (recursive=False)&#xD;&#xA;2025-04-22 10:00:34,274 - util.py[DEBUG]: Restoring selinux mode for /var/lib/cloud/instances/f8b5fc61-77ed-4f57-b54a-b9439a683484 (recursive=True)&#xD;&#xA;2025-04-22 10:00:34,278 - util.py[DEBUG]: Restoring selinux mode for /var/lib/cloud/instances/f8b5fc61-77ed-4f57-b54a-b9439a683484/sem (recursive=False)&#xD;&#xA;2025-04-22 10:00:34,278 - util.py[DEBUG]: Reading from /var/lib/cloud/instances/f8b5fc61-77ed-4f57-b54a-b9439a683484/datasource (quiet=False)&#xD;&#xA;2025-04-22 10:00:34,278 - util.py[DEBUG]: Writing to /var/lib/cloud/instances/f8b5fc61-77ed-4f57-b54a-b9439a683484/datasource - wb: [644] 65 bytes&#xD;&#xA;2025-04-22 10:00:34,278 - util.py[DEBUG]: Restoring selinux mode for /var/lib/cloud/instances/f8b5fc61-77ed-4f57-b54a-b9439a683484/datasource (recursive=False)&#xD;&#xA;2025-04-22 10:00:34,279 - util.py[DEBUG]: Restoring selinux mode for /var/lib/cloud/instances/f8b5fc61-77ed-4f57-b54a-b9439a683484/datasource (recursive=False)&#xD;&#xA;2025-04-22 10:00:34,279 - util.py[DEBUG]: Writing to /var/lib/cloud/data/previous-datasource - wb: [644] 65 bytes&#xD;&#xA;2025-04-22 10:00:34,280 - util.py[DEBUG]: Restoring selinux mode for /var/lib/cloud/data/previous-datasource (recursive=False)&#xD;&#xA;2025-04-22 10:00:34,280 - util.py[DEBUG]: Restoring selinux mode for /var/lib/cloud/data/previous-datasource (recursive=False)&#xD;&#xA;2025-04-22 10:00:34,280 - util.py[DEBUG]: Reading from /var/lib/cloud/data/instance-id (quiet=False)&#xD;&#xA;2025-04-22 10:00:34,280 - util.py[DEBUG]: Read 12 bytes from /var/lib/cloud/data/instance-id&#xD;&#xA;2025-04-22 10:00:34,280 - stages.py[DEBUG]: previous iid found to be iid-local01&#xD;&#xA;2025-04-22 10:00:34,280 - util.py[DEBUG]: Writing to /var/lib/cloud/data/instance-id - wb: [644] 37 bytes&#xD;&#xA;2025-04-22 10:00:34,281 - util.py[DEBUG]: Restoring selinux mode for /var/lib/cloud/data/instance-id (recursive=False)&#xD;&#xA;2025-04-22 10:00:34,281 - util.py[DEBUG]: Restoring selinux mode for /var/lib/cloud/data/instance-id (recursive=False)&#xD;&#xA;2025-04-22 10:00:34,281 - util.py[DEBUG]: Writing to /run/cloud-init/.instance-id - wb: [644] 37 bytes&#xD;&#xA;2025-04-22 10:00:34,282 - util.py[DEBUG]: Restoring selinux mode for /run/cloud-init/.instance-id (recursive=False)&#xD;&#xA;2025-04-22 10:00:34,282 - util.py[DEBUG]: Restoring selinux mode for /run/cloud-init/.instance-id (recursive=False)&#xD;&#xA;2025-04-22 10:00:34,282 - util.py[DEBUG]: Writing to /var/lib/cloud/data/previous-instance-id - wb: [644] 12 bytes&#xD;&#xA;2025-04-22 10:00:34,282 - util.py[DEBUG]: Restoring selinux mode for /var/lib/cloud/data/previous-instance-id (recursive=False)&#xD;&#xA;2025-04-22 10:00:34,283 - util.py[DEBUG]: Restoring selinux mode for /var/lib/cloud/data/previous-instance-id (recursive=False)&#xD;&#xA;2025-04-22 10:00:34,284 - util.py[DEBUG]: Writing to /var/lib/cloud/instance/obj.pkl - wb: [400] 5998 bytes&#xD;&#xA;2025-04-22 10:00:34,284 - util.py[DEBUG]: Restoring selinux mode for /var/lib/cloud/instances/f8b5fc61-77ed-4f57-b54a-b9439a683484/obj.pkl (recursive=False)&#xD;&#xA;2025-04-22 10:00:34,284 - util.py[DEBUG]: Restoring selinux mode for /var/lib/cloud/instances/f8b5fc61-77ed-4f57-b54a-b9439a683484/obj.pkl (recursive=False)&#xD;&#xA;2025-04-22 10:00:34,285 - main.py[DEBUG]: [local] init will now be targeting instance id: f8b5fc61-77ed-4f57-b54a-b9439a683484. new=True&#xD;&#xA;2025-04-22 10:00:34,285 - util.py[DEBUG]: Reading from /etc/cloud/cloud.cfg (quiet=False)&#xD;&#xA;2025-04-22 10:00:34,285 - util.py[DEBUG]: Read 2276 bytes from /etc/cloud/cloud.cfg&#xD;&#xA;2025-04-22 10:00:34,285 - util.py[DEBUG]: Attempting to load yaml from string of length 2276 with allowed root types (&lt;class &#39;dict&#39;&gt;,)&#xD;&#xA;2025-04-22 10:00:34,290 - util.py[DEBUG]: Reading from /etc/cloud/cloud.cfg.d/05_logging.cfg (quiet=False)&#xD;&#xA;2025-04-22 10:00:34,290 - util.py[DEBUG]: Read 2070 bytes from /etc/cloud/cloud.cfg.d/05_logging.cfg&#xD;&#xA;2025-04-22 10:00:34,291 - util.py[DEBUG]: Attempting to load yaml from string of length 2070 with allowed root types (&lt;class &#39;dict&#39;&gt;,)&#xD;&#xA;2025-04-22 10:00:34,293 - util.py[DEBUG]: Reading from /run/cloud-init/cloud.cfg (quiet=False)&#xD;&#xA;2025-04-22 10:00:34,293 - util.py[DEBUG]: Read 35 bytes from /run/cloud-init/cloud.cfg&#xD;&#xA;2025-04-22 10:00:34,293 - util.py[DEBUG]: Attempting to load yaml from string of length 35 with allowed root types (&lt;class &#39;dict&#39;&gt;,)&#xD;&#xA;2025-04-22 10:00:34,293 - util.py[DEBUG]: Attempting to load yaml from string of length 0 with allowed root types (&lt;class &#39;dict&#39;&gt;,)&#xD;&#xA;2025-04-22 10:00:34,293 - util.py[DEBUG]: loaded blob returned None, returning default.&#xD;&#xA;2025-04-22 10:00:34,294 - stages.py[DEBUG]: Using distro class &lt;class &#39;cloudinit.distros.fedora.Distro&#39;&gt;&#xD;&#xA;2025-04-22 10:00:34,294 - util.py[DEBUG]: Reading from /var/lib/cloud/data/set-hostname (quiet=False)&#xD;&#xA;2025-04-22 10:00:34,294 - util.py[DEBUG]: Read 45 bytes from /var/lib/cloud/data/set-hostname&#xD;&#xA;2025-04-22 10:00:34,294 - cc_set_hostname.py[DEBUG]: Setting the hostname to testvmi-97w8k (testvmi-97w8k)&#xD;&#xA;2025-04-22 10:00:34,294 - subp.py[DEBUG]: Running command [&#39;hostnamectl&#39;, &#39;set-hostname&#39;, &#39;testvmi-97w8k&#39;] with allowed return codes [0] (shell=False, capture=True)&#xD;&#xA;2025-04-22 10:00:34,527 - __init__.py[DEBUG]: Non-persistently setting the system hostname to testvmi-97w8k&#xD;&#xA;2025-04-22 10:00:34,527 - subp.py[DEBUG]: Running command [&#39;hostname&#39;, &#39;testvmi-97w8k&#39;] with allowed return codes [0] (shell=False, capture=True)&#xD;&#xA;2025-04-22 10:00:34,556 - atomic_helper.py[DEBUG]: Atomically writing to file /var/lib/cloud/data/set-hostname (via temporary file /var/lib/cloud/data/tmp1qvvum6j) - w: [644] 59 bytes/chars&#xD;&#xA;2025-04-22 10:00:34,558 - util.py[DEBUG]: Reading from /sys/class/net/lo/address (quiet=False)&#xD;&#xA;2025-04-22 10:00:34,558 - util.py[DEBUG]: Read 18 bytes from /sys/class/net/lo/address&#xD;&#xA;2025-04-22 10:00:34,558 - util.py[DEBUG]: Reading from /sys/class/net/eth0/address (quiet=False)&#xD;&#xA;2025-04-22 10:00:34,558 - util.py[DEBUG]: Read 18 bytes from /sys/class/net/eth0/address&#xD;&#xA;2025-04-22 10:00:34,559 - util.py[DEBUG]: Reading from /sys/class/net/lo/addr_assign_type (quiet=False)&#xD;&#xA;2025-04-22 10:00:34,559 - util.py[DEBUG]: Read 2 bytes from /sys/class/net/lo/addr_assign_type&#xD;&#xA;2025-04-22 10:00:34,559 - util.py[DEBUG]: Reading from /sys/class/net/lo/uevent (quiet=False)&#xD;&#xA;2025-04-22 10:00:34,559 - util.py[DEBUG]: Read 23 bytes from /sys/class/net/lo/uevent&#xD;&#xA;2025-04-22 10:00:34,559 - util.py[DEBUG]: Reading from /sys/class/net/lo/address (quiet=False)&#xD;&#xA;2025-04-22 10:00:34,559 - util.py[DEBUG]: Read 18 bytes from /sys/class/net/lo/address&#xD;&#xA;2025-04-22 10:00:34,559 - util.py[DEBUG]: Reading from /sys/class/net/lo/device/device (quiet=False)&#xD;&#xA;2025-04-22 10:00:34,559 - util.py[DEBUG]: Reading from /sys/class/net/eth0/addr_assign_type (quiet=False)&#xD;&#xA;2025-04-22 10:00:34,559 - util.py[DEBUG]: Read 2 bytes from /sys/class/net/eth0/addr_assign_type&#xD;&#xA;2025-04-22 10:00:34,559 - util.py[DEBUG]: Reading from /sys/class/net/eth0/uevent (quiet=False)&#xD;&#xA;2025-04-22 10:00:34,559 - util.py[DEBUG]: Read 25 bytes from /sys/class/net/eth0/uevent&#xD;&#xA;2025-04-22 10:00:34,559 - util.py[DEBUG]: Reading from /sys/class/net/eth0/address (quiet=False)&#xD;&#xA;2025-04-22 10:00:34,559 - util.py[DEBUG]: Read 18 bytes from /sys/class/net/eth0/address&#xD;&#xA;2025-04-22 10:00:34,559 - util.py[DEBUG]: Reading from /sys/class/net/eth0/device/device (quiet=False)&#xD;&#xA;2025-04-22 10:00:34,559 - util.py[DEBUG]: Read 7 bytes from /sys/class/net/eth0/device/device&#xD;&#xA;2025-04-22 10:00:34,559 - util.py[DEBUG]: Reading from /sys/class/net/lo/type (quiet=False)&#xD;&#xA;2025-04-22 10:00:34,559 - util.py[DEBUG]: Read 4 bytes from /sys/class/net/lo/type&#xD;&#xA;2025-04-22 10:00:34,560 - util.py[DEBUG]: Reading from /sys/class/net/eth0/type (quiet=False)&#xD;&#xA;2025-04-22 10:00:34,560 - util.py[DEBUG]: Read 2 bytes from /sys/class/net/eth0/type&#xD;&#xA;2025-04-22 10:00:34,560 - networking.py[DEBUG]: net: all expected physical devices present&#xD;&#xA;2025-04-22 10:00:34,560 - stages.py[DEBUG]: applying net config names for {&#39;ethernets&#39;: {&#39;eth0&#39;: {&#39;addresses&#39;: [&#39;fd10:0:2::2/120&#39;], &#39;dhcp4&#39;: True, &#39;gateway6&#39;: &#39;fd10:0:2::1&#39;, &#39;match&#39;: {}, &#39;nameservers&#39;: {&#39;addresses&#39;: [&#39;10.96.0.10&#39;], &#39;search&#39;: [&#39;default.svc.cluster.local&#39;, &#39;svc.cluster.local&#39;, &#39;cluster.local&#39;]}}}, &#39;version&#39;: 2}&#xD;&#xA;2025-04-22 10:00:34,560 - __init__.py[DEBUG]: no interfaces to rename&#xD;&#xA;2025-04-22 10:00:34,560 - stages.py[INFO]: Applying network configuration from ds bringup=False: {&#39;ethernets&#39;: {&#39;eth0&#39;: {&#39;addresses&#39;: [&#39;fd10:0:2::2/120&#39;], &#39;dhcp4&#39;: True, &#39;gateway6&#39;: &#39;fd10:0:2::1&#39;, &#39;match&#39;: {}, &#39;nameservers&#39;: {&#39;addresses&#39;: [&#39;10.96.0.10&#39;], &#39;search&#39;: [&#39;default.svc.cluster.local&#39;, &#39;svc.cluster.local&#39;, &#39;cluster.local&#39;]}}}, &#39;version&#39;: 2}&#xD;&#xA;2025-04-22 10:00:34,565 - __init__.py[DEBUG]: Selected renderer &#39;sysconfig&#39; from priority list: None&#xD;&#xA;2025-04-22 10:00:34,565 - network_state.py[DEBUG]: NetworkState Version2: missing &#34;macaddress&#34; info in config entry: eth0: {&#39;addresses&#39;: [&#39;fd10:0:2::2/120&#39;], &#39;dhcp4&#39;: True, &#39;gateway6&#39;: &#39;fd10:0:2::1&#39;, &#39;match&#39;: {}, &#39;nameservers&#39;: {&#39;addresses&#39;: [&#39;10.96.0.10&#39;], &#39;search&#39;: [&#39;default.svc.cluster.local&#39;, &#39;svc.cluster.local&#39;, &#39;cluster.local&#39;]}}&#xD;&#xA;2025-04-22 10:00:34,566 - network_state.py[DEBUG]: v2(ethernets) -&gt; v1(physical):&#xD;&#xA;{&#39;type&#39;: &#39;physical&#39;, &#39;name&#39;: &#39;eth0&#39;, &#39;mac_address&#39;: None, &#39;match&#39;: {}, &#39;subnets&#39;: [{&#39;type&#39;: &#39;dhcp4&#39;}, {&#39;type&#39;: &#39;static&#39;, &#39;address&#39;: &#39;fd10:0:2::2/120&#39;, &#39;gateway&#39;: &#39;fd10:0:2::1&#39;, &#39;dns_nameservers&#39;: [&#39;10.96.0.10&#39;], &#39;dns_search&#39;: [&#39;default.svc.cluster.local&#39;, &#39;svc.cluster.local&#39;, &#39;cluster.local&#39;]}]}&#xD;&#xA;2025-04-22 10:00:34,568 - network_state.py[DEBUG]: v2_common: handling config:&#xD;&#xA;{&#39;eth0&#39;: {&#39;addresses&#39;: [&#39;fd10:0:2::2/120&#39;], &#39;dhcp4&#39;: True, &#39;gateway6&#39;: &#39;fd10:0:2::1&#39;, &#39;match&#39;: {}, &#39;nameservers&#39;: {&#39;addresses&#39;: [&#39;10.96.0.10&#39;], &#39;search&#39;: [&#39;default.svc.cluster.local&#39;, &#39;svc.cluster.local&#39;, &#39;cluster.local&#39;]}}}&#xD;&#xA;2025-04-22 10:00:34,568 - util.py[DEBUG]: Writing to /etc/sysconfig/network-scripts/ifcfg-eth0 - wb: [644] 336 bytes&#xD;&#xA;2025-04-22 10:00:34,569 - util.py[DEBUG]: Restoring selinux mode for /etc/sysconfig/network-scripts/ifcfg-eth0 (recursive=False)&#xD;&#xA;2025-04-22 10:00:34,570 - util.py[DEBUG]: Restoring selinux mode for /etc/sysconfig/network-scripts/ifcfg-eth0 (recursive=False)&#xD;&#xA;2025-04-22 10:00:34,570 - util.py[DEBUG]: Writing to /etc/udev/rules.d/70-persistent-net.rules - wb: [644] 0 bytes&#xD;&#xA;2025-04-22 10:00:34,571 - util.py[DEBUG]: Restoring selinux mode for /etc/udev/rules.d/70-persistent-net.rules (recursive=False)&#xD;&#xA;2025-04-22 10:00:34,571 - util.py[DEBUG]: Restoring selinux mode for /etc/udev/rules.d/70-persistent-net.rules (recursive=False)&#xD;&#xA;2025-04-22 10:00:34,571 - util.py[DEBUG]: Reading from /etc/sysconfig/network (quiet=True)&#xD;&#xA;2025-04-22 10:00:34,571 - util.py[DEBUG]: Read 109 bytes from /etc/sysconfig/network&#xD;&#xA;2025-04-22 10:00:34,571 - util.py[DEBUG]: Writing to /etc/sysconfig/network - wb: [644] 146 bytes&#xD;&#xA;2025-04-22 10:00:34,572 - util.py[DEBUG]: Restoring selinux mode for /etc/sysconfig/network (recursive=False)&#xD;&#xA;2025-04-22 10:00:34,573 - util.py[DEBUG]: Restoring selinux mode for /etc/sysconfig/network (recursive=False)&#xD;&#xA;2025-04-22 10:00:34,573 - main.py[DEBUG]: [local] Exiting. datasource DataSourceNoCloud [seed=/dev/vdb][dsmode=net] not in local mode.&#xD;&#xA;2025-04-22 10:00:34,573 - atomic_helper.py[DEBUG]: Atomically writing to file /var/lib/cloud/data/status.json (via temporary file /var/lib/cloud/data/tmpx8k5m9dx) - w: [644] 518 bytes/chars&#xD;&#xA;2025-04-22 10:00:34,574 - util.py[DEBUG]: Reading from /proc/uptime (quiet=False)&#xD;&#xA;2025-04-22 10:00:34,574 - util.py[DEBUG]: Read 11 bytes from /proc/uptime&#xD;&#xA;2025-04-22 10:00:34,574 - util.py[DEBUG]: cloud-init mode &#39;init&#39; took 1.083 seconds (1.08)&#xD;&#xA;2025-04-22 10:00:34,574 - handlers.py[DEBUG]: finish: init-local: SUCCESS: searching for local datasources&#xD;&#xA;2025-04-22 10:00:37,161 - util.py[DEBUG]: Cloud-init v. 20.4 running &#39;init&#39; at Tue, 22 Apr 2025 10:00:37 +0000. Up 18.23 seconds.&#xD;&#xA;2025-04-22 10:00:37,167 - main.py[DEBUG]: No kernel command line url found.&#xD;&#xA;2025-04-22 10:00:37,167 - main.py[DEBUG]: Closing stdin.&#xD;&#xA;2025-04-22 10:00:37,175 - util.py[DEBUG]: Restoring selinux mode for /var/lib/cloud (recursive=False)&#xD;&#xA;2025-04-22 10:00:37,177 - util.py[DEBUG]: Restoring selinux mode for /var/lib/cloud/scripts (recursive=False)&#xD;&#xA;2025-04-22 10:00:37,178 - util.py[DEBUG]: Restoring selinux mode for /var/lib/cloud/scripts/per-instance (recursive=False)&#xD;&#xA;2025-04-22 10:00:37,180 - util.py[DEBUG]: Restoring selinux mode for /var/lib/cloud/scripts/per-once (recursive=False)&#xD;&#xA;2025-04-22 10:00:37,181 - util.py[DEBUG]: Restoring selinux mode for /var/lib/cloud/scripts/per-boot (recursive=False)&#xD;&#xA;2025-04-22 10:00:37,182 - util.py[DEBUG]: Restoring selinux mode for /var/lib/cloud/scripts/vendor (recursive=False)&#xD;&#xA;2025-04-22 10:00:37,183 - util.py[DEBUG]: Restoring selinux mode for /var/lib/cloud/seed (recursive=False)&#xD;&#xA;2025-04-22 10:00:37,184 - util.py[DEBUG]: Restoring selinux mode for /var/lib/cloud/instances (recursive=False)&#xD;&#xA;2025-04-22 10:00:37,185 - util.py[DEBUG]: Restoring selinux mode for /var/lib/cloud/handlers (recursive=False)&#xD;&#xA;2025-04-22 10:00:37,205 - util.py[DEBUG]: Restoring selinux mode for /var/lib/cloud/sem (recursive=False)&#xD;&#xA;2025-04-22 10:00:37,209 - util.py[DEBUG]: Restoring selinux mode for /var/lib/cloud/data (recursive=False)&#xD;&#xA;2025-04-22 10:00:37,210 - util.py[DEBUG]: Writing to /var/log/cloud-init.log - ab: [644] 0 bytes&#xD;&#xA;2025-04-22 10:00:37,226 - util.py[DEBUG]: Restoring selinux mode for /var/log/cloud-init.log (recursive=False)&#xD;&#xA;2025-04-22 10:00:37,230 - util.py[DEBUG]: Restoring selinux mode for /var/log/cloud-init.log (recursive=False)&#xD;&#xA;2025-04-22 10:00:37,316 - util.py[DEBUG]: Changing the ownership of /var/log/cloud-init.log to 0:4&#xD;&#xA;2025-04-22 10:00:37,318 - subp.py[DEBUG]: Running command [&#39;ip&#39;, &#39;addr&#39;, &#39;show&#39;] with allowed return codes [0] (shell=False, capture=True)&#xD;&#xA;2025-04-22 10:00:37,354 - subp.py[DEBUG]: Running command [&#39;ip&#39;, &#39;-o&#39;, &#39;route&#39;, &#39;list&#39;] with allowed return codes [0] (shell=False, capture=True)&#xD;&#xA;2025-04-22 10:00:37,359 - subp.py[DEBUG]: Running command [&#39;ip&#39;, &#39;--oneline&#39;, &#39;-6&#39;, &#39;route&#39;, &#39;list&#39;, &#39;table&#39;, &#39;all&#39;] with allowed return codes [0, 1] (shell=False, capture=True)&#xD;&#xA;2025-04-22 10:00:37,363 - main.py[DEBUG]: Checking to see if files that we need already exist from a previous run that would allow us to stop early.&#xD;&#xA;2025-04-22 10:00:37,363 - main.py[DEBUG]: Execution continuing, no previous run detected that would allow us to stop early.&#xD;&#xA;2025-04-22 10:00:37,382 - handlers.py[DEBUG]: start: init-network/check-cache: attempting to read from cache [trust]&#xD;&#xA;2025-04-22 10:00:37,382 - util.py[DEBUG]: Reading from /var/lib/cloud/instance/obj.pkl (quiet=False)&#xD;&#xA;2025-04-22 10:00:37,449 - util.py[DEBUG]: Read 5998 bytes from /var/lib/cloud/instance/obj.pkl&#xD;&#xA;2025-04-22 10:00:37,542 - util.py[DEBUG]: Reading from /run/cloud-init/.instance-id (quiet=False)&#xD;&#xA;2025-04-22 10:00:37,543 - util.py[DEBUG]: Read 37 bytes from /run/cloud-init/.instance-id&#xD;&#xA;2025-04-22 10:00:37,543 - stages.py[DEBUG]: restored from cache with run check: DataSourceNoCloud [seed=/dev/vdb][dsmode=net]&#xD;&#xA;2025-04-22 10:00:37,543 - handlers.py[DEBUG]: finish: init-network/check-cache: SUCCESS: restored from cache with run check: DataSourceNoCloud [seed=/dev/vdb][dsmode=net]&#xD;&#xA;2025-04-22 10:00:37,566 - util.py[DEBUG]: Reading from /etc/cloud/cloud.cfg (quiet=False)&#xD;&#xA;2025-04-22 10:00:37,567 - util.py[DEBUG]: Read 2276 bytes from /etc/cloud/cloud.cfg&#xD;&#xA;2025-04-22 10:00:37,567 - util.py[DEBUG]: Attempting to load yaml from string of length 2276 with allowed root types (&lt;class &#39;dict&#39;&gt;,)&#xD;&#xA;2025-04-22 10:00:37,578 - util.py[DEBUG]: Reading from /etc/cloud/cloud.cfg.d/05_logging.cfg (quiet=False)&#xD;&#xA;2025-04-22 10:00:37,578 - util.py[DEBUG]: Read 2070 bytes from /etc/cloud/cloud.cfg.d/05_logging.cfg&#xD;&#xA;2025-04-22 10:00:37,579 - util.py[DEBUG]: Attempting to load yaml from string of length 2070 with allowed root types (&lt;class &#39;dict&#39;&gt;,)&#xD;&#xA;2025-04-22 10:00:37,581 - util.py[DEBUG]: Reading from /run/cloud-init/cloud.cfg (quiet=False)&#xD;&#xA;2025-04-22 10:00:37,581 - util.py[DEBUG]: Read 35 bytes from /run/cloud-init/cloud.cfg&#xD;&#xA;2025-04-22 10:00:37,581 - util.py[DEBUG]: Attempting to load yaml from string of length 35 with allowed root types (&lt;class &#39;dict&#39;&gt;,)&#xD;&#xA;2025-04-22 10:00:37,582 - util.py[DEBUG]: Attempting to load yaml from string of length 0 with allowed root types (&lt;class &#39;dict&#39;&gt;,)&#xD;&#xA;2025-04-22 10:00:37,582 - util.py[DEBUG]: loaded blob returned None, returning default.&#xD;&#xA;2025-04-22 10:00:37,582 - util.py[DEBUG]: Attempting to remove /var/lib/cloud/instance&#xD;&#xA;2025-04-22 10:00:37,582 - util.py[DEBUG]: Creating symbolic link from &#39;/var/lib/cloud/instance&#39; =&gt; &#39;/var/lib/cloud/instances/f8b5fc61-77ed-4f57-b54a-b9439a683484&#39;&#xD;&#xA;2025-04-22 10:00:37,583 - util.py[DEBUG]: Restoring selinux mode for /var/lib/cloud/instances/f8b5fc61-77ed-4f57-b54a-b9439a683484/handlers (recursive=False)&#xD;&#xA;2025-04-22 10:00:37,584 - util.py[DEBUG]: Restoring selinux mode for /var/lib/cloud/instances/f8b5fc61-77ed-4f57-b54a-b9439a683484/scripts (recursive=False)&#xD;&#xA;2025-04-22 10:00:37,585 - util.py[DEBUG]: Restoring selinux mode for /var/lib/cloud/instances/f8b5fc61-77ed-4f57-b54a-b9439a683484/sem (recursive=False)&#xD;&#xA;2025-04-22 10:00:37,585 - util.py[DEBUG]: Reading from /var/lib/cloud/instances/f8b5fc61-77ed-4f57-b54a-b9439a683484/datasource (quiet=False)&#xD;&#xA;2025-04-22 10:00:37,586 - util.py[DEBUG]: Read 65 bytes from /var/lib/cloud/instances/f8b5fc61-77ed-4f57-b54a-b9439a683484/datasource&#xD;&#xA;2025-04-22 10:00:37,586 - util.py[DEBUG]: Writing to /var/lib/cloud/instances/f8b5fc61-77ed-4f57-b54a-b9439a683484/datasource - wb: [644] 65 bytes&#xD;&#xA;2025-04-22 10:00:37,593 - util.py[DEBUG]: Restoring selinux mode for /var/lib/cloud/instances/f8b5fc61-77ed-4f57-b54a-b9439a683484/datasource (recursive=False)&#xD;&#xA;2025-04-22 10:00:37,594 - util.py[DEBUG]: Restoring selinux mode for /var/lib/cloud/instances/f8b5fc61-77ed-4f57-b54a-b9439a683484/datasource (recursive=False)&#xD;&#xA;2025-04-22 10:00:37,594 - util.py[DEBUG]: Writing to /var/lib/cloud/data/previous-datasource - wb: [644] 65 bytes&#xD;&#xA;2025-04-22 10:00:37,595 - util.py[DEBUG]: Restoring selinux mode for /var/lib/cloud/data/previous-datasource (recursive=False)&#xD;&#xA;2025-04-22 10:00:37,595 - util.py[DEBUG]: Restoring selinux mode for /var/lib/cloud/data/previous-datasource (recursive=False)&#xD;&#xA;2025-04-22 10:00:37,596 - util.py[DEBUG]: Reading from /var/lib/cloud/data/instance-id (quiet=False)&#xD;&#xA;2025-04-22 10:00:37,596 - util.py[DEBUG]: Read 37 bytes from /var/lib/cloud/data/instance-id&#xD;&#xA;2025-04-22 10:00:37,596 - stages.py[DEBUG]: previous iid found to be f8b5fc61-77ed-4f57-b54a-b9439a683484&#xD;&#xA;2025-04-22 10:00:37,596 - util.py[DEBUG]: Writing to /var/lib/cloud/data/instance-id - wb: [644] 37 bytes&#xD;&#xA;2025-04-22 10:00:37,596 - util.py[DEBUG]: Restoring selinux mode for /var/lib/cloud/data/instance-id (recursive=False)&#xD;&#xA;2025-04-22 10:00:37,597 - util.py[DEBUG]: Restoring selinux mode for /var/lib/cloud/data/instance-id (recursive=False)&#xD;&#xA;2025-04-22 10:00:37,597 - util.py[DEBUG]: Writing to /run/cloud-init/.instance-id - wb: [644] 37 bytes&#xD;&#xA;2025-04-22 10:00:37,597 - util.py[DEBUG]: Restoring selinux mode for /run/cloud-init/.instance-id (recursive=False)&#xD;&#xA;2025-04-22 10:00:37,597 - util.py[DEBUG]: Restoring selinux mode for /run/cloud-init/.instance-id (recursive=False)&#xD;&#xA;2025-04-22 10:00:37,598 - util.py[DEBUG]: Writing to /var/lib/cloud/data/previous-instance-id - wb: [644] 37 bytes&#xD;&#xA;2025-04-22 10:00:37,598 - util.py[DEBUG]: Restoring selinux mode for /var/lib/cloud/data/previous-instance-id (recursive=False)&#xD;&#xA;2025-04-22 10:00:37,598 - util.py[DEBUG]: Restoring selinux mode for /var/lib/cloud/data/previous-instance-id (recursive=False)&#xD;&#xA;2025-04-22 10:00:37,601 - util.py[DEBUG]: Writing to /var/lib/cloud/instance/obj.pkl - wb: [400] 6050 bytes&#xD;&#xA;2025-04-22 10:00:37,602 - util.py[DEBUG]: Restoring selinux mode for /var/lib/cloud/instances/f8b5fc61-77ed-4f57-b54a-b9439a683484/obj.pkl (recursive=False)&#xD;&#xA;2025-04-22 10:00:37,602 - util.py[DEBUG]: Restoring selinux mode for /var/lib/cloud/instances/f8b5fc61-77ed-4f57-b54a-b9439a683484/obj.pkl (recursive=False)&#xD;&#xA;2025-04-22 10:00:37,603 - main.py[DEBUG]: [net] init will now be targeting instance id: f8b5fc61-77ed-4f57-b54a-b9439a683484. new=False&#xD;&#xA;2025-04-22 10:00:37,603 - util.py[DEBUG]: Reading from /etc/cloud/cloud.cfg (quiet=False)&#xD;&#xA;2025-04-22 10:00:37,603 - util.py[DEBUG]: Read 2276 bytes from /etc/cloud/cloud.cfg&#xD;&#xA;2025-04-22 10:00:37,603 - util.py[DEBUG]: Attempting to load yaml from string of length 2276 with allowed root types (&lt;class &#39;dict&#39;&gt;,)&#xD;&#xA;2025-04-22 10:00:37,608 - util.py[DEBUG]: Reading from /etc/cloud/cloud.cfg.d/05_logging.cfg (quiet=False)&#xD;&#xA;2025-04-22 10:00:37,608 - util.py[DEBUG]: Read 2070 bytes from /etc/cloud/cloud.cfg.d/05_logging.cfg&#xD;&#xA;2025-04-22 10:00:37,608 - util.py[DEBUG]: Attempting to load yaml from string of length 2070 with allowed root types (&lt;class &#39;dict&#39;&gt;,)&#xD;&#xA;2025-04-22 10:00:37,610 - util.py[DEBUG]: Reading from /run/cloud-init/cloud.cfg (quiet=False)&#xD;&#xA;2025-04-22 10:00:37,610 - util.py[DEBUG]: Read 35 bytes from /run/cloud-init/cloud.cfg&#xD;&#xA;2025-04-22 10:00:37,610 - util.py[DEBUG]: Attempting to load yaml from string of length 35 with allowed root types (&lt;class &#39;dict&#39;&gt;,)&#xD;&#xA;2025-04-22 10:00:37,610 - util.py[DEBUG]: Attempting to load yaml from string of length 0 with allowed root types (&lt;class &#39;dict&#39;&gt;,)&#xD;&#xA;2025-04-22 10:00:37,610 - util.py[DEBUG]: loaded blob returned None, returning default.&#xD;&#xA;2025-04-22 10:00:37,611 - util.py[DEBUG]: Reading from /sys/class/net/lo/address (quiet=False)&#xD;&#xA;2025-04-22 10:00:37,611 - util.py[DEBUG]: Read 18 bytes from /sys/class/net/lo/address&#xD;&#xA;2025-04-22 10:00:37,611 - util.py[DEBUG]: Reading from /sys/class/net/eth0/address (quiet=False)&#xD;&#xA;2025-04-22 10:00:37,611 - util.py[DEBUG]: Read 18 bytes from /sys/class/net/eth0/address&#xD;&#xA;2025-04-22 10:00:37,612 - __init__.py[DEBUG]: Datasource DataSourceNoCloud [seed=/dev/vdb][dsmode=net] not updated for events: System boot&#xD;&#xA;2025-04-22 10:00:37,612 - stages.py[DEBUG]: No network config applied. Neither a new instance nor datasource network update on &#39;System boot&#39; event&#xD;&#xA;2025-04-22 10:00:37,612 - stages.py[DEBUG]: applying net config names for {&#39;ethernets&#39;: {&#39;eth0&#39;: {&#39;addresses&#39;: [&#39;fd10:0:2::2/120&#39;], &#39;dhcp4&#39;: True, &#39;gateway6&#39;: &#39;fd10:0:2::1&#39;, &#39;match&#39;: {}, &#39;nameservers&#39;: {&#39;addresses&#39;: [&#39;10.96.0.10&#39;], &#39;search&#39;: [&#39;default.svc.cluster.local&#39;, &#39;svc.cluster.local&#39;, &#39;cluster.local&#39;]}}}, &#39;version&#39;: 2}&#xD;&#xA;2025-04-22 10:00:37,612 - stages.py[DEBUG]: Using distro class &lt;class &#39;cloudinit.distros.fedora.Distro&#39;&gt;&#xD;&#xA;2025-04-22 10:00:37,612 - __init__.py[DEBUG]: no interfaces to rename&#xD;&#xA;2025-04-22 10:00:37,612 - handlers.py[DEBUG]: start: init-network/setup-datasource: setting up datasource&#xD;&#xA;2025-04-22 10:00:37,612 - handlers.py[DEBUG]: finish: init-network/setup-datasource: SUCCESS: setting up datasource&#xD;&#xA;2025-04-22 10:00:37,612 - util.py[DEBUG]: Writing to /var/lib/cloud/instances/f8b5fc61-77ed-4f57-b54a-b9439a683484/user-data.txt - wb: [600] 0 bytes&#xD;&#xA;2025-04-22 10:00:37,613 - util.py[DEBUG]: Restoring selinux mode for /var/lib/cloud/instances/f8b5fc61-77ed-4f57-b54a-b9439a683484/user-data.txt (recursive=False)&#xD;&#xA;2025-04-22 10:00:37,613 - util.py[DEBUG]: Restoring selinux mode for /var/lib/cloud/instances/f8b5fc61-77ed-4f57-b54a-b9439a683484/user-data.txt (recursive=False)&#xD;&#xA;2025-04-22 10:00:37,620 - util.py[DEBUG]: Writing to /var/lib/cloud/instances/f8b5fc61-77ed-4f57-b54a-b9439a683484/user-data.txt.i - wb: [600] 308 bytes&#xD;&#xA;2025-04-22 10:00:37,620 - util.py[DEBUG]: Restoring selinux mode for /var/lib/cloud/instances/f8b5fc61-77ed-4f57-b54a-b9439a683484/user-data.txt.i (recursive=False)&#xD;&#xA;2025-04-22 10:00:37,621 - util.py[DEBUG]: Restoring selinux mode for /var/lib/cloud/instances/f8b5fc61-77ed-4f57-b54a-b9439a683484/user-data.txt.i (recursive=False)&#xD;&#xA;2025-04-22 10:00:37,621 - util.py[DEBUG]: Writing to /var/lib/cloud/instances/f8b5fc61-77ed-4f57-b54a-b9439a683484/vendor-data.txt - wb: [600] 0 bytes&#xD;&#xA;2025-04-22 10:00:37,621 - util.py[DEBUG]: Restoring selinux mode for /var/lib/cloud/instances/f8b5fc61-77ed-4f57-b54a-b9439a683484/vendor-data.txt (recursive=False)&#xD;&#xA;2025-04-22 10:00:37,622 - util.py[DEBUG]: Restoring selinux mode for /var/lib/cloud/instances/f8b5fc61-77ed-4f57-b54a-b9439a683484/vendor-data.txt (recursive=False)&#xD;&#xA;2025-04-22 10:00:37,623 - util.py[DEBUG]: Writing to /var/lib/cloud/instances/f8b5fc61-77ed-4f57-b54a-b9439a683484/vendor-data.txt.i - wb: [600] 308 bytes&#xD;&#xA;2025-04-22 10:00:37,625 - util.py[DEBUG]: Restoring selinux mode for /var/lib/cloud/instances/f8b5fc61-77ed-4f57-b54a-b9439a683484/vendor-data.txt.i (recursive=False)&#xD;&#xA;2025-04-22 10:00:37,626 - util.py[DEBUG]: Restoring selinux mode for /var/lib/cloud/instances/f8b5fc61-77ed-4f57-b54a-b9439a683484/vendor-data.txt.i (recursive=False)&#xD;&#xA;2025-04-22 10:00:37,627 - util.py[DEBUG]: Reading from /var/lib/cloud/data/set-hostname (quiet=False)&#xD;&#xA;2025-04-22 10:00:37,627 - util.py[DEBUG]: Read 59 bytes from /var/lib/cloud/data/set-hostname&#xD;&#xA;2025-04-22 10:00:37,629 - cc_set_hostname.py[DEBUG]: No hostname changes. Skipping set-hostname&#xD;&#xA;2025-04-22 10:00:37,631 - util.py[DEBUG]: Writing to /var/lib/cloud/instances/f8b5fc61-77ed-4f57-b54a-b9439a683484/sem/consume_data - wb: [644] 24 bytes&#xD;&#xA;2025-04-22 10:00:37,633 - util.py[DEBUG]: Restoring selinux mode for /var/lib/cloud/instances/f8b5fc61-77ed-4f57-b54a-b9439a683484/sem/consume_data (recursive=False)&#xD;&#xA;2025-04-22 10:00:37,635 - util.py[DEBUG]: Restoring selinux mode for /var/lib/cloud/instances/f8b5fc61-77ed-4f57-b54a-b9439a683484/sem/consume_data (recursive=False)&#xD;&#xA;2025-04-22 10:00:37,637 - helpers.py[DEBUG]: Running consume_data using lock (&lt;FileLock using file &#39;/var/lib/cloud/instances/f8b5fc61-77ed-4f57-b54a-b9439a683484/sem/consume_data&#39;&gt;)&#xD;&#xA;2025-04-22 10:00:37,637 - handlers.py[DEBUG]: start: init-network/consume-user-data: reading and applying user-data&#xD;&#xA;2025-04-22 10:00:37,639 - stages.py[DEBUG]: Added default handler for {&#39;text/cloud-config-jsonp&#39;, &#39;text/cloud-config&#39;} from CloudConfigPartHandler: [[&#39;text/cloud-config&#39;, &#39;text/cloud-config-jsonp&#39;]]&#xD;&#xA;2025-04-22 10:00:37,639 - stages.py[DEBUG]: Added default handler for {&#39;text/x-shellscript&#39;} from ShellScriptPartHandler: [[&#39;text/x-shellscript&#39;]]&#xD;&#xA;2025-04-22 10:00:37,639 - stages.py[DEBUG]: Added default handler for {&#39;text/cloud-boothook&#39;} from BootHookPartHandler: [[&#39;text/cloud-boothook&#39;]]&#xD;&#xA;2025-04-22 10:00:37,639 - stages.py[DEBUG]: Added default handler for {&#39;text/upstart-job&#39;} from UpstartJobPartHandler: [[&#39;text/upstart-job&#39;]]&#xD;&#xA;2025-04-22 10:00:37,639 - stages.py[DEBUG]: Added default handler for {&#39;text/jinja2&#39;} from JinjaTemplatePartHandler: [[&#39;text/jinja2&#39;]]&#xD;&#xA;2025-04-22 10:00:37,640 - __init__.py[DEBUG]: Calling handler CloudConfigPartHandler: [[&#39;text/cloud-config&#39;, &#39;text/cloud-config-jsonp&#39;]] (__begin__, None, 3) with frequency once-per-instance&#xD;&#xA;2025-04-22 10:00:37,640 - __init__.py[DEBUG]: Calling handler ShellScriptPartHandler: [[&#39;text/x-shellscript&#39;]] (__begin__, None, 2) with frequency once-per-instance&#xD;&#xA;2025-04-22 10:00:37,640 - __init__.py[DEBUG]: Calling handler BootHookPartHandler: [[&#39;text/cloud-boothook&#39;]] (__begin__, None, 2) with frequency once-per-instance&#xD;&#xA;2025-04-22 10:00:37,640 - __init__.py[DEBUG]: Calling handler UpstartJobPartHandler: [[&#39;text/upstart-job&#39;]] (__begin__, None, 2) with frequency once-per-instance&#xD;&#xA;2025-04-22 10:00:37,640 - __init__.py[DEBUG]: Calling handler JinjaTemplatePartHandler: [[&#39;text/jinja2&#39;]] (__begin__, None, 3) with frequency once-per-instance&#xD;&#xA;2025-04-22 10:00:37,641 - __init__.py[DEBUG]: {&#39;MIME-Version&#39;: &#39;1.0&#39;, &#39;Content-Type&#39;: &#39;text/x-not-multipart&#39;, &#39;Content-Disposition&#39;: &#39;attachment; filename=&#34;part-001&#34;&#39;}&#xD;&#xA;2025-04-22 10:00:37,641 - __init__.py[DEBUG]: Empty payload of type text/x-not-multipart&#xD;&#xA;2025-04-22 10:00:37,641 - __init__.py[DEBUG]: Calling handler CloudConfigPartHandler: [[&#39;text/cloud-config&#39;, &#39;text/cloud-config-jsonp&#39;]] (__end__, None, 3) with frequency once-per-instance&#xD;&#xA;2025-04-22 10:00:37,641 - util.py[DEBUG]: Writing to /var/lib/cloud/instances/f8b5fc61-77ed-4f57-b54a-b9439a683484/cloud-config.txt - wb: [600] 0 bytes&#xD;&#xA;2025-04-22 10:00:37,643 - util.py[DEBUG]: Restoring selinux mode for /var/lib/cloud/instances/f8b5fc61-77ed-4f57-b54a-b9439a683484/cloud-config.txt (recursive=False)&#xD;&#xA;2025-04-22 10:00:37,645 - util.py[DEBUG]: Restoring selinux mode for /var/lib/cloud/instances/f8b5fc61-77ed-4f57-b54a-b9439a683484/cloud-config.txt (recursive=False)&#xD;&#xA;2025-04-22 10:00:37,647 - __init__.py[DEBUG]: Calling handler ShellScriptPartHandler: [[&#39;text/x-shellscript&#39;]] (__end__, None, 2) with frequency once-per-instance&#xD;&#xA;2025-04-22 10:00:37,647 - __init__.py[DEBUG]: Calling handler BootHookPartHandler: [[&#39;text/cloud-boothook&#39;]] (__end__, None, 2) with frequency once-per-instance&#xD;&#xA;2025-04-22 10:00:37,647 - __init__.py[DEBUG]: Calling handler UpstartJobPartHandler: [[&#39;text/upstart-job&#39;]] (__end__, None, 2) with frequency once-per-instance&#xD;&#xA;2025-04-22 10:00:37,647 - __init__.py[DEBUG]: Calling handler JinjaTemplatePartHandler: [[&#39;text/jinja2&#39;]] (__end__, None, 3) with frequency once-per-instance&#xD;&#xA;2025-04-22 10:00:37,647 - handlers.py[DEBUG]: finish: init-network/consume-user-data: SUCCESS: reading and applying user-data&#xD;&#xA;2025-04-22 10:00:37,647 - handlers.py[DEBUG]: start: init-network/consume-vendor-data: reading and applying vendor-data&#xD;&#xA;2025-04-22 10:00:37,647 - stages.py[DEBUG]: no vendordata from datasource&#xD;&#xA;2025-04-22 10:00:37,648 - handlers.py[DEBUG]: finish: init-network/consume-vendor-data: SUCCESS: reading and applying vendor-data&#xD;&#xA;2025-04-22 10:00:37,648 - util.py[DEBUG]: Reading from /etc/cloud/cloud.cfg (quiet=False)&#xD;&#xA;2025-04-22 10:00:37,648 - util.py[DEBUG]: Read 2276 bytes from /etc/cloud/cloud.cfg&#xD;&#xA;2025-04-22 10:00:37,648 - util.py[DEBUG]: Attempting to load yaml from string of length 2276 with allowed root types (&lt;class &#39;dict&#39;&gt;,)&#xD;&#xA;2025-04-22 10:00:37,659 - util.py[DEBUG]: Reading from /etc/cloud/cloud.cfg.d/05_logging.cfg (quiet=False)&#xD;&#xA;2025-04-22 10:00:37,659 - util.py[DEBUG]: Read 2070 bytes from /etc/cloud/cloud.cfg.d/05_logging.cfg&#xD;&#xA;2025-04-22 10:00:37,659 - util.py[DEBUG]: Attempting to load yaml from string of length 2070 with allowed root types (&lt;class &#39;dict&#39;&gt;,)&#xD;&#xA;2025-04-22 10:00:37,663 - util.py[DEBUG]: Reading from /run/cloud-init/cloud.cfg (quiet=False)&#xD;&#xA;2025-04-22 10:00:37,663 - util.py[DEBUG]: Read 35 bytes from /run/cloud-init/cloud.cfg&#xD;&#xA;2025-04-22 10:00:37,663 - util.py[DEBUG]: Attempting to load yaml from string of length 35 with allowed root types (&lt;class &#39;dict&#39;&gt;,)&#xD;&#xA;2025-04-22 10:00:37,663 - util.py[DEBUG]: Attempting to load yaml from string of length 0 with allowed root types (&lt;class &#39;dict&#39;&gt;,)&#xD;&#xA;2025-04-22 10:00:37,664 - util.py[DEBUG]: loaded blob returned None, returning default.&#xD;&#xA;2025-04-22 10:00:37,664 - util.py[DEBUG]: Reading from /var/lib/cloud/instance/cloud-config.txt (quiet=False)&#xD;&#xA;2025-04-22 10:00:37,664 - util.py[DEBUG]: Read 0 bytes from /var/lib/cloud/instance/cloud-config.txt&#xD;&#xA;2025-04-22 10:00:37,664 - util.py[DEBUG]: Attempting to load yaml from string of length 0 with allowed root types (&lt;class &#39;dict&#39;&gt;,)&#xD;&#xA;2025-04-22 10:00:37,664 - util.py[DEBUG]: loaded blob returned None, returning default.&#xD;&#xA;2025-04-22 10:00:37,664 - util.py[DEBUG]: Reading from /var/lib/cloud/instance/cloud-config.txt (quiet=False)&#xD;&#xA;2025-04-22 10:00:37,665 - util.py[DEBUG]: Read 0 bytes from /var/lib/cloud/instance/cloud-config.txt&#xD;&#xA;2025-04-22 10:00:37,665 - util.py[DEBUG]: Attempting to load yaml from string of length 0 with allowed root types (&lt;class &#39;dict&#39;&gt;,)&#xD;&#xA;2025-04-22 10:00:37,665 - util.py[DEBUG]: loaded blob returned None, returning default.&#xD;&#xA;2025-04-22 10:00:37,667 - handlers.py[DEBUG]: start: init-network/activate-datasource: activating datasource&#xD;&#xA;2025-04-22 10:00:37,667 - util.py[DEBUG]: Writing to /var/lib/cloud/instance/obj.pkl - wb: [400] 5657 bytes&#xD;&#xA;2025-04-22 10:00:37,668 - util.py[DEBUG]: Restoring selinux mode for /var/lib/cloud/instances/f8b5fc61-77ed-4f57-b54a-b9439a683484/obj.pkl (recursive=False)&#xD;&#xA;2025-04-22 10:00:37,669 - util.py[DEBUG]: Restoring selinux mode for /var/lib/cloud/instances/f8b5fc61-77ed-4f57-b54a-b9439a683484/obj.pkl (recursive=False)&#xD;&#xA;2025-04-22 10:00:37,669 - handlers.py[DEBUG]: finish: init-network/activate-datasource: SUCCESS: activating datasource&#xD;&#xA;2025-04-22 10:00:37,669 - main.py[DEBUG]: no di_report found in config.&#xD;&#xA;2025-04-22 10:00:37,727 - stages.py[DEBUG]: Using distro class &lt;class &#39;cloudinit.distros.fedora.Distro&#39;&gt;&#xD;&#xA;2025-04-22 10:00:37,727 - stages.py[INFO]: Skipping modules &#39;ca-certs&#39; because they are not verified on distro &#39;fedora&#39;.  To run anyway, add them to &#39;unverified_modules&#39; in config.&#xD;&#xA;2025-04-22 10:00:37,728 - stages.py[DEBUG]: Running module migrator (&lt;module &#39;cloudinit.config.cc_migrator&#39; from &#39;/usr/lib/python3.10/site-packages/cloudinit/config/cc_migrator.py&#39;&gt;) with frequency always&#xD;&#xA;2025-04-22 10:00:37,728 - handlers.py[DEBUG]: start: init-network/config-migrator: running config-migrator with frequency always&#xD;&#xA;2025-04-22 10:00:37,728 - helpers.py[DEBUG]: Running config-migrator using lock (&lt;cloudinit.helpers.DummyLock object at 0x7f3900e28280&gt;)&#xD;&#xA;2025-04-22 10:00:37,729 - cc_migrator.py[DEBUG]: Migrated 0 semaphore files to there canonicalized names&#xD;&#xA;2025-04-22 10:00:37,730 - handlers.py[DEBUG]: finish: init-network/config-migrator: SUCCESS: config-migrator ran successfully&#xD;&#xA;2025-04-22 10:00:37,730 - stages.py[DEBUG]: Running module seed_random (&lt;module &#39;cloudinit.config.cc_seed_random&#39; from &#39;/usr/lib/python3.10/site-packages/cloudinit/config/cc_seed_random.py&#39;&gt;) with frequency once-per-instance&#xD;&#xA;2025-04-22 10:00:37,730 - handlers.py[DEBUG]: start: init-network/config-seed_random: running config-seed_random with frequency once-per-instance&#xD;&#xA;2025-04-22 10:00:37,731 - util.py[DEBUG]: Writing to /var/lib/cloud/instances/f8b5fc61-77ed-4f57-b54a-b9439a683484/sem/config_seed_random - wb: [644] 23 bytes&#xD;&#xA;2025-04-22 10:00:37,732 - util.py[DEBUG]: Restoring selinux mode for /var/lib/cloud/instances/f8b5fc61-77ed-4f57-b54a-b9439a683484/sem/config_seed_random (recursive=False)&#xD;&#xA;2025-04-22 10:00:37,734 - util.py[DEBUG]: Restoring selinux mode for /var/lib/cloud/instances/f8b5fc61-77ed-4f57-b54a-b9439a683484/sem/config_seed_random (recursive=False)&#xD;&#xA;2025-04-22 10:00:37,735 - helpers.py[DEBUG]: Running config-seed_random using lock (&lt;FileLock using file &#39;/var/lib/cloud/instances/f8b5fc61-77ed-4f57-b54a-b9439a683484/sem/config_seed_random&#39;&gt;)&#xD;&#xA;2025-04-22 10:00:37,736 - cc_seed_random.py[DEBUG]: no command provided&#xD;&#xA;2025-04-22 10:00:37,736 - handlers.py[DEBUG]: finish: init-network/config-seed_random: SUCCESS: config-seed_random ran successfully&#xD;&#xA;2025-04-22 10:00:37,736 - stages.py[DEBUG]: Running module bootcmd (&lt;module &#39;cloudinit.config.cc_bootcmd&#39; from &#39;/usr/lib/python3.10/site-packages/cloudinit/config/cc_bootcmd.py&#39;&gt;) with frequency always&#xD;&#xA;2025-04-22 10:00:37,736 - handlers.py[DEBUG]: start: init-network/config-bootcmd: running config-bootcmd with frequency always&#xD;&#xA;2025-04-22 10:00:37,736 - helpers.py[DEBUG]: Running config-bootcmd using lock (&lt;cloudinit.helpers.DummyLock object at 0x7f3900e283a0&gt;)&#xD;&#xA;2025-04-22 10:00:37,737 - cc_bootcmd.py[DEBUG]: Skipping module named bootcmd, no &#39;bootcmd&#39; key in configuration&#xD;&#xA;2025-04-22 10:00:37,737 - handlers.py[DEBUG]: finish: init-network/config-bootcmd: SUCCESS: config-bootcmd ran successfully&#xD;&#xA;2025-04-22 10:00:37,737 - stages.py[DEBUG]: Running module write-files (&lt;module &#39;cloudinit.config.cc_write_files&#39; from &#39;/usr/lib/python3.10/site-packages/cloudinit/config/cc_write_files.py&#39;&gt;) with frequency once-per-instance&#xD;&#xA;2025-04-22 10:00:37,737 - handlers.py[DEBUG]: start: init-network/config-write-files: running config-write-files with frequency once-per-instance&#xD;&#xA;2025-04-22 10:00:37,737 - util.py[DEBUG]: Writing to /var/lib/cloud/instances/f8b5fc61-77ed-4f57-b54a-b9439a683484/sem/config_write_files - wb: [644] 23 bytes&#xD;&#xA;2025-04-22 10:00:37,739 - util.py[DEBUG]: Restoring selinux mode for /var/lib/cloud/instances/f8b5fc61-77ed-4f57-b54a-b9439a683484/sem/config_write_files (recursive=False)&#xD;&#xA;2025-04-22 10:00:37,740 - util.py[DEBUG]: Restoring selinux mode for /var/lib/cloud/instances/f8b5fc61-77ed-4f57-b54a-b9439a683484/sem/config_write_files (recursive=False)&#xD;&#xA;2025-04-22 10:00:37,741 - helpers.py[DEBUG]: Running config-write-files using lock (&lt;FileLock using file &#39;/var/lib/cloud/instances/f8b5fc61-77ed-4f57-b54a-b9439a683484/sem/config_write_files&#39;&gt;)&#xD;&#xA;2025-04-22 10:00:37,741 - cc_write_files.py[DEBUG]: Skipping module named write-files, no/empty &#39;write_files&#39; key in configuration&#xD;&#xA;2025-04-22 10:00:37,741 - handlers.py[DEBUG]: finish: init-network/config-write-files: SUCCESS: config-write-files ran successfully&#xD;&#xA;2025-04-22 10:00:37,741 - stages.py[DEBUG]: Running module growpart (&lt;module &#39;cloudinit.config.cc_growpart&#39; from &#39;/usr/lib/python3.10/site-packages/cloudinit/config/cc_growpart.py&#39;&gt;) with frequency always&#xD;&#xA;2025-04-22 10:00:37,741 - handlers.py[DEBUG]: start: init-network/config-growpart: running config-growpart with frequency always&#xD;&#xA;2025-04-22 10:00:37,741 - helpers.py[DEBUG]: Running config-growpart using lock (&lt;cloudinit.helpers.DummyLock object at 0x7f3900e2a260&gt;)&#xD;&#xA;2025-04-22 10:00:37,741 - cc_growpart.py[DEBUG]: No &#39;growpart&#39; entry in cfg.  Using default: {&#39;mode&#39;: &#39;auto&#39;, &#39;devices&#39;: [&#39;/&#39;], &#39;ignore_growroot_disabled&#39;: False}&#xD;&#xA;2025-04-22 10:00:37,742 - subp.py[DEBUG]: Running command [&#39;growpart&#39;, &#39;--help&#39;] with allowed return codes [0] (shell=False, capture=True)&#xD;&#xA;2025-04-22 10:00:37,771 - util.py[DEBUG]: Reading from /proc/663/mountinfo (quiet=False)&#xD;&#xA;2025-04-22 10:00:37,772 - util.py[DEBUG]: Read 2434 bytes from /proc/663/mountinfo&#xD;&#xA;2025-04-22 10:00:37,773 - util.py[DEBUG]: Reading from /sys/class/block/vda5/partition (quiet=False)&#xD;&#xA;2025-04-22 10:00:37,773 - util.py[DEBUG]: Read 2 bytes from /sys/class/block/vda5/partition&#xD;&#xA;2025-04-22 10:00:37,774 - util.py[DEBUG]: Reading from /sys/devices/pci0000:00/0000:00:02.6/0000:07:00.0/virtio3/block/vda/dev (quiet=False)&#xD;&#xA;2025-04-22 10:00:37,774 - util.py[DEBUG]: Read 6 bytes from /sys/devices/pci0000:00/0000:00:02.6/0000:07:00.0/virtio3/block/vda/dev&#xD;&#xA;2025-04-22 10:00:37,774 - subp.py[DEBUG]: Running command [&#39;growpart&#39;, &#39;--dry-run&#39;, &#39;/dev/vda&#39;, &#39;5&#39;] with allowed return codes [0] (shell=False, capture=True)&#xD;&#xA;2025-04-22 10:00:38,034 - util.py[DEBUG]: resize_devices took 0.263 seconds&#xD;&#xA;2025-04-22 10:00:38,034 - cc_growpart.py[DEBUG]: &#39;/&#39; NOCHANGE: no change necessary (/dev/vda, 5)&#xD;&#xA;2025-04-22 10:00:38,035 - handlers.py[DEBUG]: finish: init-network/config-growpart: SUCCESS: config-growpart ran successfully&#xD;&#xA;2025-04-22 10:00:38,035 - stages.py[DEBUG]: Running module resizefs (&lt;module &#39;cloudinit.config.cc_resizefs&#39; from &#39;/usr/lib/python3.10/site-packages/cloudinit/config/cc_resizefs.py&#39;&gt;) with frequency always&#xD;&#xA;2025-04-22 10:00:38,035 - handlers.py[DEBUG]: start: init-network/config-resizefs: running config-resizefs with frequency always&#xD;&#xA;2025-04-22 10:00:38,036 - helpers.py[DEBUG]: Running config-resizefs using lock (&lt;cloudinit.helpers.DummyLock object at 0x7f3900e28430&gt;)&#xD;&#xA;2025-04-22 10:00:38,248 - util.py[DEBUG]: Reading from /proc/663/mountinfo (quiet=False)&#xD;&#xA;2025-04-22 10:00:38,249 - util.py[DEBUG]: Read 2434 bytes from /proc/663/mountinfo&#xD;&#xA;2025-04-22 10:00:38,249 - cc_resizefs.py[DEBUG]: resize_info: dev=/dev/vda5 mnt_point=/ path=/&#xD;&#xA;2025-04-22 10:00:38,249 - util.py[DEBUG]: Reading from /proc/663/mountinfo (quiet=False)&#xD;&#xA;2025-04-22 10:00:38,250 - util.py[DEBUG]: Read 2434 bytes from /proc/663/mountinfo&#xD;&#xA;2025-04-22 10:00:38,250 - cc_resizefs.py[DEBUG]: Resizing / (btrfs) using btrfs filesystem resize max /&#xD;&#xA;2025-04-22 10:00:38,250 - subp.py[DEBUG]: Running command (&#39;btrfs&#39;, &#39;filesystem&#39;, &#39;resize&#39;, &#39;max&#39;, &#39;/&#39;) with allowed return codes [0] (shell=False, capture=True)&#xD;&#xA;2025-04-22 10:00:38,298 - util.py[DEBUG]: Resizing took 0.047 seconds&#xD;&#xA;2025-04-22 10:00:38,298 - cc_resizefs.py[DEBUG]: Resized root filesystem (type=btrfs, val=True)&#xD;&#xA;2025-04-22 10:00:38,298 - handlers.py[DEBUG]: finish: init-network/config-resizefs: SUCCESS: config-resizefs ran successfully&#xD;&#xA;2025-04-22 10:00:38,299 - stages.py[DEBUG]: Running module disk_setup (&lt;module &#39;cloudinit.config.cc_disk_setup&#39; from &#39;/usr/lib/python3.10/site-packages/cloudinit/config/cc_disk_setup.py&#39;&gt;) with frequency once-per-instance&#xD;&#xA;2025-04-22 10:00:38,299 - handlers.py[DEBUG]: start: init-network/config-disk_setup: running config-disk_setup with frequency once-per-instance&#xD;&#xA;2025-04-22 10:00:38,299 - util.py[DEBUG]: Writing to /var/lib/cloud/instances/f8b5fc61-77ed-4f57-b54a-b9439a683484/sem/config_disk_setup - wb: [644] 24 bytes&#xD;&#xA;2025-04-22 10:00:38,301 - util.py[DEBUG]: Restoring selinux mode for /var/lib/cloud/instances/f8b5fc61-77ed-4f57-b54a-b9439a683484/sem/config_disk_setup (recursive=False)&#xD;&#xA;2025-04-22 10:00:38,304 - util.py[DEBUG]: Restoring selinux mode for /var/lib/cloud/instances/f8b5fc61-77ed-4f57-b54a-b9439a683484/sem/config_disk_setup (recursive=False)&#xD;&#xA;2025-04-22 10:00:38,305 - helpers.py[DEBUG]: Running config-disk_setup using lock (&lt;FileLock using file &#39;/var/lib/cloud/instances/f8b5fc61-77ed-4f57-b54a-b9439a683484/sem/config_disk_setup&#39;&gt;)&#xD;&#xA;2025-04-22 10:00:38,305 - handlers.py[DEBUG]: finish: init-network/config-disk_setup: SUCCESS: config-disk_setup ran successfully&#xD;&#xA;2025-04-22 10:00:38,305 - stages.py[DEBUG]: Running module mounts (&lt;module &#39;cloudinit.config.cc_mounts&#39; from &#39;/usr/lib/python3.10/site-packages/cloudinit/config/cc_mounts.py&#39;&gt;) with frequency once-per-instance&#xD;&#xA;2025-04-22 10:00:38,306 - handlers.py[DEBUG]: start: init-network/config-mounts: running config-mounts with frequency once-per-instance&#xD;&#xA;2025-04-22 10:00:38,306 - util.py[DEBUG]: Writing to /var/lib/cloud/instances/f8b5fc61-77ed-4f57-b54a-b9439a683484/sem/config_mounts - wb: [644] 24 bytes&#xD;&#xA;2025-04-22 10:00:38,307 - util.py[DEBUG]: Restoring selinux mode for /var/lib/cloud/instances/f8b5fc61-77ed-4f57-b54a-b9439a683484/sem/config_mounts (recursive=False)&#xD;&#xA;2025-04-22 10:00:38,308 - util.py[DEBUG]: Restoring selinux mode for /var/lib/cloud/instances/f8b5fc61-77ed-4f57-b54a-b9439a683484/sem/config_mounts (recursive=False)&#xD;&#xA;2025-04-22 10:00:38,308 - helpers.py[DEBUG]: Running config-mounts using lock (&lt;FileLock using file &#39;/var/lib/cloud/instances/f8b5fc61-77ed-4f57-b54a-b9439a683484/sem/config_mounts&#39;&gt;)&#xD;&#xA;2025-04-22 10:00:38,309 - cc_mounts.py[DEBUG]: mounts configuration is []&#xD;&#xA;2025-04-22 10:00:38,309 - util.py[DEBUG]: Reading from /etc/fstab (quiet=False)&#xD;&#xA;2025-04-22 10:00:38,310 - util.py[DEBUG]: Read 746 bytes from /etc/fstab&#xD;&#xA;2025-04-22 10:00:38,310 - cc_mounts.py[DEBUG]: Attempting to determine the real name of ephemeral0&#xD;&#xA;2025-04-22 10:00:38,310 - cc_mounts.py[DEBUG]: changed default device ephemeral0 =&gt; None&#xD;&#xA;2025-04-22 10:00:38,310 - cc_mounts.py[DEBUG]: Ignoring nonexistent default named mount ephemeral0&#xD;&#xA;2025-04-22 10:00:38,310 - cc_mounts.py[DEBUG]: Attempting to determine the real name of swap&#xD;&#xA;2025-04-22 10:00:38,310 - cc_mounts.py[DEBUG]: changed default device swap =&gt; None&#xD;&#xA;2025-04-22 10:00:38,310 - cc_mounts.py[DEBUG]: Ignoring nonexistent default named mount swap&#xD;&#xA;2025-04-22 10:00:38,310 - cc_mounts.py[DEBUG]: no need to setup swap&#xD;&#xA;2025-04-22 10:00:38,310 - cc_mounts.py[DEBUG]: No modifications to fstab needed&#xD;&#xA;2025-04-22 10:00:38,311 - handlers.py[DEBUG]: finish: init-network/config-mounts: SUCCESS: config-mounts ran successfully&#xD;&#xA;2025-04-22 10:00:38,311 - stages.py[DEBUG]: Running module set_hostname (&lt;module &#39;cloudinit.config.cc_set_hostname&#39; from &#39;/usr/lib/python3.10/site-packages/cloudinit/config/cc_set_hostname.py&#39;&gt;) with frequency once-per-instance&#xD;&#xA;2025-04-22 10:00:38,311 - handlers.py[DEBUG]: start: init-network/config-set_hostname: running config-set_hostname with frequency once-per-instance&#xD;&#xA;2025-04-22 10:00:38,312 - util.py[DEBUG]: Writing to /var/lib/cloud/instances/f8b5fc61-77ed-4f57-b54a-b9439a683484/sem/config_set_hostname - wb: [644] 24 bytes&#xD;&#xA;2025-04-22 10:00:38,312 - util.py[DEBUG]: Restoring selinux mode for /var/lib/cloud/instances/f8b5fc61-77ed-4f57-b54a-b9439a683484/sem/config_set_hostname (recursive=False)&#xD;&#xA;2025-04-22 10:00:38,314 - util.py[DEBUG]: Restoring selinux mode for /var/lib/cloud/instances/f8b5fc61-77ed-4f57-b54a-b9439a683484/sem/config_set_hostname (recursive=False)&#xD;&#xA;2025-04-22 10:00:38,314 - helpers.py[DEBUG]: Running config-set_hostname using lock (&lt;FileLock using file &#39;/var/lib/cloud/instances/f8b5fc61-77ed-4f57-b54a-b9439a683484/sem/config_set_hostname&#39;&gt;)&#xD;&#xA;2025-04-22 10:00:38,314 - util.py[DEBUG]: Reading from /var/lib/cloud/data/set-hostname (quiet=False)&#xD;&#xA;2025-04-22 10:00:38,315 - util.py[DEBUG]: Read 59 bytes from /var/lib/cloud/data/set-hostname&#xD;&#xA;2025-04-22 10:00:38,315 - cc_set_hostname.py[DEBUG]: No hostname changes. Skipping set-hostname&#xD;&#xA;2025-04-22 10:00:38,315 - handlers.py[DEBUG]: finish: init-network/config-set_hostname: SUCCESS: config-set_hostname ran successfully&#xD;&#xA;2025-04-22 10:00:38,315 - stages.py[DEBUG]: Running module update_hostname (&lt;module &#39;cloudinit.config.cc_update_hostname&#39; from &#39;/usr/lib/python3.10/site-packages/cloudinit/config/cc_update_hostname.py&#39;&gt;) with frequency always&#xD;&#xA;2025-04-22 10:00:38,315 - handlers.py[DEBUG]: start: init-network/config-update_hostname: running config-update_hostname with frequency always&#xD;&#xA;2025-04-22 10:00:38,315 - helpers.py[DEBUG]: Running config-update_hostname using lock (&lt;cloudinit.helpers.DummyLock object at 0x7f390136e2f0&gt;)&#xD;&#xA;2025-04-22 10:00:38,315 - cc_update_hostname.py[DEBUG]: Updating hostname to testvmi-97w8k (testvmi-97w8k)&#xD;&#xA;2025-04-22 10:00:38,315 - util.py[DEBUG]: Reading from /var/lib/cloud/data/previous-hostname (quiet=False)&#xD;&#xA;2025-04-22 10:00:38,316 - util.py[DEBUG]: Read 6 bytes from /var/lib/cloud/data/previous-hostname&#xD;&#xA;2025-04-22 10:00:38,316 - subp.py[DEBUG]: Running command [&#39;hostname&#39;] with allowed return codes [0] (shell=False, capture=True)&#xD;&#xA;2025-04-22 10:00:38,320 - __init__.py[INFO]: /var/lib/cloud/data/previous-hostname differs from /etc/hostname, assuming user maintained hostname.&#xD;&#xA;2025-04-22 10:00:38,320 - handlers.py[DEBUG]: finish: init-network/config-update_hostname: SUCCESS: config-update_hostname ran successfully&#xD;&#xA;2025-04-22 10:00:38,320 - stages.py[DEBUG]: Running module update_etc_hosts (&lt;module &#39;cloudinit.config.cc_update_etc_hosts&#39; from &#39;/usr/lib/python3.10/site-packages/cloudinit/config/cc_update_etc_hosts.py&#39;&gt;) with frequency always&#xD;&#xA;2025-04-22 10:00:38,320 - handlers.py[DEBUG]: start: init-network/config-update_etc_hosts: running config-update_etc_hosts with frequency always&#xD;&#xA;2025-04-22 10:00:38,320 - helpers.py[DEBUG]: Running config-update_etc_hosts using lock (&lt;cloudinit.helpers.DummyLock object at 0x7f390136dbd0&gt;)&#xD;&#xA;2025-04-22 10:00:38,320 - cc_update_etc_hosts.py[DEBUG]: Configuration option &#39;manage_etc_hosts&#39; is not set, not managing /etc/hosts in module update_etc_hosts&#xD;&#xA;2025-04-22 10:00:38,320 - handlers.py[DEBUG]: finish: init-network/config-update_etc_hosts: SUCCESS: config-update_etc_hosts ran successfully&#xD;&#xA;2025-04-22 10:00:38,320 - stages.py[DEBUG]: Running module rsyslog (&lt;module &#39;cloudinit.config.cc_rsyslog&#39; from &#39;/usr/lib/python3.10/site-packages/cloudinit/config/cc_rsyslog.py&#39;&gt;) with frequency once-per-instance&#xD;&#xA;2025-04-22 10:00:38,320 - handlers.py[DEBUG]: start: init-network/config-rsyslog: running config-rsyslog with frequency once-per-instance&#xD;&#xA;2025-04-22 10:00:38,321 - util.py[DEBUG]: Writing to /var/lib/cloud/instances/f8b5fc61-77ed-4f57-b54a-b9439a683484/sem/config_rsyslog - wb: [644] 24 bytes&#xD;&#xA;2025-04-22 10:00:38,321 - util.py[DEBUG]: Restoring selinux mode for /var/lib/cloud/instances/f8b5fc61-77ed-4f57-b54a-b9439a683484/sem/config_rsyslog (recursive=False)&#xD;&#xA;2025-04-22 10:00:38,322 - util.py[DEBUG]: Restoring selinux mode for /var/lib/cloud/instances/f8b5fc61-77ed-4f57-b54a-b9439a683484/sem/config_rsyslog (recursive=False)&#xD;&#xA;2025-04-22 10:00:38,322 - helpers.py[DEBUG]: Running config-rsyslog using lock (&lt;FileLock using file &#39;/var/lib/cloud/instances/f8b5fc61-77ed-4f57-b54a-b9439a683484/sem/config_rsyslog&#39;&gt;)&#xD;&#xA;2025-04-22 10:00:38,322 - cc_rsyslog.py[DEBUG]: Skipping module named rsyslog, no &#39;rsyslog&#39; key in configuration&#xD;&#xA;2025-04-22 10:00:38,322 - handlers.py[DEBUG]: finish: init-network/config-rsyslog: SUCCESS: config-rsyslog ran successfully&#xD;&#xA;2025-04-22 10:00:38,323 - stages.py[DEBUG]: Running module ssh (&lt;module &#39;cloudinit.config.cc_ssh&#39; from &#39;/usr/lib/python3.10/site-packages/cloudinit/config/cc_ssh.py&#39;&gt;) with frequency once-per-instance&#xD;&#xA;2025-04-22 10:00:38,323 - handlers.py[DEBUG]: start: init-network/config-ssh: running config-ssh with frequency once-per-instance&#xD;&#xA;2025-04-22 10:00:38,323 - util.py[DEBUG]: Writing to /var/lib/cloud/instances/f8b5fc61-77ed-4f57-b54a-b9439a683484/sem/config_ssh - wb: [644] 23 bytes&#xD;&#xA;2025-04-22 10:00:38,323 - util.py[DEBUG]: Restoring selinux mode for /var/lib/cloud/instances/f8b5fc61-77ed-4f57-b54a-b9439a683484/sem/config_ssh (recursive=False)&#xD;&#xA;2025-04-22 10:00:38,324 - util.py[DEBUG]: Restoring selinux mode for /var/lib/cloud/instances/f8b5fc61-77ed-4f57-b54a-b9439a683484/sem/config_ssh (recursive=False)&#xD;&#xA;2025-04-22 10:00:38,324 - helpers.py[DEBUG]: Running config-ssh using lock (&lt;FileLock using file &#39;/var/lib/cloud/instances/f8b5fc61-77ed-4f57-b54a-b9439a683484/sem/config_ssh&#39;&gt;)&#xD;&#xA;2025-04-22 10:00:38,325 - util.py[DEBUG]: Attempting to remove /etc/ssh/ssh_host_rsa_key&#xD;&#xA;2025-04-22 10:00:38,327 - util.py[DEBUG]: Attempting to remove /etc/ssh/ssh_host_rsa_key.pub&#xD;&#xA;2025-04-22 10:00:38,327 - util.py[DEBUG]: Attempting to remove /etc/ssh/ssh_host_dsa_key&#xD;&#xA;2025-04-22 10:00:38,327 - util.py[DEBUG]: Attempting to remove /etc/ssh/ssh_host_dsa_key.pub&#xD;&#xA;2025-04-22 10:00:38,327 - util.py[DEBUG]: Attempting to remove /etc/ssh/ssh_host_ecdsa_key&#xD;&#xA;2025-04-22 10:00:38,327 - util.py[DEBUG]: Attempting to remove /etc/ssh/ssh_host_ecdsa_key.pub&#xD;&#xA;2025-04-22 10:00:38,327 - util.py[DEBUG]: Attempting to remove /etc/ssh/ssh_host_ed25519_key&#xD;&#xA;2025-04-22 10:00:38,327 - util.py[DEBUG]: Attempting to remove /etc/ssh/ssh_host_ed25519_key.pub&#xD;&#xA;2025-04-22 10:00:38,327 - subp.py[DEBUG]: Running command [&#39;ssh-keygen&#39;, &#39;-t&#39;, &#39;rsa&#39;, &#39;-N&#39;, &#39;&#39;, &#39;-f&#39;, &#39;/etc/ssh/ssh_host_rsa_key&#39;] with allowed return codes [0] (shell=False, capture=True)&#xD;&#xA;2025-04-22 10:00:38,583 - util.py[DEBUG]: Restoring selinux mode for /etc/ssh (recursive=True)&#xD;&#xA;2025-04-22 10:00:38,598 - subp.py[DEBUG]: Running command [&#39;ssh-keygen&#39;, &#39;-t&#39;, &#39;dsa&#39;, &#39;-N&#39;, &#39;&#39;, &#39;-f&#39;, &#39;/etc/ssh/ssh_host_dsa_key&#39;] with allowed return codes [0] (shell=False, capture=True)&#xD;&#xA;2025-04-22 10:00:38,681 - util.py[DEBUG]: Restoring selinux mode for /etc/ssh (recursive=True)&#xD;&#xA;2025-04-22 10:00:38,684 - subp.py[DEBUG]: Running command [&#39;ssh-keygen&#39;, &#39;-t&#39;, &#39;ecdsa&#39;, &#39;-N&#39;, &#39;&#39;, &#39;-f&#39;, &#39;/etc/ssh/ssh_host_ecdsa_key&#39;] with allowed return codes [0] (shell=False, capture=True)&#xD;&#xA;2025-04-22 10:00:38,688 - util.py[DEBUG]: Restoring selinux mode for /etc/ssh (recursive=True)&#xD;&#xA;2025-04-22 10:00:38,691 - subp.py[DEBUG]: Running command [&#39;ssh-keygen&#39;, &#39;-t&#39;, &#39;ed25519&#39;, &#39;-N&#39;, &#39;&#39;, &#39;-f&#39;, &#39;/etc/ssh/ssh_host_ed25519_key&#39;] with allowed return codes [0] (shell=False, capture=True)&#xD;&#xA;2025-04-22 10:00:38,696 - util.py[DEBUG]: Restoring selinux mode for /etc/ssh (recursive=True)&#xD;&#xA;2025-04-22 10:00:38,699 - util.py[DEBUG]: Reading from /etc/ssh/ssh_host_rsa_key.pub (quiet=False)&#xD;&#xA;2025-04-22 10:00:38,699 - util.py[DEBUG]: Read 572 bytes from /etc/ssh/ssh_host_rsa_key.pub&#xD;&#xA;2025-04-22 10:00:38,699 - util.py[DEBUG]: Reading from /etc/ssh/ssh_host_ecdsa_key.pub (quiet=False)&#xD;&#xA;2025-04-22 10:00:38,699 - util.py[DEBUG]: Read 180 bytes from /etc/ssh/ssh_host_ecdsa_key.pub&#xD;&#xA;2025-04-22 10:00:38,699 - util.py[DEBUG]: Reading from /etc/ssh/ssh_host_ed25519_key.pub (quiet=False)&#xD;&#xA;2025-04-22 10:00:38,699 - util.py[DEBUG]: Read 100 bytes from /etc/ssh/ssh_host_ed25519_key.pub&#xD;&#xA;2025-04-22 10:00:38,700 - util.py[DEBUG]: Reading from /etc/ssh/sshd_config (quiet=False)&#xD;&#xA;2025-04-22 10:00:38,700 - util.py[DEBUG]: Read 3696 bytes from /etc/ssh/sshd_config&#xD;&#xA;2025-04-22 10:00:38,701 - util.py[DEBUG]: Restoring selinux mode for /home/fedora/.ssh (recursive=True)&#xD;&#xA;2025-04-22 10:00:38,701 - util.py[DEBUG]: Reading from /home/fedora/.ssh/authorized_keys (quiet=False)&#xD;&#xA;2025-04-22 10:00:38,702 - util.py[DEBUG]: Read 0 bytes from /home/fedora/.ssh/authorized_keys&#xD;&#xA;2025-04-22 10:00:38,702 - util.py[DEBUG]: Restoring selinux mode for /home/fedora/.ssh (recursive=False)&#xD;&#xA;2025-04-22 10:00:38,702 - util.py[DEBUG]: Writing to /home/fedora/.ssh/authorized_keys - wb: [600] 0 bytes&#xD;&#xA;2025-04-22 10:00:38,702 - util.py[DEBUG]: Restoring selinux mode for /home/fedora/.ssh/authorized_keys (recursive=False)&#xD;&#xA;2025-04-22 10:00:38,702 - util.py[DEBUG]: Restoring selinux mode for /home/fedora/.ssh/authorized_keys (recursive=False)&#xD;&#xA;2025-04-22 10:00:38,702 - util.py[DEBUG]: Changing the ownership of /home/fedora/.ssh/authorized_keys to 1000:1000&#xD;&#xA;2025-04-22 10:00:38,702 - util.py[DEBUG]: Restoring selinux mode for /home/fedora/.ssh (recursive=True)&#xD;&#xA;2025-04-22 10:00:38,703 - util.py[DEBUG]: Reading from /etc/ssh/sshd_config (quiet=False)&#xD;&#xA;2025-04-22 10:00:38,703 - util.py[DEBUG]: Read 3696 bytes from /etc/ssh/sshd_config&#xD;&#xA;2025-04-22 10:00:38,703 - util.py[DEBUG]: Restoring selinux mode for /root/.ssh (recursive=True)&#xD;&#xA;2025-04-22 10:00:38,704 - util.py[DEBUG]: Reading from /root/.ssh/authorized_keys (quiet=False)&#xD;&#xA;2025-04-22 10:00:38,704 - util.py[DEBUG]: Read 0 bytes from /root/.ssh/authorized_keys&#xD;&#xA;2025-04-22 10:00:38,704 - util.py[DEBUG]: Restoring selinux mode for /root/.ssh (recursive=False)&#xD;&#xA;2025-04-22 10:00:38,704 - util.py[DEBUG]: Writing to /root/.ssh/authorized_keys - wb: [600] 0 bytes&#xD;&#xA;2025-04-22 10:00:38,704 - util.py[DEBUG]: Restoring selinux mode for /root/.ssh/authorized_keys (recursive=False)&#xD;&#xA;2025-04-22 10:00:38,705 - util.py[DEBUG]: Restoring selinux mode for /root/.ssh/authorized_keys (recursive=False)&#xD;&#xA;2025-04-22 10:00:38,705 - util.py[DEBUG]: Changing the ownership of /root/.ssh/authorized_keys to 0:0&#xD;&#xA;2025-04-22 10:00:38,705 - util.py[DEBUG]: Restoring selinux mode for /root/.ssh (recursive=True)&#xD;&#xA;2025-04-22 10:00:38,706 - handlers.py[DEBUG]: finish: init-network/config-ssh: SUCCESS: config-ssh ran successfully&#xD;&#xA;2025-04-22 10:00:38,706 - main.py[DEBUG]: Ran 13 modules with 0 failures&#xD;&#xA;2025-04-22 10:00:38,709 - atomic_helper.py[DEBUG]: Atomically writing to file /var/lib/cloud/data/status.json (via temporary file /var/lib/cloud/data/tmpqygjjf2e) - w: [644] 546 bytes/chars&#xD;&#xA;2025-04-22 10:00:38,724 - util.py[DEBUG]: Reading from /proc/uptime (quiet=False)&#xD;&#xA;2025-04-22 10:00:38,725 - util.py[DEBUG]: Read 11 bytes from /proc/uptime&#xD;&#xA;2025-04-22 10:00:38,725 - util.py[DEBUG]: cloud-init mode &#39;init&#39; took 2.048 seconds (2.05)&#xD;&#xA;2025-04-22 10:00:38,725 - handlers.py[DEBUG]: finish: init-network: SUCCESS: searching for network datasources&#xD;&#xA;2025-04-22 10:00:40,982 - util.py[DEBUG]: Cloud-init v. 20.4 running &#39;modules:config&#39; at Tue, 22 Apr 2025 10:00:40 +0000. Up 21.72 seconds.&#xD;&#xA;2025-04-22 10:00:41,053 - stages.py[DEBUG]: Using distro class &lt;class &#39;cloudinit.distros.fedora.Distro&#39;&gt;&#xD;&#xA;2025-04-22 10:00:41,054 - stages.py[INFO]: Skipping modules &#39;ssh-import-id&#39; because they are not verified on distro &#39;fedora&#39;.  To run anyway, add them to &#39;unverified_modules&#39; in config.&#xD;&#xA;2025-04-22 10:00:41,054 - stages.py[DEBUG]: Running module locale (&lt;module &#39;cloudinit.config.cc_locale&#39; from &#39;/usr/lib/python3.10/site-packages/cloudinit/config/cc_locale.py&#39;&gt;) with frequency once-per-instance&#xD;&#xA;2025-04-22 10:00:41,054 - handlers.py[DEBUG]: start: modules-config/config-locale: running config-locale with frequency once-per-instance&#xD;&#xA;2025-04-22 10:00:41,054 - util.py[DEBUG]: Writing to /var/lib/cloud/instances/f8b5fc61-77ed-4f57-b54a-b9439a683484/sem/config_locale - wb: [644] 24 bytes&#xD;&#xA;2025-04-22 10:00:41,063 - util.py[DEBUG]: Restoring selinux mode for /var/lib/cloud/instances/f8b5fc61-77ed-4f57-b54a-b9439a683484/sem/config_locale (recursive=False)&#xD;&#xA;2025-04-22 10:00:41,068 - util.py[DEBUG]: Restoring selinux mode for /var/lib/cloud/instances/f8b5fc61-77ed-4f57-b54a-b9439a683484/sem/config_locale (recursive=False)&#xD;&#xA;2025-04-22 10:00:41,069 - helpers.py[DEBUG]: Running config-locale using lock (&lt;FileLock using file &#39;/var/lib/cloud/instances/f8b5fc61-77ed-4f57-b54a-b9439a683484/sem/config_locale&#39;&gt;)&#xD;&#xA;2025-04-22 10:00:41,260 - cc_locale.py[DEBUG]: Setting locale to en_US.UTF-8&#xD;&#xA;2025-04-22 10:00:41,261 - util.py[DEBUG]: Reading from /etc/locale.conf (quiet=False)&#xD;&#xA;2025-04-22 10:00:41,261 - util.py[DEBUG]: Read 17 bytes from /etc/locale.conf&#xD;&#xA;2025-04-22 10:00:41,261 - util.py[DEBUG]: Writing to /etc/locale.conf - wb: [644] 17 bytes&#xD;&#xA;2025-04-22 10:00:41,264 - util.py[DEBUG]: Restoring selinux mode for /etc/locale.conf (recursive=False)&#xD;&#xA;2025-04-22 10:00:41,266 - util.py[DEBUG]: Restoring selinux mode for /etc/locale.conf (recursive=False)&#xD;&#xA;2025-04-22 10:00:41,267 - handlers.py[DEBUG]: finish: modules-config/config-locale: SUCCESS: config-locale ran successfully&#xD;&#xA;2025-04-22 10:00:41,267 - stages.py[DEBUG]: Running module set-passwords (&lt;module &#39;cloudinit.config.cc_set_passwords&#39; from &#39;/usr/lib/python3.10/site-packages/cloudinit/config/cc_set_passwords.py&#39;&gt;) with frequency once-per-instance&#xD;&#xA;2025-04-22 10:00:41,267 - handlers.py[DEBUG]: start: modules-config/config-set-passwords: running config-set-passwords with frequency once-per-instance&#xD;&#xA;2025-04-22 10:00:41,267 - util.py[DEBUG]: Writing to /var/lib/cloud/instances/f8b5fc61-77ed-4f57-b54a-b9439a683484/sem/config_set_passwords - wb: [644] 24 bytes&#xD;&#xA;2025-04-22 10:00:41,268 - util.py[DEBUG]: Restoring selinux mode for /var/lib/cloud/instances/f8b5fc61-77ed-4f57-b54a-b9439a683484/sem/config_set_passwords (recursive=False)&#xD;&#xA;2025-04-22 10:00:41,269 - util.py[DEBUG]: Restoring selinux mode for /var/lib/cloud/instances/f8b5fc61-77ed-4f57-b54a-b9439a683484/sem/config_set_passwords (recursive=False)&#xD;&#xA;2025-04-22 10:00:41,269 - helpers.py[DEBUG]: Running config-set-passwords using lock (&lt;FileLock using file &#39;/var/lib/cloud/instances/f8b5fc61-77ed-4f57-b54a-b9439a683484/sem/config_set_passwords&#39;&gt;)&#xD;&#xA;2025-04-22 10:00:41,269 - util.py[DEBUG]: Reading from /etc/ssh/sshd_config (quiet=False)&#xD;&#xA;2025-04-22 10:00:41,270 - util.py[DEBUG]: Read 3696 bytes from /etc/ssh/sshd_config&#xD;&#xA;2025-04-22 10:00:41,271 - ssh_util.py[DEBUG]: line 131: option PasswordAuthentication updated yes -&gt; no&#xD;&#xA;2025-04-22 10:00:41,271 - util.py[DEBUG]: Writing to /etc/ssh/sshd_config - wb: [600] 3695 bytes&#xD;&#xA;2025-04-22 10:00:41,271 - util.py[DEBUG]: Restoring selinux mode for /etc/ssh/sshd_config (recursive=False)&#xD;&#xA;2025-04-22 10:00:41,272 - util.py[DEBUG]: Restoring selinux mode for /etc/ssh/sshd_config (recursive=False)&#xD;&#xA;2025-04-22 10:00:41,272 - subp.py[DEBUG]: Running command [&#39;service&#39;, &#39;sshd&#39;, &#39;restart&#39;] with allowed return codes [0] (shell=False, capture=True)&#xD;&#xA;2025-04-22 10:00:41,625 - cc_set_passwords.py[DEBUG]: Restarted the SSH daemon.&#xD;&#xA;2025-04-22 10:00:41,626 - handlers.py[DEBUG]: finish: modules-config/config-set-passwords: SUCCESS: config-set-passwords ran successfully&#xD;&#xA;2025-04-22 10:00:41,626 - stages.py[DEBUG]: Running module spacewalk (&lt;module &#39;cloudinit.config.cc_spacewalk&#39; from &#39;/usr/lib/python3.10/site-packages/cloudinit/config/cc_spacewalk.py&#39;&gt;) with frequency once-per-instance&#xD;&#xA;2025-04-22 10:00:41,627 - handlers.py[DEBUG]: start: modules-config/config-spacewalk: running config-spacewalk with frequency once-per-instance&#xD;&#xA;2025-04-22 10:00:41,627 - util.py[DEBUG]: Writing to /var/lib/cloud/instances/f8b5fc61-77ed-4f57-b54a-b9439a683484/sem/config_spacewalk - wb: [644] 24 bytes&#xD;&#xA;2025-04-22 10:00:41,628 - util.py[DEBUG]: Restoring selinux mode for /var/lib/cloud/instances/f8b5fc61-77ed-4f57-b54a-b9439a683484/sem/config_spacewalk (recursive=False)&#xD;&#xA;2025-04-22 10:00:41,629 - util.py[DEBUG]: Restoring selinux mode for /var/lib/cloud/instances/f8b5fc61-77ed-4f57-b54a-b9439a683484/sem/config_spacewalk (recursive=False)&#xD;&#xA;2025-04-22 10:00:41,630 - helpers.py[DEBUG]: Running config-spacewalk using lock (&lt;FileLock using file &#39;/var/lib/cloud/instances/f8b5fc61-77ed-4f57-b54a-b9439a683484/sem/config_spacewalk&#39;&gt;)&#xD;&#xA;2025-04-22 10:00:41,630 - cc_spacewalk.py[DEBUG]: Skipping module named spacewalk, no &#39;spacewalk&#39; key in configuration&#xD;&#xA;2025-04-22 10:00:41,630 - handlers.py[DEBUG]: finish: modules-config/config-spacewalk: SUCCESS: config-spacewalk ran successfully&#xD;&#xA;2025-04-22 10:00:41,630 - stages.py[DEBUG]: Running module yum-add-repo (&lt;module &#39;cloudinit.config.cc_yum_add_repo&#39; from &#39;/usr/lib/python3.10/site-packages/cloudinit/config/cc_yum_add_repo.py&#39;&gt;) with frequency once-per-instance&#xD;&#xA;2025-04-22 10:00:41,630 - handlers.py[DEBUG]: start: modules-config/config-yum-add-repo: running config-yum-add-repo with frequency once-per-instance&#xD;&#xA;2025-04-22 10:00:41,630 - util.py[DEBUG]: Writing to /var/lib/cloud/instances/f8b5fc61-77ed-4f57-b54a-b9439a683484/sem/config_yum_add_repo - wb: [644] 24 bytes&#xD;&#xA;2025-04-22 10:00:41,631 - util.py[DEBUG]: Restoring selinux mode for /var/lib/cloud/instances/f8b5fc61-77ed-4f57-b54a-b9439a683484/sem/config_yum_add_repo (recursive=False)&#xD;&#xA;2025-04-22 10:00:41,632 - util.py[DEBUG]: Restoring selinux mode for /var/lib/cloud/instances/f8b5fc61-77ed-4f57-b54a-b9439a683484/sem/config_yum_add_repo (recursive=False)&#xD;&#xA;2025-04-22 10:00:41,632 - helpers.py[DEBUG]: Running config-yum-add-repo using lock (&lt;FileLock using file &#39;/var/lib/cloud/instances/f8b5fc61-77ed-4f57-b54a-b9439a683484/sem/config_yum_add_repo&#39;&gt;)&#xD;&#xA;2025-04-22 10:00:41,632 - cc_yum_add_repo.py[DEBUG]: Skipping module named yum-add-repo, no &#39;yum_repos&#39; configuration found&#xD;&#xA;2025-04-22 10:00:41,632 - handlers.py[DEBUG]: finish: modules-config/config-yum-add-repo: SUCCESS: config-yum-add-repo ran successfully&#xD;&#xA;2025-04-22 10:00:41,632 - stages.py[DEBUG]: Running module ntp (&lt;module &#39;cloudinit.config.cc_ntp&#39; from &#39;/usr/lib/python3.10/site-packages/cloudinit/config/cc_ntp.py&#39;&gt;) with frequency once-per-instance&#xD;&#xA;2025-04-22 10:00:41,632 - handlers.py[DEBUG]: start: modules-config/config-ntp: running config-ntp with frequency once-per-instance&#xD;&#xA;2025-04-22 10:00:41,632 - util.py[DEBUG]: Writing to /var/lib/cloud/instances/f8b5fc61-77ed-4f57-b54a-b9439a683484/sem/config_ntp - wb: [644] 23 bytes&#xD;&#xA;2025-04-22 10:00:41,633 - util.py[DEBUG]: Restoring selinux mode for /var/lib/cloud/instances/f8b5fc61-77ed-4f57-b54a-b9439a683484/sem/config_ntp (recursive=False)&#xD;&#xA;2025-04-22 10:00:41,634 - util.py[DEBUG]: Restoring selinux mode for /var/lib/cloud/instances/f8b5fc61-77ed-4f57-b54a-b9439a683484/sem/config_ntp (recursive=False)&#xD;&#xA;2025-04-22 10:00:41,634 - helpers.py[DEBUG]: Running config-ntp using lock (&lt;FileLock using file &#39;/var/lib/cloud/instances/f8b5fc61-77ed-4f57-b54a-b9439a683484/sem/config_ntp&#39;&gt;)&#xD;&#xA;2025-04-22 10:00:41,634 - cc_ntp.py[DEBUG]: Skipping module named ntp, not present or disabled by cfg&#xD;&#xA;2025-04-22 10:00:41,634 - handlers.py[DEBUG]: finish: modules-config/config-ntp: SUCCESS: config-ntp ran successfully&#xD;&#xA;2025-04-22 10:00:41,634 - stages.py[DEBUG]: Running module timezone (&lt;module &#39;cloudinit.config.cc_timezone&#39; from &#39;/usr/lib/python3.10/site-packages/cloudinit/config/cc_timezone.py&#39;&gt;) with frequency once-per-instance&#xD;&#xA;2025-04-22 10:00:41,634 - handlers.py[DEBUG]: start: modules-config/config-timezone: running config-timezone with frequency once-per-instance&#xD;&#xA;2025-04-22 10:00:41,634 - util.py[DEBUG]: Writing to /var/lib/cloud/instances/f8b5fc61-77ed-4f57-b54a-b9439a683484/sem/config_timezone - wb: [644] 24 bytes&#xD;&#xA;2025-04-22 10:00:41,635 - util.py[DEBUG]: Restoring selinux mode for /var/lib/cloud/instances/f8b5fc61-77ed-4f57-b54a-b9439a683484/sem/config_timezone (recursive=False)&#xD;&#xA;2025-04-22 10:00:41,636 - util.py[DEBUG]: Restoring selinux mode for /var/lib/cloud/instances/f8b5fc61-77ed-4f57-b54a-b9439a683484/sem/config_timezone (recursive=False)&#xD;&#xA;2025-04-22 10:00:41,636 - helpers.py[DEBUG]: Running config-timezone using lock (&lt;FileLock using file &#39;/var/lib/cloud/instances/f8b5fc61-77ed-4f57-b54a-b9439a683484/sem/config_timezone&#39;&gt;)&#xD;&#xA;2025-04-22 10:00:41,636 - cc_timezone.py[DEBUG]: Skipping module named timezone, no &#39;timezone&#39; specified&#xD;&#xA;2025-04-22 10:00:41,636 - handlers.py[DEBUG]: finish: modules-config/config-timezone: SUCCESS: config-timezone ran successfully&#xD;&#xA;2025-04-22 10:00:41,636 - stages.py[DEBUG]: Running module disable-ec2-metadata (&lt;module &#39;cloudinit.config.cc_disable_ec2_metadata&#39; from &#39;/usr/lib/python3.10/site-packages/cloudinit/config/cc_disable_ec2_metadata.py&#39;&gt;) with frequency always&#xD;&#xA;2025-04-22 10:00:41,636 - handlers.py[DEBUG]: start: modules-config/config-disable-ec2-metadata: running config-disable-ec2-metadata with frequency always&#xD;&#xA;2025-04-22 10:00:41,636 - helpers.py[DEBUG]: Running config-disable-ec2-metadata using lock (&lt;cloudinit.helpers.DummyLock object at 0x7f37e2557460&gt;)&#xD;&#xA;2025-04-22 10:00:41,636 - cc_disable_ec2_metadata.py[DEBUG]: Skipping module named disable-ec2-metadata, disabling the ec2 route not enabled&#xD;&#xA;2025-04-22 10:00:41,636 - handlers.py[DEBUG]: finish: modules-config/config-disable-ec2-metadata: SUCCESS: config-disable-ec2-metadata ran successfully&#xD;&#xA;2025-04-22 10:00:41,636 - stages.py[DEBUG]: Running module runcmd (&lt;module &#39;cloudinit.config.cc_runcmd&#39; from &#39;/usr/lib/python3.10/site-packages/cloudinit/config/cc_runcmd.py&#39;&gt;) with frequency once-per-instance&#xD;&#xA;2025-04-22 10:00:41,636 - handlers.py[DEBUG]: start: modules-config/config-runcmd: running config-runcmd with frequency once-per-instance&#xD;&#xA;2025-04-22 10:00:41,637 - util.py[DEBUG]: Writing to /var/lib/cloud/instances/f8b5fc61-77ed-4f57-b54a-b9439a683484/sem/config_runcmd - wb: [644] 24 bytes&#xD;&#xA;2025-04-22 10:00:41,637 - util.py[DEBUG]: Restoring selinux mode for /var/lib/cloud/instances/f8b5fc61-77ed-4f57-b54a-b9439a683484/sem/config_runcmd (recursive=False)&#xD;&#xA;2025-04-22 10:00:41,638 - util.py[DEBUG]: Restoring selinux mode for /var/lib/cloud/instances/f8b5fc61-77ed-4f57-b54a-b9439a683484/sem/config_runcmd (recursive=False)&#xD;&#xA;2025-04-22 10:00:41,638 - helpers.py[DEBUG]: Running config-runcmd using lock (&lt;FileLock using file &#39;/var/lib/cloud/instances/f8b5fc61-77ed-4f57-b54a-b9439a683484/sem/config_runcmd&#39;&gt;)&#xD;&#xA;2025-04-22 10:00:41,638 - cc_runcmd.py[DEBUG]: Skipping module named runcmd, no &#39;runcmd&#39; key in configuration&#xD;&#xA;2025-04-22 10:00:41,638 - handlers.py[DEBUG]: finish: modules-config/config-runcmd: SUCCESS: config-runcmd ran successfully&#xD;&#xA;2025-04-22 10:00:41,638 - main.py[DEBUG]: Ran 8 modules with 0 failures&#xD;&#xA;2025-04-22 10:00:41,640 - atomic_helper.py[DEBUG]: Atomically writing to file /var/lib/cloud/data/status.json (via temporary file /var/lib/cloud/data/tmpl7m4fsse) - w: [644] 574 bytes/chars&#xD;&#xA;2025-04-22 10:00:41,641 - util.py[DEBUG]: Reading from /proc/uptime (quiet=False)&#xD;&#xA;2025-04-22 10:00:41,641 - util.py[DEBUG]: Read 11 bytes from /proc/uptime&#xD;&#xA;2025-04-22 10:00:41,641 - util.py[DEBUG]: cloud-init mode &#39;modules&#39; took 1.086 seconds (1.09)&#xD;&#xA;2025-04-22 10:00:41,641 - handlers.py[DEBUG]: finish: modules-config: SUCCESS: running modules for config&#xD;&#xA;2025-04-22 10:00:43,275 - util.py[DEBUG]: Cloud-init v. 20.4 running &#39;modules:final&#39; at Tue, 22 Apr 2025 10:00:43 +0000. Up 24.23 seconds.&#xD;&#xA;2025-04-22 10:00:43,333 - stages.py[DEBUG]: Using distro class &lt;class &#39;cloudinit.distros.fedora.Distro&#39;&gt;&#xD;&#xA;2025-04-22 10:00:43,334 - stages.py[DEBUG]: Running module package-update-upgrade-install (&lt;module &#39;cloudinit.config.cc_package_update_upgrade_install&#39; from &#39;/usr/lib/python3.10/site-packages/cloudinit/config/cc_package_update_upgrade_install.py&#39;&gt;) with frequency once-per-instance&#xD;&#xA;2025-04-22 10:00:43,335 - handlers.py[DEBUG]: start: modules-final/config-package-update-upgrade-install: running config-package-update-upgrade-install with frequency once-per-instance&#xD;&#xA;2025-04-22 10:00:43,335 - util.py[DEBUG]: Writing to /var/lib/cloud/instances/f8b5fc61-77ed-4f57-b54a-b9439a683484/sem/config_package_update_upgrade_install - wb: [644] 24 bytes&#xD;&#xA;2025-04-22 10:00:43,337 - util.py[DEBUG]: Restoring selinux mode for /var/lib/cloud/instances/f8b5fc61-77ed-4f57-b54a-b9439a683484/sem/config_package_update_upgrade_install (recursive=False)&#xD;&#xA;2025-04-22 10:00:43,339 - util.py[DEBUG]: Restoring selinux mode for /var/lib/cloud/instances/f8b5fc61-77ed-4f57-b54a-b9439a683484/sem/config_package_update_upgrade_install (recursive=False)&#xD;&#xA;2025-04-22 10:00:43,340 - helpers.py[DEBUG]: Running config-package-update-upgrade-install using lock (&lt;FileLock using file &#39;/var/lib/cloud/instances/f8b5fc61-77ed-4f57-b54a-b9439a683484/sem/config_package_update_upgrade_install&#39;&gt;)&#xD;&#xA;2025-04-22 10:00:43,340 - handlers.py[DEBUG]: finish: modules-final/config-package-update-upgrade-install: SUCCESS: config-package-update-upgrade-install ran successfully&#xD;&#xA;2025-04-22 10:00:43,340 - stages.py[DEBUG]: Running module puppet (&lt;module &#39;cloudinit.config.cc_puppet&#39; from &#39;/usr/lib/python3.10/site-packages/cloudinit/config/cc_puppet.py&#39;&gt;) with frequency once-per-instance&#xD;&#xA;2025-04-22 10:00:43,341 - handlers.py[DEBUG]: start: modules-final/config-puppet: running config-puppet with frequency once-per-instance&#xD;&#xA;2025-04-22 10:00:43,341 - util.py[DEBUG]: Writing to /var/lib/cloud/instances/f8b5fc61-77ed-4f57-b54a-b9439a683484/sem/config_puppet - wb: [644] 24 bytes&#xD;&#xA;2025-04-22 10:00:43,341 - util.py[DEBUG]: Restoring selinux mode for /var/lib/cloud/instances/f8b5fc61-77ed-4f57-b54a-b9439a683484/sem/config_puppet (recursive=False)&#xD;&#xA;2025-04-22 10:00:43,342 - util.py[DEBUG]: Restoring selinux mode for /var/lib/cloud/instances/f8b5fc61-77ed-4f57-b54a-b9439a683484/sem/config_puppet (recursive=False)&#xD;&#xA;2025-04-22 10:00:43,343 - helpers.py[DEBUG]: Running config-puppet using lock (&lt;FileLock using file &#39;/var/lib/cloud/instances/f8b5fc61-77ed-4f57-b54a-b9439a683484/sem/config_puppet&#39;&gt;)&#xD;&#xA;2025-04-22 10:00:43,343 - cc_puppet.py[DEBUG]: Skipping module named puppet, no &#39;puppet&#39; configuration found&#xD;&#xA;2025-04-22 10:00:43,343 - handlers.py[DEBUG]: finish: modules-final/config-puppet: SUCCESS: config-puppet ran successfully&#xD;&#xA;2025-04-22 10:00:43,343 - stages.py[DEBUG]: Running module chef (&lt;module &#39;cloudinit.config.cc_chef&#39; from &#39;/usr/lib/python3.10/site-packages/cloudinit/config/cc_chef.py&#39;&gt;) with frequency always&#xD;&#xA;2025-04-22 10:00:43,344 - handlers.py[DEBUG]: start: modules-final/config-chef: running config-chef with frequency always&#xD;&#xA;2025-04-22 10:00:43,344 - helpers.py[DEBUG]: Running config-chef using lock (&lt;cloudinit.helpers.DummyLock object at 0x7f85b85f0670&gt;)&#xD;&#xA;2025-04-22 10:00:43,344 - cc_chef.py[DEBUG]: Skipping module named chef, no &#39;chef&#39; key in configuration&#xD;&#xA;2025-04-22 10:00:43,344 - handlers.py[DEBUG]: finish: modules-final/config-chef: SUCCESS: config-chef ran successfully&#xD;&#xA;2025-04-22 10:00:43,344 - stages.py[DEBUG]: Running module mcollective (&lt;module &#39;cloudinit.config.cc_mcollective&#39; from &#39;/usr/lib/python3.10/site-packages/cloudinit/config/cc_mcollective.py&#39;&gt;) with frequency once-per-instance&#xD;&#xA;2025-04-22 10:00:43,344 - handlers.py[DEBUG]: start: modules-final/config-mcollective: running config-mcollective with frequency once-per-instance&#xD;&#xA;2025-04-22 10:00:43,344 - util.py[DEBUG]: Writing to /var/lib/cloud/instances/f8b5fc61-77ed-4f57-b54a-b9439a683484/sem/config_mcollective - wb: [644] 24 bytes&#xD;&#xA;2025-04-22 10:00:43,345 - util.py[DEBUG]: Restoring selinux mode for /var/lib/cloud/instances/f8b5fc61-77ed-4f57-b54a-b9439a683484/sem/config_mcollective (recursive=False)&#xD;&#xA;2025-04-22 10:00:43,346 - util.py[DEBUG]: Restoring selinux mode for /var/lib/cloud/instances/f8b5fc61-77ed-4f57-b54a-b9439a683484/sem/config_mcollective (recursive=False)&#xD;&#xA;2025-04-22 10:00:43,346 - helpers.py[DEBUG]: Running config-mcollective using lock (&lt;FileLock using file &#39;/var/lib/cloud/instances/f8b5fc61-77ed-4f57-b54a-b9439a683484/sem/config_mcollective&#39;&gt;)&#xD;&#xA;2025-04-22 10:00:43,347 - cc_mcollective.py[DEBUG]: Skipping module named mcollective, no &#39;mcollective&#39; key in configuration&#xD;&#xA;2025-04-22 10:00:43,347 - handlers.py[DEBUG]: finish: modules-final/config-mcollective: SUCCESS: config-mcollective ran successfully&#xD;&#xA;2025-04-22 10:00:43,347 - stages.py[DEBUG]: Running module salt-minion (&lt;module &#39;cloudinit.config.cc_salt_minion&#39; from &#39;/usr/lib/python3.10/site-packages/cloudinit/config/cc_salt_minion.py&#39;&gt;) with frequency once-per-instance&#xD;&#xA;2025-04-22 10:00:43,347 - handlers.py[DEBUG]: start: modules-final/config-salt-minion: running config-salt-minion with frequency once-per-instance&#xD;&#xA;2025-04-22 10:00:43,347 - util.py[DEBUG]: Writing to /var/lib/cloud/instances/f8b5fc61-77ed-4f57-b54a-b9439a683484/sem/config_salt_minion - wb: [644] 24 bytes&#xD;&#xA;2025-04-22 10:00:43,348 - util.py[DEBUG]: Restoring selinux mode for /var/lib/cloud/instances/f8b5fc61-77ed-4f57-b54a-b9439a683484/sem/config_salt_minion (recursive=False)&#xD;&#xA;2025-04-22 10:00:43,349 - util.py[DEBUG]: Restoring selinux mode for /var/lib/cloud/instances/f8b5fc61-77ed-4f57-b54a-b9439a683484/sem/config_salt_minion (recursive=False)&#xD;&#xA;2025-04-22 10:00:43,349 - helpers.py[DEBUG]: Running config-salt-minion using lock (&lt;FileLock using file &#39;/var/lib/cloud/instances/f8b5fc61-77ed-4f57-b54a-b9439a683484/sem/config_salt_minion&#39;&gt;)&#xD;&#xA;2025-04-22 10:00:43,350 - cc_salt_minion.py[DEBUG]: Skipping module named salt-minion, no &#39;salt_minion&#39; key in configuration&#xD;&#xA;2025-04-22 10:00:43,350 - handlers.py[DEBUG]: finish: modules-final/config-salt-minion: SUCCESS: config-salt-minion ran successfully&#xD;&#xA;2025-04-22 10:00:43,350 - stages.py[DEBUG]: Running module reset_rmc (&lt;module &#39;cloudinit.config.cc_reset_rmc&#39; from &#39;/usr/lib/python3.10/site-packages/cloudinit/config/cc_reset_rmc.py&#39;&gt;) with frequency once-per-instance&#xD;&#xA;2025-04-22 10:00:43,350 - handlers.py[DEBUG]: start: modules-final/config-reset_rmc: running config-reset_rmc with frequency once-per-instance&#xD;&#xA;2025-04-22 10:00:43,350 - util.py[DEBUG]: Writing to /var/lib/cloud/instances/f8b5fc61-77ed-4f57-b54a-b9439a683484/sem/config_reset_rmc - wb: [644] 24 bytes&#xD;&#xA;2025-04-22 10:00:43,351 - util.py[DEBUG]: Restoring selinux mode for /var/lib/cloud/instances/f8b5fc61-77ed-4f57-b54a-b9439a683484/sem/config_reset_rmc (recursive=False)&#xD;&#xA;2025-04-22 10:00:43,351 - util.py[DEBUG]: Restoring selinux mode for /var/lib/cloud/instances/f8b5fc61-77ed-4f57-b54a-b9439a683484/sem/config_reset_rmc (recursive=False)&#xD;&#xA;2025-04-22 10:00:43,352 - helpers.py[DEBUG]: Running config-reset_rmc using lock (&lt;FileLock using file &#39;/var/lib/cloud/instances/f8b5fc61-77ed-4f57-b54a-b9439a683484/sem/config_reset_rmc&#39;&gt;)&#xD;&#xA;2025-04-22 10:00:43,352 - cc_reset_rmc.py[DEBUG]: module disabled, RSCT_PATH not present&#xD;&#xA;2025-04-22 10:00:43,352 - handlers.py[DEBUG]: finish: modules-final/config-reset_rmc: SUCCESS: config-reset_rmc ran successfully&#xD;&#xA;2025-04-22 10:00:43,352 - stages.py[DEBUG]: Running module refresh_rmc_and_interface (&lt;module &#39;cloudinit.config.cc_refresh_rmc_and_interface&#39; from &#39;/usr/lib/python3.10/site-packages/cloudinit/config/cc_refresh_rmc_and_interface.py&#39;&gt;) with frequency always&#xD;&#xA;2025-04-22 10:00:43,352 - handlers.py[DEBUG]: start: modules-final/config-refresh_rmc_and_interface: running config-refresh_rmc_and_interface with frequency always&#xD;&#xA;2025-04-22 10:00:43,352 - helpers.py[DEBUG]: Running config-refresh_rmc_and_interface using lock (&lt;cloudinit.helpers.DummyLock object at 0x7f85b85f0670&gt;)&#xD;&#xA;2025-04-22 10:00:43,354 - cc_refresh_rmc_and_interface.py[DEBUG]: No &#39;rmcctrl&#39; in path, disabled&#xD;&#xA;2025-04-22 10:00:43,354 - handlers.py[DEBUG]: finish: modules-final/config-refresh_rmc_and_interface: SUCCESS: config-refresh_rmc_and_interface ran successfully&#xD;&#xA;2025-04-22 10:00:43,354 - stages.py[DEBUG]: Running module rightscale_userdata (&lt;module &#39;cloudinit.config.cc_rightscale_userdata&#39; from &#39;/usr/lib/python3.10/site-packages/cloudinit/config/cc_rightscale_userdata.py&#39;&gt;) with frequency once-per-instance&#xD;&#xA;2025-04-22 10:00:43,354 - handlers.py[DEBUG]: start: modules-final/config-rightscale_userdata: running config-rightscale_userdata with frequency once-per-instance&#xD;&#xA;2025-04-22 10:00:43,354 - util.py[DEBUG]: Writing to /var/lib/cloud/instances/f8b5fc61-77ed-4f57-b54a-b9439a683484/sem/config_rightscale_userdata - wb: [644] 24 bytes&#xD;&#xA;2025-04-22 10:00:43,354 - util.py[DEBUG]: Restoring selinux mode for /var/lib/cloud/instances/f8b5fc61-77ed-4f57-b54a-b9439a683484/sem/config_rightscale_userdata (recursive=False)&#xD;&#xA;2025-04-22 10:00:43,355 - util.py[DEBUG]: Restoring selinux mode for /var/lib/cloud/instances/f8b5fc61-77ed-4f57-b54a-b9439a683484/sem/config_rightscale_userdata (recursive=False)&#xD;&#xA;2025-04-22 10:00:43,356 - helpers.py[DEBUG]: Running config-rightscale_userdata using lock (&lt;FileLock using file &#39;/var/lib/cloud/instances/f8b5fc61-77ed-4f57-b54a-b9439a683484/sem/config_rightscale_userdata&#39;&gt;)&#xD;&#xA;2025-04-22 10:00:43,356 - cc_rightscale_userdata.py[DEBUG]: Failed to get raw userdata in module rightscale_userdata&#xD;&#xA;2025-04-22 10:00:43,356 - handlers.py[DEBUG]: finish: modules-final/config-rightscale_userdata: SUCCESS: config-rightscale_userdata ran successfully&#xD;&#xA;2025-04-22 10:00:43,356 - stages.py[DEBUG]: Running module scripts-vendor (&lt;module &#39;cloudinit.config.cc_scripts_vendor&#39; from &#39;/usr/lib/python3.10/site-packages/cloudinit/config/cc_scripts_vendor.py&#39;&gt;) with frequency once-per-instance&#xD;&#xA;2025-04-22 10:00:43,356 - handlers.py[DEBUG]: start: modules-final/config-scripts-vendor: running config-scripts-vendor with frequency once-per-instance&#xD;&#xA;2025-04-22 10:00:43,356 - util.py[DEBUG]: Writing to /var/lib/cloud/instances/f8b5fc61-77ed-4f57-b54a-b9439a683484/sem/config_scripts_vendor - wb: [644] 23 bytes&#xD;&#xA;2025-04-22 10:00:43,357 - util.py[DEBUG]: Restoring selinux mode for /var/lib/cloud/instances/f8b5fc61-77ed-4f57-b54a-b9439a683484/sem/config_scripts_vendor (recursive=False)&#xD;&#xA;2025-04-22 10:00:43,357 - util.py[DEBUG]: Restoring selinux mode for /var/lib/cloud/instances/f8b5fc61-77ed-4f57-b54a-b9439a683484/sem/config_scripts_vendor (recursive=False)&#xD;&#xA;2025-04-22 10:00:43,357 - helpers.py[DEBUG]: Running config-scripts-vendor using lock (&lt;FileLock using file &#39;/var/lib/cloud/instances/f8b5fc61-77ed-4f57-b54a-b9439a683484/sem/config_scripts_vendor&#39;&gt;)&#xD;&#xA;2025-04-22 10:00:43,358 - handlers.py[DEBUG]: finish: modules-final/config-scripts-vendor: SUCCESS: config-scripts-vendor ran successfully&#xD;&#xA;2025-04-22 10:00:43,358 - stages.py[DEBUG]: Running module scripts-per-once (&lt;module &#39;cloudinit.config.cc_scripts_per_once&#39; from &#39;/usr/lib/python3.10/site-packages/cloudinit/config/cc_scripts_per_once.py&#39;&gt;) with frequency once&#xD;&#xA;2025-04-22 10:00:43,358 - handlers.py[DEBUG]: start: modules-final/config-scripts-per-once: running config-scripts-per-once with frequency once&#xD;&#xA;2025-04-22 10:00:43,358 - helpers.py[DEBUG]: config-scripts-per-once already ran (freq=once)&#xD;&#xA;2025-04-22 10:00:43,358 - handlers.py[DEBUG]: finish: modules-final/config-scripts-per-once: SUCCESS: config-scripts-per-once previously ran&#xD;&#xA;2025-04-22 10:00:43,358 - stages.py[DEBUG]: Running module scripts-per-boot (&lt;module &#39;cloudinit.config.cc_scripts_per_boot&#39; from &#39;/usr/lib/python3.10/site-packages/cloudinit/config/cc_scripts_per_boot.py&#39;&gt;) with frequency always&#xD;&#xA;2025-04-22 10:00:43,358 - handlers.py[DEBUG]: start: modules-final/config-scripts-per-boot: running config-scripts-per-boot with frequency always&#xD;&#xA;2025-04-22 10:00:43,358 - helpers.py[DEBUG]: Running config-scripts-per-boot using lock (&lt;cloudinit.helpers.DummyLock object at 0x7f85b85f3490&gt;)&#xD;&#xA;2025-04-22 10:00:43,358 - handlers.py[DEBUG]: finish: modules-final/config-scripts-per-boot: SUCCESS: config-scripts-per-boot ran successfully&#xD;&#xA;2025-04-22 10:00:43,358 - stages.py[DEBUG]: Running module scripts-per-instance (&lt;module &#39;cloudinit.config.cc_scripts_per_instance&#39; from &#39;/usr/lib/python3.10/site-packages/cloudinit/config/cc_scripts_per_instance.py&#39;&gt;) with frequency once-per-instance&#xD;&#xA;2025-04-22 10:00:43,358 - handlers.py[DEBUG]: start: modules-final/config-scripts-per-instance: running config-scripts-per-instance with frequency once-per-instance&#xD;&#xA;2025-04-22 10:00:43,358 - util.py[DEBUG]: Writing to /var/lib/cloud/instances/f8b5fc61-77ed-4f57-b54a-b9439a683484/sem/config_scripts_per_instance - wb: [644] 24 bytes&#xD;&#xA;2025-04-22 10:00:43,359 - util.py[DEBUG]: Restoring selinux mode for /var/lib/cloud/instances/f8b5fc61-77ed-4f57-b54a-b9439a683484/sem/config_scripts_per_instance (recursive=False)&#xD;&#xA;2025-04-22 10:00:43,360 - util.py[DEBUG]: Restoring selinux mode for /var/lib/cloud/instances/f8b5fc61-77ed-4f57-b54a-b9439a683484/sem/config_scripts_per_instance (recursive=False)&#xD;&#xA;2025-04-22 10:00:43,360 - helpers.py[DEBUG]: Running config-scripts-per-instance using lock (&lt;FileLock using file &#39;/var/lib/cloud/instances/f8b5fc61-77ed-4f57-b54a-b9439a683484/sem/config_scripts_per_instance&#39;&gt;)&#xD;&#xA;2025-04-22 10:00:43,360 - handlers.py[DEBUG]: finish: modules-final/config-scripts-per-instance: SUCCESS: config-scripts-per-instance ran successfully&#xD;&#xA;2025-04-22 10:00:43,360 - stages.py[DEBUG]: Running module scripts-user (&lt;module &#39;cloudinit.config.cc_scripts_user&#39; from &#39;/usr/lib/python3.10/site-packages/cloudinit/config/cc_scripts_user.py&#39;&gt;) with frequency once-per-instance&#xD;&#xA;2025-04-22 10:00:43,360 - handlers.py[DEBUG]: start: modules-final/config-scripts-user: running config-scripts-user with frequency once-per-instance&#xD;&#xA;2025-04-22 10:00:43,361 - util.py[DEBUG]: Writing to /var/lib/cloud/instances/f8b5fc61-77ed-4f57-b54a-b9439a683484/sem/config_scripts_user - wb: [644] 23 bytes&#xD;&#xA;2025-04-22 10:00:43,361 - util.py[DEBUG]: Restoring selinux mode for /var/lib/cloud/instances/f8b5fc61-77ed-4f57-b54a-b9439a683484/sem/config_scripts_user (recursive=False)&#xD;&#xA;2025-04-22 10:00:43,362 - util.py[DEBUG]: Restoring selinux mode for /var/lib/cloud/instances/f8b5fc61-77ed-4f57-b54a-b9439a683484/sem/config_scripts_user (recursive=False)&#xD;&#xA;2025-04-22 10:00:43,362 - helpers.py[DEBUG]: Running config-scripts-user using lock (&lt;FileLock using file &#39;/var/lib/cloud/instances/f8b5fc61-77ed-4f57-b54a-b9439a683484/sem/config_scripts_user&#39;&gt;)&#xD;&#xA;2025-04-22 10:00:43,362 - handlers.py[DEBUG]: finish: modules-final/config-scripts-user: SUCCESS: config-scripts-user ran successfully&#xD;&#xA;2025-04-22 10:00:43,362 - stages.py[DEBUG]: Running module ssh-authkey-fingerprints (&lt;module &#39;cloudinit.config.cc_ssh_authkey_fingerprints&#39; from &#39;/usr/lib/python3.10/site-packages/cloudinit/config/cc_ssh_authkey_fingerprints.py&#39;&gt;) with frequency once-per-instance&#xD;&#xA;2025-04-22 10:00:43,362 - handlers.py[DEBUG]: start: modules-final/config-ssh-authkey-fingerprints: running config-ssh-authkey-fingerprints with frequency once-per-instance&#xD;&#xA;2025-04-22 10:00:43,363 - util.py[DEBUG]: Writing to /var/lib/cloud/instances/f8b5fc61-77ed-4f57-b54a-b9439a683484/sem/config_ssh_authkey_fingerprints - wb: [644] 24 bytes&#xD;&#xA;2025-04-22 10:00:43,363 - util.py[DEBUG]: Restoring selinux mode for /var/lib/cloud/instances/f8b5fc61-77ed-4f57-b54a-b9439a683484/sem/config_ssh_authkey_fingerprints (recursive=False)&#xD;&#xA;2025-04-22 10:00:43,364 - util.py[DEBUG]: Restoring selinux mode for /var/lib/cloud/instances/f8b5fc61-77ed-4f57-b54a-b9439a683484/sem/config_ssh_authkey_fingerprints (recursive=False)&#xD;&#xA;2025-04-22 10:00:43,364 - helpers.py[DEBUG]: Running config-ssh-authkey-fingerprints using lock (&lt;FileLock using file &#39;/var/lib/cloud/instances/f8b5fc61-77ed-4f57-b54a-b9439a683484/sem/config_ssh_authkey_fingerprints&#39;&gt;)&#xD;&#xA;2025-04-22 10:00:43,364 - util.py[DEBUG]: Reading from /etc/ssh/sshd_config (quiet=False)&#xD;&#xA;2025-04-22 10:00:43,364 - util.py[DEBUG]: Read 3695 bytes from /etc/ssh/sshd_config&#xD;&#xA;2025-04-22 10:00:43,365 - util.py[DEBUG]: Restoring selinux mode for /home/fedora/.ssh (recursive=True)&#xD;&#xA;2025-04-22 10:00:43,383 - util.py[DEBUG]: Reading from /home/fedora/.ssh/authorized_keys (quiet=False)&#xD;&#xA;2025-04-22 10:00:43,385 - util.py[DEBUG]: Read 0 bytes from /home/fedora/.ssh/authorized_keys&#xD;&#xA;2025-04-22 10:00:43,397 - handlers.py[DEBUG]: finish: modules-final/config-ssh-authkey-fingerprints: SUCCESS: config-ssh-authkey-fingerprints ran successfully&#xD;&#xA;2025-04-22 10:00:43,397 - stages.py[DEBUG]: Running module keys-to-console (&lt;module &#39;cloudinit.config.cc_keys_to_console&#39; from &#39;/usr/lib/python3.10/site-packages/cloudinit/config/cc_keys_to_console.py&#39;&gt;) with frequency once-per-instance&#xD;&#xA;2025-04-22 10:00:43,397 - handlers.py[DEBUG]: start: modules-final/config-keys-to-console: running config-keys-to-console with frequency once-per-instance&#xD;&#xA;2025-04-22 10:00:43,397 - util.py[DEBUG]: Writing to /var/lib/cloud/instances/f8b5fc61-77ed-4f57-b54a-b9439a683484/sem/config_keys_to_console - wb: [644] 24 bytes&#xD;&#xA;2025-04-22 10:00:43,398 - util.py[DEBUG]: Restoring selinux mode for /var/lib/cloud/instances/f8b5fc61-77ed-4f57-b54a-b9439a683484/sem/config_keys_to_console (recursive=False)&#xD;&#xA;2025-04-22 10:00:43,399 - util.py[DEBUG]: Restoring selinux mode for /var/lib/cloud/instances/f8b5fc61-77ed-4f57-b54a-b9439a683484/sem/config_keys_to_console (recursive=False)&#xD;&#xA;2025-04-22 10:00:43,399 - helpers.py[DEBUG]: Running config-keys-to-console using lock (&lt;FileLock using file &#39;/var/lib/cloud/instances/f8b5fc61-77ed-4f57-b54a-b9439a683484/sem/config_keys_to_console&#39;&gt;)&#xD;&#xA;2025-04-22 10:00:43,401 - subp.py[DEBUG]: Running command [&#39;/usr/libexec/cloud-init/write-ssh-key-fingerprints&#39;, &#39;&#39;, &#39;ssh-dss&#39;] with allowed return codes [0] (shell=False, capture=True)&#xD;&#xA;2025-04-22 10:00:43,615 - handlers.py[DEBUG]: finish: modules-final/config-keys-to-console: SUCCESS: config-keys-to-console ran successfully&#xD;&#xA;2025-04-22 10:00:43,615 - stages.py[DEBUG]: Running module phone-home (&lt;module &#39;cloudinit.config.cc_phone_home&#39; from &#39;/usr/lib/python3.10/site-packages/cloudinit/config/cc_phone_home.py&#39;&gt;) with frequency once-per-instance&#xD;&#xA;2025-04-22 10:00:43,615 - handlers.py[DEBUG]: start: modules-final/config-phone-home: running config-phone-home with frequency once-per-instance&#xD;&#xA;2025-04-22 10:00:43,616 - util.py[DEBUG]: Writing to /var/lib/cloud/instances/f8b5fc61-77ed-4f57-b54a-b9439a683484/sem/config_phone_home - wb: [644] 24 bytes&#xD;&#xA;2025-04-22 10:00:43,616 - util.py[DEBUG]: Restoring selinux mode for /var/lib/cloud/instances/f8b5fc61-77ed-4f57-b54a-b9439a683484/sem/config_phone_home (recursive=False)&#xD;&#xA;2025-04-22 10:00:43,617 - util.py[DEBUG]: Restoring selinux mode for /var/lib/cloud/instances/f8b5fc61-77ed-4f57-b54a-b9439a683484/sem/config_phone_home (recursive=False)&#xD;&#xA;2025-04-22 10:00:43,617 - helpers.py[DEBUG]: Running config-phone-home using lock (&lt;FileLock using file &#39;/var/lib/cloud/instances/f8b5fc61-77ed-4f57-b54a-b9439a683484/sem/config_phone_home&#39;&gt;)&#xD;&#xA;2025-04-22 10:00:43,617 - cc_phone_home.py[DEBUG]: Skipping module named phone-home, no &#39;phone_home&#39; configuration found&#xD;&#xA;2025-04-22 10:00:43,617 - handlers.py[DEBUG]: finish: modules-final/config-phone-home: SUCCESS: config-phone-home ran successfully&#xD;&#xA;2025-04-22 10:00:43,618 - stages.py[DEBUG]: Running module final-message (&lt;module &#39;cloudinit.config.cc_final_message&#39; from &#39;/usr/lib/python3.10/site-packages/cloudinit/config/cc_final_message.py&#39;&gt;) with frequency always&#xD;&#xA;2025-04-22 10:00:43,618 - handlers.py[DEBUG]: start: modules-final/config-final-message: running config-final-message with frequency always&#xD;&#xA;2025-04-22 10:00:43,618 - helpers.py[DEBUG]: Running config-final-message using lock (&lt;cloudinit.helpers.DummyLock object at 0x7f85b85f3370&gt;)&#xD;&#xA;2025-04-22 10:00:43,618 - util.py[DEBUG]: Reading from /proc/uptime (quiet=False)&#xD;&#xA;2025-04-22 10:00:43,618 - util.py[DEBUG]: Read 11 bytes from /proc/uptime&#xD;&#xA;2025-04-22 10:00:43,631 - util.py[DEBUG]: Cloud-init v. 20.4 finished at Tue, 22 Apr 2025 10:00:43 +0000. Datasource DataSourceNoCloud [seed=/dev/vdb][dsmode=net].  Up 24.74 seconds&#xD;&#xA;2025-04-22 10:00:43,631 - util.py[DEBUG]: Writing to /var/lib/cloud/instance/boot-finished - wb: [644] 50 bytes&#xD;&#xA;2025-04-22 10:00:43,632 - util.py[DEBUG]: Restoring selinux mode for /var/lib/cloud/instances/f8b5fc61-77ed-4f57-b54a-b9439a683484/boot-finished (recursive=False)&#xD;&#xA;2025-04-22 10:00:43,632 - util.py[DEBUG]: Restoring selinux mode for /var/lib/cloud/instances/f8b5fc61-77ed-4f57-b54a-b9439a683484/boot-finished (recursive=False)&#xD;&#xA;2025-04-22 10:00:43,633 - handlers.py[DEBUG]: finish: modules-final/config-final-message: SUCCESS: config-final-message ran successfully&#xD;&#xA;2025-04-22 10:00:43,633 - stages.py[DEBUG]: Running module power-state-change (&lt;module &#39;cloudinit.config.cc_power_state_change&#39; from &#39;/usr/lib/python3.10/site-packages/cloudinit/config/cc_power_state_change.py&#39;&gt;) with frequency once-per-instance&#xD;&#xA;2025-04-22 10:00:43,633 - handlers.py[DEBUG]: start: modules-final/config-power-state-change: running config-power-state-change with frequency once-per-instance&#xD;&#xA;2025-04-22 10:00:43,633 - util.py[DEBUG]: Writing to /var/lib/cloud/instances/f8b5fc61-77ed-4f57-b54a-b9439a683484/sem/config_power_state_change - wb: [644] 23 bytes&#xD;&#xA;2025-04-22 10:00:43,634 - util.py[DEBUG]: Restoring selinux mode for /var/lib/cloud/instances/f8b5fc61-77ed-4f57-b54a-b9439a683484/sem/config_power_state_change (recursive=False)&#xD;&#xA;2025-04-22 10:00:43,634 - util.py[DEBUG]: Restoring selinux mode for /var/lib/cloud/instances/f8b5fc61-77ed-4f57-b54a-b9439a683484/sem/config_power_state_change (recursive=False)&#xD;&#xA;2025-04-22 10:00:43,635 - helpers.py[DEBUG]: Running config-power-state-change using lock (&lt;FileLock using file &#39;/var/lib/cloud/instances/f8b5fc61-77ed-4f57-b54a-b9439a683484/sem/config_power_state_change&#39;&gt;)&#xD;&#xA;2025-04-22 10:00:43,635 - cc_power_state_change.py[DEBUG]: no power_state provided. doing nothing&#xD;&#xA;2025-04-22 10:00:43,635 - handlers.py[DEBUG]: finish: modules-final/config-power-state-change: SUCCESS: config-power-state-change ran successfully&#xD;&#xA;2025-04-22 10:00:43,635 - main.py[DEBUG]: Ran 18 modules with 0 failures&#xD;&#xA;2025-04-22 10:00:43,635 - atomic_helper.py[DEBUG]: Atomically writing to file /var/lib/cloud/data/status.json (via temporary file /var/lib/cloud/data/tmpejtm0q52) - w: [644] 602 bytes/chars&#xD;&#xA;2025-04-22 10:00:43,635 - atomic_helper.py[DEBUG]: Atomically writing to file /var/lib/cloud/data/result.json (via temporary file /var/lib/cloud/data/tmpl6kb40q9) - w: [644] 96 bytes/chars&#xD;&#xA;2025-04-22 10:00:43,635 - util.py[DEBUG]: Creating symbolic link from &#39;/run/cloud-init/result.json&#39; =&gt; &#39;../../var/lib/cloud/data/result.json&#39;&#xD;&#xA;2025-04-22 10:00:43,635 - util.py[DEBUG]: Reading from /proc/uptime (quiet=False)&#xD;&#xA;2025-04-22 10:00:43,636 - util.py[DEBUG]: Read 11 bytes from /proc/uptime&#xD;&#xA;2025-04-22 10:00:43,636 - util.py[DEBUG]: cloud-init mode &#39;modules&#39; took 0.620 seconds (0.62)&#xD;&#xA;2025-04-22 10:00:43,636 - handlers.py[DEBUG]: finish: modules-final: SUCCESS: running modules for final&#xD;&#xA;[root@testvmi-97w8k fedora]# &#xA;�[34mSent:�[39m &#34;echo $?\n&#34;&#xA;�[32mMatch for RE:�[39m &#34;echo \\$\\?((?s).*)\n0\r\n.*(\\$ |\\# )&#34; found: [&#34;echo $?\r\n0\r\n[root@testvmi-97w8k fedora]# &#34; &#34;\r&#34; &#34;# &#34;] Buffer: echo $?&#xD;&#xA;0&#xD;&#xA;[root@testvmi-97w8k fedora]# &#xA;�[34mSent:�[39m &#34;cat /var/log/cloud-init-output.log\n&#34;&#xA;�[32mMatch for RE:�[39m &#34;cat /var/log/cloud-init-output\\.log((?s).*)(\\$ |\\# )&#34; found: [&#34;cat /var/log/cloud-init-output.log\r\nCloud-init v. 20.4 running &#39;init-local&#39; at Tue, 22 Apr 2025 10:00:33 +0000. Up 14.86 seconds.\r\nCloud-init v. 20.4 running &#39;init&#39; at Tue, 22 Apr 2025 10:00:37 +0000. Up 18.23 seconds.\r\nci-info: +++++++++++++++++++++++++++++++++++++++Net device info+++++++++++++++++++++++++++++++++++++++\r\nci-info: +--------+------+------------------------------+---------------+--------+-------------------+\r\nci-info: | Device |  Up  |           Address            |      Mask     | Scope  |     Hw-Address    |\r\nci-info: +--------+------+------------------------------+---------------+--------+-------------------+\r\nci-info: |  eth0  | True |           10.0.2.2           | 255.255.255.0 | global | 7e:ae:1d:3b:4d:d4 |\r\nci-info: |  eth0  | True |       fd10:0:2::2/120        |       .       | global | 7e:ae:1d:3b:4d:d4 |\r\nci-info: |  eth0  | True | fe80::7cae:1dff:fe3b:4dd4/64 |       .       |  link  | 7e:ae:1d:3b:4d:d4 |\r\nci-info: |   lo   | True |          127.0.0.1           |   255.0.0.0   |  host  |         .         |\r\nci-info: |   lo   | True |           ::1/128            |       .       |  host  |         .         |\r\nci-info: +--------+------+------------------------------+---------------+--------+-------------------+\r\nci-info: +++++++++++++++++++++++++++Route IPv4 info++++++++++++++++++++++++++++\r\nci-info: +-------+-------------+----------+---------------+-----------+-------+\r\nci-info: | Route | Destination | Gateway  |    Genmask    | Interface | Flags |\r\nci-info: +-------+-------------+----------+---------------+-----------+-------+\r\nci-info: |   0   |   0.0.0.0   | 10.0.2.1 |    0.0.0.0    |    eth0   |   UG  |\r\nci-info: |   1   |   10.0.2.0  | 0.0.0.0  | 255.255.255.0 |    eth0   |   U   |\r\nci-info: +-------+-------------+----------+---------------+-----------+-------+\r\nci-info: ++++++++++++++++++++++Route IPv6 info+++++++++++++++++++++++\r\nci-info: +-------+----------------+-------------+-----------+-------+\r\nci-info: | Route |  Destination   |   Gateway   | Interface | Flags |\r\nci-info: +-------+----------------+-------------+-----------+-------+\r\nci-info: |   1   | fd10:0:2::/120 |      ::     |    eth0   |   U   |\r\nci-info: |   2   |   fe80::/64    |      ::     |    eth0   |   U   |\r\nci-info: |   3   |      ::/0      | fd10:0:2::1 |    eth0   |   UG  |\r\nci-info: |   5   |     local      |      ::     |    eth0   |   U   |\r\nci-info: |   6   |     local      |      ::     |    eth0   |   U   |\r\nci-info: |   7   |   multicast    |      ::     |    eth0   |   U   |\r\nci-info: +-------+----------------+-------------+-----------+-------+\r\nGenerating public/private rsa key pair.\r\nYour identification has been saved in /etc/ssh/ssh_host_rsa_key\r\nYour public key has been saved in /etc/ssh/ssh_host_rsa_key.pub\r\nThe key fingerprint is:\r\nSHA256:1VcY5aVMHzhKI3N1IbbupplB1FwgPQZsJjkZlBtaZbI root@testvmi-97w8k\r\nThe key&#39;s randomart image is:\r\n+---[RSA 3072]----+\r\n|        .+B=+==O=|\r\n|         @+O=O*=o|\r\n|        oE&amp;.=+* o|\r\n|       . o....   |\r\n|        S  . .   |\r\n|          . .    |\r\n|           . o   |\r\n|            *    |\r\n|           +     |\r\n+----[SHA256]-----+\r\nGenerating public/private dsa key pair.\r\nYour identification has been saved in /etc/ssh/ssh_host_dsa_key\r\nYour public key has been saved in /etc/ssh/ssh_host_dsa_key.pub\r\nThe key fingerprint is:\r\nSHA256:wdUbAQPv1TYXTezE+ssr6jC5toqV/h2XkoaR5tohwxg root@testvmi-97w8k\r\nThe key&#39;s randomart image is:\r\n+---[DSA 1024]----+\r\n|        ..+o.. =o|\r\n|       . o .o.  *|\r\n|        o . .o++.|\r\n|         o.....o.|\r\n|     E  S+.    . |\r\n|      + + + . . .|\r\n|     . * B = o. .|\r\n|      + =.B +. o |\r\n|     . ++=o+. ...|\r\n+----[SHA256]-----+\r\nGenerating public/private ecdsa key pair.\r\nYour identification has been saved in /etc/ssh/ssh_host_ecdsa_key\r\nYour public key has been saved in /etc/ssh/ssh_host_ecdsa_key.pub\r\nThe key fingerprint is:\r\nSHA256:Sj3kHsQOHGGNQuQu5hMJmu4Ft+k2MpHjro4NTmKB77g root@testvmi-97w8k\r\nThe key&#39;s randomart image is:\r\n+---[ECDSA 256]---+\r\n|   oo ++         |\r\n|   ..o.o.        |\r\n|.   ..o +        |\r\n|oo o   B         |\r\n|+o*.. . S        |\r\n|.B+oo. o o       |\r\n|++*+  . .        |\r\n|BOo+             |\r\n|E**..            |\r\n+----[SHA256]-----+\r\nGenerating public/private ed25519 key pair.\r\nYour identification has been saved in /etc/ssh/ssh_host_ed25519_key\r\nYour public key has been saved in /etc/ssh/ssh_host_ed25519_key.pub\r\nThe key fingerprint is:\r\nSHA256:/9cWtUSxWBWdVAQwqRzyrFliKnHlUxnglE+0554jnUI root@testvmi-97w8k\r\nThe key&#39;s randomart image is:\r\n+--[ED25519 256]--+\r\n|        o+oooooB@|\r\n|       o+ =...ooo|\r\n|       o.O.o.... |\r\n|    . . = Bo   ..|\r\n|     o oS*E . . o|\r\n|    . . oo o o o |\r\n|     .    + *  ..|\r\n|           + .. o|\r\n|            .. . |\r\n+----[SHA256]-----+\r\nCloud-init v. 20.4 running &#39;modules:config&#39; at Tue, 22 Apr 2025 10:00:40 +0000. Up 21.72 seconds.\r\nCloud-init v. 20.4 running &#39;modules:final&#39; at Tue, 22 Apr 2025 10:00:43 +0000. Up 24.23 seconds.\r\nci-info: no authorized SSH keys fingerprints found for user fedora.\r\nCloud-init v. 20.4 finished at Tue, 22 Apr 2025 10:00:43 +0000. Datasource DataSourceNoCloud [seed=/dev/vdb][dsmode=net].  Up 24.74 seconds\r\n[root@testvmi-97w8k fedora]# &#34; &#34;\r\nCloud-init v. 20.4 running &#39;init-local&#39; at Tue, 22 Apr 2025 10:00:33 +0000. Up 14.86 seconds.\r\nCloud-init v. 20.4 running &#39;init&#39; at Tue, 22 Apr 2025 10:00:37 +0000. Up 18.23 seconds.\r\nci-info: +++++++++++++++++++++++++++++++++++++++Net device info+++++++++++++++++++++++++++++++++++++++\r\nci-info: +--------+------+------------------------------+---------------+--------+-------------------+\r\nci-info: | Device |  Up  |           Address            |      Mask     | Scope  |     Hw-Address    |\r\nci-info: +--------+------+------------------------------+---------------+--------+-------------------+\r\nci-info: |  eth0  | True |           10.0.2.2           | 255.255.255.0 | global | 7e:ae:1d:3b:4d:d4 |\r\nci-info: |  eth0  | True |       fd10:0:2::2/120        |       .       | global | 7e:ae:1d:3b:4d:d4 |\r\nci-info: |  eth0  | True | fe80::7cae:1dff:fe3b:4dd4/64 |       .       |  link  | 7e:ae:1d:3b:4d:d4 |\r\nci-info: |   lo   | True |          127.0.0.1           |   255.0.0.0   |  host  |         .         |\r\nci-info: |   lo   | True |           ::1/128            |       .       |  host  |         .         |\r\nci-info: +--------+------+------------------------------+---------------+--------+-------------------+\r\nci-info: +++++++++++++++++++++++++++Route IPv4 info++++++++++++++++++++++++++++\r\nci-info: +-------+-------------+----------+---------------+-----------+-------+\r\nci-info: | Route | Destination | Gateway  |    Genmask    | Interface | Flags |\r\nci-info: +-------+-------------+----------+---------------+-----------+-------+\r\nci-info: |   0   |   0.0.0.0   | 10.0.2.1 |    0.0.0.0    |    eth0   |   UG  |\r\nci-info: |   1   |   10.0.2.0  | 0.0.0.0  | 255.255.255.0 |    eth0   |   U   |\r\nci-info: +-------+-------------+----------+---------------+-----------+-------+\r\nci-info: ++++++++++++++++++++++Route IPv6 info+++++++++++++++++++++++\r\nci-info: +-------+----------------+-------------+-----------+-------+\r\nci-info: | Route |  Destination   |   Gateway   | Interface | Flags |\r\nci-info: +-------+----------------+-------------+-----------+-------+\r\nci-info: |   1   | fd10:0:2::/120 |      ::     |    eth0   |   U   |\r\nci-info: |   2   |   fe80::/64    |      ::     |    eth0   |   U   |\r\nci-info: |   3   |      ::/0      | fd10:0:2::1 |    eth0   |   UG  |\r\nci-info: |   5   |     local      |      ::     |    eth0   |   U   |\r\nci-info: |   6   |     local      |      ::     |    eth0   |   U   |\r\nci-info: |   7   |   multicast    |      ::     |    eth0   |   U   |\r\nci-info: +-------+----------------+-------------+-----------+-------+\r\nGenerating public/private rsa key pair.\r\nYour identification has been saved in /etc/ssh/ssh_host_rsa_key\r\nYour public key has been saved in /etc/ssh/ssh_host_rsa_key.pub\r\nThe key fingerprint is:\r\nSHA256:1VcY5aVMHzhKI3N1IbbupplB1FwgPQZsJjkZlBtaZbI root@testvmi-97w8k\r\nThe key&#39;s randomart image is:\r\n+---[RSA 3072]----+\r\n|        .+B=+==O=|\r\n|         @+O=O*=o|\r\n|        oE&amp;.=+* o|\r\n|       . o....   |\r\n|        S  . .   |\r\n|          . .    |\r\n|           . o   |\r\n|            *    |\r\n|           +     |\r\n+----[SHA256]-----+\r\nGenerating public/private dsa key pair.\r\nYour identification has been saved in /etc/ssh/ssh_host_dsa_key\r\nYour public key has been saved in /etc/ssh/ssh_host_dsa_key.pub\r\nThe key fingerprint is:\r\nSHA256:wdUbAQPv1TYXTezE+ssr6jC5toqV/h2XkoaR5tohwxg root@testvmi-97w8k\r\nThe key&#39;s randomart image is:\r\n+---[DSA 1024]----+\r\n|        ..+o.. =o|\r\n|       . o .o.  *|\r\n|        o . .o++.|\r\n|         o.....o.|\r\n|     E  S+.    . |\r\n|      + + + . . .|\r\n|     . * B = o. .|\r\n|      + =.B +. o |\r\n|     . ++=o+. ...|\r\n+----[SHA256]-----+\r\nGenerating public/private ecdsa key pair.\r\nYour identification has been saved in /etc/ssh/ssh_host_ecdsa_key\r\nYour public key has been saved in /etc/ssh/ssh_host_ecdsa_key.pub\r\nThe key fingerprint is:\r\nSHA256:Sj3kHsQOHGGNQuQu5hMJmu4Ft+k2MpHjro4NTmKB77g root@testvmi-97w8k\r\nThe key&#39;s randomart image is:\r\n+---[ECDSA 256]---+\r\n|   oo ++         |\r\n|   ..o.o.        |\r\n|.   ..o +        |\r\n|oo o   B         |\r\n|+o*.. . S        |\r\n|.B+oo. o o       |\r\n|++*+  . .        |\r\n|BOo+             |\r\n|E**..            |\r\n+----[SHA256]-----+\r\nGenerating public/private ed25519 key pair.\r\nYour identification has been saved in /etc/ssh/ssh_host_ed25519_key\r\nYour public key has been saved in /etc/ssh/ssh_host_ed25519_key.pub\r\nThe key fingerprint is:\r\nSHA256:/9cWtUSxWBWdVAQwqRzyrFliKnHlUxnglE+0554jnUI root@testvmi-97w8k\r\nThe key&#39;s randomart image is:\r\n+--[ED25519 256]--+\r\n|        o+oooooB@|\r\n|       o+ =...ooo|\r\n|       o.O.o.... |\r\n|    . . = Bo   ..|\r\n|     o oS*E . . o|\r\n|    . . oo o o o |\r\n|     .    + *  ..|\r\n|           + .. o|\r\n|            .. . |\r\n+----[SHA256]-----+\r\nCloud-init v. 20.4 running &#39;modules:config&#39; at Tue, 22 Apr 2025 10:00:40 +0000. Up 21.72 seconds.\r\nCloud-init v. 20.4 running &#39;modules:final&#39; at Tue, 22 Apr 2025 10:00:43 +0000. Up 24.23 seconds.\r\nci-info: no authorized SSH keys fingerprints found for user fedora.\r\nCloud-init v. 20.4 finished at Tue, 22 Apr 2025 10:00:43 +0000. Datasource DataSourceNoCloud [seed=/dev/vdb][dsmode=net].  Up 24.74 seconds\r\n[root@testvmi-97w8k fedora]&#34; &#34;# &#34;] Buffer: cat /var/log/cloud-init-output.log&#xD;&#xA;Cloud-init v. 20.4 running &#39;init-local&#39; at Tue, 22 Apr 2025 10:00:33 +0000. Up 14.86 seconds.&#xD;&#xA;Cloud-init v. 20.4 running &#39;init&#39; at Tue, 22 Apr 2025 10:00:37 +0000. Up 18.23 seconds.&#xD;&#xA;ci-info: +++++++++++++++++++++++++++++++++++++++Net device info+++++++++++++++++++++++++++++++++++++++&#xD;&#xA;ci-info: +--------+------+------------------------------+---------------+--------+-------------------+&#xD;&#xA;ci-info: | Device |  Up  |           Address            |      Mask     | Scope  |     Hw-Address    |&#xD;&#xA;ci-info: +--------+------+------------------------------+---------------+--------+-------------------+&#xD;&#xA;ci-info: |  eth0  | True |           10.0.2.2           | 255.255.255.0 | global | 7e:ae:1d:3b:4d:d4 |&#xD;&#xA;ci-info: |  eth0  | True |       fd10:0:2::2/120        |       .       | global | 7e:ae:1d:3b:4d:d4 |&#xD;&#xA;ci-info: |  eth0  | True | fe80::7cae:1dff:fe3b:4dd4/64 |       .       |  link  | 7e:ae:1d:3b:4d:d4 |&#xD;&#xA;ci-info: |   lo   | True |          127.0.0.1           |   255.0.0.0   |  host  |         .         |&#xD;&#xA;ci-info: |   lo   | True |           ::1/128            |       .       |  host  |         .         |&#xD;&#xA;ci-info: +--------+------+------------------------------+---------------+--------+-------------------+&#xD;&#xA;ci-info: +++++++++++++++++++++++++++Route IPv4 info++++++++++++++++++++++++++++&#xD;&#xA;ci-info: +-------+-------------+----------+---------------+-----------+-------+&#xD;&#xA;ci-info: | Route | Destination | Gateway  |    Genmask    | Interface | Flags |&#xD;&#xA;ci-info: +-------+-------------+----------+---------------+-----------+-------+&#xD;&#xA;ci-info: |   0   |   0.0.0.0   | 10.0.2.1 |    0.0.0.0    |    eth0   |   UG  |&#xD;&#xA;ci-info: |   1   |   10.0.2.0  | 0.0.0.0  | 255.255.255.0 |    eth0   |   U   |&#xD;&#xA;ci-info: +-------+-------------+----------+---------------+-----------+-------+&#xD;&#xA;ci-info: ++++++++++++++++++++++Route IPv6 info+++++++++++++++++++++++&#xD;&#xA;ci-info: +-------+----------------+-------------+-----------+-------+&#xD;&#xA;ci-info: | Route |  Destination   |   Gateway   | Interface | Flags |&#xD;&#xA;ci-info: +-------+----------------+-------------+-----------+-------+&#xD;&#xA;ci-info: |   1   | fd10:0:2::/120 |      ::     |    eth0   |   U   |&#xD;&#xA;ci-info: |   2   |   fe80::/64    |      ::     |    eth0   |   U   |&#xD;&#xA;ci-info: |   3   |      ::/0      | fd10:0:2::1 |    eth0   |   UG  |&#xD;&#xA;ci-info: |   5   |     local      |      ::     |    eth0   |   U   |&#xD;&#xA;ci-info: |   6   |     local      |      ::     |    eth0   |   U   |&#xD;&#xA;ci-info: |   7   |   multicast    |      ::     |    eth0   |   U   |&#xD;&#xA;ci-info: +-------+----------------+-------------+-----------+-------+&#xD;&#xA;Generating public/private rsa key pair.&#xD;&#xA;Your identification has been saved in /etc/ssh/ssh_host_rsa_key&#xD;&#xA;Your public key has been saved in /etc/ssh/ssh_host_rsa_key.pub&#xD;&#xA;The key fingerprint is:&#xD;&#xA;SHA256:1VcY5aVMHzhKI3N1IbbupplB1FwgPQZsJjkZlBtaZbI root@testvmi-97w8k&#xD;&#xA;The key&#39;s randomart image is:&#xD;&#xA;+---[RSA 3072]----+&#xD;&#xA;|        .+B=+==O=|&#xD;&#xA;|         @+O=O*=o|&#xD;&#xA;|        oE&amp;.=+* o|&#xD;&#xA;|       . o....   |&#xD;&#xA;|        S  . .   |&#xD;&#xA;|          . .    |&#xD;&#xA;|           . o   |&#xD;&#xA;|            *    |&#xD;&#xA;|           +     |&#xD;&#xA;+----[SHA256]-----+&#xD;&#xA;Generating public/private dsa key pair.&#xD;&#xA;Your identification has been saved in /etc/ssh/ssh_host_dsa_key&#xD;&#xA;Your public key has been saved in /etc/ssh/ssh_host_dsa_key.pub&#xD;&#xA;The key fingerprint is:&#xD;&#xA;SHA256:wdUbAQPv1TYXTezE+ssr6jC5toqV/h2XkoaR5tohwxg root@testvmi-97w8k&#xD;&#xA;The key&#39;s randomart image is:&#xD;&#xA;+---[DSA 1024]----+&#xD;&#xA;|        ..+o.. =o|&#xD;&#xA;|       . o .o.  *|&#xD;&#xA;|        o . .o++.|&#xD;&#xA;|         o.....o.|&#xD;&#xA;|     E  S+.    . |&#xD;&#xA;|      + + + . . .|&#xD;&#xA;|     . * B = o. .|&#xD;&#xA;|      + =.B +. o |&#xD;&#xA;|     . ++=o+. ...|&#xD;&#xA;+----[SHA256]-----+&#xD;&#xA;Generating public/private ecdsa key pair.&#xD;&#xA;Your identification has been saved in /etc/ssh/ssh_host_ecdsa_key&#xD;&#xA;Your public key has been saved in /etc/ssh/ssh_host_ecdsa_key.pub&#xD;&#xA;The key fingerprint is:&#xD;&#xA;SHA256:Sj3kHsQOHGGNQuQu5hMJmu4Ft+k2MpHjro4NTmKB77g root@testvmi-97w8k&#xD;&#xA;The key&#39;s randomart image is:&#xD;&#xA;+---[ECDSA 256]---+&#xD;&#xA;|   oo ++         |&#xD;&#xA;|   ..o.o.        |&#xD;&#xA;|.   ..o +        |&#xD;&#xA;|oo o   B         |&#xD;&#xA;|+o*.. . S        |&#xD;&#xA;|.B+oo. o o       |&#xD;&#xA;|++*+  . .        |&#xD;&#xA;|BOo+             |&#xD;&#xA;|E**..            |&#xD;&#xA;+----[SHA256]-----+&#xD;&#xA;Generating public/private ed25519 key pair.&#xD;&#xA;Your identification has been saved in /etc/ssh/ssh_host_ed25519_key&#xD;&#xA;Your public key has been saved in /etc/ssh/ssh_host_ed25519_key.pub&#xD;&#xA;The key fingerprint is:&#xD;&#xA;SHA256:/9cWtUSxWBWdVAQwqRzyrFliKnHlUxnglE+0554jnUI root@testvmi-97w8k&#xD;&#xA;The key&#39;s randomart image is:&#xD;&#xA;+--[ED25519 256]--+&#xD;&#xA;|        o+oooooB@|&#xD;&#xA;|       o+ =...ooo|&#xD;&#xA;|       o.O.o.... |&#xD;&#xA;|    . . = Bo   ..|&#xD;&#xA;|     o oS*E . . o|&#xD;&#xA;|    . . oo o o o |&#xD;&#xA;|     .    + *  ..|&#xD;&#xA;|           + .. o|&#xD;&#xA;|            .. . |&#xD;&#xA;+----[SHA256]-----+&#xD;&#xA;Cloud-init v. 20.4 running &#39;modules:config&#39; at Tue, 22 Apr 2025 10:00:40 +0000. Up 21.72 seconds.&#xD;&#xA;Cloud-init v. 20.4 running &#39;modules:final&#39; at Tue, 22 Apr 2025 10:00:43 +0000. Up 24.23 seconds.&#xD;&#xA;ci-info: no authorized SSH keys fingerprints found for user fedora.&#xD;&#xA;Cloud-init v. 20.4 finished at Tue, 22 Apr 2025 10:00:43 +0000. Datasource DataSourceNoCloud [seed=/dev/vdb][dsmode=net].  Up 24.74 seconds&#xD;&#xA;[root@testvmi-97w8k fedora]# &#xA;�[34mSent:�[39m &#34;echo $?\n&#34;&#xA;�[32mMatch for RE:�[39m &#34;echo \\$\\?((?s).*)\n0\r\n.*(\\$ |\\# )&#34; found: [&#34;echo $?\r\n0\r\n[root@testvmi-97w8k fedora]# &#34; &#34;\r&#34; &#34;# &#34;] Buffer: echo $?&#xD;&#xA;0&#xD;&#xA;[root@testvmi-97w8k fedora]# &#xA;�[34mSent:�[39m &#34;cat /var/run/cloud-init/status.json\n&#34;&#xA;�[32mMatch for RE:�[39m &#34;cat /var/run/cloud-init/status\\.json((?s).*)(\\$ |\\# )&#34; found: [&#34;cat /var/run/cloud-init/status.json\r\n{\r\n \&#34;v1\&#34;: {\r\n  \&#34;datasource\&#34;: \&#34;DataSourceNoCloud [seed=/dev/vdb][dsmode=net]\&#34;,\r\n  \&#34;init\&#34;: {\r\n   \&#34;errors\&#34;: [],\r\n   \&#34;finished\&#34;: 1745316038.7063386,\r\n   \&#34;start\&#34;: 1745316036.7816353\r\n  },\r\n  \&#34;init-local\&#34;: {\r\n   \&#34;errors\&#34;: [],\r\n   \&#34;finished\&#34;: 1745316034.5736318,\r\n   \&#34;start\&#34;: 1745316033.5446951\r\n  },\r\n  \&#34;modules-config\&#34;: {\r\n   \&#34;errors\&#34;: [],\r\n   \&#34;finished\&#34;: 1745316041.6389995,\r\n   \&#34;start\&#34;: 1745316040.6049075\r\n  },\r\n  \&#34;modules-final\&#34;: {\r\n   \&#34;errors\&#34;: [],\r\n   \&#34;finished\&#34;: 1745316043.6352003,\r\n   \&#34;start\&#34;: 1745316043.1103046\r\n  },\r\n  \&#34;modules-init\&#34;: {\r\n   \&#34;errors\&#34;: [],\r\n   \&#34;finished\&#34;: null,\r\n   \&#34;start\&#34;: null\r\n  },\r\n  \&#34;stage\&#34;: null\r\n }\r\n}\r\n[root@testvmi-97w8k fedora]# &#34; &#34;\r\n{\r\n \&#34;v1\&#34;: {\r\n  \&#34;datasource\&#34;: \&#34;DataSourceNoCloud [seed=/dev/vdb][dsmode=net]\&#34;,\r\n  \&#34;init\&#34;: {\r\n   \&#34;errors\&#34;: [],\r\n   \&#34;finished\&#34;: 1745316038.7063386,\r\n   \&#34;start\&#34;: 1745316036.7816353\r\n  },\r\n  \&#34;init-local\&#34;: {\r\n   \&#34;errors\&#34;: [],\r\n   \&#34;finished\&#34;: 1745316034.5736318,\r\n   \&#34;start\&#34;: 1745316033.5446951\r\n  },\r\n  \&#34;modules-config\&#34;: {\r\n   \&#34;errors\&#34;: [],\r\n   \&#34;finished\&#34;: 1745316041.6389995,\r\n   \&#34;start\&#34;: 1745316040.6049075\r\n  },\r\n  \&#34;modules-final\&#34;: {\r\n   \&#34;errors\&#34;: [],\r\n   \&#34;finished\&#34;: 1745316043.6352003,\r\n   \&#34;start\&#34;: 1745316043.1103046\r\n  },\r\n  \&#34;modules-init\&#34;: {\r\n   \&#34;errors\&#34;: [],\r\n   \&#34;finished\&#34;: null,\r\n   \&#34;start\&#34;: null\r\n  },\r\n  \&#34;stage\&#34;: null\r\n }\r\n}\r\n[root@testvmi-97w8k fedora]&#34; &#34;# &#34;] Buffer: cat /var/run/cloud-init/status.json&#xD;&#xA;{&#xD;&#xA; &#34;v1&#34;: {&#xD;&#xA;  &#34;datasource&#34;: &#34;DataSourceNoCloud [seed=/dev/vdb][dsmode=net]&#34;,&#xD;&#xA;  &#34;init&#34;: {&#xD;&#xA;   &#34;errors&#34;: [],&#xD;&#xA;   &#34;finished&#34;: 1745316038.7063386,&#xD;&#xA;   &#34;start&#34;: 1745316036.7816353&#xD;&#xA;  },&#xD;&#xA;  &#34;init-local&#34;: {&#xD;&#xA;   &#34;errors&#34;: [],&#xD;&#xA;   &#34;finished&#34;: 1745316034.5736318,&#xD;&#xA;   &#34;start&#34;: 1745316033.5446951&#xD;&#xA;  },&#xD;&#xA;  &#34;modules-config&#34;: {&#xD;&#xA;   &#34;errors&#34;: [],&#xD;&#xA;   &#34;finished&#34;: 1745316041.6389995,&#xD;&#xA;   &#34;start&#34;: 1745316040.6049075&#xD;&#xA;  },&#xD;&#xA;  &#34;modules-final&#34;: {&#xD;&#xA;   &#34;errors&#34;: [],&#xD;&#xA;   &#34;finished&#34;: 1745316043.6352003,&#xD;&#xA;   &#34;start&#34;: 1745316043.1103046&#xD;&#xA;  },&#xD;&#xA;  &#34;modules-init&#34;: {&#xD;&#xA;   &#34;errors&#34;: [],&#xD;&#xA;   &#34;finished&#34;: null,&#xD;&#xA;   &#34;start&#34;: null&#xD;&#xA;  },&#xD;&#xA;  &#34;stage&#34;: null&#xD;&#xA; }&#xD;&#xA;}&#xD;&#xA;[root@testvmi-97w8k fedora]# &#xA;�[34mSent:�[39m &#34;echo $?\n&#34;&#xA;�[32mMatch for RE:�[39m &#34;echo \\$\\?((?s).*)\n0\r\n.*(\\$ |\\# )&#34; found: [&#34;echo $?\r\n0\r\n[root@testvmi-97w8k fedora]# &#34; &#34;\r&#34; &#34;# &#34;] Buffer: echo $?&#xD;&#xA;0&#xD;&#xA;[root@testvmi-97w8k fedora]# &#xA;Global test cleanup started.&#xA;Global test cleanup ended.&#xA;</system-out>
      </testcase>
      <testcase name="[rfe_id:393][crit:high][vendor:cnv-qe@redhat.com][level:system][sig-compute] VM Live Migration with sata disks [test_id:1853]VM with containerDisk + CloudInit + ServiceAccount + ConfigMap + Secret + DownwardAPI + External Kernel Boot + USB Disk" classname="Tests Suite" time="32.634420179"></testcase>
      <testcase name="[rfe_id:393][crit:high][vendor:cnv-qe@redhat.com][level:system][sig-compute] VM Live Migration with dedicated CPUs should successfully update a VMI&#39;s CPU set on migration" classname="Tests Suite" time="35.464743176"></testcase>
      <testcase name="[rfe_id:393][crit:high][vendor:cnv-qe@redhat.com][level:system][sig-compute] VM Live Migration should update MigrationState&#39;s MigrationConfiguration of VMI status" classname="Tests Suite" time="31.523677185"></testcase>
      <testcase name="[rfe_id:393][crit:high][vendor:cnv-qe@redhat.com][level:system][sig-compute] VM Live Migration topology hints needs to be set when invtsc feature exists" classname="Tests Suite" time="11.188967611"></testcase>
      <testcase name="[rfe_id:393][crit:high][vendor:cnv-qe@redhat.com][level:system][sig-compute] VM Live Migration topology hints needs to be set when HyperV reenlightenment is enabled" classname="Tests Suite" time="11.226777476"></testcase>
      <testcase name="[rfe_id:393][crit:high][vendor:cnv-qe@redhat.com][level:system][sig-compute] VM Live Migration during evacuation should add eviction-in-progress annotation to source virt-launcher pod" classname="Tests Suite" time="19.432951133"></testcase>
      <testcase name="[rfe_id:393][crit:high][vendor:cnv-qe@redhat.com][level:system][sig-compute] VM Live Migration during evacuation when evacuating fails retrying immediately should be blocked by the migration backoff" classname="Tests Suite" time="59.657361836"></testcase>
      <testcase name="[sig-compute]Dry-Run requests Migrations [test_id:7638]patch a migration" classname="Tests Suite" time="7.118054182"></testcase>
      <testcase name="[rfe_id:393][crit:high][vendor:cnv-qe@redhat.com][level:system][sig-compute] VM Post Copy Live Migration Starting a VirtualMachineInstance  migration postcopy should migrate using for postcopy [test_id:4747] using a migration policy" classname="Tests Suite" time="143.485784639"></testcase>
      <testcase name="[sig-compute]IOThreads IOThreads Policies [test_id:4122]Should honor shared ioThreadsPolicy for single disk" classname="Tests Suite" time="0">
          <skipped></skipped>
      </testcase>
      <testcase name="[sig-compute]IOThreads IOThreads Policies [test_id:864][ref_id:2065] Should honor a mix of shared and dedicated ioThreadsPolicy" classname="Tests Suite" time="0">
          <skipped></skipped>
      </testcase>
      <testcase name="[sig-compute]IOThreads IOThreads Policies [ref_id:2065] should honor auto ioThreadPolicy [test_id:3097]for one CPU" classname="Tests Suite" time="0">
          <skipped></skipped>
      </testcase>
      <testcase name="[sig-compute]IOThreads IOThreads Policies [ref_id:2065] should honor auto ioThreadPolicy [test_id:856] for two CPUs" classname="Tests Suite" time="0">
          <skipped></skipped>
      </testcase>
      <testcase name="[sig-compute]IOThreads IOThreads Policies [ref_id:2065] should honor auto ioThreadPolicy [test_id:3095] for three CPUs" classname="Tests Suite" time="0">
          <skipped></skipped>
      </testcase>
      <testcase name="[sig-compute]IOThreads IOThreads Policies [ref_id:2065] should honor auto ioThreadPolicy [test_id:3096]for four CPUs" classname="Tests Suite" time="0">
          <skipped></skipped>
      </testcase>
      <testcase name="[sig-compute]IOThreads IOThreads Policies [test_id:4025]Should place io and emulator threads on the same pcpu with auto ioThreadsPolicy" classname="Tests Suite" time="0">
          <skipped></skipped>
      </testcase>
      <testcase name="[sig-compute]oc/kubectl integration [test_id:3812]explain vm/vmi [test_id:3810]explain vm" classname="Tests Suite" time="0">
          <skipped></skipped>
      </testcase>
      <testcase name="[sig-compute]oc/kubectl integration [test_id:3812]explain vm/vmi [test_id:3811]explain vmi" classname="Tests Suite" time="0">
          <skipped></skipped>
      </testcase>
      <testcase name="[sig-compute]oc/kubectl integration [test_id:3812]explain vm/vmi [test_id:5178]explain vmim" classname="Tests Suite" time="0">
          <skipped></skipped>
      </testcase>
      <testcase name="[sig-compute]oc/kubectl integration [test_id:3812]explain vm/vmi [test_id:5179]explain kv" classname="Tests Suite" time="0">
          <skipped></skipped>
      </testcase>
      <testcase name="[sig-compute]oc/kubectl integration [test_id:3812]explain vm/vmi [test_id:5180]explain vmsnapshot" classname="Tests Suite" time="0">
          <skipped></skipped>
      </testcase>
      <testcase name="[sig-compute]oc/kubectl integration [test_id:3812]explain vm/vmi [test_id:5181]explain vmsnapshotcontent" classname="Tests Suite" time="0">
          <skipped></skipped>
      </testcase>
      <testcase name="[sig-compute]oc/kubectl integration [test_id:5182]vmipreset have validation" classname="Tests Suite" time="0">
          <skipped></skipped>
      </testcase>
      <testcase name="[sig-compute]oc/kubectl integration [test_id:5183]vmirs have validation" classname="Tests Suite" time="0">
          <skipped></skipped>
      </testcase>
      <testcase name="[sig-compute]oc/kubectl integration [rfe_id:3423][vendor:cnv-qe@redhat.com][level:component]oc/kubectl get vm/vmi tests should verify set of columns for [test_id:3464]virtualmachine" classname="Tests Suite" time="0">
          <skipped></skipped>
      </testcase>
      <testcase name="[sig-compute]oc/kubectl integration [rfe_id:3423][vendor:cnv-qe@redhat.com][level:component]oc/kubectl get vm/vmi tests should verify set of columns for [test_id:3465]virtualmachineinstance" classname="Tests Suite" time="0">
          <skipped></skipped>
      </testcase>
      <testcase name="[sig-compute]oc/kubectl integration [rfe_id:3423][vendor:cnv-qe@redhat.com][level:component]oc/kubectl get vm/vmi tests should verify set of wide columns for [test_id:3468]virtualmachine" classname="Tests Suite" time="0">
          <skipped></skipped>
      </testcase>
      <testcase name="[sig-compute]oc/kubectl integration [rfe_id:3423][vendor:cnv-qe@redhat.com][level:component]oc/kubectl get vm/vmi tests should verify set of wide columns for [test_id:3466]virtualmachineinstance" classname="Tests Suite" time="0">
          <skipped></skipped>
      </testcase>
      <testcase name="[sig-compute]oc/kubectl integration VM instance migration &#39;kubectl get vmim&#39; print the expected columns and their corresponding values" classname="Tests Suite" time="0">
          <skipped></skipped>
      </testcase>
      <testcase name="[sig-compute]oc/kubectl integration oc/kubectl logs oc/kubectl logs &lt;vmi-pod&gt; return default container log" classname="Tests Suite" time="0">
          <skipped></skipped>
      </testcase>
      <testcase name="[sig-network] Port-forward VMI With masquerade binding when performing port-forward from a local port to a VMI&#39;s declared port should reach the vmi IPv4" classname="Tests Suite" time="0">
          <skipped></skipped>
      </testcase>
      <testcase name="[sig-network] Port-forward VMI With masquerade binding when performing port-forward from a local port to a VMI&#39;s declared port should reach the vmi IPv6" classname="Tests Suite" time="0">
          <skipped></skipped>
      </testcase>
      <testcase name="[sig-network] Port-forward VMI With masquerade binding when performing port-forward from a local port to a VMI with no declared ports should reach the vmi IPv4" classname="Tests Suite" time="0">
          <skipped></skipped>
      </testcase>
      <testcase name="[sig-network] Port-forward VMI With masquerade binding when performing port-forward from a local port to a VMI with no declared ports should reach the vmi IPv6" classname="Tests Suite" time="0">
          <skipped></skipped>
      </testcase>
      <testcase name="[sig-network] Port-forward VMI With masquerade binding when performing port-forward from a local port to a VMI&#39;s non-declared port should not reach the vmi IPv4" classname="Tests Suite" time="0">
          <skipped></skipped>
      </testcase>
      <testcase name="[sig-network] Port-forward VMI With masquerade binding when performing port-forward from a local port to a VMI&#39;s non-declared port should not reach the vmi IPv6" classname="Tests Suite" time="0">
          <skipped></skipped>
      </testcase>
      <testcase name="[sig-compute] VMIDefaults Disk defaults [test_id:4115]Should be applied to VMIs" classname="Tests Suite" time="0">
          <skipped></skipped>
      </testcase>
      <testcase name="[sig-compute] VMIDefaults Disk defaults [test_id:]Should be applied to any auto attached volume disks" classname="Tests Suite" time="0">
          <skipped></skipped>
      </testcase>
      <testcase name="[sig-compute] VMIDefaults MemBalloon defaults [test_id:4556]Should be present in domain" classname="Tests Suite" time="0">
          <skipped></skipped>
      </testcase>
      <testcase name="[sig-compute] VMIDefaults MemBalloon defaults [test_id:4559]Should not be present in domain " classname="Tests Suite" time="0">
          <skipped></skipped>
      </testcase>
      <testcase name="[sig-compute] VMIDefaults Input defaults [test_id:TODO]Should be set in VirtualMachineInstance" classname="Tests Suite" time="0">
          <skipped></skipped>
      </testcase>
      <testcase name="[sig-compute] VMIDefaults Input defaults [test_id:TODO]Should be applied to a device added by AutoattachInputDevice" classname="Tests Suite" time="0">
          <skipped></skipped>
      </testcase>
      <testcase name="[sig-compute]VM state with persistent TPM VM option enabled should persist VM state of [test_id:10818]TPM across migration and restart" classname="Tests Suite" time="146.011809335"></testcase>
      <testcase name="[sig-compute]VM state with persistent TPM VM option enabled should persist VM state of TPM across migration and restart" classname="Tests Suite" time="0">
          <skipped></skipped>
      </testcase>
      <testcase name="[sig-compute]VM state with persistent TPM VM option enabled should persist VM state of TPM across restart and migration" classname="Tests Suite" time="0">
          <skipped></skipped>
      </testcase>
      <testcase name="[sig-compute]VM state with persistent TPM VM option enabled should persist VM state of EFI across migration and restart" classname="Tests Suite" time="0">
          <skipped></skipped>
      </testcase>
      <testcase name="[sig-compute]VM state with persistent TPM VM option enabled should persist VM state of TPM+EFI across migration and restart" classname="Tests Suite" time="0">
          <skipped></skipped>
      </testcase>
      <testcase name="[sig-compute]VM state with persistent TPM VM option enabled should remove persistent storage PVC if VMI is not owned by a VM" classname="Tests Suite" time="0">
          <skipped></skipped>
      </testcase>
      <testcase name="[crit:medium][vendor:cnv-qe@redhat.com][level:component][sig-compute] Instancetype and Preferences Instancetype validation [test_id:CNV-9082] should allow valid instancetype" classname="Tests Suite" time="0">
          <skipped></skipped>
      </testcase>
      <testcase name="[crit:medium][vendor:cnv-qe@redhat.com][level:component][sig-compute] Instancetype and Preferences Instancetype validation [test_id:CNV-9083] should reject invalid instancetype without CPU defined" classname="Tests Suite" time="0">
          <skipped></skipped>
      </testcase>
      <testcase name="[crit:medium][vendor:cnv-qe@redhat.com][level:component][sig-compute] Instancetype and Preferences Instancetype validation [test_id:CNV-9083] should reject invalid instancetype without CPU.Guest defined" classname="Tests Suite" time="0">
          <skipped></skipped>
      </testcase>
      <testcase name="[crit:medium][vendor:cnv-qe@redhat.com][level:component][sig-compute] Instancetype and Preferences Instancetype validation [test_id:CNV-9083] should reject invalid instancetype without Memory defined" classname="Tests Suite" time="0">
          <skipped></skipped>
      </testcase>
      <testcase name="[crit:medium][vendor:cnv-qe@redhat.com][level:component][sig-compute] Instancetype and Preferences Instancetype validation [test_id:CNV-9083] should reject invalid instancetype without Memory.Guest defined" classname="Tests Suite" time="0">
          <skipped></skipped>
      </testcase>
      <testcase name="[crit:medium][vendor:cnv-qe@redhat.com][level:component][sig-compute] Instancetype and Preferences Preference validation [test_id:CNV-9084] should allow valid preference" classname="Tests Suite" time="0">
          <skipped></skipped>
      </testcase>
      <testcase name="[crit:medium][vendor:cnv-qe@redhat.com][level:component][sig-compute] Instancetype and Preferences VM with invalid InstancetypeMatcher [test_id:CNV-9086] should fail to create VM with non-existing cluster instancetype" classname="Tests Suite" time="0">
          <skipped></skipped>
      </testcase>
      <testcase name="[crit:medium][vendor:cnv-qe@redhat.com][level:component][sig-compute] Instancetype and Preferences VM with invalid InstancetypeMatcher [test_id:CNV-9089] should fail to create VM with non-existing namespaced instancetype" classname="Tests Suite" time="0">
          <skipped></skipped>
      </testcase>
      <testcase name="[crit:medium][vendor:cnv-qe@redhat.com][level:component][sig-compute] Instancetype and Preferences VM with invalid PreferenceMatcher [test_id:CNV-9091] should fail to create VM with non-existing cluster preference" classname="Tests Suite" time="0">
          <skipped></skipped>
      </testcase>
      <testcase name="[crit:medium][vendor:cnv-qe@redhat.com][level:component][sig-compute] Instancetype and Preferences VM with invalid PreferenceMatcher [test_id:CNV-9090] should fail to create VM with non-existing namespaced preference" classname="Tests Suite" time="0">
          <skipped></skipped>
      </testcase>
      <testcase name="[crit:medium][vendor:cnv-qe@redhat.com][level:component][sig-compute] Instancetype and Preferences Instancetype and preference application [test_id:CNV-9094] should find and apply cluster instancetype and preferences when kind isn&#39;t provided" classname="Tests Suite" time="0">
          <skipped></skipped>
      </testcase>
      <testcase name="[crit:medium][vendor:cnv-qe@redhat.com][level:component][sig-compute] Instancetype and Preferences Instancetype and preference application [test_id:CNV-9095] should apply instancetype and preferences to VMI" classname="Tests Suite" time="0">
          <skipped></skipped>
      </testcase>
      <testcase name="[crit:medium][vendor:cnv-qe@redhat.com][level:component][sig-compute] Instancetype and Preferences Instancetype and preference application should apply memory overcommit instancetype to VMI" classname="Tests Suite" time="0">
          <skipped></skipped>
      </testcase>
      <testcase name="[crit:medium][vendor:cnv-qe@redhat.com][level:component][sig-compute] Instancetype and Preferences Instancetype and preference application [test_id:CNV-9096] should fail if instancetype and VM define CPU" classname="Tests Suite" time="0">
          <skipped></skipped>
      </testcase>
      <testcase name="[crit:medium][vendor:cnv-qe@redhat.com][level:component][sig-compute] Instancetype and Preferences Instancetype and preference application [test_id:CNV-9301] should fail if the VirtualMachine has  CPU resource requests" classname="Tests Suite" time="0">
          <skipped></skipped>
      </testcase>
      <testcase name="[crit:medium][vendor:cnv-qe@redhat.com][level:component][sig-compute] Instancetype and Preferences Instancetype and preference application [test_id:CNV-9301] should fail if the VirtualMachine has  CPU resource limits" classname="Tests Suite" time="0">
          <skipped></skipped>
      </testcase>
      <testcase name="[crit:medium][vendor:cnv-qe@redhat.com][level:component][sig-compute] Instancetype and Preferences Instancetype and preference application [test_id:CNV-9301] should fail if the VirtualMachine has  Memory resource requests" classname="Tests Suite" time="0">
          <skipped></skipped>
      </testcase>
      <testcase name="[crit:medium][vendor:cnv-qe@redhat.com][level:component][sig-compute] Instancetype and Preferences Instancetype and preference application [test_id:CNV-9301] should fail if the VirtualMachine has  Memory resource limits" classname="Tests Suite" time="0">
          <skipped></skipped>
      </testcase>
      <testcase name="[crit:medium][vendor:cnv-qe@redhat.com][level:component][sig-compute] Instancetype and Preferences Instancetype and preference application [test_id:CNV-9302] should apply preferences to default network interface" classname="Tests Suite" time="0">
          <skipped></skipped>
      </testcase>
      <testcase name="[crit:medium][vendor:cnv-qe@redhat.com][level:component][sig-compute] Instancetype and Preferences Instancetype and preference application [test_id:CNV-9303] should apply preferences to default volume disks" classname="Tests Suite" time="0">
          <skipped></skipped>
      </testcase>
      <testcase name="[crit:medium][vendor:cnv-qe@redhat.com][level:component][sig-compute] Instancetype and Preferences Instancetype and preference application [test_id:CNV-9098] should store and use ControllerRevisions of VirtualMachineInstancetypeSpec and VirtualMachinePreferenceSpec" classname="Tests Suite" time="0">
          <skipped></skipped>
      </testcase>
      <testcase name="[crit:medium][vendor:cnv-qe@redhat.com][level:component][sig-compute] Instancetype and Preferences Instancetype and preference application [test_id:CNV-9304] should fail if stored ControllerRevisions are different" classname="Tests Suite" time="0">
          <skipped></skipped>
      </testcase>
      <testcase name="[crit:medium][vendor:cnv-qe@redhat.com][level:component][sig-compute] Instancetype and Preferences with inferFromVolume should infer defaults from PersistentVolumeClaimVolumeSource" classname="Tests Suite" time="0">
          <skipped></skipped>
      </testcase>
      <testcase name="[crit:medium][vendor:cnv-qe@redhat.com][level:component][sig-compute] Instancetype and Preferences with inferFromVolume should infer defaults from existing DataVolume with labels" classname="Tests Suite" time="0">
          <skipped></skipped>
      </testcase>
      <testcase name="[crit:medium][vendor:cnv-qe@redhat.com][level:component][sig-compute] Instancetype and Preferences with inferFromVolume should infer defaults from DataVolumeTemplates and DataVolumeSourcePVC" classname="Tests Suite" time="0">
          <skipped></skipped>
      </testcase>
      <testcase name="[crit:medium][vendor:cnv-qe@redhat.com][level:component][sig-compute] Instancetype and Preferences with inferFromVolume should infer defaults from DataVolumeTemplates , DataVolumeSourceRef and DataSource" classname="Tests Suite" time="0">
          <skipped></skipped>
      </testcase>
      <testcase name="[crit:medium][vendor:cnv-qe@redhat.com][level:component][sig-compute] Instancetype and Preferences with inferFromVolume should infer defaults from DataVolumeTemplates , DataVolumeSourceRef and DataSource with labels" classname="Tests Suite" time="0">
          <skipped></skipped>
      </testcase>
      <testcase name="[crit:medium][vendor:cnv-qe@redhat.com][level:component][sig-compute] Instancetype and Preferences with inferFromVolume should ignore failure when trying to infer defaults from DataVolumeSpec with unsupported DataVolumeSource when policy is set" classname="Tests Suite" time="0">
          <skipped></skipped>
      </testcase>
      <testcase name="[crit:medium][vendor:cnv-qe@redhat.com][level:component][sig-compute] Instancetype and Preferences with inferFromVolume should reject VM creation when inference was successful but memory and RejectInferFromVolumeFailure were set with explicitly setting RejectInferFromVolumeFailure" classname="Tests Suite" time="0">
          <skipped></skipped>
      </testcase>
      <testcase name="[crit:medium][vendor:cnv-qe@redhat.com][level:component][sig-compute] Instancetype and Preferences with inferFromVolume should reject VM creation when inference was successful but memory and RejectInferFromVolumeFailure were set with implicitly setting RejectInferFromVolumeFailure (default)" classname="Tests Suite" time="0">
          <skipped></skipped>
      </testcase>
      <testcase name="[crit:medium][vendor:cnv-qe@redhat.com][level:component][sig-compute] Instancetype and Preferences instance type with dedicatedCPUPlacement enabled should be accepted and result in running VirtualMachineInstance" classname="Tests Suite" time="0">
          <skipped></skipped>
      </testcase>
      <testcase name="[crit:medium][vendor:cnv-qe@redhat.com][level:component][sig-compute] Instancetype and Preferences instancetype.kubevirt.io apiVersion compatibility should create VirtualMachineInstancetype v1alpha1 and fetch using v1alpha1, v1alpha2 and v1beta1" classname="Tests Suite" time="0">
          <skipped></skipped>
      </testcase>
      <testcase name="[crit:medium][vendor:cnv-qe@redhat.com][level:component][sig-compute] Instancetype and Preferences instancetype.kubevirt.io apiVersion compatibility should create VirtualMachineInstancetype v1alpha2 and fetch using v1alpha1, v1alpha2 and v1beta1" classname="Tests Suite" time="0">
          <skipped></skipped>
      </testcase>
      <testcase name="[crit:medium][vendor:cnv-qe@redhat.com][level:component][sig-compute] Instancetype and Preferences instancetype.kubevirt.io apiVersion compatibility should create VirtualMachineInstancetype v1beta1 and fetch using v1alpha1, v1alpha2 and v1beta1" classname="Tests Suite" time="0">
          <skipped></skipped>
      </testcase>
      <testcase name="[crit:medium][vendor:cnv-qe@redhat.com][level:component][sig-compute] Instancetype and Preferences instancetype.kubevirt.io apiVersion compatibility should create VirtualMachineClusterInstancetype v1alpha1 and fetch using v1alpha1, v1alpha2 and v1beta1" classname="Tests Suite" time="0">
          <skipped></skipped>
      </testcase>
      <testcase name="[crit:medium][vendor:cnv-qe@redhat.com][level:component][sig-compute] Instancetype and Preferences instancetype.kubevirt.io apiVersion compatibility should create VirtualMachineClusterInstancetype v1alpha2 and fetch using v1alpha1, v1alpha2 and v1beta1" classname="Tests Suite" time="0">
          <skipped></skipped>
      </testcase>
      <testcase name="[crit:medium][vendor:cnv-qe@redhat.com][level:component][sig-compute] Instancetype and Preferences instancetype.kubevirt.io apiVersion compatibility should create VirtualMachineClusterInstancetype v1beta1 and fetch using v1alpha1, v1alpha2 and v1beta1" classname="Tests Suite" time="0">
          <skipped></skipped>
      </testcase>
      <testcase name="[crit:medium][vendor:cnv-qe@redhat.com][level:component][sig-compute] Instancetype and Preferences instancetype.kubevirt.io apiVersion compatibility should create VirtualMachinePreference v1alpha1 and fetch using v1alpha1, v1alpha2 and v1beta1" classname="Tests Suite" time="0">
          <skipped></skipped>
      </testcase>
      <testcase name="[crit:medium][vendor:cnv-qe@redhat.com][level:component][sig-compute] Instancetype and Preferences instancetype.kubevirt.io apiVersion compatibility should create VirtualMachinePreference v1alpha2 and fetch using v1alpha1, v1alpha2 and v1beta1" classname="Tests Suite" time="0">
          <skipped></skipped>
      </testcase>
      <testcase name="[crit:medium][vendor:cnv-qe@redhat.com][level:component][sig-compute] Instancetype and Preferences instancetype.kubevirt.io apiVersion compatibility should create VirtualMachinePreference v1beta1 and fetch using v1alpha1, v1alpha2 and v1beta1" classname="Tests Suite" time="0">
          <skipped></skipped>
      </testcase>
      <testcase name="[crit:medium][vendor:cnv-qe@redhat.com][level:component][sig-compute] Instancetype and Preferences instancetype.kubevirt.io apiVersion compatibility should create VirtualMachineClusterPreference v1alpha1 and fetch using v1alpha1, v1alpha2 and v1beta1" classname="Tests Suite" time="0">
          <skipped></skipped>
      </testcase>
      <testcase name="[crit:medium][vendor:cnv-qe@redhat.com][level:component][sig-compute] Instancetype and Preferences instancetype.kubevirt.io apiVersion compatibility should create VirtualMachineClusterPreference v1alpha2 and fetch using v1alpha1, v1alpha2 and v1beta1" classname="Tests Suite" time="0">
          <skipped></skipped>
      </testcase>
      <testcase name="[crit:medium][vendor:cnv-qe@redhat.com][level:component][sig-compute] Instancetype and Preferences instancetype.kubevirt.io apiVersion compatibility should create VirtualMachineClusterPreference v1beta1 and fetch using v1alpha1, v1alpha2 and v1beta1" classname="Tests Suite" time="0">
          <skipped></skipped>
      </testcase>
      <testcase name="[crit:medium][vendor:cnv-qe@redhat.com][level:component][sig-compute] Instancetype and Preferences VirtualMachine using preference resource requirements should be accepted when VirtualMachineInstancetype meets CPU requirements" classname="Tests Suite" time="0">
          <skipped></skipped>
      </testcase>
      <testcase name="[crit:medium][vendor:cnv-qe@redhat.com][level:component][sig-compute] Instancetype and Preferences VirtualMachine using preference resource requirements should be accepted when VirtualMachineInstancetype meets Memory requirements" classname="Tests Suite" time="0">
          <skipped></skipped>
      </testcase>
      <testcase name="[crit:medium][vendor:cnv-qe@redhat.com][level:component][sig-compute] Instancetype and Preferences VirtualMachine using preference resource requirements should be accepted when VirtualMachine meets CPU (preferSockets default) requirements" classname="Tests Suite" time="0">
          <skipped></skipped>
      </testcase>
      <testcase name="[crit:medium][vendor:cnv-qe@redhat.com][level:component][sig-compute] Instancetype and Preferences VirtualMachine using preference resource requirements should be accepted when VirtualMachine meets CPU (preferCores) requirements" classname="Tests Suite" time="0">
          <skipped></skipped>
      </testcase>
      <testcase name="[crit:medium][vendor:cnv-qe@redhat.com][level:component][sig-compute] Instancetype and Preferences VirtualMachine using preference resource requirements should be accepted when VirtualMachine meets 1 vCPU requirement through defaults - bug #10047" classname="Tests Suite" time="0">
          <skipped></skipped>
      </testcase>
      <testcase name="[crit:medium][vendor:cnv-qe@redhat.com][level:component][sig-compute] Instancetype and Preferences VirtualMachine using preference resource requirements should be accepted when VirtualMachine meets CPU (preferThreads) requirements" classname="Tests Suite" time="0">
          <skipped></skipped>
      </testcase>
      <testcase name="[crit:medium][vendor:cnv-qe@redhat.com][level:component][sig-compute] Instancetype and Preferences VirtualMachine using preference resource requirements should be accepted when VirtualMachine meets CPU (preferAny) requirements" classname="Tests Suite" time="0">
          <skipped></skipped>
      </testcase>
      <testcase name="[crit:medium][vendor:cnv-qe@redhat.com][level:component][sig-compute] Instancetype and Preferences VirtualMachine using preference resource requirements should be accepted when VirtualMachine meets Memory requirements" classname="Tests Suite" time="0">
          <skipped></skipped>
      </testcase>
      <testcase name="[crit:medium][vendor:cnv-qe@redhat.com][level:component][sig-compute] Instancetype and Preferences VirtualMachine using preference resource requirements should be rejected when VirtualMachineInstancetype does not meet CPU requirements" classname="Tests Suite" time="0">
          <skipped></skipped>
      </testcase>
      <testcase name="[crit:medium][vendor:cnv-qe@redhat.com][level:component][sig-compute] Instancetype and Preferences VirtualMachine using preference resource requirements should be rejected when VirtualMachineInstancetype does not meet Memory requirements" classname="Tests Suite" time="0">
          <skipped></skipped>
      </testcase>
      <testcase name="[crit:medium][vendor:cnv-qe@redhat.com][level:component][sig-compute] Instancetype and Preferences VirtualMachine using preference resource requirements should be rejected when VirtualMachine does not meet CPU (preferSockets default) requirements" classname="Tests Suite" time="0">
          <skipped></skipped>
      </testcase>
      <testcase name="[crit:medium][vendor:cnv-qe@redhat.com][level:component][sig-compute] Instancetype and Preferences VirtualMachine using preference resource requirements should be rejected when VirtualMachine does not meet CPU (preferCores) requirements" classname="Tests Suite" time="0">
          <skipped></skipped>
      </testcase>
      <testcase name="[crit:medium][vendor:cnv-qe@redhat.com][level:component][sig-compute] Instancetype and Preferences VirtualMachine using preference resource requirements should be rejected when VirtualMachine does not meet CPU (preferThreads) requirements" classname="Tests Suite" time="0">
          <skipped></skipped>
      </testcase>
      <testcase name="[crit:medium][vendor:cnv-qe@redhat.com][level:component][sig-compute] Instancetype and Preferences VirtualMachine using preference resource requirements should be rejected when VirtualMachine does not meet CPU (preferAny) requirements" classname="Tests Suite" time="0">
          <skipped></skipped>
      </testcase>
      <testcase name="[crit:medium][vendor:cnv-qe@redhat.com][level:component][sig-compute] Instancetype and Preferences VirtualMachine using preference resource requirements should be rejected when VirtualMachine meets Memory requirements" classname="Tests Suite" time="0">
          <skipped></skipped>
      </testcase>
      <testcase name="[rfe_id:127][crit:medium][arm64][vendor:cnv-qe@redhat.com][level:component][sig-compute]VNC [rfe_id:127][crit:medium][vendor:cnv-qe@redhat.com][level:component]A new VirtualMachineInstance with VNC connection [test_id:1611]should allow accessing the VNC device multiple times" classname="Tests Suite" time="0">
          <skipped></skipped>
      </testcase>
      <testcase name="[rfe_id:127][crit:medium][arm64][vendor:cnv-qe@redhat.com][level:component][sig-compute]VNC [rfe_id:127][crit:medium][vendor:cnv-qe@redhat.com][level:component]A new VirtualMachineInstance [rfe_id:127][crit:medium][vendor:cnv-qe@redhat.com][level:component]should upgrade websocket connection which look like coming from a browser [test_id:1612]for vnc" classname="Tests Suite" time="0">
          <skipped></skipped>
      </testcase>
      <testcase name="[rfe_id:127][crit:medium][arm64][vendor:cnv-qe@redhat.com][level:component][sig-compute]VNC [rfe_id:127][crit:medium][vendor:cnv-qe@redhat.com][level:component]A new VirtualMachineInstance [rfe_id:127][crit:medium][vendor:cnv-qe@redhat.com][level:component]should upgrade websocket connection which look like coming from a browser [test_id:1613]for serial console" classname="Tests Suite" time="0">
          <skipped></skipped>
      </testcase>
      <testcase name="[rfe_id:127][crit:medium][arm64][vendor:cnv-qe@redhat.com][level:component][sig-compute]VNC [rfe_id:127][crit:medium][vendor:cnv-qe@redhat.com][level:component]A new VirtualMachineInstance [test_id:1614]should upgrade websocket connections without a subprotocol given" classname="Tests Suite" time="0">
          <skipped></skipped>
      </testcase>
      <testcase name="[rfe_id:127][crit:medium][arm64][vendor:cnv-qe@redhat.com][level:component][sig-compute]VNC [rfe_id:127][crit:medium][vendor:cnv-qe@redhat.com][level:component]A new VirtualMachineInstance [test_id:4272]should connect to vnc with --proxy-only flag" classname="Tests Suite" time="0">
          <skipped></skipped>
      </testcase>
      <testcase name="[rfe_id:127][crit:medium][arm64][vendor:cnv-qe@redhat.com][level:component][sig-compute]VNC [rfe_id:127][crit:medium][vendor:cnv-qe@redhat.com][level:component]A new VirtualMachineInstance [test_id:5274]should connect to vnc with --proxy-only flag to the specified port" classname="Tests Suite" time="0">
          <skipped></skipped>
      </testcase>
      <testcase name="[rfe_id:127][crit:medium][arm64][vendor:cnv-qe@redhat.com][level:component][sig-compute]VNC [rfe_id:127][crit:medium][vendor:cnv-qe@redhat.com][level:component]A new VirtualMachineInstance should allow creating a VNC screenshot in PNG format" classname="Tests Suite" time="0">
          <skipped></skipped>
      </testcase>
      <testcase name="[sig-compute] [rfe_id:127][posneg:negative][crit:medium][vendor:cnv-qe@redhat.com][level:component]Console [rfe_id:127][posneg:negative][crit:medium][vendor:cnv-qe@redhat.com][level:component]A new VirtualMachineInstance with a serial console [test_id:1588]should return OS login" classname="Tests Suite" time="0">
          <skipped></skipped>
      </testcase>
      <testcase name="[sig-compute] [rfe_id:127][posneg:negative][crit:medium][vendor:cnv-qe@redhat.com][level:component]Console [rfe_id:127][posneg:negative][crit:medium][vendor:cnv-qe@redhat.com][level:component]A new VirtualMachineInstance with a serial console [test_id:1590]should be able to reconnect to console multiple times" classname="Tests Suite" time="0">
          <skipped></skipped>
      </testcase>
      <testcase name="[sig-compute] [rfe_id:127][posneg:negative][crit:medium][vendor:cnv-qe@redhat.com][level:component]Console [rfe_id:127][posneg:negative][crit:medium][vendor:cnv-qe@redhat.com][level:component]A new VirtualMachineInstance with a serial console [test_id:1591]should close console connection when new console connection is opened" classname="Tests Suite" time="0">
          <skipped></skipped>
      </testcase>
      <testcase name="[sig-compute] [rfe_id:127][posneg:negative][crit:medium][vendor:cnv-qe@redhat.com][level:component]Console [rfe_id:127][posneg:negative][crit:medium][vendor:cnv-qe@redhat.com][level:component]A new VirtualMachineInstance with a serial console [test_id:1592]should wait until the virtual machine is in running state and return a stream interface" classname="Tests Suite" time="0">
          <skipped></skipped>
      </testcase>
      <testcase name="[sig-compute] [rfe_id:127][posneg:negative][crit:medium][vendor:cnv-qe@redhat.com][level:component]Console [rfe_id:127][posneg:negative][crit:medium][vendor:cnv-qe@redhat.com][level:component]A new VirtualMachineInstance with a serial console [test_id:1593]should not be connected if scheduled to non-existing host" classname="Tests Suite" time="0">
          <skipped></skipped>
      </testcase>
      <testcase name="[sig-compute] [rfe_id:127][posneg:negative][crit:medium][vendor:cnv-qe@redhat.com][level:component]Console [rfe_id:127][posneg:negative][crit:medium][vendor:cnv-qe@redhat.com][level:component]A new VirtualMachineInstance without a serial console [test_id:4118]should run but not be connectable via the serial console" classname="Tests Suite" time="0">
          <skipped></skipped>
      </testcase>
      <testcase name="[rfe_id:393][crit:high][vendor:cnv-qe@redhat.com][level:system][sig-compute] VM Live Migration with Headless service should remain to able resolve the VM IP" classname="Tests Suite" time="68.196732226"></testcase>
      <testcase name="[rfe_id:393][crit:high][vendor:cnv-qe@redhat.com][level:system][sig-compute] VM Live Migration Starting a VirtualMachineInstance  with a Alpine disk [test_id:6969]should be successfully migrate with a tablet device" classname="Tests Suite" time="57.828936834"></testcase>
      <testcase name="[rfe_id:393][crit:high][vendor:cnv-qe@redhat.com][level:system][sig-compute] VM Live Migration Starting a VirtualMachineInstance  with a Alpine disk [test_id:6970]should migrate vmi with cdroms on various bus types" classname="Tests Suite" time="71.983752378"></testcase>
      <testcase name="[rfe_id:393][crit:high][vendor:cnv-qe@redhat.com][level:system][sig-compute] VM Live Migration Starting a VirtualMachineInstance  with a Alpine disk should migrate with a downwardMetrics [test_id:6971]disk" classname="Tests Suite" time="66.972945308"></testcase>
      <testcase name="[rfe_id:393][crit:high][vendor:cnv-qe@redhat.com][level:system][sig-compute] VM Live Migration Starting a VirtualMachineInstance  with a Alpine disk [test_id:9795]should migrate vmi with a usb disk" classname="Tests Suite" time="50.714996377"></testcase>
      <testcase name="[rfe_id:393][crit:high][vendor:cnv-qe@redhat.com][level:system][sig-compute] VM Live Migration Starting a VirtualMachineInstance  with a Alpine disk [test_id:6972]should migrate to a persistent (non-transient) libvirt domain." classname="Tests Suite" time="52.961300761"></testcase>
      <testcase name="[rfe_id:393][crit:high][vendor:cnv-qe@redhat.com][level:system][sig-compute] VM Live Migration Starting a VirtualMachineInstance  with a Alpine disk [test_id:6973]should be able to successfully migrate with a paused vmi" classname="Tests Suite" time="57.259736745"></testcase>
      <testcase name="[rfe_id:393][crit:high][vendor:cnv-qe@redhat.com][level:system][sig-compute] VM Live Migration Starting a VirtualMachineInstance  with setting guest time [test_id:4114]should set an updated time after a migration" classname="Tests Suite" time="109.620250445"></testcase>
      <testcase name="[rfe_id:393][crit:high][vendor:cnv-qe@redhat.com][level:system][sig-compute] VM Live Migration Starting a VirtualMachineInstance  with an Alpine DataVolume [test_id:3239]should reject a migration of a vmi with a non-shared data volume" classname="Tests Suite" time="28.191982717"></testcase>
      <testcase name="[rfe_id:393][crit:high][vendor:cnv-qe@redhat.com][level:system][sig-compute] VM Live Migration Starting a VirtualMachineInstance  [storage-req]with an Alpine shared block volume PVC [test_id:1854]should migrate a VMI with shared and non-shared disks" classname="Tests Suite" time="62.765850944"></testcase>
      <testcase name="[rfe_id:393][crit:high][vendor:cnv-qe@redhat.com][level:system][sig-compute] VM Live Migration Starting a VirtualMachineInstance  [storage-req]with an Alpine shared block volume PVC [test_id:3240]should be successfully with a cloud init" classname="Tests Suite" time="55.317718933"></testcase>
      <testcase name="[rfe_id:393][crit:high][vendor:cnv-qe@redhat.com][level:system][sig-compute] VM Live Migration Starting a VirtualMachineInstance  migration security with TLS enabled [test_id:2303][posneg:negative] should secure migrations with TLS" classname="Tests Suite" time="75.700926967"></testcase>
      <testcase name="[rfe_id:393][crit:high][vendor:cnv-qe@redhat.com][level:system][sig-compute] VM Live Migration Starting a VirtualMachineInstance  [storage-req]with an Alpine non-shared block volume PVC [test_id:1862][posneg:negative]should reject migrations for a non-migratable vmi" classname="Tests Suite" time="49.212133192"></testcase>
      <testcase name="[rfe_id:393][crit:high][vendor:cnv-qe@redhat.com][level:system][sig-compute] VM Live Migration Starting a VirtualMachineInstance  live migration cancelation should be able to cancel a migration [sig-storage][test_id:2226] with ContainerDisk" classname="Tests Suite" time="30.666869541"></testcase>
      <testcase name="[rfe_id:393][crit:high][vendor:cnv-qe@redhat.com][level:system][sig-compute] VM Live Migration Starting a VirtualMachineInstance  live migration cancelation [sig-compute][test_id:8584]Immediate migration cancellation before migration starts running cancel a migration by deleting vmim object" classname="Tests Suite" time="20.276309634"></testcase>
      <testcase name="[rfe_id:393][crit:high][vendor:cnv-qe@redhat.com][level:system][sig-compute] VM Live Migration Starting a VirtualMachineInstance  with a host-model cpu [test_id:6981]should migrate only to nodes supporting right cpu model" classname="Tests Suite" time="252.046592233">
          <failure type="Failure">tests/migration/migration.go:2341&#xA;Timed out after 240.001s.&#xA;Timed out waiting for VMI testvmi-h9s5h to enter [Running] phase(s)&#xA;Expected&#xA;    &lt;v1.VirtualMachineInstancePhase&gt;: Scheduling&#xA;to be an element of&#xA;    &lt;[]v1.VirtualMachineInstancePhase | len:1, cap:1&gt;: [&#34;Running&#34;]&#xA;tests/libwait/wait.go:76</failure>
          <system-out>W0422 10:00:25.165717  468421 warnings.go:70] metadata.finalizers: &#34;foregroundDeleteVirtualMachine&#34;: prefer a domain-qualified finalizer name to avoid accidental conflicts with other finalizer writers&#xA;skipping pod virt-launcher-testvmi-4fqnp-8bd8x, phase is not Running&#xA;failed to execute command [/bin/bash -c pgrep -f &#34;monitor.*uid e07427b3-a3fd-41b2-ba8c-908e5570aa61&#34;] on virt-handler-67kmm, stdout: , stderr: , error: command terminated with exit code 1skipping vmi kubevirt-test-default3/testvmi-h9s5h: phase is not Running&#xA;skipping vmi kubevirt-test-default3/testvmi-h9s5h: phase is not Running&#xA;&#xA;{&#34;[namespace kubevirt-test-default3 name testvmi-h9s5h kind VirtualMachineInstance uid 2ec45abb-ee4b-41de-a37c-7493e059b5fa]&#34;:&#34;(MISSING)&#34;,&#34;component&#34;:&#34;tests&#34;,&#34;level&#34;:&#34;info&#34;,&#34;msg&#34;:&#34;Event(v1.ObjectReference{Kind:\&#34;VirtualMachineInstance\&#34;, Namespace:\&#34;kubevirt-test-default3\&#34;, Name:\&#34;testvmi-h9s5h\&#34;, UID:\&#34;2ec45abb-ee4b-41de-a37c-7493e059b5fa\&#34;, APIVersion:\&#34;kubevirt.io/v1\&#34;, ResourceVersion:\&#34;21317\&#34;, FieldPath:\&#34;\&#34;}): type: &#39;Normal&#39; reason: &#39;SuccessfulCreate&#39; Created PodDisruptionBudget kubevirt-disruption-budget-m6jww&#34;,&#34;pos&#34;:&#34;watcher.go:150&#34;,&#34;timestamp&#34;:&#34;2025-04-22T10:00:25.176380Z&#34;}&#xA;{&#34;[namespace kubevirt-test-default3 name testvmi-h9s5h kind VirtualMachineInstance uid 2ec45abb-ee4b-41de-a37c-7493e059b5fa]&#34;:&#34;(MISSING)&#34;,&#34;component&#34;:&#34;tests&#34;,&#34;level&#34;:&#34;info&#34;,&#34;msg&#34;:&#34;Event(v1.ObjectReference{Kind:\&#34;VirtualMachineInstance\&#34;, Namespace:\&#34;kubevirt-test-default3\&#34;, Name:\&#34;testvmi-h9s5h\&#34;, UID:\&#34;2ec45abb-ee4b-41de-a37c-7493e059b5fa\&#34;, APIVersion:\&#34;kubevirt.io/v1\&#34;, ResourceVersion:\&#34;21324\&#34;, FieldPath:\&#34;\&#34;}): type: &#39;Normal&#39; reason: &#39;SuccessfulCreate&#39; Created virtual machine pod virt-launcher-testvmi-h9s5h-r9gbk&#34;,&#34;pos&#34;:&#34;watcher.go:150&#34;,&#34;timestamp&#34;:&#34;2025-04-22T10:00:25.200905Z&#34;}&#xA;On failure, artifacts will be collected in /logs/artifacts/k8s-reporter/3/1_*&#xA;Global test cleanup started.&#xA;Global test cleanup ended.&#xA;</system-out>
      </testcase>
      <testcase name="[rfe_id:393][crit:high][vendor:cnv-qe@redhat.com][level:system][sig-compute] VM Live Migration ResourceQuota rejection Should contain condition when migrating with quota that doesn&#39;t have resources for both source and target" classname="Tests Suite" time="20.55259333"></testcase>
      <testcase name="[sig-network] bridge nic-hotplug a running VM can be hotplugged a network interface In place" classname="Tests Suite" time="0">
          <skipped></skipped>
      </testcase>
      <testcase name="[sig-network] bridge nic-hotplug a running VM can be hotplugged a network interface Migration based" classname="Tests Suite" time="0">
          <skipped></skipped>
      </testcase>
      <testcase name="[sig-network] bridge nic-hotplug a running VM can migrate a VMI with hotplugged interfaces In place" classname="Tests Suite" time="0">
          <skipped></skipped>
      </testcase>
      <testcase name="[sig-network] bridge nic-hotplug a running VM can migrate a VMI with hotplugged interfaces Migration based" classname="Tests Suite" time="0">
          <skipped></skipped>
      </testcase>
      <testcase name="[sig-network] bridge nic-hotplug a running VM has connectivity over the secondary network In place" classname="Tests Suite" time="0">
          <skipped></skipped>
      </testcase>
      <testcase name="[sig-network] bridge nic-hotplug a running VM has connectivity over the secondary network Migration based" classname="Tests Suite" time="0">
          <skipped></skipped>
      </testcase>
      <testcase name="[sig-network] bridge nic-hotplug a running VM is able to hotplug multiple network interfaces In place" classname="Tests Suite" time="0">
          <skipped></skipped>
      </testcase>
      <testcase name="[sig-network] bridge nic-hotplug a running VM is able to hotplug multiple network interfaces Migration based" classname="Tests Suite" time="0">
          <skipped></skipped>
      </testcase>
      <testcase name="[sig-compute] virt-api scaling virt-api replicas should be scaled as expected" classname="Tests Suite" time="0">
          <skipped></skipped>
      </testcase>
      <testcase name="[rfe_id:151][crit:high][vendor:cnv-qe@redhat.com][level:component][sig-compute]CloudInit UserData [rfe_id:151][crit:medium][vendor:cnv-qe@redhat.com][level:component]A new VirtualMachineInstance with cloudInitNoCloud userDataBase64 source [test_id:1615]should have cloud-init data" classname="Tests Suite" time="0">
          <skipped></skipped>
      </testcase>
      <testcase name="[rfe_id:151][crit:high][vendor:cnv-qe@redhat.com][level:component][sig-compute]CloudInit UserData [rfe_id:151][crit:medium][vendor:cnv-qe@redhat.com][level:component]A new VirtualMachineInstance with cloudInitNoCloud userDataBase64 source with injected ssh-key [test_id:1616]should have ssh-key under authorized keys" classname="Tests Suite" time="0">
          <skipped></skipped>
      </testcase>
      <testcase name="[rfe_id:151][crit:high][vendor:cnv-qe@redhat.com][level:component][sig-compute]CloudInit UserData [rfe_id:151][crit:medium][vendor:cnv-qe@redhat.com][level:component]A new VirtualMachineInstance with cloudInitConfigDrive userDataBase64 source [test_id:3178]should have cloud-init data" classname="Tests Suite" time="0">
          <skipped></skipped>
      </testcase>
      <testcase name="[rfe_id:151][crit:high][vendor:cnv-qe@redhat.com][level:component][sig-compute]CloudInit UserData [rfe_id:151][crit:medium][vendor:cnv-qe@redhat.com][level:component]A new VirtualMachineInstance with cloudInitConfigDrive userDataBase64 source with injected ssh-key [test_id:3178]should have ssh-key under authorized keys" classname="Tests Suite" time="0">
          <skipped></skipped>
      </testcase>
      <testcase name="[rfe_id:151][crit:high][vendor:cnv-qe@redhat.com][level:component][sig-compute]CloudInit UserData [rfe_id:151][crit:medium][vendor:cnv-qe@redhat.com][level:component]A new VirtualMachineInstance with cloudInitConfigDrive userDataBase64 source cloud-init instance-id should be stable" classname="Tests Suite" time="0">
          <skipped></skipped>
      </testcase>
      <testcase name="[rfe_id:151][crit:high][vendor:cnv-qe@redhat.com][level:component][sig-compute]CloudInit UserData [rfe_id:151][crit:medium][vendor:cnv-qe@redhat.com][level:component]A new VirtualMachineInstance should process provided cloud-init data [test_id:1617] with cloudInitNoCloud userData source" classname="Tests Suite" time="0">
          <skipped></skipped>
      </testcase>
      <testcase name="[rfe_id:151][crit:high][vendor:cnv-qe@redhat.com][level:component][sig-compute]CloudInit UserData [rfe_id:151][crit:medium][vendor:cnv-qe@redhat.com][level:component]A new VirtualMachineInstance should process provided cloud-init data [test_id:3180] with cloudInitConfigDrive userData source" classname="Tests Suite" time="0">
          <skipped></skipped>
      </testcase>
      <testcase name="[rfe_id:151][crit:high][vendor:cnv-qe@redhat.com][level:component][sig-compute]CloudInit UserData [rfe_id:151][crit:medium][vendor:cnv-qe@redhat.com][level:component]A new VirtualMachineInstance [test_id:1618]should take user-data from k8s secret" classname="Tests Suite" time="0">
          <skipped></skipped>
      </testcase>
      <testcase name="[rfe_id:151][crit:high][vendor:cnv-qe@redhat.com][level:component][sig-compute]CloudInit UserData [rfe_id:151][crit:medium][vendor:cnv-qe@redhat.com][level:component]A new VirtualMachineInstance with cloudInitNoCloud networkData [test_id:3181]should have cloud-init network-config with NetworkData source" classname="Tests Suite" time="0">
          <skipped></skipped>
      </testcase>
      <testcase name="[rfe_id:151][crit:high][vendor:cnv-qe@redhat.com][level:component][sig-compute]CloudInit UserData [rfe_id:151][crit:medium][vendor:cnv-qe@redhat.com][level:component]A new VirtualMachineInstance with cloudInitNoCloud networkData [test_id:3182]should have cloud-init network-config with NetworkDataBase64 source" classname="Tests Suite" time="0">
          <skipped></skipped>
      </testcase>
      <testcase name="[rfe_id:151][crit:high][vendor:cnv-qe@redhat.com][level:component][sig-compute]CloudInit UserData [rfe_id:151][crit:medium][vendor:cnv-qe@redhat.com][level:component]A new VirtualMachineInstance with cloudInitNoCloud networkData [test_id:3183]should have cloud-init network-config from k8s secret" classname="Tests Suite" time="0">
          <skipped></skipped>
      </testcase>
      <testcase name="[rfe_id:151][crit:high][vendor:cnv-qe@redhat.com][level:component][sig-compute]CloudInit UserData [rfe_id:151][crit:medium][vendor:cnv-qe@redhat.com][level:component]A new VirtualMachineInstance with cloudInitConfigDrive networkData [test_id:3184]should have cloud-init network-config with NetworkData source" classname="Tests Suite" time="0">
          <skipped></skipped>
      </testcase>
      <testcase name="[rfe_id:151][crit:high][vendor:cnv-qe@redhat.com][level:component][sig-compute]CloudInit UserData [rfe_id:151][crit:medium][vendor:cnv-qe@redhat.com][level:component]A new VirtualMachineInstance with cloudInitConfigDrive networkData [test_id:4622]should have cloud-init meta_data with tagged devices" classname="Tests Suite" time="0">
          <skipped></skipped>
      </testcase>
      <testcase name="[rfe_id:151][crit:high][vendor:cnv-qe@redhat.com][level:component][sig-compute]CloudInit UserData [rfe_id:151][crit:medium][vendor:cnv-qe@redhat.com][level:component]A new VirtualMachineInstance with cloudInitConfigDrive networkData [test_id:3185]should have cloud-init network-config with NetworkDataBase64 source" classname="Tests Suite" time="0">
          <skipped></skipped>
      </testcase>
      <testcase name="[rfe_id:151][crit:high][vendor:cnv-qe@redhat.com][level:component][sig-compute]CloudInit UserData [rfe_id:151][crit:medium][vendor:cnv-qe@redhat.com][level:component]A new VirtualMachineInstance with cloudInitConfigDrive networkData [test_id:3186]should have cloud-init network-config from k8s secret" classname="Tests Suite" time="0">
          <skipped></skipped>
      </testcase>
      <testcase name="[rfe_id:151][crit:high][vendor:cnv-qe@redhat.com][level:component][sig-compute]CloudInit UserData [rfe_id:151][crit:medium][vendor:cnv-qe@redhat.com][level:component]A new VirtualMachineInstance with cloudInitConfigDrive networkData [test_id:3187]should have cloud-init userdata and network-config from separate k8s secrets with lowercase labels" classname="Tests Suite" time="0">
          <skipped></skipped>
      </testcase>
      <testcase name="[rfe_id:151][crit:high][vendor:cnv-qe@redhat.com][level:component][sig-compute]CloudInit UserData [rfe_id:151][crit:medium][vendor:cnv-qe@redhat.com][level:component]A new VirtualMachineInstance with cloudInitConfigDrive networkData [test_id:3187]should have cloud-init userdata and network-config from separate k8s secrets with camelCase labels" classname="Tests Suite" time="0">
          <skipped></skipped>
      </testcase>
      <testcase name="[sig-storage] Memory dump Memory dump with existing PVC Should be able to get and remove memory dump [test_id:8499]calling endpoint directly" classname="Tests Suite" time="0">
          <skipped></skipped>
      </testcase>
      <testcase name="[sig-storage] Memory dump Memory dump with existing PVC Should be able to get and remove memory dump [test_id:8500]using virtctl" classname="Tests Suite" time="0">
          <skipped></skipped>
      </testcase>
      <testcase name="[sig-storage] Memory dump Memory dump with existing PVC [test_id:8502]Run multiple memory dumps" classname="Tests Suite" time="0">
          <skipped></skipped>
      </testcase>
      <testcase name="[sig-storage] Memory dump Memory dump with existing PVC [test_id:8503]Run memory dump to a pvc, remove and run memory dump to different pvc" classname="Tests Suite" time="0">
          <skipped></skipped>
      </testcase>
      <testcase name="[sig-storage] Memory dump Memory dump with existing PVC [test_id:8506]Run memory dump, stop vm and remove memory dump" classname="Tests Suite" time="0">
          <skipped></skipped>
      </testcase>
      <testcase name="[sig-storage] Memory dump Memory dump with existing PVC [test_id:8515]Run memory dump, stop vm start vm" classname="Tests Suite" time="0">
          <skipped></skipped>
      </testcase>
      <testcase name="[sig-storage] Memory dump Memory dump with existing PVC [test_id:8501]Run memory dump with pvc too small should fail" classname="Tests Suite" time="0">
          <skipped></skipped>
      </testcase>
      <testcase name="[sig-storage] Memory dump Memory dump with creating a PVC [test_id:9034]Should be able to get and remove memory dump" classname="Tests Suite" time="0">
          <skipped></skipped>
      </testcase>
      <testcase name="[sig-storage] Memory dump Memory dump with creating a PVC [test_id:9035]Run multiple memory dumps" classname="Tests Suite" time="0">
          <skipped></skipped>
      </testcase>
      <testcase name="[sig-storage] Memory dump Memory dump with creating a PVC [test_id:9036]Run memory dump to creates a pvc, remove and run memory dump to create a different pvc" classname="Tests Suite" time="0">
          <skipped></skipped>
      </testcase>
      <testcase name="[sig-storage] Memory dump Memory dump with creating a PVC [test_id:9341]Should be able to remove memory dump while memory dump is stuck" classname="Tests Suite" time="0">
          <skipped></skipped>
      </testcase>
      <testcase name="[sig-storage] Memory dump Memory dump with download [test_id:9344]should create memory dump and download it" classname="Tests Suite" time="0">
          <skipped></skipped>
      </testcase>
      <testcase name="[sig-storage] Memory dump Memory dump with download [test_id:9343]should download existing memory dump" classname="Tests Suite" time="0">
          <skipped></skipped>
      </testcase>
      <testcase name="[sig-network] Primary Pod Network Status VMI connected to the pod network using the default (implicit) binding should report PodIP as its own on interface status" classname="Tests Suite" time="0">
          <skipped></skipped>
      </testcase>
      <testcase name="[sig-network] Primary Pod Network Status VMI connected to the pod network using bridge binding when Guest Agent exists should report PodIP/s on interface status" classname="Tests Suite" time="0">
          <skipped></skipped>
      </testcase>
      <testcase name="[sig-network] Primary Pod Network Status VMI connected to the pod network using bridge binding when no Guest Agent exists should report PodIP as its own on interface status" classname="Tests Suite" time="0">
          <skipped></skipped>
      </testcase>
      <testcase name="[sig-network] Primary Pod Network Status VMI connected to the pod network using masquerade binding when Guest Agent exists [test_id:4153]should report PodIP/s as its own on interface status" classname="Tests Suite" time="0">
          <skipped></skipped>
      </testcase>
      <testcase name="[sig-network] Primary Pod Network Status VMI connected to the pod network using masquerade binding when no Guest Agent exists [Conformance] should report PodIP as its own on interface status" classname="Tests Suite" time="0">
          <skipped></skipped>
      </testcase>
      <testcase name="[crit:medium][vendor:cnv-qe@redhat.com][level:component][sig-compute] USB Redirection [crit:medium][vendor:cnv-qe@redhat.com][level:component] A VirtualMachineInstance without usbredir support should fail to connect to VMI&#39;s usbredir socket" classname="Tests Suite" time="0">
          <skipped></skipped>
      </testcase>
      <testcase name="[crit:medium][vendor:cnv-qe@redhat.com][level:component][sig-compute] USB Redirection [crit:medium][vendor:cnv-qe@redhat.com][level:component][QUARANTINE] A VirtualMachineInstance with usbredir support Should fail when limit is reached" classname="Tests Suite" time="0">
          <skipped></skipped>
      </testcase>
      <testcase name="[crit:medium][vendor:cnv-qe@redhat.com][level:component][sig-compute] USB Redirection [crit:medium][vendor:cnv-qe@redhat.com][level:component][QUARANTINE] A VirtualMachineInstance with usbredir support Should work in parallel" classname="Tests Suite" time="0">
          <skipped></skipped>
      </testcase>
      <testcase name="[crit:medium][vendor:cnv-qe@redhat.com][level:component][sig-compute] USB Redirection [crit:medium][vendor:cnv-qe@redhat.com][level:component][QUARANTINE] A VirtualMachineInstance with usbredir support Should work several times" classname="Tests Suite" time="0">
          <skipped></skipped>
      </testcase>
      <testcase name="[sig-storage] VirtualMachineRestore Tests With simple VM and no snapshot [test_id:5255]should reject restore" classname="Tests Suite" time="0">
          <skipped></skipped>
      </testcase>
      <testcase name="[sig-storage] VirtualMachineRestore Tests With simple VM with run strategy and snapshot should successfully restore" classname="Tests Suite" time="0">
          <skipped></skipped>
      </testcase>
      <testcase name="[sig-storage] VirtualMachineRestore Tests With simple VM and good snapshot exists [test_id:5256]should successfully restore" classname="Tests Suite" time="0">
          <skipped></skipped>
      </testcase>
      <testcase name="[sig-storage] VirtualMachineRestore Tests With simple VM and good snapshot exists [test_id:5257]should reject restore if VM running" classname="Tests Suite" time="0">
          <skipped></skipped>
      </testcase>
      <testcase name="[sig-storage] VirtualMachineRestore Tests With simple VM and good snapshot exists [test_id:5258]should reject restore if another in progress" classname="Tests Suite" time="0">
          <skipped></skipped>
      </testcase>
      <testcase name="[sig-storage] VirtualMachineRestore Tests With simple VM and good snapshot exists should fail restoring to a different VM that already exists" classname="Tests Suite" time="0">
          <skipped></skipped>
      </testcase>
      <testcase name="[sig-storage] VirtualMachineRestore Tests With simple VM and good snapshot exists restore to a new VM that does not exist with changed name and MAC address" classname="Tests Suite" time="0">
          <skipped></skipped>
      </testcase>
      <testcase name="[sig-storage] VirtualMachineRestore Tests With simple VM with instancetype and preferences should use existing ControllerRevisions for an existing VM restore with a running VM" classname="Tests Suite" time="0">
          <skipped></skipped>
      </testcase>
      <testcase name="[sig-storage] VirtualMachineRestore Tests With simple VM with instancetype and preferences should use existing ControllerRevisions for an existing VM restore with a stopped VM" classname="Tests Suite" time="0">
          <skipped></skipped>
      </testcase>
      <testcase name="[sig-storage] VirtualMachineRestore Tests With simple VM with instancetype and preferences should create new ControllerRevisions for newly restored VM with a running VM" classname="Tests Suite" time="0">
          <skipped></skipped>
      </testcase>
      <testcase name="[sig-storage] VirtualMachineRestore Tests With simple VM with instancetype and preferences should create new ControllerRevisions for newly restored VM with a stopped VM" classname="Tests Suite" time="0">
          <skipped></skipped>
      </testcase>
      <testcase name="[sig-storage] VirtualMachineRestore Tests [storage-req] With a more complicated VM [test_id:5259]should restore a vm multiple from the same snapshot" classname="Tests Suite" time="0">
          <skipped></skipped>
      </testcase>
      <testcase name="[sig-storage] VirtualMachineRestore Tests [storage-req] With a more complicated VM should restore a vm with restore size bigger then PVC size to the same VM" classname="Tests Suite" time="0">
          <skipped></skipped>
      </testcase>
      <testcase name="[sig-storage] VirtualMachineRestore Tests [storage-req] With a more complicated VM should restore a vm with restore size bigger then PVC size to a new VM" classname="Tests Suite" time="0">
          <skipped></skipped>
      </testcase>
      <testcase name="[sig-storage] VirtualMachineRestore Tests [storage-req] With a more complicated VM should restore a vm that boots from a datavolumetemplate [test_id:5260] to the same VM" classname="Tests Suite" time="0">
          <skipped></skipped>
      </testcase>
      <testcase name="[sig-storage] VirtualMachineRestore Tests [storage-req] With a more complicated VM should restore a vm that boots from a datavolumetemplate to a new VM" classname="Tests Suite" time="0">
          <skipped></skipped>
      </testcase>
      <testcase name="[sig-storage] VirtualMachineRestore Tests [storage-req] With a more complicated VM should restore a vm that boots from a datavolume (not template) [test_id:5261] to the same VM" classname="Tests Suite" time="0">
          <skipped></skipped>
      </testcase>
      <testcase name="[sig-storage] VirtualMachineRestore Tests [storage-req] With a more complicated VM should restore a vm that boots from a datavolume (not template) to a new VM" classname="Tests Suite" time="0">
          <skipped></skipped>
      </testcase>
      <testcase name="[sig-storage] VirtualMachineRestore Tests [storage-req] With a more complicated VM should restore a vm that boots from a PVC [test_id:5262] to the same VM" classname="Tests Suite" time="0">
          <skipped></skipped>
      </testcase>
      <testcase name="[sig-storage] VirtualMachineRestore Tests [storage-req] With a more complicated VM should restore a vm that boots from a PVC to a new VM" classname="Tests Suite" time="0">
          <skipped></skipped>
      </testcase>
      <testcase name="[sig-storage] VirtualMachineRestore Tests [storage-req] With a more complicated VM should restore a vm with containerdisk and blank datavolume [test_id:5263] to the same VM" classname="Tests Suite" time="0">
          <skipped></skipped>
      </testcase>
      <testcase name="[sig-storage] VirtualMachineRestore Tests [storage-req] With a more complicated VM should restore a vm with containerdisk and blank datavolume to a new VM" classname="Tests Suite" time="0">
          <skipped></skipped>
      </testcase>
      <testcase name="[sig-storage] VirtualMachineRestore Tests [storage-req] With a more complicated VM should reject vm start if restore in progress and allow it to start after completion" classname="Tests Suite" time="0">
          <skipped></skipped>
      </testcase>
      <testcase name="[sig-storage] VirtualMachineRestore Tests [storage-req] With a more complicated VM should reject vm start if restore in progress and allow it to start after vmrestore deletion" classname="Tests Suite" time="0">
          <skipped></skipped>
      </testcase>
      <testcase name="[sig-storage] VirtualMachineRestore Tests [storage-req] With a more complicated VM should restore a vm from an online snapshot [test_id:6053] to the same VM" classname="Tests Suite" time="0">
          <skipped></skipped>
      </testcase>
      <testcase name="[sig-storage] VirtualMachineRestore Tests [storage-req] With a more complicated VM should restore a vm from an online snapshot to a new VM" classname="Tests Suite" time="0">
          <skipped></skipped>
      </testcase>
      <testcase name="[sig-storage] VirtualMachineRestore Tests [storage-req] With a more complicated VM should restore a vm from an online snapshot with guest agent [test_id:6766] to the same VM" classname="Tests Suite" time="0">
          <skipped></skipped>
      </testcase>
      <testcase name="[sig-storage] VirtualMachineRestore Tests [storage-req] With a more complicated VM should restore a vm from an online snapshot with guest agent to a new VM" classname="Tests Suite" time="0">
          <skipped></skipped>
      </testcase>
      <testcase name="[sig-storage] VirtualMachineRestore Tests [storage-req] With a more complicated VM should restore an online vm snapshot that boots from a datavolumetemplate with guest agent [test_id:6836] to the same VM" classname="Tests Suite" time="0">
          <skipped></skipped>
      </testcase>
      <testcase name="[sig-storage] VirtualMachineRestore Tests [storage-req] With a more complicated VM should restore an online vm snapshot that boots from a datavolumetemplate with guest agent to a new VM" classname="Tests Suite" time="0">
          <skipped></skipped>
      </testcase>
      <testcase name="[sig-storage] VirtualMachineRestore Tests [storage-req] With a more complicated VM should restore vm spec at startup without new changes" classname="Tests Suite" time="0">
          <skipped></skipped>
      </testcase>
      <testcase name="[sig-storage] VirtualMachineRestore Tests [storage-req] With a more complicated VM should restore an already cloned virtual machine" classname="Tests Suite" time="0">
          <skipped></skipped>
      </testcase>
      <testcase name="[sig-storage] VirtualMachineRestore Tests [storage-req] With a more complicated VM should restore vm with hot plug disks [test_id:7425] to the same VM" classname="Tests Suite" time="0">
          <skipped></skipped>
      </testcase>
      <testcase name="[sig-storage] VirtualMachineRestore Tests [storage-req] With a more complicated VM should restore vm with hot plug disks to a new VM" classname="Tests Suite" time="0">
          <skipped></skipped>
      </testcase>
      <testcase name="[sig-storage] VirtualMachineRestore Tests [storage-req] With a more complicated VM with memory dump should not restore memory dump volume [test_id:8923]to the same VM" classname="Tests Suite" time="0">
          <skipped></skipped>
      </testcase>
      <testcase name="[sig-storage] VirtualMachineRestore Tests [storage-req] With a more complicated VM with memory dump should not restore memory dump volume [test_id:8924]to a new VM" classname="Tests Suite" time="0">
          <skipped></skipped>
      </testcase>
      <testcase name="[sig-storage] VirtualMachineRestore Tests [storage-req] With a more complicated VM with cross namespace clone ability should restore a vm that boots from a network cloned datavolumetemplate to the same VM" classname="Tests Suite" time="0">
          <skipped></skipped>
      </testcase>
      <testcase name="[sig-storage] VirtualMachineRestore Tests [storage-req] With a more complicated VM with cross namespace clone ability should restore a vm that boots from a network cloned datavolumetemplate to a new VM" classname="Tests Suite" time="0">
          <skipped></skipped>
      </testcase>
      <testcase name="[sig-storage] VirtualMachineRestore Tests [storage-req] With a more complicated VM with cross namespace clone ability should restore a vm that boots from a network cloned datavolumetemplate to the same VM, no source pvc" classname="Tests Suite" time="0">
          <skipped></skipped>
      </testcase>
      <testcase name="[sig-storage] VirtualMachineRestore Tests [storage-req] With a more complicated VM with cross namespace clone ability should restore a vm that boots from a network cloned datavolumetemplate to a new VM, no source pvc" classname="Tests Suite" time="0">
          <skipped></skipped>
      </testcase>
      <testcase name="[sig-storage] VirtualMachineRestore Tests [storage-req] With a more complicated VM with cross namespace clone ability should restore a vm that boots from a network cloned datavolumetemplate to the same VM, no source namespace" classname="Tests Suite" time="0">
          <skipped></skipped>
      </testcase>
      <testcase name="[sig-storage] VirtualMachineRestore Tests [storage-req] With a more complicated VM with cross namespace clone ability should restore a vm that boots from a network cloned datavolumetemplate to a new VM, no source namespace" classname="Tests Suite" time="0">
          <skipped></skipped>
      </testcase>
      <testcase name="[sig-storage] VirtualMachineRestore Tests [storage-req] With a more complicated VM with cross namespace clone ability should restore a vm that boots from a network cloned datavolume (not template) to the same VM" classname="Tests Suite" time="0">
          <skipped></skipped>
      </testcase>
      <testcase name="[sig-storage] VirtualMachineRestore Tests [storage-req] With a more complicated VM with cross namespace clone ability should restore a vm that boots from a network cloned datavolume (not template) to a new VM" classname="Tests Suite" time="0">
          <skipped></skipped>
      </testcase>
      <testcase name="[sig-storage] VirtualMachineRestore Tests [storage-req] With a more complicated VM with cross namespace clone ability should restore a vm that boots from a network cloned datavolume (not template) to the same VM, no source pvc" classname="Tests Suite" time="0">
          <skipped></skipped>
      </testcase>
      <testcase name="[sig-storage] VirtualMachineRestore Tests [storage-req] With a more complicated VM with cross namespace clone ability should restore a vm that boots from a network cloned datavolume (not template) to a new VM, no source pvc" classname="Tests Suite" time="0">
          <skipped></skipped>
      </testcase>
      <testcase name="[sig-compute]Configurations with all devices on the root PCI bus [test_id:4623]should start run the guest as usual" classname="Tests Suite" time="0">
          <skipped></skipped>
      </testcase>
      <testcase name="[sig-compute]Configurations when requesting virtio-transitional models [test_id:6957]should start and run the guest" classname="Tests Suite" time="0">
          <skipped></skipped>
      </testcase>
      <testcase name="[sig-compute]Configurations [rfe_id:897][crit:medium][vendor:cnv-qe@redhat.com][level:component]for CPU and memory limits should [test_id:3110]lead to get the burstable QOS class assigned when limit and requests differ" classname="Tests Suite" time="0">
          <skipped></skipped>
      </testcase>
      <testcase name="[sig-compute]Configurations [rfe_id:897][crit:medium][vendor:cnv-qe@redhat.com][level:component]for CPU and memory limits should [test_id:3111]lead to get the guaranteed QOS class assigned when limit and requests are identical" classname="Tests Suite" time="0">
          <skipped></skipped>
      </testcase>
      <testcase name="[sig-compute]Configurations [rfe_id:897][crit:medium][vendor:cnv-qe@redhat.com][level:component]for CPU and memory limits should [test_id:3112]lead to get the guaranteed QOS class assigned when only limits are set" classname="Tests Suite" time="0">
          <skipped></skipped>
      </testcase>
      <testcase name="[sig-compute]Configurations VirtualMachineInstance definition with memory configuration provided by domain spec directly" classname="Tests Suite" time="0">
          <skipped></skipped>
      </testcase>
      <testcase name="[sig-compute]Configurations VirtualMachineInstance definition with memory configuration provided by resources limits" classname="Tests Suite" time="0">
          <skipped></skipped>
      </testcase>
      <testcase name="[sig-compute]Configurations VirtualMachineInstance definition with memory configuration provided by resources requests and limits" classname="Tests Suite" time="0">
          <skipped></skipped>
      </testcase>
      <testcase name="[sig-compute]Configurations VirtualMachineInstance definition [rfe_id:140][crit:medium][vendor:cnv-qe@redhat.com][level:component]with no memory requested [test_id:3113]should failed to the VMI creation" classname="Tests Suite" time="0">
          <skipped></skipped>
      </testcase>
      <testcase name="[sig-compute]Configurations VirtualMachineInstance definition with BIOS bootloader method and no disk [test_id:5265]should find no bootable device by default" classname="Tests Suite" time="0">
          <skipped></skipped>
      </testcase>
      <testcase name="[sig-compute]Configurations VirtualMachineInstance definition with BIOS bootloader method and no disk [test_id:5266]should boot to NIC rom if a boot order was set on a network interface" classname="Tests Suite" time="0">
          <skipped></skipped>
      </testcase>
      <testcase name="[sig-compute]Configurations VirtualMachineInstance definition with ACPI SLIC table Should configure guest APCI SLIC with Secret file" classname="Tests Suite" time="0">
          <skipped></skipped>
      </testcase>
      <testcase name="[sig-compute]Configurations VirtualMachineInstance definition [rfe_id:140][crit:medium][vendor:cnv-qe@redhat.com][level:component]with diverging guest memory from requested memory [test_id:1669]should show the requested guest memory inside the VMI" classname="Tests Suite" time="0">
          <skipped></skipped>
      </testcase>
      <testcase name="[sig-compute]Configurations VirtualMachineInstance definition [rfe_id:140][crit:medium][vendor:cnv-qe@redhat.com][level:component]with diverging memory limit from memory request and no guest memory [test_id:3115]should show the memory request inside the VMI" classname="Tests Suite" time="0">
          <skipped></skipped>
      </testcase>
      <testcase name="[sig-compute]Configurations VirtualMachineInstance definition [rfe_id:989]test cpu_allocation_ratio virt-launchers pod cpu requests should be proportional to the number of vCPUs" classname="Tests Suite" time="0">
          <skipped></skipped>
      </testcase>
      <testcase name="[sig-compute]Configurations VirtualMachineInstance definition [rfe_id:140][crit:medium][vendor:cnv-qe@redhat.com][level:component]with support memory over commitment [test_id:755]should show the requested memory different than guest memory" classname="Tests Suite" time="0">
          <skipped></skipped>
      </testcase>
      <testcase name="[sig-compute]Configurations VirtualMachineInstance definition [rfe_id:609][crit:medium][vendor:cnv-qe@redhat.com][level:component]Support memory over commitment test [test_id:730]Check OverCommit VM Created and Started" classname="Tests Suite" time="0">
          <skipped></skipped>
      </testcase>
      <testcase name="[sig-compute]Configurations VirtualMachineInstance definition [rfe_id:609][crit:medium][vendor:cnv-qe@redhat.com][level:component]Support memory over commitment test [test_id:731]Check OverCommit status on VMI" classname="Tests Suite" time="0">
          <skipped></skipped>
      </testcase>
      <testcase name="[sig-compute]Configurations VirtualMachineInstance definition [rfe_id:609][crit:medium][vendor:cnv-qe@redhat.com][level:component]Support memory over commitment test [test_id:732]Check Free memory on the VMI" classname="Tests Suite" time="0">
          <skipped></skipped>
      </testcase>
      <testcase name="[sig-compute]Configurations VirtualMachineInstance definition [rfe_id:3078][crit:medium][vendor:cnv-qe@redhat.com][level:component]with usb controller [test_id:3117]should start the VMI with usb controller when usb device is present" classname="Tests Suite" time="0">
          <skipped></skipped>
      </testcase>
      <testcase name="[sig-compute]Configurations VirtualMachineInstance definition [rfe_id:3078][crit:medium][vendor:cnv-qe@redhat.com][level:component]with usb controller [test_id:3117]should start the VMI with usb controller when input device doesn&#39;t have bus" classname="Tests Suite" time="0">
          <skipped></skipped>
      </testcase>
      <testcase name="[sig-compute]Configurations VirtualMachineInstance definition [rfe_id:3078][crit:medium][vendor:cnv-qe@redhat.com][level:component]with usb controller [test_id:3118]should start the VMI without usb controller" classname="Tests Suite" time="0">
          <skipped></skipped>
      </testcase>
      <testcase name="[sig-compute]Configurations VirtualMachineInstance definition [rfe_id:3077][crit:medium][vendor:cnv-qe@redhat.com][level:component]with input devices [test_id:2642]should failed to start the VMI with wrong type of input device" classname="Tests Suite" time="0">
          <skipped></skipped>
      </testcase>
      <testcase name="[sig-compute]Configurations VirtualMachineInstance definition [rfe_id:3077][crit:medium][vendor:cnv-qe@redhat.com][level:component]with input devices [test_id:3074]should failed to start the VMI with wrong bus of input device" classname="Tests Suite" time="0">
          <skipped></skipped>
      </testcase>
      <testcase name="[sig-compute]Configurations VirtualMachineInstance definition [rfe_id:3077][crit:medium][vendor:cnv-qe@redhat.com][level:component]with input devices [test_id:3072]should start the VMI with tablet input device with virtio bus" classname="Tests Suite" time="0">
          <skipped></skipped>
      </testcase>
      <testcase name="[sig-compute]Configurations VirtualMachineInstance definition [rfe_id:3077][crit:medium][vendor:cnv-qe@redhat.com][level:component]with input devices [test_id:3073]should start the VMI with tablet input device with usb bus" classname="Tests Suite" time="0">
          <skipped></skipped>
      </testcase>
      <testcase name="[sig-compute]Configurations VirtualMachineInstance definition with namespace different from provided should fail admission" classname="Tests Suite" time="0">
          <skipped></skipped>
      </testcase>
      <testcase name="[sig-compute]Configurations VirtualMachineInstance definition [rfe_id:140][crit:medium][vendor:cnv-qe@redhat.com][level:component]with hugepages with unsupported page size [test_id:1673]should failed to schedule the pod" classname="Tests Suite" time="0">
          <skipped></skipped>
      </testcase>
      <testcase name="[sig-compute]Configurations VirtualMachineInstance definition [rfe_id:893][crit:medium][vendor:cnv-qe@redhat.com][level:component]with rng [test_id:1674]should have the virtio rng device present when present" classname="Tests Suite" time="0">
          <skipped></skipped>
      </testcase>
      <testcase name="[sig-compute]Configurations VirtualMachineInstance definition [rfe_id:893][crit:medium][vendor:cnv-qe@redhat.com][level:component]with rng [test_id:1675]should not have the virtio rng device when not present" classname="Tests Suite" time="0">
          <skipped></skipped>
      </testcase>
      <testcase name="[sig-compute]Configurations VirtualMachineInstance definition [rfe_id:140][crit:medium][vendor:cnv-qe@redhat.com][level:component]with guestAgent [test_id:1676]should have attached a guest agent channel by default" classname="Tests Suite" time="0">
          <skipped></skipped>
      </testcase>
      <testcase name="[sig-compute]Configurations VirtualMachineInstance definition [rfe_id:140][crit:medium][vendor:cnv-qe@redhat.com][level:component]with guestAgent [test_id:1677]VMI condition should signal agent presence" classname="Tests Suite" time="0">
          <skipped></skipped>
      </testcase>
      <testcase name="[sig-compute]Configurations VirtualMachineInstance definition [rfe_id:140][crit:medium][vendor:cnv-qe@redhat.com][level:component]with guestAgent [test_id:4625]should remove condition when agent is off" classname="Tests Suite" time="0">
          <skipped></skipped>
      </testcase>
      <testcase name="[sig-compute]Configurations VirtualMachineInstance definition [rfe_id:140][crit:medium][vendor:cnv-qe@redhat.com][level:component]with guestAgent [test_id:4626]should have guestosinfo in status when agent is present" classname="Tests Suite" time="0">
          <skipped></skipped>
      </testcase>
      <testcase name="[sig-compute]Configurations VirtualMachineInstance definition [rfe_id:140][crit:medium][vendor:cnv-qe@redhat.com][level:component]with guestAgent [test_id:4627]should return the whole data when agent is present" classname="Tests Suite" time="0">
          <skipped></skipped>
      </testcase>
      <testcase name="[sig-compute]Configurations VirtualMachineInstance definition [rfe_id:140][crit:medium][vendor:cnv-qe@redhat.com][level:component]with guestAgent [test_id:4628]should not return the whole data when agent is not present" classname="Tests Suite" time="0">
          <skipped></skipped>
      </testcase>
      <testcase name="[sig-compute]Configurations VirtualMachineInstance definition [rfe_id:140][crit:medium][vendor:cnv-qe@redhat.com][level:component]with guestAgent [test_id:4629]should return user list" classname="Tests Suite" time="0">
          <skipped></skipped>
      </testcase>
      <testcase name="[sig-compute]Configurations VirtualMachineInstance definition [rfe_id:140][crit:medium][vendor:cnv-qe@redhat.com][level:component]with guestAgent [test_id:4630]should return filesystem list" classname="Tests Suite" time="0">
          <skipped></skipped>
      </testcase>
      <testcase name="[sig-compute]Configurations VirtualMachineInstance definition [rfe_id:140][crit:medium][vendor:cnv-qe@redhat.com][level:component]with serial-number [test_id:3121]should have serial-number set when present" classname="Tests Suite" time="0">
          <skipped></skipped>
      </testcase>
      <testcase name="[sig-compute]Configurations VirtualMachineInstance definition [rfe_id:140][crit:medium][vendor:cnv-qe@redhat.com][level:component]with serial-number [test_id:3122]should not have serial-number set when not present" classname="Tests Suite" time="0">
          <skipped></skipped>
      </testcase>
      <testcase name="[sig-compute]Configurations VirtualMachineInstance definition with TSC timer [test_id:6843]should set a TSC fequency and have the CPU flag avaliable in the guest" classname="Tests Suite" time="0">
          <skipped></skipped>
      </testcase>
      <testcase name="[sig-compute]Configurations VirtualMachineInstance definition with Clock and timezone [sig-compute][test_id:5268]guest should see timezone" classname="Tests Suite" time="0">
          <skipped></skipped>
      </testcase>
      <testcase name="[sig-compute]Configurations VirtualMachineInstance definition with volumes, disks and filesystem defined [test_id:6960]should reject disk with missing volume" classname="Tests Suite" time="0">
          <skipped></skipped>
      </testcase>
      <testcase name="[sig-compute]Configurations VirtualMachineInstance definition should not apply runtimeClassName to pod when not set" classname="Tests Suite" time="0">
          <skipped></skipped>
      </testcase>
      <testcase name="[sig-compute]Configurations [rfe_id:140][crit:medium][vendor:cnv-qe@redhat.com][level:component]with CPU spec [rfe_id:140][crit:medium][vendor:cnv-qe@redhat.com][level:component]when CPU model defined [test_id:1678]should report defined CPU model" classname="Tests Suite" time="0">
          <skipped></skipped>
      </testcase>
      <testcase name="[sig-compute]Configurations [rfe_id:140][crit:medium][vendor:cnv-qe@redhat.com][level:component]with CPU spec [rfe_id:140][crit:medium][vendor:cnv-qe@redhat.com][level:component]when CPU model equals to passthrough [test_id:1679]should report exactly the same model as node CPU" classname="Tests Suite" time="0">
          <skipped></skipped>
      </testcase>
      <testcase name="[sig-compute]Configurations [rfe_id:140][crit:medium][vendor:cnv-qe@redhat.com][level:component]with CPU spec [rfe_id:140][crit:medium][vendor:cnv-qe@redhat.com][level:component]when CPU model not defined [test_id:1680]should report CPU model from libvirt capabilities" classname="Tests Suite" time="0">
          <skipped></skipped>
      </testcase>
      <testcase name="[sig-compute]Configurations [rfe_id:140][crit:medium][vendor:cnv-qe@redhat.com][level:component]with CPU spec when CPU features defined [test_id:3123]should start a Virtual Machine with matching features" classname="Tests Suite" time="0">
          <skipped></skipped>
      </testcase>
      <testcase name="[sig-compute]Configurations with a custom scheduler [test_id:4631]should set the custom scheduler on the pod" classname="Tests Suite" time="0">
          <skipped></skipped>
      </testcase>
      <testcase name="[sig-compute]Configurations [rfe_id:140][crit:medium][vendor:cnv-qe@redhat.com][level:component]with CPU request settings [test_id:3127]should set CPU request from VMI spec" classname="Tests Suite" time="0">
          <skipped></skipped>
      </testcase>
      <testcase name="[sig-compute]Configurations [rfe_id:140][crit:medium][vendor:cnv-qe@redhat.com][level:component]with CPU request settings [test_id:3128]should set CPU request when it is not provided" classname="Tests Suite" time="0">
          <skipped></skipped>
      </testcase>
      <testcase name="[sig-compute]Configurations with automatic resource limits FG enabled when there is no ResourceQuota with memory and cpu limits associated with the creation namespace [test_id:11215]should not automatically set memory limits in the virt-launcher pod" classname="Tests Suite" time="0">
          <skipped></skipped>
      </testcase>
      <testcase name="[sig-compute]Configurations with automatic resource limits FG enabled when a ResourceQuota with memory and cpu limits is associated to the creation namespace [test_id:11214]should set cpu and memory limit in the virt-launcher pod" classname="Tests Suite" time="0">
          <skipped></skipped>
      </testcase>
      <testcase name="[sig-compute]Configurations [rfe_id:904][crit:medium][vendor:cnv-qe@redhat.com][level:component]with driver cache and io settings and PVC [test_id:1681]should set appropriate cache modes" classname="Tests Suite" time="0">
          <skipped></skipped>
      </testcase>
      <testcase name="[sig-compute]Configurations [rfe_id:904][crit:medium][vendor:cnv-qe@redhat.com][level:component]with driver cache and io settings and PVC [test_id:5360]should set appropriate IO modes" classname="Tests Suite" time="0">
          <skipped></skipped>
      </testcase>
      <testcase name="[sig-compute]Configurations Block size configuration set [test_id:6965]Should set BlockIO when using custom block sizes" classname="Tests Suite" time="0">
          <skipped></skipped>
      </testcase>
      <testcase name="[sig-compute]Configurations Block size configuration set [test_id:6966]Should set BlockIO when set to match volume block sizes on block devices" classname="Tests Suite" time="0">
          <skipped></skipped>
      </testcase>
      <testcase name="[sig-compute]Configurations Block size configuration set [test_id:6967]Should set BlockIO when set to match volume block sizes on files" classname="Tests Suite" time="0">
          <skipped></skipped>
      </testcase>
      <testcase name="[sig-compute]Configurations [rfe_id:898][crit:medium][vendor:cnv-qe@redhat.com][level:component]New VirtualMachineInstance with all supported drives [test_id:1682]should have all the device nodes" classname="Tests Suite" time="0">
          <skipped></skipped>
      </testcase>
      <testcase name="[sig-compute]Configurations [rfe_id:898][crit:medium][vendor:cnv-qe@redhat.com][level:component]New VirtualMachineInstance with all supported drives [test_id:3906]should configure custom Pci address" classname="Tests Suite" time="0">
          <skipped></skipped>
      </testcase>
      <testcase name="[sig-compute]Configurations [rfe_id:898][crit:medium][vendor:cnv-qe@redhat.com][level:component]New VirtualMachineInstance with all supported drives [test_id:1020]should not create the VM with wrong PCI address" classname="Tests Suite" time="0">
          <skipped></skipped>
      </testcase>
      <testcase name="[sig-compute]Configurations With ephemeral CD-ROM For various bus types [test_id:3777] Should be accepted when using sata" classname="Tests Suite" time="0">
          <skipped></skipped>
      </testcase>
      <testcase name="[sig-compute]Configurations With ephemeral CD-ROM For various bus types [test_id:3809] Should be accepted when using scsi" classname="Tests Suite" time="0">
          <skipped></skipped>
      </testcase>
      <testcase name="[sig-compute]Configurations With ephemeral CD-ROM For various bus types [test_id:3776] Should be rejected when using virtio" classname="Tests Suite" time="0">
          <skipped></skipped>
      </testcase>
      <testcase name="[sig-compute]Configurations With ephemeral CD-ROM For various bus types [test_id:3808] Should be rejected when using ide" classname="Tests Suite" time="0">
          <skipped></skipped>
      </testcase>
      <testcase name="[sig-compute]Configurations Custom PCI Addresses configuration should configure custom pci address [test_id:5270]across all available PCI functions of a single slot" classname="Tests Suite" time="0">
          <skipped></skipped>
      </testcase>
      <testcase name="[sig-compute]Configurations Check KVM CPUID advertisement [test_id:5271]test cpuid hidden" classname="Tests Suite" time="0">
          <skipped></skipped>
      </testcase>
      <testcase name="[sig-compute]Configurations Check KVM CPUID advertisement [test_id:5272]test cpuid default" classname="Tests Suite" time="0">
          <skipped></skipped>
      </testcase>
      <testcase name="[sig-compute]Configurations virt-launcher processes memory usage should be lower than allocated size" classname="Tests Suite" time="0">
          <skipped></skipped>
      </testcase>
      <testcase name="[sig-compute]Configurations When topology spread constraints are defined for the VMI they should be applied to the launcher pod" classname="Tests Suite" time="0">
          <skipped></skipped>
      </testcase>
      <testcase name="[sig-compute]Dry-Run requests VirtualMachineInstances [test_id:7627]create a VirtualMachineInstance" classname="Tests Suite" time="0">
          <skipped></skipped>
      </testcase>
      <testcase name="[sig-compute]Dry-Run requests VirtualMachineInstances [test_id:7628]delete a VirtualMachineInstance" classname="Tests Suite" time="0">
          <skipped></skipped>
      </testcase>
      <testcase name="[sig-compute]Dry-Run requests VirtualMachineInstances [test_id:7629]update a VirtualMachineInstance" classname="Tests Suite" time="0">
          <skipped></skipped>
      </testcase>
      <testcase name="[sig-compute]Dry-Run requests VirtualMachineInstances [test_id:7630]patch a VirtualMachineInstance" classname="Tests Suite" time="0">
          <skipped></skipped>
      </testcase>
      <testcase name="[sig-compute]Dry-Run requests VirtualMachines [test_id:7631]create a VirtualMachine" classname="Tests Suite" time="0">
          <skipped></skipped>
      </testcase>
      <testcase name="[sig-compute]Dry-Run requests VirtualMachines [test_id:7632]delete a VirtualMachine" classname="Tests Suite" time="0">
          <skipped></skipped>
      </testcase>
      <testcase name="[sig-compute]Dry-Run requests VirtualMachines [test_id:7633]update a VirtualMachine" classname="Tests Suite" time="0">
          <skipped></skipped>
      </testcase>
      <testcase name="[sig-compute]Dry-Run requests VirtualMachines [test_id:7634]patch a VirtualMachine" classname="Tests Suite" time="0">
          <skipped></skipped>
      </testcase>
      <testcase name="[sig-compute]Dry-Run requests Migrations [test_id:7635]create a migration" classname="Tests Suite" time="7.12256241"></testcase>
      <testcase name="[sig-compute]Dry-Run requests Migrations [test_id:7636]delete a migration" classname="Tests Suite" time="7.115379648"></testcase>
      <testcase name="[sig-compute]Dry-Run requests Migrations [test_id:7637]update a migration" classname="Tests Suite" time="6.937181567"></testcase>
      <testcase name="[sig-compute]Dry-Run requests VMI Presets [test_id:7639]create a VMI preset" classname="Tests Suite" time="0">
          <skipped></skipped>
      </testcase>
      <testcase name="[sig-compute]Dry-Run requests VMI Presets [test_id:7640]delete a VMI preset" classname="Tests Suite" time="0">
          <skipped></skipped>
      </testcase>
      <testcase name="[sig-compute]Dry-Run requests VMI Presets [test_id:7641]update a VMI preset" classname="Tests Suite" time="0">
          <skipped></skipped>
      </testcase>
      <testcase name="[sig-compute]Dry-Run requests VMI Presets [test_id:7642]patch a VMI preset" classname="Tests Suite" time="0">
          <skipped></skipped>
      </testcase>
      <testcase name="[sig-compute]Dry-Run requests VMI ReplicaSets [test_id:7643]create a VMI replicaset" classname="Tests Suite" time="0">
          <skipped></skipped>
      </testcase>
      <testcase name="[sig-compute]Dry-Run requests VMI ReplicaSets [test_id:7644]delete a VMI replicaset" classname="Tests Suite" time="0">
          <skipped></skipped>
      </testcase>
      <testcase name="[sig-compute]Dry-Run requests VMI ReplicaSets [test_id:7645]update a VMI replicaset" classname="Tests Suite" time="0">
          <skipped></skipped>
      </testcase>
      <testcase name="[sig-compute]Dry-Run requests VMI ReplicaSets [test_id:7646]patch a VMI replicaset" classname="Tests Suite" time="0">
          <skipped></skipped>
      </testcase>
      <testcase name="[sig-compute]Dry-Run requests KubeVirt CR [test_id:7649]update a KubeVirt CR" classname="Tests Suite" time="0">
          <skipped></skipped>
      </testcase>
      <testcase name="[sig-compute]Dry-Run requests KubeVirt CR [test_id:7650]patch a KubeVirt CR" classname="Tests Suite" time="0">
          <skipped></skipped>
      </testcase>
      <testcase name="[sig-compute]Dry-Run requests VM Snapshots [test_id:7651]create a VM Snapshot" classname="Tests Suite" time="0">
          <skipped></skipped>
      </testcase>
      <testcase name="[sig-compute]Dry-Run requests VM Snapshots [test_id:7652]delete a VM Snapshot" classname="Tests Suite" time="0">
          <skipped></skipped>
      </testcase>
      <testcase name="[sig-compute]Dry-Run requests VM Snapshots [test_id:7653]update a VM Snapshot" classname="Tests Suite" time="0">
          <skipped></skipped>
      </testcase>
      <testcase name="[sig-compute]Dry-Run requests VM Snapshots [test_id:7654]patch a VM Snapshot" classname="Tests Suite" time="0">
          <skipped></skipped>
      </testcase>
      <testcase name="[sig-compute]Dry-Run requests VM Restores [test_id:7655]create a VM Restore" classname="Tests Suite" time="0">
          <skipped></skipped>
      </testcase>
      <testcase name="[sig-compute]Dry-Run requests VM Restores [test_id:7656]delete a VM Restore" classname="Tests Suite" time="0">
          <skipped></skipped>
      </testcase>
      <testcase name="[sig-compute]Dry-Run requests VM Restores [test_id:7657]update a VM Restore" classname="Tests Suite" time="0">
          <skipped></skipped>
      </testcase>
      <testcase name="[sig-compute]Dry-Run requests VM Restores [test_id:7658]patch a VM Restore" classname="Tests Suite" time="0">
          <skipped></skipped>
      </testcase>
      <testcase name="[sig-compute]PortForward should successfully open connection to guest" classname="Tests Suite" time="0">
          <skipped></skipped>
      </testcase>
      <testcase name="[sig-storage] [rfe_id:6364]Guestfs Run libguestfs on PVCs Should successfully run libguestfs-test-tool" classname="Tests Suite" time="0">
          <skipped></skipped>
      </testcase>
      <testcase name="[sig-storage] [rfe_id:6364]Guestfs Run libguestfs on PVCs [posneg:positive][test_id:6480]Should successfully run guestfs command on a filesystem-based PVC" classname="Tests Suite" time="0">
          <skipped></skipped>
      </testcase>
      <testcase name="[sig-storage] [rfe_id:6364]Guestfs Run libguestfs on PVCs [posneg:negative][test_id:6480]Should fail to run the guestfs command on a PVC in use" classname="Tests Suite" time="0">
          <skipped></skipped>
      </testcase>
      <testcase name="[sig-storage] [rfe_id:6364]Guestfs Run libguestfs on PVCs [posneg:positive][test_id:6479]Should successfully run guestfs command on a block-based PVC" classname="Tests Suite" time="0">
          <skipped></skipped>
      </testcase>
      <testcase name="[sig-storage] [rfe_id:6364]Guestfs Run libguestfs on PVCs Should successfully run guestfs command on a filesystem-based PVC setting the uid" classname="Tests Suite" time="0">
          <skipped></skipped>
      </testcase>
      <testcase name="[sig-storage] [rfe_id:6364]Guestfs Run libguestfs on PVCs with root Should successfully run guestfs command on a filesystem-based PVC with root" classname="Tests Suite" time="0">
          <skipped></skipped>
      </testcase>
      <testcase name="[rfe_id:609][crit:medium][vendor:cnv-qe@redhat.com][level:component][sig-compute]VMIPreset CRD Validation [test_id:1595]Should reject POST if schema is invalid" classname="Tests Suite" time="0">
          <skipped></skipped>
      </testcase>
      <testcase name="[rfe_id:609][crit:medium][vendor:cnv-qe@redhat.com][level:component][sig-compute]VMIPreset CRD Validation [test_id:1596]should reject POST if validation webhoook deems the spec is invalid" classname="Tests Suite" time="0">
          <skipped></skipped>
      </testcase>
      <testcase name="[rfe_id:609][crit:medium][vendor:cnv-qe@redhat.com][level:component][sig-compute]VMIPreset Preset Matching [test_id:1597]Should be accepted on POST" classname="Tests Suite" time="0">
          <skipped></skipped>
      </testcase>
      <testcase name="[rfe_id:609][crit:medium][vendor:cnv-qe@redhat.com][level:component][sig-compute]VMIPreset Preset Matching [test_id:1598]Should reject a second submission of a VMIPreset" classname="Tests Suite" time="0">
          <skipped></skipped>
      </testcase>
      <testcase name="[rfe_id:609][crit:medium][vendor:cnv-qe@redhat.com][level:component][sig-compute]VMIPreset Preset Matching [test_id:1599]Should return 404 if VMIPreset does not exist" classname="Tests Suite" time="0">
          <skipped></skipped>
      </testcase>
      <testcase name="[rfe_id:609][crit:medium][vendor:cnv-qe@redhat.com][level:component][sig-compute]VMIPreset Preset Matching [test_id:1600]Should reject presets that conflict with VirtualMachineInstance settings" classname="Tests Suite" time="0">
          <skipped></skipped>
      </testcase>
      <testcase name="[rfe_id:609][crit:medium][vendor:cnv-qe@redhat.com][level:component][sig-compute]VMIPreset Preset Matching [test_id:1601]Should accept presets that don&#39;t conflict with VirtualMachineInstance settings" classname="Tests Suite" time="0">
          <skipped></skipped>
      </testcase>
      <testcase name="[rfe_id:609][crit:medium][vendor:cnv-qe@redhat.com][level:component][sig-compute]VMIPreset Preset Matching [test_id:1602]Should ignore VMIs that don&#39;t match" classname="Tests Suite" time="0">
          <skipped></skipped>
      </testcase>
      <testcase name="[rfe_id:609][crit:medium][vendor:cnv-qe@redhat.com][level:component][sig-compute]VMIPreset Preset Matching [test_id:1603]Should not be applied to existing VMIs" classname="Tests Suite" time="0">
          <skipped></skipped>
      </testcase>
      <testcase name="[rfe_id:609][crit:medium][vendor:cnv-qe@redhat.com][level:component][sig-compute]VMIPreset Exclusions [test_id:1604]Should not apply presets to VirtualMachineInstance&#39;s with the exclusion marking" classname="Tests Suite" time="0">
          <skipped></skipped>
      </testcase>
      <testcase name="[rfe_id:609][crit:medium][vendor:cnv-qe@redhat.com][level:component][sig-compute]VMIPreset Conflict [test_id:1605]should denied to start the VMI" classname="Tests Suite" time="0">
          <skipped></skipped>
      </testcase>
      <testcase name="[rfe_id:609][crit:medium][vendor:cnv-qe@redhat.com][level:component][sig-compute]VMIPreset Override [test_id:644][rfe_id:609] should override presets" classname="Tests Suite" time="0">
          <skipped></skipped>
      </testcase>
      <testcase name="[rfe_id:609][crit:medium][vendor:cnv-qe@redhat.com][level:component][sig-compute]VMIPreset Preset Lifecycle [test_id:617][rfe_id:609] should create and delete preset" classname="Tests Suite" time="0">
          <skipped></skipped>
      </testcase>
      <testcase name="[rfe_id:609][crit:medium][vendor:cnv-qe@redhat.com][level:component][sig-compute]VMIPreset Match Expressions [test_id:726] Should match multiple VMs via MatchExpression" classname="Tests Suite" time="0">
          <skipped></skipped>
      </testcase>
      <testcase name="[rfe_id:609][crit:medium][vendor:cnv-qe@redhat.com][level:component][sig-compute]VMIPreset [rfe_id:613]MatchLabels [test_id:672] Should match multiple VMs via MatchLabel" classname="Tests Suite" time="0">
          <skipped></skipped>
      </testcase>
      <testcase name="[sig-compute]CloudInitHookSidecars VMI definition with CloudInit hook sidecar [test_id:3167]should successfully start with hook sidecar annotation" classname="Tests Suite" time="0">
          <skipped></skipped>
      </testcase>
      <testcase name="[sig-compute]CloudInitHookSidecars VMI definition with CloudInit hook sidecar [test_id:3168]should call Collect and PreCloudInitIso on the hook sidecar" classname="Tests Suite" time="0">
          <skipped></skipped>
      </testcase>
      <testcase name="[sig-compute]CloudInitHookSidecars VMI definition with CloudInit hook sidecar [test_id:3169]should have cloud-init user-data from sidecar" classname="Tests Suite" time="0">
          <skipped></skipped>
      </testcase>
      <testcase name="[sig-network] [rfe_id:150][crit:high][vendor:cnv-qe@redhat.com][level:component]Networkpolicy when three alpine VMs with default networking are started and serverVMI start an HTTP server on port 80 and 81 and connectivity between VMI/s is blocked by Default-deny networkpolicy [test_id:1511] should fail to reach serverVMI from clientVMI" classname="Tests Suite" time="0">
          <skipped></skipped>
      </testcase>
      <testcase name="[sig-network] [rfe_id:150][crit:high][vendor:cnv-qe@redhat.com][level:component]Networkpolicy when three alpine VMs with default networking are started and serverVMI start an HTTP server on port 80 and 81 and connectivity between VMI/s is blocked by Default-deny networkpolicy [test_id:1512] should fail to reach clientVMI from serverVMI" classname="Tests Suite" time="0">
          <skipped></skipped>
      </testcase>
      <testcase name="[sig-network] [rfe_id:150][crit:high][vendor:cnv-qe@redhat.com][level:component]Networkpolicy when three alpine VMs with default networking are started and serverVMI start an HTTP server on port 80 and 81 and connectivity between VMI/s is blocked by Default-deny networkpolicy [test_id:369] should deny http traffic for ports 80/81 from clientVMI to serverVMI" classname="Tests Suite" time="0">
          <skipped></skipped>
      </testcase>
      <testcase name="[sig-network] [rfe_id:150][crit:high][vendor:cnv-qe@redhat.com][level:component]Networkpolicy when three alpine VMs with default networking are started and serverVMI start an HTTP server on port 80 and 81 and vms limited by allow same namespace networkpolicy when client vmi is on default namespace [Conformance][test_id:1513] should succeed pinging between two VMI/s in the same namespace" classname="Tests Suite" time="0">
          <skipped></skipped>
      </testcase>
      <testcase name="[sig-network] [rfe_id:150][crit:high][vendor:cnv-qe@redhat.com][level:component]Networkpolicy when three alpine VMs with default networking are started and serverVMI start an HTTP server on port 80 and 81 and vms limited by allow same namespace networkpolicy when client vmi is on alternative namespace [Conformance][test_id:1514] should fail pinging between two VMI/s each on different namespaces" classname="Tests Suite" time="0">
          <skipped></skipped>
      </testcase>
      <testcase name="[sig-network] [rfe_id:150][crit:high][vendor:cnv-qe@redhat.com][level:component]Networkpolicy when three alpine VMs with default networking are started and serverVMI start an HTTP server on port 80 and 81 and ingress traffic to VMI identified via label at networkprofile&#39;s labelSelector is blocked when client vmi is on alternative namespace [test_id:1515] should fail to reach serverVMI from clientVMIAlternativeNamespace" classname="Tests Suite" time="0">
          <skipped></skipped>
      </testcase>
      <testcase name="[sig-network] [rfe_id:150][crit:high][vendor:cnv-qe@redhat.com][level:component]Networkpolicy when three alpine VMs with default networking are started and serverVMI start an HTTP server on port 80 and 81 and ingress traffic to VMI identified via label at networkprofile&#39;s labelSelector is blocked when client vmi is on default namespace [test_id:1515] should fail to reach serverVMI from clientVMI" classname="Tests Suite" time="0">
          <skipped></skipped>
      </testcase>
      <testcase name="[sig-network] [rfe_id:150][crit:high][vendor:cnv-qe@redhat.com][level:component]Networkpolicy when three alpine VMs with default networking are started and serverVMI start an HTTP server on port 80 and 81 and ingress traffic to VMI identified via label at networkprofile&#39;s labelSelector is blocked when client vmi is on default namespace when another client vmi is on an alternative namespace [test_id:1517] should success to reach clientVMI from clientVMIAlternativeNamespace" classname="Tests Suite" time="0">
          <skipped></skipped>
      </testcase>
      <testcase name="[sig-network] [rfe_id:150][crit:high][vendor:cnv-qe@redhat.com][level:component]Networkpolicy when three alpine VMs with default networking are started and serverVMI start an HTTP server on port 80 and 81 and TCP connectivity on ports 80 and 81 between VMI/s is allowed by networkpolicy [test_id:2774] should allow http traffic for ports 80 and 81 from clientVMI to serverVMI" classname="Tests Suite" time="0">
          <skipped></skipped>
      </testcase>
      <testcase name="[sig-network] [rfe_id:150][crit:high][vendor:cnv-qe@redhat.com][level:component]Networkpolicy when three alpine VMs with default networking are started and serverVMI start an HTTP server on port 80 and 81 and TCP connectivity on ports 80 between VMI/s is allowed by networkpolicy [test_id:2775] should allow http traffic at port 80 and deny at port 81 from clientVMI to serverVMI" classname="Tests Suite" time="0">
          <skipped></skipped>
      </testcase>
      <testcase name="[sig-compute]VMI with external kernel boot with external alpine-based kernel &amp; initrd images [test_id:7748]ensure successful boot" classname="Tests Suite" time="0">
          <skipped></skipped>
      </testcase>
      <testcase name="[sig-compute]VMI with external kernel boot with external alpine-based kernel &amp; initrd images ensure successful boot and deletion when VMI has a disk defined" classname="Tests Suite" time="0">
          <skipped></skipped>
      </testcase>
      <testcase name="[sig-compute]VMI with external kernel boot with illegal definition ensure rejection of [test_id:7750]VMI defined without an image" classname="Tests Suite" time="0">
          <skipped></skipped>
      </testcase>
      <testcase name="[sig-compute]VMI with external kernel boot with illegal definition ensure rejection of [test_id:7751]VMI defined with image but without initrd &amp; kernel paths" classname="Tests Suite" time="0">
          <skipped></skipped>
      </testcase>
      <testcase name="[sig-compute]VMI with external kernel boot with external alpine-based kernel only (without initrd) ensure successful boot" classname="Tests Suite" time="0">
          <skipped></skipped>
      </testcase>
      <testcase name="[sig-compute]VMI with external kernel boot with external alpine-based kernel only (without initrd) ensure successful boot and deletion when VMI has a disk defined" classname="Tests Suite" time="0">
          <skipped></skipped>
      </testcase>
      <testcase name="[sig-compute][virtctl]create vm [test_id:9840]VM with random name and default settings" classname="Tests Suite" time="0">
          <skipped></skipped>
      </testcase>
      <testcase name="[sig-compute][virtctl]create vm Example with volume-import flag and PVC type" classname="Tests Suite" time="0">
          <skipped></skipped>
      </testcase>
      <testcase name="[sig-compute][virtctl]create vm Example with volume-import flag and Registry type" classname="Tests Suite" time="0">
          <skipped></skipped>
      </testcase>
      <testcase name="[sig-compute][virtctl]create vm Example with volume-import flag and Blank type" classname="Tests Suite" time="0">
          <skipped></skipped>
      </testcase>
      <testcase name="[sig-compute][virtctl]create vm [test_id:9841]Complex example" classname="Tests Suite" time="0">
          <skipped></skipped>
      </testcase>
      <testcase name="[sig-compute][virtctl]create vm [test_id:9842]Complex example with inferred instancetype and preference" classname="Tests Suite" time="0">
          <skipped></skipped>
      </testcase>
      <testcase name="[sig-compute][virtctl]create vm Complex example with memory" classname="Tests Suite" time="0">
          <skipped></skipped>
      </testcase>
      <testcase name="[sig-compute][virtctl]create vm Complex example with sysprep volume" classname="Tests Suite" time="0">
          <skipped></skipped>
      </testcase>
      <testcase name="[sig-compute][virtctl]create vm Complex example with generated cloud-init config" classname="Tests Suite" time="0">
          <skipped></skipped>
      </testcase>
      <testcase name="[sig-compute][virtctl]create vm Complex example with access credentials" classname="Tests Suite" time="0">
          <skipped></skipped>
      </testcase>
      <testcase name="[sig-compute][virtctl]create vm Failure of implicit inference does not fail the VM creation" classname="Tests Suite" time="0">
          <skipped></skipped>
      </testcase>
      <testcase name="[rfe_id:609][sig-compute]VMIheadless [rfe_id:609]Creating a VirtualMachineInstance with headless [test_id:709][posneg:positive]should connect to console" classname="Tests Suite" time="0">
          <skipped></skipped>
      </testcase>
      <testcase name="[rfe_id:588][crit:medium][vendor:cnv-qe@redhat.com][level:component][sig-compute]ContainerDisk [rfe_id:273][crit:medium][vendor:cnv-qe@redhat.com][level:component]Starting and stopping the same VirtualMachine with ephemeral registry disk [test_id:1463][Conformance] should success multiple times" classname="Tests Suite" time="0">
          <skipped></skipped>
      </testcase>
      <testcase name="[rfe_id:588][crit:medium][vendor:cnv-qe@redhat.com][level:component][sig-compute]ContainerDisk [rfe_id:273][crit:medium][vendor:cnv-qe@redhat.com][level:component]Starting from custom image location with disk at /custom-disk/downloaded [test_id:1466]should boot normally" classname="Tests Suite" time="0">
          <skipped></skipped>
      </testcase>
      <testcase name="[rfe_id:588][crit:medium][vendor:cnv-qe@redhat.com][level:component][sig-compute]ContainerDisk [rfe_id:273][crit:medium][vendor:cnv-qe@redhat.com][level:component]Starting with virtio-win with virtio-win as secondary disk [test_id:1467]should boot and have the virtio as sata CDROM" classname="Tests Suite" time="0">
          <skipped></skipped>
      </testcase>
      <testcase name="[rfe_id:588][crit:medium][vendor:cnv-qe@redhat.com][level:component][sig-compute]ContainerDisk [rfe_id:4052][crit:high][arm64][vendor:cnv-qe@redhat.com][level:component]VMI disk permissions with ephemeral registry disk [test_id:4299]should not have world write permissions" classname="Tests Suite" time="0">
          <skipped></skipped>
      </testcase>
      <testcase name="[rfe_id:588][crit:medium][vendor:cnv-qe@redhat.com][level:component][sig-compute]ContainerDisk Bogus container disk path that points to outside of the volume should be rejected on VMI creation" classname="Tests Suite" time="0">
          <skipped></skipped>
      </testcase>
      <testcase name="[sig-compute]Controller devices with ephemeral disk a scsi controller should appear if enabled" classname="Tests Suite" time="0">
          <skipped></skipped>
      </testcase>
      <testcase name="[sig-compute]Controller devices with ephemeral disk a scsi controller should NOT appear if disabled" classname="Tests Suite" time="0">
          <skipped></skipped>
      </testcase>
      <testcase name="[sig-network] bridge nic-hotunplug a running VM hot-unplug network interface succeed In place" classname="Tests Suite" time="0">
          <skipped></skipped>
      </testcase>
      <testcase name="[sig-network] bridge nic-hotunplug a running VM hot-unplug network interface succeed Migration based" classname="Tests Suite" time="0">
          <skipped></skipped>
      </testcase>
      <testcase name="[rfe_id:151][crit:high][vendor:cnv-qe@redhat.com][level:component][sig-compute]IgnitionData [rfe_id:151][crit:medium][vendor:cnv-qe@redhat.com][level:component]A new VirtualMachineInstance with IgnitionData annotation with injected data [test_id:1616]should have injected data under firmware directory" classname="Tests Suite" time="0">
          <skipped></skipped>
      </testcase>
      <testcase name="[sig-compute]Version Check that version parameters where loaded by ldflags in build time [test_id:555]Should return a good version information struct" classname="Tests Suite" time="0">
          <skipped></skipped>
      </testcase>
      <testcase name="[rfe_id:3064][crit:medium][vendor:cnv-qe@redhat.com][level:component][sig-compute]Pausing A valid VMI [test_id:4597]should signal paused state with condition" classname="Tests Suite" time="0">
          <skipped></skipped>
      </testcase>
      <testcase name="[rfe_id:3064][crit:medium][vendor:cnv-qe@redhat.com][level:component][sig-compute]Pausing A valid VMI [test_id:3224]should not be paused with a LivenessProbe configured" classname="Tests Suite" time="0">
          <skipped></skipped>
      </testcase>
      <testcase name="[rfe_id:3064][crit:medium][vendor:cnv-qe@redhat.com][level:component][sig-compute]Pausing A valid VMI [test_id:7671]should not pause with dry run" classname="Tests Suite" time="0">
          <skipped></skipped>
      </testcase>
      <testcase name="[rfe_id:3064][crit:medium][vendor:cnv-qe@redhat.com][level:component][sig-compute]Pausing A valid VMI [test_id:7672]should not unpause with dry run" classname="Tests Suite" time="0">
          <skipped></skipped>
      </testcase>
      <testcase name="[rfe_id:3064][crit:medium][vendor:cnv-qe@redhat.com][level:component][sig-compute]Pausing A valid VM [test_id:4598]should signal paused state with condition" classname="Tests Suite" time="0">
          <skipped></skipped>
      </testcase>
      <testcase name="[rfe_id:3064][crit:medium][vendor:cnv-qe@redhat.com][level:component][sig-compute]Pausing A valid VM [test_id:3081]should gracefully handle pausing the VM again" classname="Tests Suite" time="0">
          <skipped></skipped>
      </testcase>
      <testcase name="[rfe_id:3064][crit:medium][vendor:cnv-qe@redhat.com][level:component][sig-compute]Pausing A valid VM [test_id:3060]should signal unpaused state with removed condition" classname="Tests Suite" time="0">
          <skipped></skipped>
      </testcase>
      <testcase name="[rfe_id:3064][crit:medium][vendor:cnv-qe@redhat.com][level:component][sig-compute]Pausing A valid VM [test_id:3082]should gracefully handle unpausing again" classname="Tests Suite" time="0">
          <skipped></skipped>
      </testcase>
      <testcase name="[rfe_id:3064][crit:medium][vendor:cnv-qe@redhat.com][level:component][sig-compute]Pausing A valid VM [test_id:3085]should be stopped successfully" classname="Tests Suite" time="0">
          <skipped></skipped>
      </testcase>
      <testcase name="[rfe_id:3064][crit:medium][vendor:cnv-qe@redhat.com][level:component][sig-compute]Pausing A valid VM [test_id:3229]should gracefully handle being started again" classname="Tests Suite" time="0">
          <skipped></skipped>
      </testcase>
      <testcase name="[rfe_id:3064][crit:medium][vendor:cnv-qe@redhat.com][level:component][sig-compute]Pausing A valid VM [test_id:3226]should be restarted successfully into unpaused state" classname="Tests Suite" time="0">
          <skipped></skipped>
      </testcase>
      <testcase name="[rfe_id:3064][crit:medium][vendor:cnv-qe@redhat.com][level:component][sig-compute]Pausing A valid VM [test_id:3083]should connect to serial console" classname="Tests Suite" time="0">
          <skipped></skipped>
      </testcase>
      <testcase name="[rfe_id:3064][crit:medium][vendor:cnv-qe@redhat.com][level:component][sig-compute]Pausing A valid VM [test_id:3084]should connect to vnc console" classname="Tests Suite" time="0">
          <skipped></skipped>
      </testcase>
      <testcase name="[rfe_id:3064][crit:medium][vendor:cnv-qe@redhat.com][level:component][sig-compute]Pausing A valid VM [test_id:7673]should not pause with dry run" classname="Tests Suite" time="0">
          <skipped></skipped>
      </testcase>
      <testcase name="[rfe_id:3064][crit:medium][vendor:cnv-qe@redhat.com][level:component][sig-compute]Pausing A valid VM [test_id:7674]should not unpause with dry run" classname="Tests Suite" time="0">
          <skipped></skipped>
      </testcase>
      <testcase name="[rfe_id:3064][crit:medium][vendor:cnv-qe@redhat.com][level:component][sig-compute]Pausing Guest and Host uptime difference before pause [test_id:3090]should be less than uptime difference after pause" classname="Tests Suite" time="0">
          <skipped></skipped>
      </testcase>
      <testcase name="[sig-storage] Hotplug Offline VM Should add volumes on an offline VM with DataVolume" classname="Tests Suite" time="0">
          <skipped></skipped>
      </testcase>
      <testcase name="[sig-storage] Hotplug Offline VM Should add volumes on an offline VM with PersistentVolume" classname="Tests Suite" time="0">
          <skipped></skipped>
      </testcase>
      <testcase name="[sig-storage] Hotplug Offline VM with a block volume Should start with a hotplug block DataVolume" classname="Tests Suite" time="0">
          <skipped></skipped>
      </testcase>
      <testcase name="[sig-storage] Hotplug Offline VM with a block volume Should start with a hotplug block PersistentVolume" classname="Tests Suite" time="0">
          <skipped></skipped>
      </testcase>
      <testcase name="[sig-storage] Hotplug WFFC storage Should be able to add and use WFFC local storage" classname="Tests Suite" time="0">
          <skipped></skipped>
      </testcase>
      <testcase name="[sig-storage] Hotplug [storage-req] Online VM should add/remove volume with DataVolume immediate attach" classname="Tests Suite" time="0">
          <skipped></skipped>
      </testcase>
      <testcase name="[sig-storage] Hotplug [storage-req] Online VM should add/remove volume with PersistentVolume immediate attach" classname="Tests Suite" time="0">
          <skipped></skipped>
      </testcase>
      <testcase name="[sig-storage] Hotplug [storage-req] Online VM should add/remove volume with DataVolume wait for VM to finish starting" classname="Tests Suite" time="0">
          <skipped></skipped>
      </testcase>
      <testcase name="[sig-storage] Hotplug [storage-req] Online VM should add/remove volume with PersistentVolume wait for VM to finish starting" classname="Tests Suite" time="0">
          <skipped></skipped>
      </testcase>
      <testcase name="[sig-storage] Hotplug [storage-req] Online VM should add/remove volume with DataVolume immediate attach, VMI directly" classname="Tests Suite" time="0">
          <skipped></skipped>
      </testcase>
      <testcase name="[sig-storage] Hotplug [storage-req] Online VM should add/remove volume with PersistentVolume immediate attach, VMI directly" classname="Tests Suite" time="0">
          <skipped></skipped>
      </testcase>
      <testcase name="[sig-storage] Hotplug [storage-req] Online VM should add/remove volume with Block DataVolume immediate attach" classname="Tests Suite" time="0">
          <skipped></skipped>
      </testcase>
      <testcase name="[sig-storage] Hotplug [storage-req] Online VM should not add/remove volume with dry run with DataVolume immediate attach" classname="Tests Suite" time="0">
          <skipped></skipped>
      </testcase>
      <testcase name="[sig-storage] Hotplug [storage-req] Online VM should not add/remove volume with dry run with PersistentVolume immediate attach" classname="Tests Suite" time="0">
          <skipped></skipped>
      </testcase>
      <testcase name="[sig-storage] Hotplug [storage-req] Online VM should not add/remove volume with dry run with DataVolume immediate attach, VMI directly" classname="Tests Suite" time="0">
          <skipped></skipped>
      </testcase>
      <testcase name="[sig-storage] Hotplug [storage-req] Online VM should not add/remove volume with dry run with PersistentVolume immediate attach, VMI directly" classname="Tests Suite" time="0">
          <skipped></skipped>
      </testcase>
      <testcase name="[sig-storage] Hotplug [storage-req] Online VM should not add/remove volume with dry run with Block DataVolume immediate attach" classname="Tests Suite" time="0">
          <skipped></skipped>
      </testcase>
      <testcase name="[sig-storage] Hotplug [storage-req] Online VM Should be able to add and remove multiple volumes with VMs" classname="Tests Suite" time="0">
          <skipped></skipped>
      </testcase>
      <testcase name="[sig-storage] Hotplug [storage-req] Online VM Should be able to add and remove multiple volumes with VMIs" classname="Tests Suite" time="0">
          <skipped></skipped>
      </testcase>
      <testcase name="[sig-storage] Hotplug [storage-req] Online VM Should be able to add and remove multiple volumes with VMs and block" classname="Tests Suite" time="0">
          <skipped></skipped>
      </testcase>
      <testcase name="[sig-storage] Hotplug [storage-req] Online VM Should be able to add and remove and re-add multiple volumes with VMs" classname="Tests Suite" time="0">
          <skipped></skipped>
      </testcase>
      <testcase name="[sig-storage] Hotplug [storage-req] Online VM Should be able to add and remove and re-add multiple volumes with VMIs" classname="Tests Suite" time="0">
          <skipped></skipped>
      </testcase>
      <testcase name="[sig-storage] Hotplug [storage-req] Online VM should allow to hotplug 75 volumes simultaneously" classname="Tests Suite" time="0">
          <skipped></skipped>
      </testcase>
      <testcase name="[sig-storage] Hotplug [storage-req] Online VM should permanently add hotplug volume when added to VM, but still unpluggable after restart" classname="Tests Suite" time="0">
          <skipped></skipped>
      </testcase>
      <testcase name="[sig-storage] Hotplug [storage-req] Online VM should reject hotplugging a volume with the same name as an existing volume" classname="Tests Suite" time="0">
          <skipped></skipped>
      </testcase>
      <testcase name="[sig-storage] Hotplug [storage-req] Online VM should reject hotplugging the same volume with an existing volume name" classname="Tests Suite" time="0">
          <skipped></skipped>
      </testcase>
      <testcase name="[sig-storage] Hotplug [storage-req] Online VM should reject removing a volume which wasn&#39;t hotplugged" classname="Tests Suite" time="0">
          <skipped></skipped>
      </testcase>
      <testcase name="[sig-storage] Hotplug [storage-req] Online VM should reject removing a volume which doesn&#39;t exist" classname="Tests Suite" time="0">
          <skipped></skipped>
      </testcase>
      <testcase name="[sig-storage] Hotplug [storage-req] Online VM should allow hotplugging both a filesystem and block volume" classname="Tests Suite" time="0">
          <skipped></skipped>
      </testcase>
      <testcase name="[sig-storage] Hotplug [storage-req] VMI migration should allow live migration with attached hotplug volumes containerDisk VMI" classname="Tests Suite" time="0">
          <skipped></skipped>
      </testcase>
      <testcase name="[sig-storage] Hotplug [storage-req] VMI migration should allow live migration with attached hotplug volumes persistent disk VMI" classname="Tests Suite" time="0">
          <skipped></skipped>
      </testcase>
      <testcase name="[sig-storage] Hotplug [storage-req] disk mutating sidecar should be able to add and remove volumes with DataVolume and running VM" classname="Tests Suite" time="0">
          <skipped></skipped>
      </testcase>
      <testcase name="[sig-storage] Hotplug [storage-req] disk mutating sidecar should be able to add and remove volumes with DataVolume and VMI directly" classname="Tests Suite" time="0">
          <skipped></skipped>
      </testcase>
      <testcase name="[sig-storage] Hotplug delete attachment pod several times should remain active" classname="Tests Suite" time="0">
          <skipped></skipped>
      </testcase>
      <testcase name="[sig-storage] Hotplug hostpath should attach a hostpath based volume to running VM" classname="Tests Suite" time="0">
          <skipped></skipped>
      </testcase>
      <testcase name="[sig-storage] Hotplug iothreads should allow adding and removing hotplugged volumes" classname="Tests Suite" time="0">
          <skipped></skipped>
      </testcase>
      <testcase name="[sig-storage] Hotplug hostpath-separate-device should attach a hostpath based volume to running VM" classname="Tests Suite" time="0">
          <skipped></skipped>
      </testcase>
      <testcase name="[sig-compute]MultiQueue MultiQueue Behavior should be able to successfully boot fedora to the login prompt with multi-queue without being blocked by selinux [test_id:4599] with default virtio interface" classname="Tests Suite" time="0">
          <skipped></skipped>
      </testcase>
      <testcase name="[sig-compute]MultiQueue MultiQueue Behavior should be able to successfully boot fedora to the login prompt with multi-queue without being blocked by selinux with e1000 interface" classname="Tests Suite" time="0">
          <skipped></skipped>
      </testcase>
      <testcase name="[sig-compute]MultiQueue MultiQueue Behavior [test_id:959][rfe_id:2065] Should honor multiQueue requests" classname="Tests Suite" time="0">
          <skipped></skipped>
      </testcase>
      <testcase name="[sig-compute]MultiQueue MultiQueue Behavior should be able to create a multi-queue VMI when requesting a single vCPU" classname="Tests Suite" time="0">
          <skipped></skipped>
      </testcase>
      <testcase name="[sig-compute] Hyper-V enlightenments VMI with HyperV re-enlightenment enabled when TSC frequency is exposed on the cluster should be able to migrate" classname="Tests Suite" time="0">
          <skipped></skipped>
      </testcase>
      <testcase name="[sig-compute] Hyper-V enlightenments VMI with HyperV re-enlightenment enabled when TSC frequency is exposed on the cluster should have TSC frequency set up in label and domain" classname="Tests Suite" time="0">
          <skipped></skipped>
      </testcase>
      <testcase name="[sig-compute] Hyper-V enlightenments VMI with HyperV re-enlightenment enabled the vmi with HyperV feature matching a nfd label on a node should be scheduled" classname="Tests Suite" time="0">
          <skipped></skipped>
      </testcase>
      <testcase name="[sig-compute] Hyper-V enlightenments VMI with HyperV passthrough should be usable and non-migratable" classname="Tests Suite" time="0">
          <skipped></skipped>
      </testcase>
      <testcase name="[sig-network] Services bridge interface binding with a service matching the vmi exposed [test_id:1547] should be able to reach the vmi based on labels specified on the vmi" classname="Tests Suite" time="0">
          <skipped></skipped>
      </testcase>
      <testcase name="[sig-network] Services bridge interface binding with a service matching the vmi exposed [test_id:1548] should fail to reach the vmi if an invalid servicename is used" classname="Tests Suite" time="0">
          <skipped></skipped>
      </testcase>
      <testcase name="[sig-network] Services bridge interface binding with a subdomain and a headless service given [test_id:1549]should be able to reach the vmi via its unique fully qualified domain name" classname="Tests Suite" time="0">
          <skipped></skipped>
      </testcase>
      <testcase name="[sig-network] Services Masquerade interface binding with a service matching the vmi exposed [Conformance] should be able to reach the vmi based on labels specified on the vmi when the service is exposed by an IPv4 address." classname="Tests Suite" time="0">
          <skipped></skipped>
      </testcase>
      <testcase name="[sig-network] Services Masquerade interface binding with a service matching the vmi exposed [Conformance] should be able to reach the vmi based on labels specified on the vmi when the service is exposed by an IPv6 address." classname="Tests Suite" time="0">
          <skipped></skipped>
      </testcase>
      <testcase name="[sig-network] Services Masquerade interface binding *without* a service matching the vmi exposed should fail to reach the vmi" classname="Tests Suite" time="0">
          <skipped></skipped>
      </testcase>
      <testcase name="[sig-storage] DataVolume Integration [storage-req]PVC expansion PVC expansion is detected by VM and can be fully used with Block PVC" classname="Tests Suite" time="0">
          <skipped></skipped>
      </testcase>
      <testcase name="[sig-storage] DataVolume Integration [storage-req]PVC expansion PVC expansion is detected by VM and can be fully used with Filesystem PVC" classname="Tests Suite" time="0">
          <skipped></skipped>
      </testcase>
      <testcase name="[sig-storage] DataVolume Integration [storage-req]PVC expansion Check disk expansion accounts for actual usable size" classname="Tests Suite" time="0">
          <skipped></skipped>
      </testcase>
      <testcase name="[sig-storage] DataVolume Integration [rfe_id:3188][crit:high][vendor:cnv-qe@redhat.com][level:system] Starting a VirtualMachineInstance with a DataVolume as a volume source Alpine import [test_id:3189]should be successfully started and stopped multiple times" classname="Tests Suite" time="0">
          <skipped></skipped>
      </testcase>
      <testcase name="[sig-storage] DataVolume Integration [rfe_id:3188][crit:high][vendor:cnv-qe@redhat.com][level:system] Starting a VirtualMachineInstance with a DataVolume as a volume source Alpine import [test_id:6686]should successfully start multiple concurrent VMIs" classname="Tests Suite" time="0">
          <skipped></skipped>
      </testcase>
      <testcase name="[sig-storage] DataVolume Integration [rfe_id:3188][crit:high][vendor:cnv-qe@redhat.com][level:system] Starting a VirtualMachineInstance with a DataVolume as a volume source Alpine import [test_id:5252]should be successfully started when using a PVC volume owned by a DataVolume" classname="Tests Suite" time="0">
          <skipped></skipped>
      </testcase>
      <testcase name="[sig-storage] DataVolume Integration [rfe_id:3188][crit:high][vendor:cnv-qe@redhat.com][level:system] Starting a VirtualMachineInstance with a DataVolume as a volume source Alpine import should accurately aggregate DataVolume conditions from many DVs" classname="Tests Suite" time="0">
          <skipped></skipped>
      </testcase>
      <testcase name="[sig-storage] DataVolume Integration [rfe_id:3188][crit:high][vendor:cnv-qe@redhat.com][level:system] Starting a VirtualMachineInstance with a DataVolume as a volume source with a PVC from a Datavolume [test_id:4643]should NOT be rejected when VM template lists a DataVolume, but VM lists PVC VolumeSource" classname="Tests Suite" time="0">
          <skipped></skipped>
      </testcase>
      <testcase name="[sig-storage] DataVolume Integration [rfe_id:3188][crit:high][vendor:cnv-qe@redhat.com][level:system] Starting a VirtualMachine with an invalid DataVolume using DataVolume with invalid URL should be possible to stop VM if datavolume is crashing" classname="Tests Suite" time="0">
          <skipped></skipped>
      </testcase>
      <testcase name="[sig-storage] DataVolume Integration [rfe_id:3188][crit:high][vendor:cnv-qe@redhat.com][level:system] Starting a VirtualMachine with an invalid DataVolume using DataVolume with invalid URL [test_id:3190]should correctly handle invalid DataVolumes" classname="Tests Suite" time="0">
          <skipped></skipped>
      </testcase>
      <testcase name="[sig-storage] DataVolume Integration [rfe_id:3188][crit:high][vendor:cnv-qe@redhat.com][level:system] Starting a VirtualMachine with an invalid DataVolume using DataVolume with invalid URL [test_id:3190]should correctly handle eventually consistent DataVolumes" classname="Tests Suite" time="0">
          <skipped></skipped>
      </testcase>
      <testcase name="[sig-storage] DataVolume Integration [rfe_id:896][crit:high][vendor:cnv-qe@redhat.com][level:system] with oc/kubectl [test_id:836] Creating a VM with DataVolumeTemplates should succeed." classname="Tests Suite" time="0">
          <skipped></skipped>
      </testcase>
      <testcase name="[sig-storage] DataVolume Integration [rfe_id:896][crit:high][vendor:cnv-qe@redhat.com][level:system] with oc/kubectl [test_id:837]deleting VM with cascade=true should automatically delete DataVolumes and VMI owned by VM." classname="Tests Suite" time="0">
          <skipped></skipped>
      </testcase>
      <testcase name="[sig-storage] DataVolume Integration [rfe_id:896][crit:high][vendor:cnv-qe@redhat.com][level:system] with oc/kubectl [test_id:838]deleting VM with cascade=false should orphan DataVolumes and VMI owned by VM." classname="Tests Suite" time="0">
          <skipped></skipped>
      </testcase>
      <testcase name="[sig-storage] DataVolume Integration [rfe_id:3188][crit:high][vendor:cnv-qe@redhat.com][level:system] Starting a VirtualMachine with a DataVolume using Alpine http import [test_id:3191]should be successfully started and stopped multiple times" classname="Tests Suite" time="0">
          <skipped></skipped>
      </testcase>
      <testcase name="[sig-storage] DataVolume Integration [rfe_id:3188][crit:high][vendor:cnv-qe@redhat.com][level:system] Starting a VirtualMachine with a DataVolume using Alpine http import [test_id:3192]should remove owner references on DataVolume if VM is orphan deleted." classname="Tests Suite" time="0">
          <skipped></skipped>
      </testcase>
      <testcase name="[sig-storage] DataVolume Integration [rfe_id:3188][crit:high][vendor:cnv-qe@redhat.com][level:system] DataVolume clone permission checking using Alpine import/clone should resolve DataVolume sourceRef with PVC source" classname="Tests Suite" time="0">
          <skipped></skipped>
      </testcase>
      <testcase name="[sig-storage] DataVolume Integration [rfe_id:3188][crit:high][vendor:cnv-qe@redhat.com][level:system] DataVolume clone permission checking using Alpine import/clone should resolve DataVolume sourceRef with Snapshot source" classname="Tests Suite" time="0">
          <skipped></skipped>
      </testcase>
      <testcase name="[sig-storage] DataVolume Integration [rfe_id:3188][crit:high][vendor:cnv-qe@redhat.com][level:system] DataVolume clone permission checking using Alpine import/clone should report DataVolume without source PVC" classname="Tests Suite" time="0">
          <skipped></skipped>
      </testcase>
      <testcase name="[sig-storage] DataVolume Integration [rfe_id:3188][crit:high][vendor:cnv-qe@redhat.com][level:system] DataVolume clone permission checking using Alpine import/clone [storage-req] deny then allow clone request [test_id:3193]with explicit role" classname="Tests Suite" time="0">
          <skipped></skipped>
      </testcase>
      <testcase name="[sig-storage] DataVolume Integration [rfe_id:3188][crit:high][vendor:cnv-qe@redhat.com][level:system] DataVolume clone permission checking using Alpine import/clone [storage-req] deny then allow clone request [test_id:3194]with implicit role" classname="Tests Suite" time="0">
          <skipped></skipped>
      </testcase>
      <testcase name="[sig-storage] DataVolume Integration [rfe_id:3188][crit:high][vendor:cnv-qe@redhat.com][level:system] DataVolume clone permission checking using Alpine import/clone [storage-req] deny then allow clone request [test_id:5253]with explicit role (all namespaces)" classname="Tests Suite" time="0">
          <skipped></skipped>
      </testcase>
      <testcase name="[sig-storage] DataVolume Integration [rfe_id:3188][crit:high][vendor:cnv-qe@redhat.com][level:system] DataVolume clone permission checking using Alpine import/clone [storage-req] deny then allow clone request [test_id:5254]with explicit role (one namespace)" classname="Tests Suite" time="0">
          <skipped></skipped>
      </testcase>
      <testcase name="[sig-storage] DataVolume Integration [rfe_id:3188][crit:high][vendor:cnv-qe@redhat.com][level:system] DataVolume clone permission checking using Alpine import/clone [storage-req] deny then allow clone request with explicit role snapshot clone" classname="Tests Suite" time="0">
          <skipped></skipped>
      </testcase>
      <testcase name="[sig-storage] DataVolume Integration [rfe_id:3188][crit:high][vendor:cnv-qe@redhat.com][level:system] DataVolume clone permission checking using Alpine import/clone [storage-req] deny then allow clone request with implicit insufficient role snapshot clone" classname="Tests Suite" time="0">
          <skipped></skipped>
      </testcase>
      <testcase name="[sig-storage] DataVolume Integration [rfe_id:3188][crit:high][vendor:cnv-qe@redhat.com][level:system] DataVolume clone permission checking using Alpine import/clone [storage-req] deny then allow clone request with implicit sufficient role snapshot clone" classname="Tests Suite" time="0">
          <skipped></skipped>
      </testcase>
      <testcase name="[sig-storage] DataVolume Integration [rfe_id:3188][crit:high][vendor:cnv-qe@redhat.com][level:system] DataVolume clone permission checking using Alpine import/clone [storage-req] deny then allow clone request with explicit role (all namespaces) snapshot clone" classname="Tests Suite" time="0">
          <skipped></skipped>
      </testcase>
      <testcase name="[sig-storage] DataVolume Integration [rfe_id:3188][crit:high][vendor:cnv-qe@redhat.com][level:system] DataVolume clone permission checking using Alpine import/clone [storage-req] deny then allow clone request with explicit role (one namespace) snapshot clone" classname="Tests Suite" time="0">
          <skipped></skipped>
      </testcase>
      <testcase name="[sig-storage] DataVolume Integration [rfe_id:3188][crit:high][vendor:cnv-qe@redhat.com][level:system] DataVolume clone permission checking using Alpine import/clone should skip authorization when DataVolume already exists" classname="Tests Suite" time="0">
          <skipped></skipped>
      </testcase>
      <testcase name="[sig-storage] DataVolume Integration Fedora VMI tests [rfe_id:5070][crit:medium][vendor:cnv-qe@redhat.com][level:component]fstrim from the VM influences disk.img [test_id:5894]by default, fstrim will make the image smaller" classname="Tests Suite" time="0">
          <skipped></skipped>
      </testcase>
      <testcase name="[sig-storage] DataVolume Integration Fedora VMI tests [rfe_id:5070][crit:medium][vendor:cnv-qe@redhat.com][level:component]fstrim from the VM influences disk.img [test_id:5898]with preallocation true, fstrim has no effect" classname="Tests Suite" time="0">
          <skipped></skipped>
      </testcase>
      <testcase name="[sig-storage] DataVolume Integration Fedora VMI tests [rfe_id:5070][crit:medium][vendor:cnv-qe@redhat.com][level:component]fstrim from the VM influences disk.img [test_id:5897]with preallocation false, fstrim will make the image smaller" classname="Tests Suite" time="0">
          <skipped></skipped>
      </testcase>
      <testcase name="[sig-storage] DataVolume Integration Fedora VMI tests [rfe_id:5070][crit:medium][vendor:cnv-qe@redhat.com][level:component]fstrim from the VM influences disk.img [test_id:5899]with thick provision true, fstrim has no effect" classname="Tests Suite" time="0">
          <skipped></skipped>
      </testcase>
      <testcase name="[sig-storage] DataVolume Integration Fedora VMI tests [rfe_id:5070][crit:medium][vendor:cnv-qe@redhat.com][level:component]fstrim from the VM influences disk.img [test_id:5896]with thick provision false, fstrim will make the image smaller" classname="Tests Suite" time="0">
          <skipped></skipped>
      </testcase>
      <testcase name="[sig-storage] DataVolume Integration With VirtualMachinePreference and PreferredStorageClassName should use PreferredStorageClassName when storage class not provided by VM" classname="Tests Suite" time="0">
          <skipped></skipped>
      </testcase>
      <testcase name="[sig-storage] DataVolume Integration With VirtualMachinePreference and PreferredStorageClassName should always use VM defined storage class over PreferredStorageClassName" classname="Tests Suite" time="0">
          <skipped></skipped>
      </testcase>
      <testcase name="[sig-compute]HookSidecars [rfe_id:2667][crit:medium][vendor:cnv-qe@redhat.com][level:component] VMI definition with SM BIOS hook sidecar [test_id:3156]should successfully start with hook sidecar annotation for v1alpha2" classname="Tests Suite" time="0">
          <skipped></skipped>
      </testcase>
      <testcase name="[sig-compute]HookSidecars [rfe_id:2667][crit:medium][vendor:cnv-qe@redhat.com][level:component] VMI definition with SM BIOS hook sidecar [test_id:3157]should call Collect and OnDefineDomain on the hook sidecar" classname="Tests Suite" time="0">
          <skipped></skipped>
      </testcase>
      <testcase name="[sig-compute]HookSidecars [rfe_id:2667][crit:medium][vendor:cnv-qe@redhat.com][level:component] VMI definition with SM BIOS hook sidecar [test_id:3158]should update domain XML with SM BIOS properties" classname="Tests Suite" time="0">
          <skipped></skipped>
      </testcase>
      <testcase name="[sig-compute]HookSidecars [rfe_id:2667][crit:medium][vendor:cnv-qe@redhat.com][level:component] VMI definition with SM BIOS hook sidecar should not start with hook sidecar annotation when the version is not provided" classname="Tests Suite" time="0">
          <skipped></skipped>
      </testcase>
      <testcase name="[sig-compute]HookSidecars [rfe_id:2667][crit:medium][vendor:cnv-qe@redhat.com][level:component] VMI definition with sidecar-shim should receive Terminal signal on VMI deletion" classname="Tests Suite" time="0">
          <skipped></skipped>
      </testcase>
      <testcase name="[sig-compute]HookSidecars [rfe_id:2667][crit:medium][vendor:cnv-qe@redhat.com][level:component] VMI definition with sidecar-shim migrate VMI with sidecar Fails to terminate on migration with &lt; v1alpha3" classname="Tests Suite" time="0">
          <skipped></skipped>
      </testcase>
      <testcase name="[sig-compute]HookSidecars [rfe_id:2667][crit:medium][vendor:cnv-qe@redhat.com][level:component] VMI definition with sidecar-shim migrate VMI with sidecar Terminates properly on migration with &gt;= v1alpha3" classname="Tests Suite" time="0">
          <skipped></skipped>
      </testcase>
      <testcase name="[sig-compute]HookSidecars [rfe_id:2667][crit:medium][vendor:cnv-qe@redhat.com][level:component] VMI definition with ConfigMap in sidecar hook annotation [test_id:9833]should update domain XML with SM BIOS properties when sidecar image is specified" classname="Tests Suite" time="0">
          <skipped></skipped>
      </testcase>
      <testcase name="[sig-compute]HookSidecars [rfe_id:2667][crit:medium][vendor:cnv-qe@redhat.com][level:component] VMI definition with ConfigMap in sidecar hook annotation [test_id:9833]should update domain XML with SM BIOS properties when sidecar image is not specified" classname="Tests Suite" time="0">
          <skipped></skipped>
      </testcase>
      <testcase name="[crit:medium][vendor:cnv-qe@redhat.com][level:component][sig-compute] Sound [crit:medium][vendor:cnv-qe@redhat.com][level:component] A VirtualMachineInstance with default sound support should create an ich9 sound device on empty model" classname="Tests Suite" time="0">
          <skipped></skipped>
      </testcase>
      <testcase name="Ensure stable functionality by repeately starting vmis many times without issues" classname="Tests Suite" time="0">
          <skipped></skipped>
      </testcase>
      <testcase name="[sig-storage] Export should make a PVC export available with RAW kubevirt content type" classname="Tests Suite" time="0">
          <skipped></skipped>
      </testcase>
      <testcase name="[sig-storage] Export should make a PVC export available with RAW gzipped kubevirt content type" classname="Tests Suite" time="0">
          <skipped></skipped>
      </testcase>
      <testcase name="[sig-storage] Export should make a PVC export available with archive content type" classname="Tests Suite" time="0">
          <skipped></skipped>
      </testcase>
      <testcase name="[sig-storage] Export should make a PVC export available with archive tarred gzipped content type" classname="Tests Suite" time="0">
          <skipped></skipped>
      </testcase>
      <testcase name="[sig-storage] Export should make a PVC export available with RAW kubevirt content type block" classname="Tests Suite" time="0">
          <skipped></skipped>
      </testcase>
      <testcase name="[sig-storage] Export should make a PVC export available with RAW kubevirt content type PROXY" classname="Tests Suite" time="0">
          <skipped></skipped>
      </testcase>
      <testcase name="[sig-storage] Export should make a PVC export available with RAW gzipped kubevirt content type PROXY" classname="Tests Suite" time="0">
          <skipped></skipped>
      </testcase>
      <testcase name="[sig-storage] Export should make a PVC export available with archive content type PROXY" classname="Tests Suite" time="0">
          <skipped></skipped>
      </testcase>
      <testcase name="[sig-storage] Export should make a PVC export available with archive tarred gzipped content type PROXY" classname="Tests Suite" time="0">
          <skipped></skipped>
      </testcase>
      <testcase name="[sig-storage] Export should make a PVC export available with RAW kubevirt content type block PROXY" classname="Tests Suite" time="0">
          <skipped></skipped>
      </testcase>
      <testcase name="[sig-storage] Export Should recreate the exporter pod and secret if the pod fails" classname="Tests Suite" time="0">
          <skipped></skipped>
      </testcase>
      <testcase name="[sig-storage] Export Should recreate the exporter pod if the pod is deleted" classname="Tests Suite" time="0">
          <skipped></skipped>
      </testcase>
      <testcase name="[sig-storage] Export Should recreate the service if the service is deleted" classname="Tests Suite" time="0">
          <skipped></skipped>
      </testcase>
      <testcase name="[sig-storage] Export Should handle no pvc existing when export created, then creating and populating the pvc" classname="Tests Suite" time="0">
          <skipped></skipped>
      </testcase>
      <testcase name="[sig-storage] Export should be possibe to observe exportserver pod exiting" classname="Tests Suite" time="0">
          <skipped></skipped>
      </testcase>
      <testcase name="[sig-storage] Export Should handle populating an export without a previously defined tokenSecretRef" classname="Tests Suite" time="0">
          <skipped></skipped>
      </testcase>
      <testcase name="[sig-storage] Export Should honor TTL by cleaning up the the VMExport altogether" classname="Tests Suite" time="0">
          <skipped></skipped>
      </testcase>
      <testcase name="[sig-storage] Export Route should populate external links and cert and contain route host" classname="Tests Suite" time="0">
          <skipped></skipped>
      </testcase>
      <testcase name="[sig-storage] Export should create export from VMSnapshot" classname="Tests Suite" time="0">
          <skipped></skipped>
      </testcase>
      <testcase name="[sig-storage] Export should create export from VMSnapshot with multiple volumes" classname="Tests Suite" time="0">
          <skipped></skipped>
      </testcase>
      <testcase name="[sig-storage] Export should mark the status phase skipped on VMSnapshot without volumes" classname="Tests Suite" time="0">
          <skipped></skipped>
      </testcase>
      <testcase name="[sig-storage] Export should report export pending if VM is running, and start the VM export if the VM is not running, then stop again once VM started" classname="Tests Suite" time="0">
          <skipped></skipped>
      </testcase>
      <testcase name="[sig-storage] Export should generate updated DataVolumeTemplates on http endpoint when exporting" classname="Tests Suite" time="0">
          <skipped></skipped>
      </testcase>
      <testcase name="[sig-storage] Export should generate updated DataVolumeTemplates on http endpoint when exporting snapshot" classname="Tests Suite" time="0">
          <skipped></skipped>
      </testcase>
      <testcase name="[sig-storage] Export Should generate DVs and expanded VM definition on http endpoint with multiple volumes" classname="Tests Suite" time="0">
          <skipped></skipped>
      </testcase>
      <testcase name="[sig-storage] Export should mark the status phase skipped on VM without volumes" classname="Tests Suite" time="0">
          <skipped></skipped>
      </testcase>
      <testcase name="[sig-storage] Export virtctl vmexport command Create succeeds using PVC source" classname="Tests Suite" time="0">
          <skipped></skipped>
      </testcase>
      <testcase name="[sig-storage] Export virtctl vmexport command Create succeeds using Snapshot source" classname="Tests Suite" time="0">
          <skipped></skipped>
      </testcase>
      <testcase name="[sig-storage] Export virtctl vmexport command Create succeeds using VM source" classname="Tests Suite" time="0">
          <skipped></skipped>
      </testcase>
      <testcase name="[sig-storage] Export virtctl vmexport command Create fails when the vmexport already exists" classname="Tests Suite" time="0">
          <skipped></skipped>
      </testcase>
      <testcase name="[sig-storage] Export virtctl vmexport command Delete succeeds" classname="Tests Suite" time="0">
          <skipped></skipped>
      </testcase>
      <testcase name="[sig-storage] Export virtctl vmexport command Delete succeeds when vmexport doesn&#39;t exist" classname="Tests Suite" time="0">
          <skipped></skipped>
      </testcase>
      <testcase name="[sig-storage] Export virtctl vmexport command Create with TTL" classname="Tests Suite" time="0">
          <skipped></skipped>
      </testcase>
      <testcase name="[sig-storage] Export virtctl vmexport command Download a volume with vmexport Download succeeds creating and downloading a vmexport using PVC source" classname="Tests Suite" time="0">
          <skipped></skipped>
      </testcase>
      <testcase name="[sig-storage] Export virtctl vmexport command Download a volume with vmexport Download succeeds creating and downloading a vmexport using Snapshot source" classname="Tests Suite" time="0">
          <skipped></skipped>
      </testcase>
      <testcase name="[sig-storage] Export virtctl vmexport command Download a volume with vmexport Download succeeds creating and downloading a vmexport using VM source" classname="Tests Suite" time="0">
          <skipped></skipped>
      </testcase>
      <testcase name="[sig-storage] Export virtctl vmexport command Download a volume with vmexport Download succeeds with an already existing vmexport" classname="Tests Suite" time="0">
          <skipped></skipped>
      </testcase>
      <testcase name="[sig-storage] Export virtctl vmexport command Download a volume with vmexport Download succeeds with a vmexport without user-defined TokenSecretRef" classname="Tests Suite" time="0">
          <skipped></skipped>
      </testcase>
      <testcase name="[sig-storage] Export virtctl vmexport command Download a volume with vmexport Download retains the vmexport resource when it&#39;s been created in advance" classname="Tests Suite" time="0">
          <skipped></skipped>
      </testcase>
      <testcase name="[sig-storage] Export virtctl vmexport command Download a volume with vmexport Download deletes the vmexport resource when explicitely specified" classname="Tests Suite" time="0">
          <skipped></skipped>
      </testcase>
      <testcase name="[sig-storage] Export virtctl vmexport command Get export manifest from vmexport manifest should be successfully retrieved on running VM export without --include-secret" classname="Tests Suite" time="0">
          <skipped></skipped>
      </testcase>
      <testcase name="[sig-storage] Export virtctl vmexport command Get export manifest from vmexport manifest should be successfully retrieved on running VM export with --include-secret" classname="Tests Suite" time="0">
          <skipped></skipped>
      </testcase>
      <testcase name="[rfe_id:500][crit:high][arm64][vendor:cnv-qe@redhat.com][level:component][sig-compute]User Access With default kubevirt service accounts should verify permissions on resources are correct for view, edit, and admin [test_id:526]given a vmi" classname="Tests Suite" time="0">
          <skipped></skipped>
      </testcase>
      <testcase name="[rfe_id:500][crit:high][arm64][vendor:cnv-qe@redhat.com][level:component][sig-compute]User Access With default kubevirt service accounts should verify permissions on resources are correct for view, edit, and admin [test_id:527]given a vm" classname="Tests Suite" time="0">
          <skipped></skipped>
      </testcase>
      <testcase name="[rfe_id:500][crit:high][arm64][vendor:cnv-qe@redhat.com][level:component][sig-compute]User Access With default kubevirt service accounts should verify permissions on resources are correct for view, edit, and admin given a vmpool" classname="Tests Suite" time="0">
          <skipped></skipped>
      </testcase>
      <testcase name="[rfe_id:500][crit:high][arm64][vendor:cnv-qe@redhat.com][level:component][sig-compute]User Access With default kubevirt service accounts should verify permissions on resources are correct for view, edit, and admin [test_id:528]given a vmi preset" classname="Tests Suite" time="0">
          <skipped></skipped>
      </testcase>
      <testcase name="[rfe_id:500][crit:high][arm64][vendor:cnv-qe@redhat.com][level:component][sig-compute]User Access With default kubevirt service accounts should verify permissions on resources are correct for view, edit, and admin [test_id:529][crit:low]given a vmi replica set" classname="Tests Suite" time="0">
          <skipped></skipped>
      </testcase>
      <testcase name="[rfe_id:500][crit:high][arm64][vendor:cnv-qe@redhat.com][level:component][sig-compute]User Access With default kubevirt service accounts should verify permissions on resources are correct for view, edit, and admin [test_id:3230]given a vmi migration" classname="Tests Suite" time="0">
          <skipped></skipped>
      </testcase>
      <testcase name="[rfe_id:500][crit:high][arm64][vendor:cnv-qe@redhat.com][level:component][sig-compute]User Access With default kubevirt service accounts should verify permissions on resources are correct for view, edit, and admin [test_id:5243]given a vmsnapshot" classname="Tests Suite" time="0">
          <skipped></skipped>
      </testcase>
      <testcase name="[rfe_id:500][crit:high][arm64][vendor:cnv-qe@redhat.com][level:component][sig-compute]User Access With default kubevirt service accounts should verify permissions on resources are correct for view, edit, and admin [test_id:5244]given a vmsnapshotcontent" classname="Tests Suite" time="0">
          <skipped></skipped>
      </testcase>
      <testcase name="[rfe_id:500][crit:high][arm64][vendor:cnv-qe@redhat.com][level:component][sig-compute]User Access With default kubevirt service accounts should verify permissions on resources are correct for view, edit, and admin [test_id:5245]given a vmsrestore" classname="Tests Suite" time="0">
          <skipped></skipped>
      </testcase>
      <testcase name="[rfe_id:500][crit:high][arm64][vendor:cnv-qe@redhat.com][level:component][sig-compute]User Access With default kubevirt service accounts should verify permissions on resources are correct for view, edit, and admin [test_id:TODO]given a virtualmachineinstancetype" classname="Tests Suite" time="0">
          <skipped></skipped>
      </testcase>
      <testcase name="[rfe_id:500][crit:high][arm64][vendor:cnv-qe@redhat.com][level:component][sig-compute]User Access With default kubevirt service accounts should verify permissions on resources are correct for view, edit, and admin [test_id:TODO]given a virtualmachinepreference" classname="Tests Suite" time="0">
          <skipped></skipped>
      </testcase>
      <testcase name="[rfe_id:500][crit:high][arm64][vendor:cnv-qe@redhat.com][level:component][sig-compute]User Access With default kubevirt service accounts should verify permissions on resources are correct for view, edit, and admin [test_id:TODO]given a virtualmachineclusterinstancetype" classname="Tests Suite" time="0">
          <skipped></skipped>
      </testcase>
      <testcase name="[rfe_id:500][crit:high][arm64][vendor:cnv-qe@redhat.com][level:component][sig-compute]User Access With default kubevirt service accounts should verify permissions on resources are correct for view, edit, and admin [test_id:TODO]given a virtualmachineclusterpreference" classname="Tests Suite" time="0">
          <skipped></skipped>
      </testcase>
      <testcase name="[rfe_id:500][crit:high][arm64][vendor:cnv-qe@redhat.com][level:component][sig-compute]User Access With default kubevirt service accounts should verify permissions on subresources are correct for view, edit, admin and default [test_id:3232]on vm start" classname="Tests Suite" time="0">
          <skipped></skipped>
      </testcase>
      <testcase name="[rfe_id:500][crit:high][arm64][vendor:cnv-qe@redhat.com][level:component][sig-compute]User Access With default kubevirt service accounts should verify permissions on subresources are correct for view, edit, admin and default [test_id:3233]on vm stop" classname="Tests Suite" time="0">
          <skipped></skipped>
      </testcase>
      <testcase name="[rfe_id:500][crit:high][arm64][vendor:cnv-qe@redhat.com][level:component][sig-compute]User Access With default kubevirt service accounts should verify permissions on subresources are correct for view, edit, admin and default [test_id:3234]on vm restart" classname="Tests Suite" time="0">
          <skipped></skipped>
      </testcase>
      <testcase name="[rfe_id:500][crit:high][arm64][vendor:cnv-qe@redhat.com][level:component][sig-compute]User Access With default kubevirt service accounts should verify permissions on subresources are correct for view, edit, admin and default on vm expand-spec" classname="Tests Suite" time="0">
          <skipped></skipped>
      </testcase>
      <testcase name="[rfe_id:500][crit:high][arm64][vendor:cnv-qe@redhat.com][level:component][sig-compute]User Access With default kubevirt service accounts should verify permissions on subresources are correct for view, edit, admin and default on vm portforward" classname="Tests Suite" time="0">
          <skipped></skipped>
      </testcase>
      <testcase name="[rfe_id:500][crit:high][arm64][vendor:cnv-qe@redhat.com][level:component][sig-compute]User Access With default kubevirt service accounts should verify permissions on subresources are correct for view, edit, admin and default on vmi guestosinfo" classname="Tests Suite" time="0">
          <skipped></skipped>
      </testcase>
      <testcase name="[rfe_id:500][crit:high][arm64][vendor:cnv-qe@redhat.com][level:component][sig-compute]User Access With default kubevirt service accounts should verify permissions on subresources are correct for view, edit, admin and default on vmi userlist" classname="Tests Suite" time="0">
          <skipped></skipped>
      </testcase>
      <testcase name="[rfe_id:500][crit:high][arm64][vendor:cnv-qe@redhat.com][level:component][sig-compute]User Access With default kubevirt service accounts should verify permissions on subresources are correct for view, edit, admin and default on vmi filesystemlist" classname="Tests Suite" time="0">
          <skipped></skipped>
      </testcase>
      <testcase name="[rfe_id:500][crit:high][arm64][vendor:cnv-qe@redhat.com][level:component][sig-compute]User Access With default kubevirt service accounts should verify permissions on subresources are correct for view, edit, admin and default on vmi addvolume" classname="Tests Suite" time="0">
          <skipped></skipped>
      </testcase>
      <testcase name="[rfe_id:500][crit:high][arm64][vendor:cnv-qe@redhat.com][level:component][sig-compute]User Access With default kubevirt service accounts should verify permissions on subresources are correct for view, edit, admin and default on vmi removevolume" classname="Tests Suite" time="0">
          <skipped></skipped>
      </testcase>
      <testcase name="[rfe_id:500][crit:high][arm64][vendor:cnv-qe@redhat.com][level:component][sig-compute]User Access With default kubevirt service accounts should verify permissions on subresources are correct for view, edit, admin and default on vmi freeze" classname="Tests Suite" time="0">
          <skipped></skipped>
      </testcase>
      <testcase name="[rfe_id:500][crit:high][arm64][vendor:cnv-qe@redhat.com][level:component][sig-compute]User Access With default kubevirt service accounts should verify permissions on subresources are correct for view, edit, admin and default on vmi unfreeze" classname="Tests Suite" time="0">
          <skipped></skipped>
      </testcase>
      <testcase name="[rfe_id:500][crit:high][arm64][vendor:cnv-qe@redhat.com][level:component][sig-compute]User Access With default kubevirt service accounts should verify permissions on subresources are correct for view, edit, admin and default on vmi softreboot" classname="Tests Suite" time="0">
          <skipped></skipped>
      </testcase>
      <testcase name="[rfe_id:500][crit:high][arm64][vendor:cnv-qe@redhat.com][level:component][sig-compute]User Access With default kubevirt service accounts should verify permissions on subresources are correct for view, edit, admin and default on vmi portforward" classname="Tests Suite" time="0">
          <skipped></skipped>
      </testcase>
      <testcase name="[rfe_id:500][crit:high][arm64][vendor:cnv-qe@redhat.com][level:component][sig-compute]User Access With default kubevirt service accounts should verify permissions on subresources are correct for view, edit, admin and default on vmi vsock" classname="Tests Suite" time="0">
          <skipped></skipped>
      </testcase>
      <testcase name="[rfe_id:500][crit:high][arm64][vendor:cnv-qe@redhat.com][level:component][sig-compute]User Access With default kubevirt service accounts should verify permissions on subresources are correct for view, edit, admin and default on expand-vm-spec" classname="Tests Suite" time="0">
          <skipped></skipped>
      </testcase>
      <testcase name="[rfe_id:500][crit:high][arm64][vendor:cnv-qe@redhat.com][level:component][sig-compute]User Access With default kubevirt service accounts should verify permissions on subresources are correct for view, edit, admin and default on vmi sev/fetchcertchain" classname="Tests Suite" time="0">
          <skipped></skipped>
      </testcase>
      <testcase name="[rfe_id:500][crit:high][arm64][vendor:cnv-qe@redhat.com][level:component][sig-compute]User Access With default kubevirt service accounts should verify permissions on subresources are correct for view, edit, admin and default on vmi sev/querylaunchmeasurement" classname="Tests Suite" time="0">
          <skipped></skipped>
      </testcase>
      <testcase name="[rfe_id:500][crit:high][arm64][vendor:cnv-qe@redhat.com][level:component][sig-compute]User Access With default kubevirt service accounts should verify permissions on subresources are correct for view, edit, admin and default on vmi sev/setupsession" classname="Tests Suite" time="0">
          <skipped></skipped>
      </testcase>
      <testcase name="[rfe_id:500][crit:high][arm64][vendor:cnv-qe@redhat.com][level:component][sig-compute]User Access With default kubevirt service accounts should verify permissions on subresources are correct for view, edit, admin and default on vmi sev/injectlaunchsecret" classname="Tests Suite" time="0">
          <skipped></skipped>
      </testcase>
      <testcase name="[rfe_id:500][crit:high][arm64][vendor:cnv-qe@redhat.com][level:component][sig-compute]User Access With default kubevirt service accounts should verify permissions on subresources are correct for view, edit, admin and default on vmi usbredir" classname="Tests Suite" time="0">
          <skipped></skipped>
      </testcase>
      <testcase name="[rfe_id:899][crit:medium][vendor:cnv-qe@redhat.com][level:component][sig-compute]Config With a ConfigMap defined With a single volume [test_id:782]Should be the fs layout the same for a pod and vmi" classname="Tests Suite" time="0">
          <skipped></skipped>
      </testcase>
      <testcase name="[rfe_id:899][crit:medium][vendor:cnv-qe@redhat.com][level:component][sig-compute]Config With a ConfigMap defined With multiple volumes [test_id:783]Should start VMI with multiple ConfigMaps" classname="Tests Suite" time="0">
          <skipped></skipped>
      </testcase>
      <testcase name="[rfe_id:899][crit:medium][vendor:cnv-qe@redhat.com][level:component][sig-compute]Config With a Secret defined With a single volume [test_id:779]Should be the fs layout the same for a pod and vmi" classname="Tests Suite" time="0">
          <skipped></skipped>
      </testcase>
      <testcase name="[rfe_id:899][crit:medium][vendor:cnv-qe@redhat.com][level:component][sig-compute]Config With a Secret defined With multiple volumes [test_id:780]Should start VMI with multiple Secrets" classname="Tests Suite" time="0">
          <skipped></skipped>
      </testcase>
      <testcase name="[rfe_id:899][crit:medium][vendor:cnv-qe@redhat.com][level:component][sig-compute]Config With a ServiceAccount defined [test_id:998]Should be the namespace and token the same for a pod and vmi" classname="Tests Suite" time="0">
          <skipped></skipped>
      </testcase>
      <testcase name="[rfe_id:899][crit:medium][vendor:cnv-qe@redhat.com][level:component][sig-compute]Config With a Secret and a ConfigMap defined With a single volume [test_id:786]Should be that cfgMap and secret fs layout same for the pod and vmi" classname="Tests Suite" time="0">
          <skipped></skipped>
      </testcase>
      <testcase name="[rfe_id:899][crit:medium][vendor:cnv-qe@redhat.com][level:component][sig-compute]Config With SSH Keys as a Secret defined With a single volume [test_id:778]Should be the fs layout the same for a pod and vmi" classname="Tests Suite" time="0">
          <skipped></skipped>
      </testcase>
      <testcase name="[rfe_id:899][crit:medium][vendor:cnv-qe@redhat.com][level:component][sig-compute]Config With a DownwardAPI defined [test_id:790]Should be the namespace and token the same for a pod and vmi" classname="Tests Suite" time="0">
          <skipped></skipped>
      </testcase>
      <testcase name="[sig-compute] vitiofs config volumes With a single ConfigMap volume Should be the mounted virtiofs layout the same for a pod and vmi" classname="Tests Suite" time="0">
          <skipped></skipped>
      </testcase>
      <testcase name="[sig-compute] vitiofs config volumes With a single Secret volume Should be the mounted virtiofs layout the same for a pod and vmi" classname="Tests Suite" time="0">
          <skipped></skipped>
      </testcase>
      <testcase name="[sig-compute] vitiofs config volumes With a ServiceAccount defined Should be the namespace and token the same for a pod and vmi with virtiofs" classname="Tests Suite" time="0">
          <skipped></skipped>
      </testcase>
      <testcase name="[sig-compute] vitiofs config volumes With a DownwardAPI defined Should be the namespace and token the same for a pod and vmi with virtiofs" classname="Tests Suite" time="0">
          <skipped></skipped>
      </testcase>
      <testcase name="[sig-network] [rfe_id:694][crit:medium][vendor:cnv-qe@redhat.com][level:component]Networking Multiple virtual machines connectivity using bridge binding interface with a test outbound VMI should be able to reach [test_id:1539]the Inbound VirtualMachineInstance" classname="Tests Suite" time="0">
          <skipped></skipped>
      </testcase>
      <testcase name="[sig-network] [rfe_id:694][crit:medium][vendor:cnv-qe@redhat.com][level:component]Networking Multiple virtual machines connectivity using bridge binding interface with a test outbound VMI should be able to reach [test_id:1540]the Inbound VirtualMachineInstance with pod network connectivity explicitly set" classname="Tests Suite" time="0">
          <skipped></skipped>
      </testcase>
      <testcase name="[sig-network] [rfe_id:694][crit:medium][vendor:cnv-qe@redhat.com][level:component]Networking Multiple virtual machines connectivity using bridge binding interface with a test outbound VMI should be able to reach [test_id:1541]the Inbound VirtualMachineInstance with custom MAC address" classname="Tests Suite" time="0">
          <skipped></skipped>
      </testcase>
      <testcase name="[sig-network] [rfe_id:694][crit:medium][vendor:cnv-qe@redhat.com][level:component]Networking Multiple virtual machines connectivity using bridge binding interface with propagated IP from a pod should be able to reach [test_id:1543]on the same node from Pod" classname="Tests Suite" time="0">
          <skipped></skipped>
      </testcase>
      <testcase name="[sig-network] [rfe_id:694][crit:medium][vendor:cnv-qe@redhat.com][level:component]Networking Multiple virtual machines connectivity using bridge binding interface with propagated IP from a pod should be able to reach [test_id:1544]on a different node from Pod" classname="Tests Suite" time="0">
          <skipped></skipped>
      </testcase>
      <testcase name="[sig-network] [rfe_id:694][crit:medium][vendor:cnv-qe@redhat.com][level:component]Networking Multiple virtual machines connectivity using bridge binding interface with propagated IP from a pod should be able to reach [test_id:1545]on the same node from Node" classname="Tests Suite" time="0">
          <skipped></skipped>
      </testcase>
      <testcase name="[sig-network] [rfe_id:694][crit:medium][vendor:cnv-qe@redhat.com][level:component]Networking Multiple virtual machines connectivity using bridge binding interface with propagated IP from a pod should be able to reach [test_id:1546]on a different node from Node" classname="Tests Suite" time="0">
          <skipped></skipped>
      </testcase>
      <testcase name="[sig-network] [rfe_id:694][crit:medium][vendor:cnv-qe@redhat.com][level:component]Networking Multiple virtual machines connectivity using bridge binding interface VirtualMachineInstance with default interface model [test_id:1550]should expose the right device type to the guest" classname="Tests Suite" time="0">
          <skipped></skipped>
      </testcase>
      <testcase name="[sig-network] [rfe_id:694][crit:medium][vendor:cnv-qe@redhat.com][level:component]Networking VirtualMachineInstance with custom interface model [test_id:1770]should expose the right device type to the guest" classname="Tests Suite" time="0">
          <skipped></skipped>
      </testcase>
      <testcase name="[sig-network] [rfe_id:694][crit:medium][vendor:cnv-qe@redhat.com][level:component]Networking VirtualMachineInstance with disabled automatic attachment of interfaces [test_id:1774]should not configure any external interfaces" classname="Tests Suite" time="0">
          <skipped></skipped>
      </testcase>
      <testcase name="[sig-network] [rfe_id:694][crit:medium][vendor:cnv-qe@redhat.com][level:component]Networking VirtualMachineInstance with disabled automatic attachment of interfaces [test_id:1775]should start a VMI with no network" classname="Tests Suite" time="0">
          <skipped></skipped>
      </testcase>
      <testcase name="[sig-network] [rfe_id:694][crit:medium][vendor:cnv-qe@redhat.com][level:component]Networking VMI with an interface that has ACPI Index set" classname="Tests Suite" time="0">
          <skipped></skipped>
      </testcase>
      <testcase name="[sig-network] [rfe_id:694][crit:medium][vendor:cnv-qe@redhat.com][level:component]Networking VirtualMachineInstance with learning disabled on pod interface [test_id:1777]should disable learning on pod iface" classname="Tests Suite" time="0">
          <skipped></skipped>
      </testcase>
      <testcase name="[sig-network] [rfe_id:694][crit:medium][vendor:cnv-qe@redhat.com][level:component]Networking VirtualMachineInstance with dhcp options [test_id:1778]should offer extra dhcp options to pod iface" classname="Tests Suite" time="0">
          <skipped></skipped>
      </testcase>
      <testcase name="[sig-network] [rfe_id:694][crit:medium][vendor:cnv-qe@redhat.com][level:component]Networking VirtualMachineInstance with custom dns [test_id:1779]should have custom resolv.conf" classname="Tests Suite" time="0">
          <skipped></skipped>
      </testcase>
      <testcase name="[sig-network] [rfe_id:694][crit:medium][vendor:cnv-qe@redhat.com][level:component]Networking VirtualMachineInstance with masquerade binding mechanism [Conformance][test_id:1780][label:masquerade_binding_connectivity]should allow regular network connection ipv4 with a specific port number [IPv4]" classname="Tests Suite" time="0">
          <skipped></skipped>
      </testcase>
      <testcase name="[sig-network] [rfe_id:694][crit:medium][vendor:cnv-qe@redhat.com][level:component]Networking VirtualMachineInstance with masquerade binding mechanism [Conformance][test_id:1780][label:masquerade_binding_connectivity]should allow regular network connection ipv4 with a specific port used by live migration" classname="Tests Suite" time="0">
          <skipped></skipped>
      </testcase>
      <testcase name="[sig-network] [rfe_id:694][crit:medium][vendor:cnv-qe@redhat.com][level:component]Networking VirtualMachineInstance with masquerade binding mechanism [Conformance][test_id:1780][label:masquerade_binding_connectivity]should allow regular network connection ipv4 without a specific port number [IPv4]" classname="Tests Suite" time="0">
          <skipped></skipped>
      </testcase>
      <testcase name="[sig-network] [rfe_id:694][crit:medium][vendor:cnv-qe@redhat.com][level:component]Networking VirtualMachineInstance with masquerade binding mechanism [Conformance][test_id:1780][label:masquerade_binding_connectivity]should allow regular network connection ipv4 with custom CIDR [IPv4]" classname="Tests Suite" time="0">
          <skipped></skipped>
      </testcase>
      <testcase name="[sig-network] [rfe_id:694][crit:medium][vendor:cnv-qe@redhat.com][level:component]Networking VirtualMachineInstance with masquerade binding mechanism [Conformance][test_id:1780][label:masquerade_binding_connectivity]should allow regular network connection ipv4 with custom CIDR [IPv4] containing leading zeros" classname="Tests Suite" time="0">
          <skipped></skipped>
      </testcase>
      <testcase name="[sig-network] [rfe_id:694][crit:medium][vendor:cnv-qe@redhat.com][level:component]Networking VirtualMachineInstance with masquerade binding mechanism [Conformance][test_id:1780][label:masquerade_binding_connectivity]should allow regular network connection [outside_connectivity]should be able to reach the outside world [IPv4]" classname="Tests Suite" time="0">
          <skipped></skipped>
      </testcase>
      <testcase name="[sig-network] [rfe_id:694][crit:medium][vendor:cnv-qe@redhat.com][level:component]Networking VirtualMachineInstance with masquerade binding mechanism [Conformance][test_id:1780][label:masquerade_binding_connectivity]should allow regular network connection IPv6 with a specific port number [IPv6]" classname="Tests Suite" time="0">
          <skipped></skipped>
      </testcase>
      <testcase name="[sig-network] [rfe_id:694][crit:medium][vendor:cnv-qe@redhat.com][level:component]Networking VirtualMachineInstance with masquerade binding mechanism [Conformance][test_id:1780][label:masquerade_binding_connectivity]should allow regular network connection IPv6 with a specific port used by live migration" classname="Tests Suite" time="0">
          <skipped></skipped>
      </testcase>
      <testcase name="[sig-network] [rfe_id:694][crit:medium][vendor:cnv-qe@redhat.com][level:component]Networking VirtualMachineInstance with masquerade binding mechanism [Conformance][test_id:1780][label:masquerade_binding_connectivity]should allow regular network connection IPv6 without a specific port number [IPv6]" classname="Tests Suite" time="0">
          <skipped></skipped>
      </testcase>
      <testcase name="[sig-network] [rfe_id:694][crit:medium][vendor:cnv-qe@redhat.com][level:component]Networking VirtualMachineInstance with masquerade binding mechanism [Conformance][test_id:1780][label:masquerade_binding_connectivity]should allow regular network connection IPv6 with custom CIDR [IPv6]" classname="Tests Suite" time="0">
          <skipped></skipped>
      </testcase>
      <testcase name="[sig-network] [rfe_id:694][crit:medium][vendor:cnv-qe@redhat.com][level:component]Networking VirtualMachineInstance with masquerade binding mechanism [Conformance][test_id:1780][label:masquerade_binding_connectivity]should allow regular network connection [outside_connectivity]should be able to reach the outside world [IPv6]" classname="Tests Suite" time="0">
          <skipped></skipped>
      </testcase>
      <testcase name="[sig-network] [rfe_id:694][crit:medium][vendor:cnv-qe@redhat.com][level:component]Networking VirtualMachineInstance with masquerade binding mechanism when performing migration [Conformance] preserves connectivity - IPv4 without a specific port number" classname="Tests Suite" time="0">
          <skipped></skipped>
      </testcase>
      <testcase name="[sig-network] [rfe_id:694][crit:medium][vendor:cnv-qe@redhat.com][level:component]Networking VirtualMachineInstance with masquerade binding mechanism when performing migration [Conformance] preserves connectivity - IPv4 with explicit ports used by live migration" classname="Tests Suite" time="0">
          <skipped></skipped>
      </testcase>
      <testcase name="[sig-network] [rfe_id:694][crit:medium][vendor:cnv-qe@redhat.com][level:component]Networking VirtualMachineInstance with masquerade binding mechanism when performing migration [Conformance] should preserve connectivity - IPv6" classname="Tests Suite" time="0">
          <skipped></skipped>
      </testcase>
      <testcase name="[sig-network] [rfe_id:694][crit:medium][vendor:cnv-qe@redhat.com][level:component]Networking VirtualMachineInstance with masquerade binding mechanism MTU verification should have the correct MTU IPv4" classname="Tests Suite" time="0">
          <skipped></skipped>
      </testcase>
      <testcase name="[sig-network] [rfe_id:694][crit:medium][vendor:cnv-qe@redhat.com][level:component]Networking VirtualMachineInstance with masquerade binding mechanism MTU verification should have the correct MTU IPv6" classname="Tests Suite" time="0">
          <skipped></skipped>
      </testcase>
      <testcase name="[sig-network] [rfe_id:694][crit:medium][vendor:cnv-qe@redhat.com][level:component]Networking VirtualMachineInstance with TX offload disabled [test_id:1781]should have tx checksumming disabled on interface serving dhcp" classname="Tests Suite" time="0">
          <skipped></skipped>
      </testcase>
      <testcase name="[sig-monitoring][rfe_id:3187][crit:medium][vendor:cnv-qe@redhat.com][level:component]Prometheus scraped metrics [test_id:4135]should find VMI namespace on namespace label of the metric" classname="Tests Suite" time="0">
          <skipped></skipped>
      </testcase>
      <testcase name="[sig-storage] VirtualMachineSnapshot Tests With simple VM [test_id:4609]should successfully create a snapshot" classname="Tests Suite" time="0">
          <skipped></skipped>
      </testcase>
      <testcase name="[sig-storage] VirtualMachineSnapshot Tests With simple VM [test_id:4610]create a snapshot when VM is running should succeed" classname="Tests Suite" time="0">
          <skipped></skipped>
      </testcase>
      <testcase name="[sig-storage] VirtualMachineSnapshot Tests With simple VM should create a snapshot when VM runStrategy is Manual" classname="Tests Suite" time="0">
          <skipped></skipped>
      </testcase>
      <testcase name="[sig-storage] VirtualMachineSnapshot Tests With simple VM VM should contain snapshot status for all volumes" classname="Tests Suite" time="0">
          <skipped></skipped>
      </testcase>
      <testcase name="[sig-storage] VirtualMachineSnapshot Tests [storage-req] With online vm snapshot [test_id:6767]with volumes and guest agent available" classname="Tests Suite" time="0">
          <skipped></skipped>
      </testcase>
      <testcase name="[sig-storage] VirtualMachineSnapshot Tests [storage-req] With online vm snapshot [test_id:6768]with volumes and no guest agent available" classname="Tests Suite" time="0">
          <skipped></skipped>
      </testcase>
      <testcase name="[sig-storage] VirtualMachineSnapshot Tests [storage-req] With online vm snapshot [test_id:6769]without volumes with guest agent available" classname="Tests Suite" time="0">
          <skipped></skipped>
      </testcase>
      <testcase name="[sig-storage] VirtualMachineSnapshot Tests [storage-req] With online vm snapshot [test_id:6837]delete snapshot after freeze, expect vm unfreeze" classname="Tests Suite" time="0">
          <skipped></skipped>
      </testcase>
      <testcase name="[sig-storage] VirtualMachineSnapshot Tests [storage-req] With online vm snapshot [test_id:6949]should unfreeze vm if snapshot fails when deadline exceeded" classname="Tests Suite" time="0">
          <skipped></skipped>
      </testcase>
      <testcase name="[sig-storage] VirtualMachineSnapshot Tests [storage-req] With online vm snapshot [test_id:7472]should succeed online snapshot with hot plug disk" classname="Tests Suite" time="0">
          <skipped></skipped>
      </testcase>
      <testcase name="[sig-storage] VirtualMachineSnapshot Tests [storage-req] With online vm snapshot should report appropriate event when freeze fails" classname="Tests Suite" time="0">
          <skipped></skipped>
      </testcase>
      <testcase name="[sig-storage] VirtualMachineSnapshot Tests [storage-req] With online vm snapshot Calling Velero hooks should freeze/unfreeze VM" classname="Tests Suite" time="0">
          <skipped></skipped>
      </testcase>
      <testcase name="[sig-storage] VirtualMachineSnapshot Tests [storage-req] With online vm snapshot [test_id:9647]Calling Velero hooks should not error if no guest agent" classname="Tests Suite" time="0">
          <skipped></skipped>
      </testcase>
      <testcase name="[sig-storage] VirtualMachineSnapshot Tests [storage-req] With online vm snapshot Calling Velero hooks should error if VM is Paused" classname="Tests Suite" time="0">
          <skipped></skipped>
      </testcase>
      <testcase name="[sig-storage] VirtualMachineSnapshot Tests [storage-req] With online vm snapshot with memory dump [test_id:8922]should include memory dump in vm snapshot" classname="Tests Suite" time="0">
          <skipped></skipped>
      </testcase>
      <testcase name="[sig-storage] VirtualMachineSnapshot Tests [storage-req] With more complicated VM should successfully recreate status" classname="Tests Suite" time="0">
          <skipped></skipped>
      </testcase>
      <testcase name="[sig-storage] VirtualMachineSnapshot Tests [storage-req] With more complicated VM VM should contain snapshot status for all volumes" classname="Tests Suite" time="0">
          <skipped></skipped>
      </testcase>
      <testcase name="[sig-storage] VirtualMachineSnapshot Tests [storage-req] With more complicated VM should error if VolumeSnapshot deleted" classname="Tests Suite" time="0">
          <skipped></skipped>
      </testcase>
      <testcase name="[sig-storage] VirtualMachineSnapshot Tests [storage-req] With more complicated VM should not error if VolumeSnapshot has error" classname="Tests Suite" time="0">
          <skipped></skipped>
      </testcase>
      <testcase name="[sig-storage] VirtualMachineSnapshot Tests [storage-req] With more complicated VM [test_id:6952]snapshot change phase to in progress and succeeded and then should not fail" classname="Tests Suite" time="0">
          <skipped></skipped>
      </testcase>
      <testcase name="[sig-storage] VirtualMachineSnapshot Tests [storage-req] With more complicated VM [test_id:6838]snapshot should fail when deadline exceeded due to volume snapshots failure" classname="Tests Suite" time="0">
          <skipped></skipped>
      </testcase>
      <testcase name="[sig-storage] VirtualMachineSnapshot Tests [storage-req] vmsnapshot should update error if vmsnapshotcontent is unready to use and error" classname="Tests Suite" time="0">
          <skipped></skipped>
      </testcase>
      <testcase name="[sig-storage] VirtualMachineSnapshot Tests [storage-req] with independent DataVolume should accurately report DataVolume provisioning with DataVolume volume" classname="Tests Suite" time="0">
          <skipped></skipped>
      </testcase>
      <testcase name="[sig-storage] VirtualMachineSnapshot Tests [storage-req] with independent DataVolume should accurately report DataVolume provisioning with PVC volume" classname="Tests Suite" time="0">
          <skipped></skipped>
      </testcase>
      <testcase name="[sig-storage] VirtualMachineSnapshot Tests [storage-req] with independent DataVolume [test_id:9705]Should show included and excluded volumes in the snapshot" classname="Tests Suite" time="0">
          <skipped></skipped>
      </testcase>
      <testcase name="[sig-storage] VirtualMachineSnapshot Tests [storage-req] With VM using instancetype and preferences Bug #8435 - should create a snapshot successfully with running source VM" classname="Tests Suite" time="0">
          <skipped></skipped>
      </testcase>
      <testcase name="[sig-storage] VirtualMachineSnapshot Tests [storage-req] With VM using instancetype and preferences Bug #8435 - should create a snapshot successfully with stopped source VM" classname="Tests Suite" time="0">
          <skipped></skipped>
      </testcase>
      <testcase name="[sig-storage] Storage Starting a VirtualMachineInstance [rfe_id:3106][crit:medium][vendor:cnv-qe@redhat.com][level:component]with Alpine PVC should be successfully started [test_id:3130]with Disk PVC" classname="Tests Suite" time="0">
          <skipped></skipped>
      </testcase>
      <testcase name="[sig-storage] Storage Starting a VirtualMachineInstance [rfe_id:3106][crit:medium][vendor:cnv-qe@redhat.com][level:component]with Alpine PVC should be successfully started [test_id:3131]with CDRom PVC" classname="Tests Suite" time="0">
          <skipped></skipped>
      </testcase>
      <testcase name="[sig-storage] Storage Starting a VirtualMachineInstance [rfe_id:3106][crit:medium][vendor:cnv-qe@redhat.com][level:component]with Alpine PVC should be successfully started [test_id:4618]with NFS Disk PVC using ipv4 address of the NFS pod" classname="Tests Suite" time="0">
          <skipped></skipped>
      </testcase>
      <testcase name="[sig-storage] Storage Starting a VirtualMachineInstance [rfe_id:3106][crit:medium][vendor:cnv-qe@redhat.com][level:component]with Alpine PVC should be successfully started and stopped multiple times [test_id:3132]with Disk PVC" classname="Tests Suite" time="0">
          <skipped></skipped>
      </testcase>
      <testcase name="[sig-storage] Storage Starting a VirtualMachineInstance [rfe_id:3106][crit:medium][vendor:cnv-qe@redhat.com][level:component]with Alpine PVC should be successfully started and stopped multiple times [test_id:3133]with CDRom PVC" classname="Tests Suite" time="0">
          <skipped></skipped>
      </testcase>
      <testcase name="[sig-storage] Storage Starting a VirtualMachineInstance [rfe_id:3106][crit:medium][vendor:cnv-qe@redhat.com][level:component]With an emptyDisk defined [test_id:3134]should create a writeable emptyDisk with the right capacity" classname="Tests Suite" time="0">
          <skipped></skipped>
      </testcase>
      <testcase name="[sig-storage] Storage Starting a VirtualMachineInstance [rfe_id:3106][crit:medium][vendor:cnv-qe@redhat.com][level:component]With an emptyDisk defined and a specified serial number [test_id:3135]should create a writeable emptyDisk with the specified serial number" classname="Tests Suite" time="0">
          <skipped></skipped>
      </testcase>
      <testcase name="[sig-storage] Storage Starting a VirtualMachineInstance [rfe_id:3106][crit:medium][vendor:cnv-qe@redhat.com][level:component]With ephemeral alpine PVC should be successfully started [test_id:3136]with Ephemeral PVC" classname="Tests Suite" time="0">
          <skipped></skipped>
      </testcase>
      <testcase name="[sig-storage] Storage Starting a VirtualMachineInstance [rfe_id:3106][crit:medium][vendor:cnv-qe@redhat.com][level:component]With ephemeral alpine PVC should be successfully started [test_id:4619]with Ephemeral PVC from NFS using ipv4 address of the NFS pod" classname="Tests Suite" time="0">
          <skipped></skipped>
      </testcase>
      <testcase name="[sig-storage] Storage Starting a VirtualMachineInstance [rfe_id:3106][crit:medium][vendor:cnv-qe@redhat.com][level:component]With ephemeral alpine PVC should be successfully started with Ephemeral PVC from NFS using ipv6 address of the NFS pod" classname="Tests Suite" time="0">
          <skipped></skipped>
      </testcase>
      <testcase name="[sig-storage] Storage Starting a VirtualMachineInstance [rfe_id:3106][crit:medium][vendor:cnv-qe@redhat.com][level:component]With ephemeral alpine PVC [test_id:3137]should not persist data" classname="Tests Suite" time="0">
          <skipped></skipped>
      </testcase>
      <testcase name="[sig-storage] Storage Starting a VirtualMachineInstance [rfe_id:3106][crit:medium][vendor:cnv-qe@redhat.com][level:component]With VirtualMachineInstance with two PVCs [test_id:3138]should start vmi multiple times" classname="Tests Suite" time="0">
          <skipped></skipped>
      </testcase>
      <testcase name="[sig-storage] Storage Starting a VirtualMachineInstance [rfe_id:2298][crit:medium][vendor:cnv-qe@redhat.com][level:component] With HostDisk and PVC initialization With a HostDisk defined With &#39;DiskExistsOrCreate&#39; type Should create a disk image and start [test_id:851]with virtio driver" classname="Tests Suite" time="0">
          <skipped></skipped>
      </testcase>
      <testcase name="[sig-storage] Storage Starting a VirtualMachineInstance [rfe_id:2298][crit:medium][vendor:cnv-qe@redhat.com][level:component] With HostDisk and PVC initialization With a HostDisk defined With &#39;DiskExistsOrCreate&#39; type Should create a disk image and start [test_id:3057]with sata driver" classname="Tests Suite" time="0">
          <skipped></skipped>
      </testcase>
      <testcase name="[sig-storage] Storage Starting a VirtualMachineInstance [rfe_id:2298][crit:medium][vendor:cnv-qe@redhat.com][level:component] With HostDisk and PVC initialization With a HostDisk defined With &#39;DiskExistsOrCreate&#39; type [test_id:3107]should start with multiple hostdisks in the same directory" classname="Tests Suite" time="0">
          <skipped></skipped>
      </testcase>
      <testcase name="[sig-storage] Storage Starting a VirtualMachineInstance [rfe_id:2298][crit:medium][vendor:cnv-qe@redhat.com][level:component] With HostDisk and PVC initialization With a HostDisk defined With &#39;DiskExists&#39; type [test_id:2306]Should use existing disk image and start" classname="Tests Suite" time="0">
          <skipped></skipped>
      </testcase>
      <testcase name="[sig-storage] Storage Starting a VirtualMachineInstance [rfe_id:2298][crit:medium][vendor:cnv-qe@redhat.com][level:component] With HostDisk and PVC initialization With a HostDisk defined With &#39;DiskExists&#39; type [test_id:847]Should fail with a capacity option" classname="Tests Suite" time="0">
          <skipped></skipped>
      </testcase>
      <testcase name="[sig-storage] Storage Starting a VirtualMachineInstance [rfe_id:2298][crit:medium][vendor:cnv-qe@redhat.com][level:component] With HostDisk and PVC initialization With a HostDisk defined With unknown hostDisk type [test_id:852]Should fail to start VMI" classname="Tests Suite" time="0">
          <skipped></skipped>
      </testcase>
      <testcase name="[sig-storage] Storage Starting a VirtualMachineInstance [rfe_id:2298][crit:medium][vendor:cnv-qe@redhat.com][level:component] With HostDisk and PVC initialization With multiple empty PVCs [test_id:868] Should initialize an empty PVC by creating a disk.img" classname="Tests Suite" time="0">
          <skipped></skipped>
      </testcase>
      <testcase name="[sig-storage] Storage Starting a VirtualMachineInstance [rfe_id:2288][crit:high][vendor:cnv-qe@redhat.com][level:component][storage-req] With Cirros BlockMode PVC [test_id:1015]should be successfully started" classname="Tests Suite" time="0">
          <skipped></skipped>
      </testcase>
      <testcase name="[sig-storage] Storage Starting a VirtualMachineInstance [storage-req][rfe_id:2288][crit:high][vendor:cnv-qe@redhat.com][level:component]With Alpine block volume PVC [test_id:3139]should be successfully started" classname="Tests Suite" time="0">
          <skipped></skipped>
      </testcase>
      <testcase name="[sig-storage] Storage Starting a VirtualMachineInstance [rfe_id:2288][crit:high][arm64][vendor:cnv-qe@redhat.com][level:component] With not existing PVC [test_id:1040] should get unschedulable condition" classname="Tests Suite" time="0">
          <skipped></skipped>
      </testcase>
      <testcase name="[sig-storage] Storage Starting a VirtualMachineInstance With both SCSI and SATA devices should successfully start with distinct device names" classname="Tests Suite" time="0">
          <skipped></skipped>
      </testcase>
      <testcase name="[sig-storage] Storage Starting a VirtualMachineInstance With both SCSI and SATA devices With a USB device [test_id:9797]should successfully start and have the USB storage device attached" classname="Tests Suite" time="0">
          <skipped></skipped>
      </testcase>
      <testcase name="[sig-storage] Storage Starting a VirtualMachineInstance [storage-req] With a volumeMode block backed ephemeral disk should generate the pod with the volumeDevice" classname="Tests Suite" time="0">
          <skipped></skipped>
      </testcase>
      <testcase name="[sig-storage] Storage Starting a VirtualMachineInstance disk shareable tunable should successfully start 2 VMs with a shareable disk" classname="Tests Suite" time="0">
          <skipped></skipped>
      </testcase>
      <testcase name="[sig-storage] Storage Starting a VirtualMachineInstance write and read data from a shared disk should successfully write and read data" classname="Tests Suite" time="0">
          <skipped></skipped>
      </testcase>
      <testcase name="[sig-monitoring]Metrics Prometheus metrics should contain virt components metrics" classname="Tests Suite" time="0">
          <skipped></skipped>
      </testcase>
      <testcase name="[sig-compute]AMD Secure Encrypted Virtualization (SEV) lifecycle should start a SEV or SEV-ES VM It should launch with base SEV features enabled" classname="Tests Suite" time="0">
          <skipped></skipped>
      </testcase>
      <testcase name="[sig-compute]AMD Secure Encrypted Virtualization (SEV) lifecycle should start a SEV or SEV-ES VM It should launch with SEV-ES features enabled" classname="Tests Suite" time="0">
          <skipped></skipped>
      </testcase>
      <testcase name="[sig-compute]AMD Secure Encrypted Virtualization (SEV) lifecycle should run guest attestation" classname="Tests Suite" time="0">
          <skipped></skipped>
      </testcase>
      <testcase name="[sig-compute]Pod Disruption Budget (PDB) should ensure the Pod Disruption Budget (PDB) is deleted when the VM is stopped via guest OS" classname="Tests Suite" time="0">
          <skipped></skipped>
      </testcase>
      <testcase name="[sig-compute]VirtualMachinePool pool should scale to three, to two and then to zero replicas" classname="Tests Suite" time="0">
          <skipped></skipped>
      </testcase>
      <testcase name="[sig-compute]VirtualMachinePool pool should scale to five, to six and then to zero replicas" classname="Tests Suite" time="0">
          <skipped></skipped>
      </testcase>
      <testcase name="[sig-compute]VirtualMachinePool should be rejected on POST if spec is invalid" classname="Tests Suite" time="0">
          <skipped></skipped>
      </testcase>
      <testcase name="[sig-compute]VirtualMachinePool should reject POST if vmi spec is invalid" classname="Tests Suite" time="0">
          <skipped></skipped>
      </testcase>
      <testcase name="[sig-compute]VirtualMachinePool should remove VMs once they are marked for deletion" classname="Tests Suite" time="0">
          <skipped></skipped>
      </testcase>
      <testcase name="[sig-compute]VirtualMachinePool should handle pool with dataVolumeTemplates" classname="Tests Suite" time="0">
          <skipped></skipped>
      </testcase>
      <testcase name="[sig-compute]VirtualMachinePool should replace deleted VM and get replacement" classname="Tests Suite" time="0">
          <skipped></skipped>
      </testcase>
      <testcase name="[sig-compute]VirtualMachinePool should roll out VM template changes without impacting VMI" classname="Tests Suite" time="0">
          <skipped></skipped>
      </testcase>
      <testcase name="[sig-compute]VirtualMachinePool should roll out VMI template changes and proactively roll out new VMIs" classname="Tests Suite" time="0">
          <skipped></skipped>
      </testcase>
      <testcase name="[sig-compute]VirtualMachinePool should remove owner references on the VirtualMachine if it is orphan deleted" classname="Tests Suite" time="0">
          <skipped></skipped>
      </testcase>
      <testcase name="[sig-compute]VirtualMachinePool should not scale when paused and scale when resume" classname="Tests Suite" time="0">
          <skipped></skipped>
      </testcase>
      <testcase name="[sig-compute]Health Monitoring A VirtualMachineInstance with a watchdog device [test_id:4641]should be shut down when the watchdog expires" classname="Tests Suite" time="0">
          <skipped></skipped>
      </testcase>
      <testcase name="[sig-compute]Subresource Api [rfe_id:1195][crit:medium][vendor:cnv-qe@redhat.com][level:component] Rbac Authorization with correct permissions [test_id:3170]should be allowed to access subresource endpoint" classname="Tests Suite" time="0">
          <skipped></skipped>
      </testcase>
      <testcase name="[sig-compute]Subresource Api [rfe_id:1195][crit:medium][vendor:cnv-qe@redhat.com][level:component] Rbac Authorization Without permissions [test_id:3171]should not be able to access subresource endpoint" classname="Tests Suite" time="0">
          <skipped></skipped>
      </testcase>
      <testcase name="[sig-compute]Subresource Api [rfe_id:1195][crit:medium][vendor:cnv-qe@redhat.com][level:component] Rbac Authorization For Version Command with authenticated user [test_id:3172]should be allowed to access subresource version endpoint" classname="Tests Suite" time="0">
          <skipped></skipped>
      </testcase>
      <testcase name="[sig-compute]Subresource Api [rfe_id:1195][crit:medium][vendor:cnv-qe@redhat.com][level:component] Rbac Authorization For Version Command Without permissions [test_id:3173]should be able to access subresource version endpoint" classname="Tests Suite" time="0">
          <skipped></skipped>
      </testcase>
      <testcase name="[sig-compute]Subresource Api [crit:medium][vendor:cnv-qe@redhat.com][level:component] Rbac Authorization For Guestfs Command with authenticated user should be allowed to access subresource guestfs endpoint" classname="Tests Suite" time="0">
          <skipped></skipped>
      </testcase>
      <testcase name="[sig-compute]Subresource Api [crit:medium][vendor:cnv-qe@redhat.com][level:component] Rbac Authorization For Guestfs Command Without permissions should be able to access subresource guestfs endpoint" classname="Tests Suite" time="0">
          <skipped></skipped>
      </testcase>
      <testcase name="[sig-compute]Subresource Api [crit:medium][vendor:cnv-qe@redhat.com][level:component] Rbac Authorization For Expand-Spec Command should be allowed to access expand-vm-spec endpoint with authenticated user" classname="Tests Suite" time="0">
          <skipped></skipped>
      </testcase>
      <testcase name="[sig-compute]Subresource Api [crit:medium][vendor:cnv-qe@redhat.com][level:component] Rbac Authorization For Expand-Spec Command should not be able to access expand-vm-spec endpoint without authenticated user" classname="Tests Suite" time="0">
          <skipped></skipped>
      </testcase>
      <testcase name="[sig-compute]Subresource Api [rfe_id:1177][crit:medium][vendor:cnv-qe@redhat.com][level:component] VirtualMachine subresource with a restart endpoint should return an error when VM is not running [test_id:1305][posneg:negative] with RunStrategyHalted" classname="Tests Suite" time="0">
          <skipped></skipped>
      </testcase>
      <testcase name="[sig-compute]Subresource Api [rfe_id:1177][crit:medium][vendor:cnv-qe@redhat.com][level:component] VirtualMachine subresource with a restart endpoint should return an error when VM is not running [test_id:3174] with RunStrategyManual" classname="Tests Suite" time="0">
          <skipped></skipped>
      </testcase>
      <testcase name="[sig-compute]Subresource Api [rfe_id:1177][crit:medium][vendor:cnv-qe@redhat.com][level:component] VirtualMachine subresource with a restart endpoint [test_id:2265][posneg:negative] should return an error when VM has not been found but VMI is running" classname="Tests Suite" time="0">
          <skipped></skipped>
      </testcase>
      <testcase name="[sig-compute]Subresource Api [rfe_id:1177][crit:medium][vendor:cnv-qe@redhat.com][level:component] VirtualMachine subresource [test_id:1529]should start a VirtualMachine only once" classname="Tests Suite" time="0">
          <skipped></skipped>
      </testcase>
      <testcase name="[sig-compute]Subresource Api [rfe_id:1177][crit:medium][vendor:cnv-qe@redhat.com][level:component] VirtualMachine subresource [test_id:1530]should stop a VirtualMachine only once" classname="Tests Suite" time="0">
          <skipped></skipped>
      </testcase>
      <testcase name="[sig-compute]Subresource Api [rfe_id:1177][crit:medium][vendor:cnv-qe@redhat.com][level:component] VirtualMachine subresource [test_id:3007][QUARANTINE] Should force restart a VM with terminationGracePeriodSeconds&gt;0" classname="Tests Suite" time="0">
          <skipped></skipped>
      </testcase>
      <testcase name="[sig-compute]Subresource Api [rfe_id:1177][crit:medium][vendor:cnv-qe@redhat.com][level:component] VirtualMachine subresource should force stop a VM with terminationGracePeriodSeconds&gt;0" classname="Tests Suite" time="0">
          <skipped></skipped>
      </testcase>
      <testcase name="[sig-compute]Subresource Api [rfe_id:1195][crit:medium][vendor:cnv-qe@redhat.com][level:component] the openapi spec for the subresources [test_id:3177]should be aggregated into the apiserver openapi spec" classname="Tests Suite" time="0">
          <skipped></skipped>
      </testcase>
      <testcase name="[sig-compute]Subresource Api VirtualMachineInstance subresource Freeze Unfreeze should fail [test_id:7476]Freeze without guest agent" classname="Tests Suite" time="0">
          <skipped></skipped>
      </testcase>
      <testcase name="[sig-compute]Subresource Api VirtualMachineInstance subresource Freeze Unfreeze should fail [test_id:7477]Unfreeze without guest agent" classname="Tests Suite" time="0">
          <skipped></skipped>
      </testcase>
      <testcase name="[sig-compute]Subresource Api VirtualMachineInstance subresource Freeze Unfreeze commands [test_id:7479]Freeze Unfreeze should succeed" classname="Tests Suite" time="0">
          <skipped></skipped>
      </testcase>
      <testcase name="[sig-compute]Subresource Api VirtualMachineInstance subresource Freeze Unfreeze commands [test_id:7480]Multi Freeze Unfreeze calls should succeed" classname="Tests Suite" time="0">
          <skipped></skipped>
      </testcase>
      <testcase name="[sig-compute]Subresource Api VirtualMachineInstance subresource Freeze Unfreeze commands Freeze without Unfreeze should trigger unfreeze after timeout" classname="Tests Suite" time="0">
          <skipped></skipped>
      </testcase>
      <testcase name="[sig-compute]Subresource Api ExpandSpec subresource instancetype with existing VM [test_id:TODO] should return unchanged VirtualMachine, if instancetype is not used" classname="Tests Suite" time="0">
          <skipped></skipped>
      </testcase>
      <testcase name="[sig-compute]Subresource Api ExpandSpec subresource instancetype with existing VM [test_id:TODO] should return VirtualMachine with instancetype expanded with VirtualMachineInstancetype" classname="Tests Suite" time="0">
          <skipped></skipped>
      </testcase>
      <testcase name="[sig-compute]Subresource Api ExpandSpec subresource instancetype with existing VM [test_id:TODO] should return VirtualMachine with instancetype expanded with VirtualMachineClusterInstancetype" classname="Tests Suite" time="0">
          <skipped></skipped>
      </testcase>
      <testcase name="[sig-compute]Subresource Api ExpandSpec subresource instancetype with passed VM in request [test_id:TODO] should return unchanged VirtualMachine, if instancetype is not used" classname="Tests Suite" time="0">
          <skipped></skipped>
      </testcase>
      <testcase name="[sig-compute]Subresource Api ExpandSpec subresource instancetype with passed VM in request [test_id:TODO] should return VirtualMachine with instancetype expanded with VirtualMachineInstancetype" classname="Tests Suite" time="0">
          <skipped></skipped>
      </testcase>
      <testcase name="[sig-compute]Subresource Api ExpandSpec subresource instancetype with passed VM in request [test_id:TODO] should return VirtualMachine with instancetype expanded with VirtualMachineClusterInstancetype" classname="Tests Suite" time="0">
          <skipped></skipped>
      </testcase>
      <testcase name="[sig-compute]Subresource Api ExpandSpec subresource instancetype with passed VM in request [test_id:TODO] should fail, if referenced instancetype does not exist with VirtualMachineInstancetype" classname="Tests Suite" time="0">
          <skipped></skipped>
      </testcase>
      <testcase name="[sig-compute]Subresource Api ExpandSpec subresource instancetype with passed VM in request [test_id:TODO] should fail, if referenced instancetype does not exist with VirtualMachineClusterInstancetype" classname="Tests Suite" time="0">
          <skipped></skipped>
      </testcase>
      <testcase name="[sig-compute]Subresource Api ExpandSpec subresource instancetype with passed VM in request [test_id:TODO] should fail, if instancetype expansion hits a conflict with VirtualMachineInstancetype" classname="Tests Suite" time="0">
          <skipped></skipped>
      </testcase>
      <testcase name="[sig-compute]Subresource Api ExpandSpec subresource instancetype with passed VM in request [test_id:TODO] should fail, if instancetype expansion hits a conflict with VirtualMachineClusterInstancetype" classname="Tests Suite" time="0">
          <skipped></skipped>
      </testcase>
      <testcase name="[sig-compute]Subresource Api ExpandSpec subresource instancetype with passed VM in request [test_id:TODO] should fail, if VM and endpoint namespace are different with VirtualMachineInstancetype" classname="Tests Suite" time="0">
          <skipped></skipped>
      </testcase>
      <testcase name="[sig-compute]Subresource Api ExpandSpec subresource instancetype with passed VM in request [test_id:TODO] should fail, if VM and endpoint namespace are different with VirtualMachineClusterInstancetype" classname="Tests Suite" time="0">
          <skipped></skipped>
      </testcase>
      <testcase name="[sig-compute]Subresource Api ExpandSpec subresource preference with existing VM [test_id:TODO] should return unchanged VirtualMachine, if preference is not used" classname="Tests Suite" time="0">
          <skipped></skipped>
      </testcase>
      <testcase name="[sig-compute]Subresource Api ExpandSpec subresource preference with existing VM [test_id:TODO] should return VirtualMachine with preference expanded with VirtualMachinePreference" classname="Tests Suite" time="0">
          <skipped></skipped>
      </testcase>
      <testcase name="[sig-compute]Subresource Api ExpandSpec subresource preference with existing VM [test_id:TODO] should return VirtualMachine with preference expanded with VirtualMachineClusterPreference" classname="Tests Suite" time="0">
          <skipped></skipped>
      </testcase>
      <testcase name="[sig-compute]Subresource Api ExpandSpec subresource preference with passed VM in request [test_id:TODO] should return unchanged VirtualMachine, if preference is not used" classname="Tests Suite" time="0">
          <skipped></skipped>
      </testcase>
      <testcase name="[sig-compute]Subresource Api ExpandSpec subresource preference with passed VM in request [test_id:TODO] should return VirtualMachine with preference expanded with VirtualMachinePreference" classname="Tests Suite" time="0">
          <skipped></skipped>
      </testcase>
      <testcase name="[sig-compute]Subresource Api ExpandSpec subresource preference with passed VM in request [test_id:TODO] should return VirtualMachine with preference expanded with VirtualMachineClusterPreference" classname="Tests Suite" time="0">
          <skipped></skipped>
      </testcase>
      <testcase name="[sig-compute]Subresource Api ExpandSpec subresource preference with passed VM in request [test_id:TODO] should fail, if referenced preference does not exist with VirtualMachinePreference" classname="Tests Suite" time="0">
          <skipped></skipped>
      </testcase>
      <testcase name="[sig-compute]Subresource Api ExpandSpec subresource preference with passed VM in request [test_id:TODO] should fail, if referenced preference does not exist with VirtualMachineClusterPreference" classname="Tests Suite" time="0">
          <skipped></skipped>
      </testcase>
      <testcase name="[sig-network] [crit:high][arm64][vendor:cnv-qe@redhat.com][level:component] [crit:high][vendor:cnv-qe@redhat.com][level:component]Creating a VirtualMachineInstance when virt-handler is responsive VMIs with Bridge Networking should work with Duplicate Address Detection (DAD)" classname="Tests Suite" time="0">
          <skipped></skipped>
      </testcase>
      <testcase name="[sig-network] Dual stack cluster network configuration when dual stack cluster configuration is enabled the cluster must be dual stack" classname="Tests Suite" time="0">
          <skipped></skipped>
      </testcase>
      <testcase name="[sig-compute][virtctl]SSH should succeed to execute a command on the VM using the native ssh method" classname="Tests Suite" time="0">
          <skipped></skipped>
      </testcase>
      <testcase name="[sig-compute][virtctl]SSH should succeed to execute a command on the VM using the local ssh method with --local-ssh flag" classname="Tests Suite" time="0">
          <skipped></skipped>
      </testcase>
      <testcase name="[sig-compute][virtctl]SSH should succeed to execute a command on the VM using the local ssh method without --local-ssh flag" classname="Tests Suite" time="0">
          <skipped></skipped>
      </testcase>
      <testcase name="[sig-compute][virtctl]SSH local-ssh flag should be unavailable in virtctl" classname="Tests Suite" time="0">
          <skipped></skipped>
      </testcase>
      <testcase name="[crit:medium][vendor:cnv-qe@redhat.com][level:component][sig-compute] Instance type and preference ControllerRevision Upgrades should upgrade VirtualMachineInstancetype from v1beta1 without labels to latest" classname="Tests Suite" time="0">
          <skipped></skipped>
      </testcase>
      <testcase name="[crit:medium][vendor:cnv-qe@redhat.com][level:component][sig-compute] Instance type and preference ControllerRevision Upgrades should upgrade VirtualMachineInstancetype from v1beta1 with labels to latest" classname="Tests Suite" time="0">
          <skipped></skipped>
      </testcase>
      <testcase name="[crit:medium][vendor:cnv-qe@redhat.com][level:component][sig-compute] Instance type and preference ControllerRevision Upgrades should upgrade VirtualMachineInstancetype from v1alpha2 to latest" classname="Tests Suite" time="0">
          <skipped></skipped>
      </testcase>
      <testcase name="[crit:medium][vendor:cnv-qe@redhat.com][level:component][sig-compute] Instance type and preference ControllerRevision Upgrades should upgrade VirtualMachineInstancetype from v1alpha1 to latest" classname="Tests Suite" time="0">
          <skipped></skipped>
      </testcase>
      <testcase name="[crit:medium][vendor:cnv-qe@redhat.com][level:component][sig-compute] Instance type and preference ControllerRevision Upgrades should upgrade VirtualMachineInstancetypeSpecRevision v1alpha1 to latest" classname="Tests Suite" time="0">
          <skipped></skipped>
      </testcase>
      <testcase name="[crit:medium][vendor:cnv-qe@redhat.com][level:component][sig-compute] Instance type and preference ControllerRevision Upgrades should upgrade VirtualMachineClusterInstancetype from v1beta1 without labels to latest" classname="Tests Suite" time="0">
          <skipped></skipped>
      </testcase>
      <testcase name="[crit:medium][vendor:cnv-qe@redhat.com][level:component][sig-compute] Instance type and preference ControllerRevision Upgrades should upgrade VirtualMachineClusterInstancetype from v1beta1 with labels to latest" classname="Tests Suite" time="0">
          <skipped></skipped>
      </testcase>
      <testcase name="[crit:medium][vendor:cnv-qe@redhat.com][level:component][sig-compute] Instance type and preference ControllerRevision Upgrades should upgrade VirtualMachineClusterInstancetype from v1alpha2 to latest" classname="Tests Suite" time="0">
          <skipped></skipped>
      </testcase>
      <testcase name="[crit:medium][vendor:cnv-qe@redhat.com][level:component][sig-compute] Instance type and preference ControllerRevision Upgrades should upgrade VirtualMachineClusterInstancetype from v1alpha1 to latest" classname="Tests Suite" time="0">
          <skipped></skipped>
      </testcase>
      <testcase name="[crit:medium][vendor:cnv-qe@redhat.com][level:component][sig-compute] Instance type and preference ControllerRevision Upgrades should upgrade VirtualMachinePreference from v1beta1 without labels to latest" classname="Tests Suite" time="0">
          <skipped></skipped>
      </testcase>
      <testcase name="[crit:medium][vendor:cnv-qe@redhat.com][level:component][sig-compute] Instance type and preference ControllerRevision Upgrades should upgrade VirtualMachinePreference from v1beta1 with labels to latest" classname="Tests Suite" time="0">
          <skipped></skipped>
      </testcase>
      <testcase name="[crit:medium][vendor:cnv-qe@redhat.com][level:component][sig-compute] Instance type and preference ControllerRevision Upgrades should upgrade VirtualMachinePreference from v1alpha2 to latest" classname="Tests Suite" time="0">
          <skipped></skipped>
      </testcase>
      <testcase name="[crit:medium][vendor:cnv-qe@redhat.com][level:component][sig-compute] Instance type and preference ControllerRevision Upgrades should upgrade VirtualMachinePreference from v1alpha1 to latest" classname="Tests Suite" time="0">
          <skipped></skipped>
      </testcase>
      <testcase name="[crit:medium][vendor:cnv-qe@redhat.com][level:component][sig-compute] Instance type and preference ControllerRevision Upgrades should upgrade VirtualMachinePreferenceSpecRevision v1alpha1 to latest" classname="Tests Suite" time="0">
          <skipped></skipped>
      </testcase>
      <testcase name="[crit:medium][vendor:cnv-qe@redhat.com][level:component][sig-compute] Instance type and preference ControllerRevision Upgrades should upgrade VirtualMachineClusterPreference from v1beta1 without labels to latest" classname="Tests Suite" time="0">
          <skipped></skipped>
      </testcase>
      <testcase name="[crit:medium][vendor:cnv-qe@redhat.com][level:component][sig-compute] Instance type and preference ControllerRevision Upgrades should upgrade VirtualMachineClusterPreference from v1beta1 with labels to latest" classname="Tests Suite" time="0">
          <skipped></skipped>
      </testcase>
      <testcase name="[crit:medium][vendor:cnv-qe@redhat.com][level:component][sig-compute] Instance type and preference ControllerRevision Upgrades should upgrade VirtualMachineClusterPreference from v1alpha2 to latest" classname="Tests Suite" time="0">
          <skipped></skipped>
      </testcase>
      <testcase name="[crit:medium][vendor:cnv-qe@redhat.com][level:component][sig-compute] Instance type and preference ControllerRevision Upgrades should upgrade VirtualMachineClusterPreference from v1alpha1 to latest" classname="Tests Suite" time="0">
          <skipped></skipped>
      </testcase>
      <testcase name="[rfe_id:1177][crit:medium][vendor:cnv-qe@redhat.com][level:component][sig-compute]VirtualMachine A valid VirtualMachine given cpu/memory in requests/limits should allow int type" classname="Tests Suite" time="0">
          <skipped></skipped>
      </testcase>
      <testcase name="[rfe_id:1177][crit:medium][vendor:cnv-qe@redhat.com][level:component][sig-compute]VirtualMachine A valid VirtualMachine given cpu/memory in requests/limits should allow float type" classname="Tests Suite" time="0">
          <skipped></skipped>
      </testcase>
      <testcase name="[rfe_id:1177][crit:medium][vendor:cnv-qe@redhat.com][level:component][sig-compute]VirtualMachine A valid VirtualMachine given [test_id:3161]should carry vm.template.spec.annotations to VMI and ignore vm ones" classname="Tests Suite" time="0">
          <skipped></skipped>
      </testcase>
      <testcase name="[rfe_id:1177][crit:medium][vendor:cnv-qe@redhat.com][level:component][sig-compute]VirtualMachine A valid VirtualMachine given should sync the generation annotation on the vmi during restarts" classname="Tests Suite" time="0">
          <skipped></skipped>
      </testcase>
      <testcase name="[rfe_id:1177][crit:medium][vendor:cnv-qe@redhat.com][level:component][sig-compute]VirtualMachine A valid VirtualMachine given should not update the vmi generation annotation when the template changes" classname="Tests Suite" time="0">
          <skipped></skipped>
      </testcase>
      <testcase name="[rfe_id:1177][crit:medium][vendor:cnv-qe@redhat.com][level:component][sig-compute]VirtualMachine A valid VirtualMachine given [test_id:1521]should remove VirtualMachineInstance once the VM is marked for deletion with ContainerDisk" classname="Tests Suite" time="0">
          <skipped></skipped>
      </testcase>
      <testcase name="[rfe_id:1177][crit:medium][vendor:cnv-qe@redhat.com][level:component][sig-compute]VirtualMachine A valid VirtualMachine given [test_id:1521]should remove VirtualMachineInstance once the VM is marked for deletion [storage-req]with Filesystem Disk" classname="Tests Suite" time="0">
          <skipped></skipped>
      </testcase>
      <testcase name="[rfe_id:1177][crit:medium][vendor:cnv-qe@redhat.com][level:component][sig-compute]VirtualMachine A valid VirtualMachine given [test_id:1521]should remove VirtualMachineInstance once the VM is marked for deletion [storage-req]with Block Disk" classname="Tests Suite" time="0">
          <skipped></skipped>
      </testcase>
      <testcase name="[rfe_id:1177][crit:medium][vendor:cnv-qe@redhat.com][level:component][sig-compute]VirtualMachine A valid VirtualMachine given [test_id:1522]should remove owner references on the VirtualMachineInstance if it is orphan deleted" classname="Tests Suite" time="0">
          <skipped></skipped>
      </testcase>
      <testcase name="[rfe_id:1177][crit:medium][vendor:cnv-qe@redhat.com][level:component][sig-compute]VirtualMachine A valid VirtualMachine given [test_id:1523]should recreate VirtualMachineInstance if it gets deleted" classname="Tests Suite" time="0">
          <skipped></skipped>
      </testcase>
      <testcase name="[rfe_id:1177][crit:medium][vendor:cnv-qe@redhat.com][level:component][sig-compute]VirtualMachine A valid VirtualMachine given [test_id:1524]should recreate VirtualMachineInstance if the VirtualMachineInstance&#39;s pod gets deleted" classname="Tests Suite" time="0">
          <skipped></skipped>
      </testcase>
      <testcase name="[rfe_id:1177][crit:medium][vendor:cnv-qe@redhat.com][level:component][sig-compute]VirtualMachine A valid VirtualMachine given [test_id:1525]should stop VirtualMachineInstance if running set to false with ContainerDisk" classname="Tests Suite" time="0">
          <skipped></skipped>
      </testcase>
      <testcase name="[rfe_id:1177][crit:medium][vendor:cnv-qe@redhat.com][level:component][sig-compute]VirtualMachine A valid VirtualMachine given [test_id:1525]should stop VirtualMachineInstance if running set to false [storage-req]with Filesystem Disk" classname="Tests Suite" time="0">
          <skipped></skipped>
      </testcase>
      <testcase name="[rfe_id:1177][crit:medium][vendor:cnv-qe@redhat.com][level:component][sig-compute]VirtualMachine A valid VirtualMachine given [test_id:1525]should stop VirtualMachineInstance if running set to false [storage-req]with Block Disk" classname="Tests Suite" time="0">
          <skipped></skipped>
      </testcase>
      <testcase name="[rfe_id:1177][crit:medium][vendor:cnv-qe@redhat.com][level:component][sig-compute]VirtualMachine A valid VirtualMachine given [test_id:1526]should start and stop VirtualMachineInstance multiple times" classname="Tests Suite" time="0">
          <skipped></skipped>
      </testcase>
      <testcase name="[rfe_id:1177][crit:medium][vendor:cnv-qe@redhat.com][level:component][sig-compute]VirtualMachine A valid VirtualMachine given [test_id:1527]should not update the VirtualMachineInstance spec if Running" classname="Tests Suite" time="0">
          <skipped></skipped>
      </testcase>
      <testcase name="[rfe_id:1177][crit:medium][vendor:cnv-qe@redhat.com][level:component][sig-compute]VirtualMachine A valid VirtualMachine given [test_id:1528]should survive guest shutdown, multiple times" classname="Tests Suite" time="0">
          <skipped></skipped>
      </testcase>
      <testcase name="[rfe_id:1177][crit:medium][vendor:cnv-qe@redhat.com][level:component][sig-compute]VirtualMachine A valid VirtualMachine given should always have updated vm revision when starting vm" classname="Tests Suite" time="0">
          <skipped></skipped>
      </testcase>
      <testcase name="[rfe_id:1177][crit:medium][vendor:cnv-qe@redhat.com][level:component][sig-compute]VirtualMachine A valid VirtualMachine given [test_id:4645]should set the Ready condition on VM" classname="Tests Suite" time="0">
          <skipped></skipped>
      </testcase>
      <testcase name="[rfe_id:1177][crit:medium][vendor:cnv-qe@redhat.com][level:component][sig-compute]VirtualMachine A valid VirtualMachine given should report an error status [test_id:6867] when VM scheduling error occurs with unsatisfiable resource requirements" classname="Tests Suite" time="0">
          <skipped></skipped>
      </testcase>
      <testcase name="[rfe_id:1177][crit:medium][vendor:cnv-qe@redhat.com][level:component][sig-compute]VirtualMachine A valid VirtualMachine given should report an error status [test_id:6868] when VM scheduling error occurs with unsatisfiable scheduling constraints" classname="Tests Suite" time="0">
          <skipped></skipped>
      </testcase>
      <testcase name="[rfe_id:1177][crit:medium][vendor:cnv-qe@redhat.com][level:component][sig-compute]VirtualMachine A valid VirtualMachine given should report an error status [test_id:7596] when a VM with a missing PVC is started" classname="Tests Suite" time="0">
          <skipped></skipped>
      </testcase>
      <testcase name="[rfe_id:1177][crit:medium][vendor:cnv-qe@redhat.com][level:component][sig-compute]VirtualMachine A valid VirtualMachine given should report an error status [test_id:7597] when a VM with a missing DV is started" classname="Tests Suite" time="0">
          <skipped></skipped>
      </testcase>
      <testcase name="[rfe_id:1177][crit:medium][vendor:cnv-qe@redhat.com][level:component][sig-compute]VirtualMachine A valid VirtualMachine given [test_id:6869]should report an error status when image pull error occurs" classname="Tests Suite" time="0">
          <skipped></skipped>
      </testcase>
      <testcase name="[rfe_id:1177][crit:medium][vendor:cnv-qe@redhat.com][level:component][sig-compute]VirtualMachine A valid VirtualMachine given [test_id:7679]should report an error status when data volume error occurs" classname="Tests Suite" time="0">
          <skipped></skipped>
      </testcase>
      <testcase name="[rfe_id:1177][crit:medium][vendor:cnv-qe@redhat.com][level:component][sig-compute]VirtualMachine A valid VirtualMachine given should stop a running VM [test_id:3163]with RunStrategyAlways" classname="Tests Suite" time="0">
          <skipped></skipped>
      </testcase>
      <testcase name="[rfe_id:1177][crit:medium][vendor:cnv-qe@redhat.com][level:component][sig-compute]VirtualMachine A valid VirtualMachine given should stop a running VM [test_id:2186]with RunStrategyRerunOnFailure" classname="Tests Suite" time="0">
          <skipped></skipped>
      </testcase>
      <testcase name="[rfe_id:1177][crit:medium][vendor:cnv-qe@redhat.com][level:component][sig-compute]VirtualMachine A valid VirtualMachine given should stop a running VM [test_id:2189]with RunStrategyManual" classname="Tests Suite" time="0">
          <skipped></skipped>
      </testcase>
      <testcase name="[rfe_id:1177][crit:medium][vendor:cnv-qe@redhat.com][level:component][sig-compute]VirtualMachine A valid VirtualMachine given should restart a running VM [test_id:3164]with RunStrategyAlways" classname="Tests Suite" time="0">
          <skipped></skipped>
      </testcase>
      <testcase name="[rfe_id:1177][crit:medium][vendor:cnv-qe@redhat.com][level:component][sig-compute]VirtualMachine A valid VirtualMachine given should restart a running VM [test_id:2187]with RunStrategyRerunOnFailure" classname="Tests Suite" time="0">
          <skipped></skipped>
      </testcase>
      <testcase name="[rfe_id:1177][crit:medium][vendor:cnv-qe@redhat.com][level:component][sig-compute]VirtualMachine A valid VirtualMachine given should restart a running VM [test_id:2035]with RunStrategyManual" classname="Tests Suite" time="0">
          <skipped></skipped>
      </testcase>
      <testcase name="[rfe_id:1177][crit:medium][vendor:cnv-qe@redhat.com][level:component][sig-compute]VirtualMachine A valid VirtualMachine given should start a stopped VM [test_id:2036]with RunStrategyManual" classname="Tests Suite" time="0">
          <skipped></skipped>
      </testcase>
      <testcase name="[rfe_id:1177][crit:medium][vendor:cnv-qe@redhat.com][level:component][sig-compute]VirtualMachine A valid VirtualMachine given should start a stopped VM [test_id:2037]with RunStrategyHalted" classname="Tests Suite" time="0">
          <skipped></skipped>
      </testcase>
      <testcase name="[rfe_id:1177][crit:medium][vendor:cnv-qe@redhat.com][level:component][sig-compute]VirtualMachine A valid VirtualMachine given should not remove a succeeded VMI with RunStrategyOnce" classname="Tests Suite" time="0">
          <skipped></skipped>
      </testcase>
      <testcase name="[rfe_id:1177][crit:medium][vendor:cnv-qe@redhat.com][level:component][sig-compute]VirtualMachine A valid VirtualMachine given should not remove a succeeded VMI [test_id:2190] with RunStrategyManual" classname="Tests Suite" time="0">
          <skipped></skipped>
      </testcase>
      <testcase name="[rfe_id:1177][crit:medium][vendor:cnv-qe@redhat.com][level:component][sig-compute]VirtualMachine A valid VirtualMachine given [test_id:6311]should start in paused state using RunStrategyManual" classname="Tests Suite" time="0">
          <skipped></skipped>
      </testcase>
      <testcase name="[rfe_id:1177][crit:medium][vendor:cnv-qe@redhat.com][level:component][sig-compute]VirtualMachine A valid VirtualMachine given Using RunStrategyAlways [test_id:3165]should restart a succeeded VMI" classname="Tests Suite" time="0">
          <skipped></skipped>
      </testcase>
      <testcase name="[rfe_id:1177][crit:medium][vendor:cnv-qe@redhat.com][level:component][sig-compute]VirtualMachine A valid VirtualMachine given Using RunStrategyAlways [test_id:4119]should migrate a running VM" classname="Tests Suite" time="0">
          <skipped></skipped>
      </testcase>
      <testcase name="[rfe_id:1177][crit:medium][vendor:cnv-qe@redhat.com][level:component][sig-compute]VirtualMachine A valid VirtualMachine given Using RunStrategyAlways [test_id:7743]should not migrate a running vm if dry-run option is passed" classname="Tests Suite" time="0">
          <skipped></skipped>
      </testcase>
      <testcase name="[rfe_id:1177][crit:medium][vendor:cnv-qe@redhat.com][level:component][sig-compute]VirtualMachine A valid VirtualMachine given Using RunStrategyRerunOnFailure [test_id:2188] should remove a succeeded VMI" classname="Tests Suite" time="0">
          <skipped></skipped>
      </testcase>
      <testcase name="[rfe_id:1177][crit:medium][vendor:cnv-qe@redhat.com][level:component][sig-compute]VirtualMachine A valid VirtualMachine given Using RunStrategyRerunOnFailure should restart a failed VMI" classname="Tests Suite" time="0">
          <skipped></skipped>
      </testcase>
      <testcase name="[rfe_id:1177][crit:medium][vendor:cnv-qe@redhat.com][level:component][sig-compute]VirtualMachine A valid VirtualMachine given Using RunStrategyOnce Should leave a failed VMI" classname="Tests Suite" time="0">
          <skipped></skipped>
      </testcase>
      <testcase name="[rfe_id:1177][crit:medium][vendor:cnv-qe@redhat.com][level:component][sig-compute]VirtualMachine A valid VirtualMachine given Using RunStrategyOnce with a failing VMI and the kubevirt.io/keep-launcher-alive-after-failure annotation [test_id:7164]VMI launcher pod should fail" classname="Tests Suite" time="0">
          <skipped></skipped>
      </testcase>
      <testcase name="[rfe_id:1177][crit:medium][vendor:cnv-qe@redhat.com][level:component][sig-compute]VirtualMachine A valid VirtualMachine given Using RunStrategyOnce with a failing VMI and the kubevirt.io/keep-launcher-alive-after-failure annotation [test_id:6993]VMI launcher pod compute container should keep running" classname="Tests Suite" time="0">
          <skipped></skipped>
      </testcase>
      <testcase name="[rfe_id:1177][crit:medium][vendor:cnv-qe@redhat.com][level:component][sig-compute]VirtualMachine [rfe_id:273]with oc/kubectl [release-blocker][test_id:299]should create VM via command line using all supported API versions with v1 api" classname="Tests Suite" time="0">
          <skipped></skipped>
      </testcase>
      <testcase name="[rfe_id:1177][crit:medium][vendor:cnv-qe@redhat.com][level:component][sig-compute]VirtualMachine [rfe_id:273]with oc/kubectl [release-blocker][test_id:299]should create VM via command line using all supported API versions with v1alpha3 api" classname="Tests Suite" time="0">
          <skipped></skipped>
      </testcase>
      <testcase name="[rfe_id:1177][crit:medium][vendor:cnv-qe@redhat.com][level:component][sig-compute]VirtualMachine [rfe_id:273]with oc/kubectl [test_id:264]should create and delete a VM" classname="Tests Suite" time="0">
          <skipped></skipped>
      </testcase>
      <testcase name="[rfe_id:1177][crit:medium][vendor:cnv-qe@redhat.com][level:component][sig-compute]VirtualMachine [rfe_id:273]with oc/kubectl should not change anything if dry-run option is passed [test_id:7530]when starting a VM" classname="Tests Suite" time="0">
          <skipped></skipped>
      </testcase>
      <testcase name="[rfe_id:1177][crit:medium][vendor:cnv-qe@redhat.com][level:component][sig-compute]VirtualMachine [rfe_id:273]with oc/kubectl should not change anything if dry-run option is passed when stopping a VM [test_id:7529]with no other flags" classname="Tests Suite" time="0">
          <skipped></skipped>
      </testcase>
      <testcase name="[rfe_id:1177][crit:medium][vendor:cnv-qe@redhat.com][level:component][sig-compute]VirtualMachine [rfe_id:273]with oc/kubectl should not change anything if dry-run option is passed when stopping a VM [test_id:7604]with grace period" classname="Tests Suite" time="0">
          <skipped></skipped>
      </testcase>
      <testcase name="[rfe_id:1177][crit:medium][vendor:cnv-qe@redhat.com][level:component][sig-compute]VirtualMachine [rfe_id:273]with oc/kubectl should not change anything if dry-run option is passed [test_id:7528]when restarting a VM" classname="Tests Suite" time="0">
          <skipped></skipped>
      </testcase>
      <testcase name="[rfe_id:1177][crit:medium][vendor:cnv-qe@redhat.com][level:component][sig-compute]VirtualMachine crash loop backoff should backoff attempting to create a new VMI when &#39;runStrategy: Always&#39; during crash loop." classname="Tests Suite" time="0">
          <skipped></skipped>
      </testcase>
      <testcase name="[rfe_id:1177][crit:medium][vendor:cnv-qe@redhat.com][level:component][sig-compute]VirtualMachine crash loop backoff should be able to stop a VM during crashloop backoff when when &#39;runStrategy: Always&#39; is set" classname="Tests Suite" time="0">
          <skipped></skipped>
      </testcase>
      <testcase name="[rfe_id:1177][crit:medium][vendor:cnv-qe@redhat.com][level:component][sig-compute]VirtualMachine VirtualMachineControllerFinalizer should be added when the vm is created and removed when the vm is being deleted" classname="Tests Suite" time="0">
          <skipped></skipped>
      </testcase>
      <testcase name="[rfe_id:1177][crit:medium][vendor:cnv-qe@redhat.com][level:component][sig-compute]VirtualMachine VirtualMachineControllerFinalizer should be removed when the vm has child resources, such as instance type ControllerRevisions, that have been deleted before the vm - issue #9438" classname="Tests Suite" time="0">
          <skipped></skipped>
      </testcase>
      <testcase name="[crit:medium][vendor:cnv-qe@redhat.com][level:component][sig-compute]Soft reboot soft reboot vmi with agent connected should succeed" classname="Tests Suite" time="0">
          <skipped></skipped>
      </testcase>
      <testcase name="[crit:medium][vendor:cnv-qe@redhat.com][level:component][sig-compute]Soft reboot soft reboot vmi with ACPI feature enabled should succeed" classname="Tests Suite" time="0">
          <skipped></skipped>
      </testcase>
      <testcase name="[crit:medium][vendor:cnv-qe@redhat.com][level:component][sig-compute]Soft reboot soft reboot vmi neither have the agent connected nor the ACPI feature enabled should fail" classname="Tests Suite" time="0">
          <skipped></skipped>
      </testcase>
      <testcase name="[crit:medium][vendor:cnv-qe@redhat.com][level:component][sig-compute]Soft reboot soft reboot vmi should fail to soft reboot a paused vmi" classname="Tests Suite" time="0">
          <skipped></skipped>
      </testcase>
      <testcase name="[rfe_id:588][crit:medium][vendor:cnv-qe@redhat.com][level:component][sig-compute]VirtualMachineInstanceReplicaSet [rfe_id:588][crit:medium][vendor:cnv-qe@redhat.com][level:component]should scale [test_id:1405]to three, to two and then to zero replicas" classname="Tests Suite" time="0">
          <skipped></skipped>
      </testcase>
      <testcase name="[rfe_id:588][crit:medium][vendor:cnv-qe@redhat.com][level:component][sig-compute]VirtualMachineInstanceReplicaSet [rfe_id:588][crit:medium][vendor:cnv-qe@redhat.com][level:component]should scale [test_id:1406]to five, to six and then to zero replicas" classname="Tests Suite" time="0">
          <skipped></skipped>
      </testcase>
      <testcase name="[rfe_id:588][crit:medium][vendor:cnv-qe@redhat.com][level:component][sig-compute]VirtualMachineInstanceReplicaSet [rfe_id:588][crit:medium][vendor:cnv-qe@redhat.com][level:component]should scale with scale subresource [test_id:1407]to three, to two and then to zero replicas" classname="Tests Suite" time="0">
          <skipped></skipped>
      </testcase>
      <testcase name="[rfe_id:588][crit:medium][vendor:cnv-qe@redhat.com][level:component][sig-compute]VirtualMachineInstanceReplicaSet [rfe_id:588][crit:medium][vendor:cnv-qe@redhat.com][level:component]should scale with scale subresource [test_id:1408]to five, to six and then to zero replicas" classname="Tests Suite" time="0">
          <skipped></skipped>
      </testcase>
      <testcase name="[rfe_id:588][crit:medium][vendor:cnv-qe@redhat.com][level:component][sig-compute]VirtualMachineInstanceReplicaSet [rfe_id:588][crit:medium][vendor:cnv-qe@redhat.com][level:component]should scale with the horizontal pod autoscaler [test_id:1409]to three, to two and then to one replicas" classname="Tests Suite" time="0">
          <skipped></skipped>
      </testcase>
      <testcase name="[rfe_id:588][crit:medium][vendor:cnv-qe@redhat.com][level:component][sig-compute]VirtualMachineInstanceReplicaSet [rfe_id:588][crit:medium][vendor:cnv-qe@redhat.com][level:component]should scale with the horizontal pod autoscaler [test_id:1410]to five, to six and then to one replicas" classname="Tests Suite" time="0">
          <skipped></skipped>
      </testcase>
      <testcase name="[rfe_id:588][crit:medium][vendor:cnv-qe@redhat.com][level:component][sig-compute]VirtualMachineInstanceReplicaSet [test_id:1411]should be rejected on POST if spec is invalid" classname="Tests Suite" time="0">
          <skipped></skipped>
      </testcase>
      <testcase name="[rfe_id:588][crit:medium][vendor:cnv-qe@redhat.com][level:component][sig-compute]VirtualMachineInstanceReplicaSet [test_id:1412]should reject POST if validation webhoook deems the spec is invalid" classname="Tests Suite" time="0">
          <skipped></skipped>
      </testcase>
      <testcase name="[rfe_id:588][crit:medium][vendor:cnv-qe@redhat.com][level:component][sig-compute]VirtualMachineInstanceReplicaSet [test_id:1413]should update readyReplicas once VMIs are up" classname="Tests Suite" time="0">
          <skipped></skipped>
      </testcase>
      <testcase name="[rfe_id:588][crit:medium][vendor:cnv-qe@redhat.com][level:component][sig-compute]VirtualMachineInstanceReplicaSet [test_id:1414]should return the correct data when using server-side printing" classname="Tests Suite" time="0">
          <skipped></skipped>
      </testcase>
      <testcase name="[rfe_id:588][crit:medium][vendor:cnv-qe@redhat.com][level:component][sig-compute]VirtualMachineInstanceReplicaSet [test_id:1415]should remove VMIs once they are marked for deletion" classname="Tests Suite" time="0">
          <skipped></skipped>
      </testcase>
      <testcase name="[rfe_id:588][crit:medium][vendor:cnv-qe@redhat.com][level:component][sig-compute]VirtualMachineInstanceReplicaSet [test_id:1416]should remove owner references on the VirtualMachineInstance if it is orphan deleted" classname="Tests Suite" time="0">
          <skipped></skipped>
      </testcase>
      <testcase name="[rfe_id:588][crit:medium][vendor:cnv-qe@redhat.com][level:component][sig-compute]VirtualMachineInstanceReplicaSet [test_id:1417]should not scale when paused and scale when resume" classname="Tests Suite" time="0">
          <skipped></skipped>
      </testcase>
      <testcase name="[rfe_id:588][crit:medium][vendor:cnv-qe@redhat.com][level:component][sig-compute]VirtualMachineInstanceReplicaSet [test_id:1418] should replace finished VMIs" classname="Tests Suite" time="0">
          <skipped></skipped>
      </testcase>
      <testcase name="[rfe_id:588][crit:medium][vendor:cnv-qe@redhat.com][level:component][sig-compute]VirtualMachineInstanceReplicaSet should replace a VMI immediately when a virt-launcher pod gets deleted" classname="Tests Suite" time="0">
          <skipped></skipped>
      </testcase>
      <testcase name="[rfe_id:588][crit:medium][vendor:cnv-qe@redhat.com][level:component][sig-compute]VirtualMachineInstanceReplicaSet [test_id:4121]should create and verify kubectl/oc output for vm replicaset" classname="Tests Suite" time="0">
          <skipped></skipped>
      </testcase>
      <testcase name="[rfe_id:393][crit:high][vendor:cnv-qe@redhat.com][level:system][sig-compute] VM Post Copy Live Migration Starting a VirtualMachineInstance  migration postcopy with datavolume [test_id:5004] should be migrated successfully, using guest agent on VM with postcopy" classname="Tests Suite" time="190.528122787">
          <failure type="Failure">tests/migration/postcopy.go:130&#xA;Timed out after 180.000s.&#xA;Timed out waiting for VMI testvmi-2lrbx to enter [Running] phase(s)&#xA;Expected&#xA;    &lt;v1.VirtualMachineInstancePhase&gt;: Pending&#xA;to be an element of&#xA;    &lt;[]v1.VirtualMachineInstancePhase | len:1, cap:1&gt;: [&#34;Running&#34;]&#xA;tests/libwait/wait.go:76</failure>
          <system-out>W0422 10:05:19.273289  468421 warnings.go:70] metadata.finalizers: &#34;foregroundDeleteVirtualMachine&#34;: prefer a domain-qualified finalizer name to avoid accidental conflicts with other finalizer writers&#xA;skipping vmi kubevirt-test-privileged3/testvmi-2lrbx: phase is not Running&#xA;skipping vmi kubevirt-test-privileged3/testvmi-2lrbx: phase is not Running&#xA;&#xA;On failure, artifacts will be collected in /logs/artifacts/k8s-reporter/3/2_*&#xA;Global test cleanup started.&#xA;Global test cleanup ended.&#xA;</system-out>
      </testcase>
  </testsuite>